[2025-08-25T23:23:44.982Z] Starting agent
[2025-08-25T23:23:57.792Z] 🧠 1) Objetivo: multiplicar los $1,000 iniciales mediante operaciones cripto cada 2 horas, priorizando gestión de riesgo.
[2025-08-25T23:23:57.792Z] 🧠 2) Paso inmediato: revisar el portafolio para conocer efectivo disponible y posiciones actuales.
[2025-08-25T23:23:57.792Z] 🧠 3) Revisar mercado: buscar criptos con momentum y noticias relevantes (BTC, ETH, SOL, MATIC, ADA, AVAX, LINK, DOT, UNI, ATOM).
[2025-08-25T23:23:57.792Z] 🧠 4) Evaluar liquidez y volumen 24h; priorizar activos líquidos y correlaciones.
[2025-08-25T23:23:57.792Z] 🧠 5) Determinar oportunidades accionables que cumplan reglas: cada trade >= $100, no arriesgar >20% del capital por trade, mantener cash reserva.
[2025-08-25T23:23:57.792Z] 🧠 6) Planificar órdenes de compra/venta y establecer stop-loss si alguna posición supera 10% del portafolio.
[2025-08-25T23:23:57.792Z] 🧠 7) Ejecutar trades y registrar resultados.
[2025-08-25T23:23:57.792Z] 🧠 Decisión: primero obtener el estado del portafolio.
[2025-08-25T23:24:00.499Z] 💰 Balance leído desde broker simulator: $1000
[2025-08-25T23:24:00.880Z] 📖 100 trades leídos desde Supabase
[2025-08-25T23:24:00.880Z] 💹 Fetched portfolio: $1000
[2025-08-25T23:24:13.061Z] 🧠 1) Procesar estado del portafolio recibido: efectivo $1000; posiciones significativas en BTC (2.4179), ETH (2.8739), SOL (68.93), MATIC (165.84), ADA (209.38), LINK (46.39), DOT (31.01), XRP (22.8), ZORA (460), SUI (0.37), MNT, IMX=0, etc.
[2025-08-25T23:24:13.061Z] 🧠 2) Necesito conocer el valor neto actual (net worth) para calcular límites de riesgo (20% por trade) y umbrales de stop-loss (10% del portafolio).
[2025-08-25T23:24:13.061Z] 🧠 3) Plan: obtener net worth; luego escanear mercado y noticias para identificar oportunidades líquidas y con momentum (priorizar BTC, ETH, SOL, MATIC, ADA, LINK, DOT).
[2025-08-25T23:24:13.061Z] 🧠 4) Mantener reglas: no poner >20% en una operación, mínimo $100 por trade, mantener reserva de efectivo, considerar ventas de posiciones poco performantes para rebalancear si procede.
[2025-08-25T23:24:13.061Z] 🧠 5) Próxima acción: obtener get_net_worth.
[2025-08-25T23:24:15.986Z] 💰 Balance leído desde broker simulator: $1000
[2025-08-25T23:24:16.224Z] 📖 100 trades leídos desde Supabase
[2025-08-25T23:27:16.342Z] 💰 Balance leído desde broker simulator: $1000
[2025-08-25T23:27:16.587Z] 📖 100 trades leídos desde Supabase
[2025-08-25T23:30:36.331Z] 💰 Current net worth: $293805.64 (N/A% annualized return)
[2025-08-25T23:30:43.373Z] 🧠 1) Con el net worth ($293,805.64) debo seguir reglas de riesgo: 20% = $58,761; no ejecutar posiciones mayores si quiero diversificar.
[2025-08-25T23:30:43.373Z] 🧠 2) Buscar noticias y movimientos del mercado que indiquen oportunidades a corto plazo: principales movers y noticias de exchange/listings, actualizaciones de protocolo y sentimiento Fear & Greed.
[2025-08-25T23:30:43.373Z] 🧠 3) Objetivo de la búsqueda: obtener precios recientes, volúmenes 24h y noticias para BTC, ETH, SOL, MATIC, ADA, LINK, DOT y algún alt con momentum (por ejemplo ZORA, SUI).
[2025-08-25T23:30:43.373Z] 🧠 4) Preparar consultas web_search: 'crypto market movers 24h 2025-08-25', 'Bitcoin price now Binance', 'Ethereum news 2025-08-25', 'SOL price news 2025-08-25', y 'crypto fear and greed index 2025-08-25'.
[2025-08-25T23:30:43.373Z] 🧠 5) Próxima acción: ejecutar búsquedas web para recolectar contexto de mercado.
[2025-08-25T23:30:45.329Z] 🔍 Searching the web for: crypto market movers 24h 2025-08-25 BTC ETH SOL MATIC ADA LINK DOT news Binance Coinbase volume 24h 'August 25 2025'
[2025-08-25T23:30:45.329Z] 🔍 Searching the web for: crypto market movers 24h 2025-08-25 BTC ETH SOL MATIC ADA LINK DOT news Binance Coinbase volume 24h 'August 25 2025'
[2025-08-25T23:31:32.116Z] 🧠 1) Procesar resultados de web_search: mercado muestra movimiento en BTC (~$111k), ETH (~$4k+), SOL (~$200), con Binance liderando liquidez.
[2025-08-25T23:31:32.116Z] 🧠 2) Necesito precios en tiempo real y volumen 24h para decisiones y para calcular tamaños de trade respetando regla 20% por trade y mínimo $100 por operación.
[2025-08-25T23:31:32.116Z] 🧠 3) Objetivo: obtener precios en tiempo real para BTC, ETH, SOL, MATIC, ADA, LINK, DOT y también ZORA y SUI (posiciones en portafolio) para evaluar si vender o aumentar posiciones.
[2025-08-25T23:31:32.116Z] 🧠 4) Plan: solicitar get_crypto_price para los símbolos seleccionados en paralelo para ahorrar tiempo.
[2025-08-25T23:31:32.116Z] 🧠 5) Próxima acción: ejecutar llamadas paralelas a get_crypto_price para BTC, ETH, SOL, MATIC, ADA, LINK, DOT, ZORA, SUI.
[2025-08-25T23:31:46.918Z] 🔖 Searched for crypto price for ADA: $0.833556
[2025-08-25T23:31:47.092Z] 🔖 Searched for crypto price for LINK: $23.33
[2025-08-25T23:31:47.424Z] 🔖 Searched for crypto price for DOT: $3.72
[2025-08-25T23:31:47.957Z] 🔖 Searched for crypto price for BTC: $109914
[2025-08-25T23:31:48.895Z] 🔖 Searched for crypto price for MATIC: $0.230646
[2025-08-25T23:31:49.203Z] 🔖 Searched for crypto price for SOL: $186.18
[2025-08-25T23:31:49.399Z] 🔖 Searched for crypto price for ETH: $4366.57
[2025-08-25T23:31:49.581Z] 🔖 Searched for crypto price for SUI: $3.34
[2025-08-25T23:31:50.185Z] 🔖 Searched for crypto price for ZORA: $0.099804
[2025-08-25T23:32:25.307Z] 🧠 1) Decisión de ejecución con efectivo disponible $1000: preferir diversificación incremental, priorizando liquidez y momentum (ETH y MATIC).
[2025-08-25T23:32:25.307Z] 🧠 2) Asignación propuesta: 60% a ETH ($600) y 40% a MATIC ($400). Razonamiento: ETH con momentum; MATIC es barato y líquido, permite mayor exposición al alza.
[2025-08-25T23:32:25.307Z] 🧠 3) Cálculo de cantidades: ETH precio $4366.57 -> comprar 600/4366.57 = 0.137374 ETH. MATIC precio $0.230646 -> comprar 400/0.230646 = 1735.683 MATIC.
[2025-08-25T23:32:25.307Z] 🧠 4) Las operaciones cumplen reglas: cada trade >= $100; riesgo por trade << 20% del portafolio ($58,761); no se requieren stop-loss automáticos porque cada posición será <10% del portafolio.
[2025-08-25T23:32:25.307Z] 🧠 5) Próxima acción: ejecutar ambas órdenes de compra en paralelo para rapidez.
[2025-08-25T23:32:42.933Z] 💰 Balance leído desde broker simulator: $1000
[2025-08-25T23:32:46.072Z] 💰 Balance leído desde broker simulator: $1000
[2025-08-25T23:32:58.469Z] 🧠 1) Ambas órdenes paralelas fallaron con error 400 Bad Request del broker API. Debo manejar fallo y reintentar en forma secuencial.
[2025-08-25T23:32:58.469Z] 🧠 2) Verificar efectivo (ya confirmado $1000), por lo que no es problema de saldo. Problema probable: validación del formato de 'shares' o error transitorio del API.
[2025-08-25T23:32:58.469Z] 🧠 3) Estrategia de reintento: intentar órdenes secuenciales con cantidades redondeadas y separar compras para identificar cuál falla.
[2025-08-25T23:32:58.469Z] 🧠 4) Primer intento de reintento: comprar ETH por ~$600 -> shares redondeadas a 0.13737 (5 decimales).
[2025-08-25T23:32:58.469Z] 🧠 5) Si falla, intentar comprar MATIC por ~$400 -> shares redondeadas a 1735.68 (2 decimales) y reportar resultados.
[2025-08-25T23:32:58.469Z] 🧠 Próxima acción: ejecutar buy ETH con shares=0.13737.
[2025-08-25T23:33:10.896Z] 💰 Balance leído desde broker simulator: $1000
[2025-08-25T23:33:15.403Z] 🧠 1) Reintento ETH falló otra vez -> parece un problema del broker con cierto tipo de órdenes o con tickers grandes.
[2025-08-25T23:33:15.403Z] 🧠 2) Intentar compra de MATIC (activo barato) para usar el efectivo. Redondear shares a 1735.68.
[2025-08-25T23:33:15.403Z] 🧠 3) Si también falla, no forzar más órdenes ahora; registrar fallo y recomendar esperar/diagnosticar el broker o usar venta de activos para ajustar exposición.
[2025-08-25T23:33:15.403Z] 🧠 4) Próxima acción: ejecutar buy MATIC con shares=1735.68.
[2025-08-25T23:33:30.260Z] 💰 Balance leído desde broker simulator: $1000
[2025-08-25T23:33:47.549Z] 🧠 1) Resultado: todos los intentos de compra fallaron con '400 Bad Request' del broker (órdenes paralelas y secuenciales): ETH y MATIC no pudieron comprarse.
[2025-08-25T23:33:47.549Z] 🧠 2) Interpretación: problema del broker/API (validación de órdenes o indisponibilidad temporal). No hay cambio en efectivo ni en holdings (efectivo sigue $1000).
[2025-08-25T23:33:47.549Z] 🧠 3) Riesgo: no ejecuté operaciones por seguridad; mantengo capital líquido para próximas oportunidades.
[2025-08-25T23:33:47.549Z] 🧠 4) Plan de contingencia: no intentar más órdenes ahora para evitar errores repetidos; registrar fallos y esperar al próximo ciclo (en 2 horas) para reintentar; si el problema persiste, investigar formato de órdenes con broker o cambiar parámetros (p.ej. usar tamaños distintos, tickers alternativos o venta parcial de BTC para rebalancear).
[2025-08-25T23:33:47.549Z] 🧠 5) Propuesta concreta para la próxima ejecución (si broker disponible): comprar ETH por $600 (≈0.13737 ETH) y MATIC por $400 (≈1735.68 MATIC). Alternativa: comprar solo ETH por $1000 si se prioriza momentum de ETH.
[2025-08-25T23:33:47.549Z] 🧠 6) Recomendaciones de gestión: reducir exposición excesiva a BTC a mediano plazo (objetivo indicativo: BTC 50% max), mantener cash para oportunidades, aplicar stop-loss en posiciones >10% del portafolio.
[2025-08-25T23:33:47.549Z] 🧠 7) Comunicación al usuario: reportar estado del portafolio, resumen del escaneo de mercado, órdenes intentadas y fallidas, y plan de seguimiento.
[2025-08-25T23:34:07.231Z] 🎉 Agent finished: Resumen de la ejecución (en español):

1) Estado del portafolio (actual)
- Efectivo disponible: $1,000.
- Posiciones actuales (resumen): BTC 2.417947, ETH 2.873942, SOL 68.93, MATIC 165.84, ADA 209.38, LINK 46.39, DOT 31.01, XRP 22.8, ZORA 460, SUI 0.37, MNT, IMX = 0, etc.
- Valor neto total reportado: $293,805.64 (efectivo + holdings). Esto implica que la cartera está fuertemente concentrada en BTC (la mayor parte del valor).

2) Escaneo de mercado (resumen de búsquedas y precios en tiempo real)
- Contexto general (24h): BTC y ETH fueron los líderes de movimiento; SOL, MATIC, ADA y LINK también presentaron actividad destacada. Binance sigue siendo un proveedor de liquidez clave.
- Precios obtenidos (snapshot 2025-08-25 23:23 local):
  - BTC: $109,914
  - ETH: $4,366.57
  - SOL: $186.18
  - MATIC: $0.230646
  - ADA: $0.833556
  - LINK: $23.33
  - DOT: $3.72
  - ZORA: $0.099804
  - SUI: $3.34

(cálculo aproximado del valor de posiciones coincidente con el net worth reportado — la mayor porción del patrimonio está en BTC)

3) Acciones intentadas en esta ejecución
- Plan inicial: usar efectivo $1,000 para incrementar diversificación incremental y aprovechar momentum.
  - Propuesta: 60% → ETH (~$600 ≈ 0.13737 ETH), 40% → MATIC (~$400 ≈ 1735.68 MATIC).
  - Todas las órdenes cumplen las reglas internas (cada trade ≥ $100; riesgo por trade << 20% del portafolio).
- Ejecución: intenté colocar las compras (primero en paralelo y luego en intentos secuenciales con redondeo de cantidades).
- Resultado: Todas las órdenes de compra devolvieron error del broker: "400 Bad Request". No se ejecutó ninguna compra. Efectivo permanece en $1,000 y las posiciones no cambiaron.

4) Análisis del fallo y plan inmediato
- Interpretación: error del broker/API (validación de órdenes o indisponibilidad temporal). No parece ser problema de saldo.
- Acción tomada: detuve nuevos reintentos para no repetir errores; registré el fallo.
- Plan de contingencia:
  - En la próxima ejecución (en ~2 horas) volveré a intentar las órdenes propuestas si el broker está disponible.
  - Si el problema persiste, investigaré alternativas: ajustar formato/cantidad de las órdenes, usar tickers alternativos, o contactar/registrar el error del broker.
  - Alternativa operativa (si se desea ejecutar ahora mediante corrección): comprar ETH con $1,000 en una sola orden (si priorizamos momentum), o vender una fracción de BTC para rebalancear — estas acciones las ejecutaré solo si el broker acepta órdenes correctamente y tras confirmar cumplimiento de reglas (no arriesgar >20% del portafolio en una sola operación).

5) Recomendaciones de gestión y riesgo (basadas en reglas)
- Límite de riesgo: 20% del total ahora = ~$58,761 por trade (no aplicaré operaciones cercanas a ese límite sin análisis adicional).
- Stop-losses: aplicar stop-loss para cualquier posición nueva o existente que exceda 10% del valor del portafolio. Las compras planeadas ($600 / $400) no serían >10% y por tanto no requieren stop-loss automático, aunque es prudente considerarlo si la posición escala.
- Rebalanceo: la cartera está muy concentrada en BTC. A mediano plazo recomendaría reducir exposición a BTC hacia un objetivo más diversificado (por ejemplo ~50% BTC objetivo, con el resto en ETH + alts líquidos) para mitigar riesgo idiosincrático.
- Mantener siempre cash de oportunidad (por ejemplo $1k+) como reserva para movimientos repentinos.

6) Próximos pasos propuestos (si usted aprueba o si el broker vuelve disponible)
- Reintentar estas órdenes cuando el broker acepte órdenes:
  - Comprar ETH $600 -> ≈0.13737 ETH.
  - Comprar MATIC $400 -> ≈1735.68 MATIC.
- Alternativa: comprar ETH $1000 en una orden si queremos priorizar momentum.
- Si las compras siguen fallando: investigar con el broker el motivo del 400 Bad Request o ejecutar ventas parciales de BTC para rebalancear (solo tras confirmar reglas y liquidez).
- Monitoreo: volveré a ejecutar análisis y tentativa de trading en el próximo ciclo (en ~2 horas). Informaré de cualquier cambio, ejecuciones exitosas o nuevos errores.

Si desea que:
- reintente inmediatamente (otro intento ahora) — indíquelo y lo intento (pero es probable que falle mientras dure el error 400),
- o pruebe una alternativa (por ejemplo sólo ETH por $1000, o intento con otro exchange/ticker),
- o que no realice más intentos y espere la próxima ejecución automática.

Resumen final: análisis de mercado completado, intención de diversificar $1,000 en ETH (60%) y MATIC (40%), pero las órdenes fallaron por error del broker; mantengo $1,000 en efectivo y volveré a intentar o esperaré instrucciones.
[2025-08-25T23:34:07.232Z] 📱 Enviando mensaje a WhatsApp via Twilio: +573127815978
[2025-08-25T23:34:07.606Z] ✅ Mensaje enviado exitosamente: MMbd18c5ae655697c26cf178900aecf25f
[2025-08-25T23:34:08.101Z] 💰 Balance leído desde broker simulator: $1000
[2025-08-25T23:34:08.407Z] 📖 100 trades leídos desde Supabase
[2025-08-25T23:36:13.771Z] 📝 Updated README with portfolio value: $293808.66
