[2025-09-04T13:48:35.924Z] Starting agent
[2025-09-04T13:48:54.840Z] 🧠 1) Recolectar información inicial: revisar mi cartera actual para conocer efectivo disponible, valor neto y posiciones abiertas.
[2025-09-04T13:48:54.840Z] 🧠 2) Analizar el mercado: buscar noticias y cryptos con fuerte momentum y alta liquidez (priorizar BTC, ETH y altcoins líquidas).
[2025-09-04T13:48:54.840Z] 🧠 3) Obtener precios actuales de los candidatos identificados para calcular tamaño de posición y verificar reglas de trading (no arriesgar >20% de cartera por operación, mínimo $100 por trade).
[2025-09-04T13:48:54.840Z] 🧠 4) Evaluar riesgos y decidir ejecutar compras/ventas que cumplan reglas: no poner todo en un activo, mantener reservas de efectivo, aplicar stop-loss objetivo si la posición excede el 10% de cartera.
[2025-09-04T13:48:54.840Z] 🧠 5) Ejecutar ordenes limitadas o de mercado según liquidez y confirmar ejecución.
[2025-09-04T13:48:54.840Z] 🧠 6) Registrar operaciones y actualizar plan para la próxima ejecución en ~2 horas.
[2025-09-04T13:48:59.587Z] 💰 Balance leído desde broker simulator: $1000
[2025-09-04T13:48:59.812Z] 📖 100 trades leídos desde Supabase
[2025-09-04T13:48:59.812Z] 💹 Fetched portfolio: $1000
[2025-09-04T13:49:10.967Z] 🧠 1) Estado inicial: tengo $1000 en efectivo y múltiples posiciones (BTC, ETH, SOL, MATIC, ADA, LINK, DOT, etc.). Necesito calcular el valor neto actual para aplicar las reglas de riesgo.
[2025-09-04T13:49:10.968Z] 🧠 2) Acción inmediata: buscar precios en tiempo real de los principales activos de mi cartera (BTC, ETH, SOL, MATIC, ADA) y revisar noticias/movimientos de mercado del día (9/4/2025).
[2025-09-04T13:49:10.968Z] 🧠 3) Restricciones: no arriesgar más del 20% del valor total de la cartera en una sola operación y no ejecutar trades menores a $100. Debo reservar efectivo para oportunidades y no poner todo en un único activo.
[2025-09-04T13:49:10.968Z] 🧠 4) Próximo paso: hacer una búsqueda rápida de mercado para identificar cripto con momentum hoy y verificar liquidez/volumen antes de solicitar precios individuales.
[2025-09-04T13:49:14.937Z] 🔍 Searching the web for: crypto market movers 9/4/2025 top gainers major news Bitcoin Ethereum SOL MATIC ADA volume 24h 'September 4 2025' 'crypto news' 'market movers'
[2025-09-04T13:49:14.937Z] 🔍 Searching the web for: crypto market movers 9/4/2025 top gainers major news Bitcoin Ethereum SOL MATIC ADA volume 24h 'September 4 2025' 'crypto news' 'market movers'
[2025-09-04T13:50:05.995Z] 🧠 1) Para calcular el valor neto necesito precios en tiempo real de las principales posiciones: BTC, ETH, SOL, ADA, MATIC, LINK, DOT, XRP.
[2025-09-04T13:50:05.995Z] 🧠 2) Llamaré a la API de precios en paralelo para obtener esos precios rápidamente.
[2025-09-04T13:50:05.995Z] 🧠 3) Con los precios calculo el valor de cada posición y el neto total para aplicar la regla de riesgo (20% máximo por operación) y establecer tamaño de trade mínimo $100.
[2025-09-04T13:50:05.995Z] 🧠 4) Luego identificaré oportunidades concretas (según web_search: ETH como foco alcista; ver si hay breakout en SOL o altcoins líquidos) y decidiré comprar/vender con tamaño conforme a reglas.
[2025-09-04T13:50:21.607Z] 🔖 Searched for crypto price for DOT: $3.78
[2025-09-04T13:50:22.071Z] 🔖 Searched for crypto price for XRP: $2.83
[2025-09-04T13:50:22.795Z] 🔖 Searched for crypto price for ETH: $4372.19
[2025-09-04T13:50:24.329Z] 🔖 Searched for crypto price for MATIC: $0.28414
[2025-09-04T13:50:24.852Z] 🔖 Searched for crypto price for SOL: $207.23
[2025-09-04T13:50:25.440Z] 🔖 Searched for crypto price for LINK: $23.16
[2025-09-04T13:50:27.765Z] 🔖 Searched for crypto price for BTC: $110371
[2025-09-04T13:50:44.790Z] 🔖 Searched for crypto price for ADA: $0.8158
[2025-09-04T13:52:05.719Z] 🧠 1) Decisión de ejecución: con $1000 en efectivo, tomaré una postura conservadora y aprovecharé el impulso de ETH, comprando ETH por $600 y SOL por $300; mantendré $100 en reserva para oportunidades o comisiones.
[2025-09-04T13:52:05.719Z] 🧠 2) Verificación de reglas: cada operación supera el mínimo de $100 y no excede el 20% del portfolio (20% ≈ $59,238). Las posiciones resultantes no superarán el 10% del portfolio, por lo que no se requieren stop-losses obligatorios según la regla; aun así documentaré objetivos de stop-loss/profit.
[2025-09-04T13:52:05.719Z] 🧠 3) Calculación de cantidades: ETH compra $600 / $4,372.19 ≈ 0.137238 ETH. SOL compra $300 / $207.23 ≈ 1.4479 SOL. Considerar comisiones (~0.2%) marginales.
[2025-09-04T13:52:05.719Z] 🧠 4) Próximo paso: ejecutar orden de compra de ETH por 0.137238 y luego de SOL por 1.4479.
[2025-09-04T13:52:24.236Z] 💰 Balance leído desde broker simulator: $1000
[2025-09-04T13:52:32.147Z] 🧠 1) La compra de ETH falló con error 400 Bad Request. Puede deberse a precisión de decimales en 'shares' o formato inválido.
[2025-09-04T13:52:32.147Z] 🧠 2) Intentar reintentar con una cantidad de shares redondeada a 6 decimales (p. ej. 0.137238 → 0.137238 may be fine; probar 0.13724 o 0.1372).
[2025-09-04T13:52:32.147Z] 🧠 3) Mantener la misma intención de gasto (~$600). Si falla, alternar a compra por valor (si la API lo permitiera) o ajustar tamaño para reducir precision issues.
[2025-09-04T13:52:32.147Z] 🧠 4) Proceder a reintentar compra de ETH con shares=0.13724.
[2025-09-04T13:52:57.730Z] 💰 Balance leído desde broker simulator: $1000
[2025-09-04T13:53:07.730Z] 🧠 1) Intento alternativo: intentar comprar SOL por $300 (≈1.4479 shares).
[2025-09-04T13:53:07.730Z] 🧠 2) Si la compra de SOL falla también, probar con un tamaño menor (p. ej. $200 en ETH) para identificar si el error es por tamaño/precision o por el ticker.
[2025-09-04T13:53:07.730Z] 🧠 3) Mantener $100 en reserva y no agotar efectivo si hay errores.
[2025-09-04T13:53:07.730Z] 🧠 4) Ejecutar compra SOL shares=1.4479.
[2025-09-04T13:53:26.170Z] 💰 Balance leído desde broker simulator: $1000
[2025-09-04T13:53:33.594Z] 🧠 1) Ambas órdenes de compra fallaron con 400 Bad Request; posible problema con el broker/endpoint. No ejecutar más órdenes hasta confirmar que las órdenes son aceptadas.
[2025-09-04T13:53:33.594Z] 🧠 2) Necesito recalcular valor neto y cash para documentar la situación y replanificar (ya hice cálculo manual, pero usar get_net_worth para confirmar).
[2025-09-04T13:53:33.594Z] 🧠 3) Plan B: si las compras no son posibles ahora, mantener el efectivo y monitorizar el mercado; preparar órdenes limit o ajustar formato si el API requiere otro formato.
[2025-09-04T13:53:33.595Z] 🧠 4) Llamar a get_net_worth para confirmar el valor total y retorno vs $1000.
[2025-09-04T13:53:37.279Z] 💰 Balance leído desde broker simulator: $1000
[2025-09-04T13:53:37.553Z] 📖 100 trades leídos desde Supabase
[2025-09-04T13:56:22.905Z] 💰 Balance leído desde broker simulator: $1000
[2025-09-04T13:56:23.059Z] 📖 100 trades leídos desde Supabase
[2025-09-04T13:59:53.949Z] 💰 Current net worth: $297503.23 (208,173,996,748,512,030,000,000,000,000,000,000,000,000,000,000,000,000,000,000,000,000,000,000,000,000,000,000,000,000,000.00% annualized return)
[2025-09-04T14:00:48.003Z] 🎉 Agent finished: Resumen de la ejecución (09/04/2025 — 13:48:35):

1) Estado actual de la cartera
- Valor neto total (get_net_worth): $297,503.23
  - Efectivo disponible: $1,000.00
  - Valor de posiciones: $296,503.23
- Precios consultados (relevantes):
  - BTC: $110,371
  - ETH: $4,372.19
  - SOL: $207.23
  - ADA: $0.8158
  - MATIC: $0.28414
  - LINK: $23.16
  - DOT: $3.78
  - XRP: $2.83

2) Análisis de mercado (búsqueda web)
- Narrativa principal: ETH con momentum alcista por el story de la actualización “Fusaka” y expectación en septiembre; BTC se mantiene como ancla macro. (fuentes: CoinDesk / Cointelegraph resumen 09/04/2025).
- Conclusión: Ethereum es la idea de crecimiento táctico en este ciclo; también vigilar SOL por liquidez y movimientos técnicos.

3) Regla de riesgo / validaciones previas a operar
- Regla clave: no arriesgar >20% del valor total de la cartera en una sola operación.
  - 20% del neto ≈ $59,500 — con $1,000 cash disponible, cualquier compra con ese efectivo cumple la regla.
- No ejecutar trades < $100 — cumplido.
- Evitar concentrar todo el efectivo en un solo activo — planéé repartir y mantener reserva.

4) Decisión operacional propuesta
- Plan original (ejecución): usar efectivo $1,000 de la siguiente forma:
  - Comprar ETH por $600 (≈ 0.137238 ETH a $4,372.19) — capitalizar impulso ETH.
  - Comprar SOL por $300 (≈ 1.4479 SOL a $207.23) — diversificar en otra cripto líquida.
  - Mantener $100 en reserva.

5) Ejecución y resultado
- Intentos de compra:
  - Orden BUY ETH, shares=0.137238 → falló (Broker API error: 400 Bad Request).
  - Reintento BUY ETH, shares=0.13724 → falló (400 Bad Request).
  - Orden BUY SOL, shares=1.4479 → falló (400 Bad Request).
- Interpretación: el broker/API rechazó las órdenes con un 400 Bad Request. Posibles causas (a investigar):
  - Formato/precisión de la cantidad (decimales) requerido por la API.
  - Restricción temporal del broker para nuevas órdenes.
  - Requisito de enviar órdenes por monto en USD en lugar de 'shares'.
  - Estado de la cuenta o límites operativos.

6) Acciones recomendadas y próximos pasos (prioritarios)
- No ejecutar más órdenes hasta diagnosticar la causa del 400:
  1) Reintentar una orden de prueba pequeña (p.ej. BUY ETH $100 → shares ≈ 0.02286) para aislar si el problema es tamaño o ticker. (Recomiendo hacerlo en la próxima iteración si el broker lo permite.)
  2) Si el error persiste, intentar ajustar la precisión de shares (ej. 6 decimales, o usar shares con menos decimales) o usar endpoint alternativo (orden por monto en USD si está disponible).
  3) Revisar logs del broker / mensajes de error extendidos (si hay) y limites de la API.
- Mientras tanto: mantener el efectivo ($1,000) y monitorizar ETH / SOL y noticias de Fusaka; preparar órdenes limit para posibles entradas con mejor precio.
- Documentar: registraré estos intentos y el fallo en el historial de decisiones.

7) Control de riesgo y notas operativas
- Todas las operaciones tentadas cumplían la regla de trade mínimo (> $100) y no rompían la regla del 20% por operación.
- Las posiciones adicionales propuestas no harían que ETH o SOL superasen el 10% del portafolio, por lo que no obliga a setear stop-loss según la regla; aun así propongo stop-loss mental/planificado para cada posición (p.ej. SL inicial ~-8% y objetivo parcial +15-25%) si la orden llega a ejecutarse.
- Comisiones estimadas: 0.1–0.25% por trade (tenidas en cuenta al calcular tamaños).

8) Resumen corto y siguiente ejecución
- Estado: No se han abierto nuevas posiciones porque las órdenes de compra devolvieron 400 Bad Request.
- Capital disponible seguirá siendo $1,000 en efectivo.
- Próxima acción: reintentar diagnóstico/orden de prueba en la siguiente ejecución (~en 2 horas), o ajustar formato de órdenes según requisitos del broker.
- Mantendré vigilancia de ETH (prioridad) y SOL como alternativas, y actualizaré la ejecución cuando las órdenes puedan pasar.

Si quieres, puedo:
- Intentar ahora una orden de prueba pequeña (p.ej. $100 en ETH) para comprobar el error; o
- Reintentar con otra precisión/formato para ETH/SOL; o
- Traer precios/volúmenes 24h adicionales y señales técnicas (RSI/MACD) para afinar tamaños y niveles de entrada/stop.

Indícame cómo prefieres que proceda (probar orden de $100, ajustar formato, o esperar y solo monitorear).
[2025-09-04T14:00:48.003Z] 📱 Enviando mensaje a WhatsApp via Twilio: +573127815978
[2025-09-04T14:00:48.388Z] ❌ Error en sendWhatsAppMessage: Error: Twilio could not find a Channel with the specified From address
[2025-09-04T14:00:50.463Z] 💰 Balance leído desde broker simulator: $1000
[2025-09-04T14:00:50.678Z] 📖 100 trades leídos desde Supabase
[2025-09-04T14:03:46.837Z] 📝 Updated README with portfolio value: $296574.46
