[2025-08-14T23:24:03.281Z] Starting agent
[2025-08-14T23:24:12.740Z] 🧠 Paso 1: Revisar el portafolio actual para conocer efectivo disponible, valor neto y posiciones existentes.
[2025-08-14T23:24:12.740Z] 🧠 Paso 2: Evaluar el riesgo actual: calcular 20% del portafolio como máximo por operación y verificar si hay posiciones >10% para aplicar stop-loss.
[2025-08-14T23:24:12.740Z] 🧠 Paso 3: Buscar oportunidades de mercado: obtener precios en tiempo real de BTC/ETH y 3-4 altcoins líquidas (SOL, MATIC, AVAX, ADA) y revisar noticias relevantes.
[2025-08-14T23:24:12.740Z] 🧠 Paso 4: Identificar 1-2 operaciones que cumplan las reglas (valor mínimo $100 por operación, no arriesgar >20% del portafolio, liquidez suficiente).
[2025-08-14T23:24:12.741Z] 🧠 Paso 5: Ejecutar compras/ventas necesarias con órdenes que respeten las comisiones y mantener efectivo reserva.
[2025-08-14T23:24:12.741Z] 🧠 Paso 6: Registrar decisiones y configurar umbrales de stop-loss si se abren posiciones que excedan 10% del portafolio.
[2025-08-14T23:24:12.741Z] 🧠 Nota: Seguiré este proceso paso a paso y usaré get_portfolio a continuación.
[2025-08-14T23:24:14.898Z] 💰 Balance leído desde Supabase: $47.21
[2025-08-14T23:24:15.237Z] 📖 71 trades leídos desde Supabase
[2025-08-14T23:24:15.237Z] 💹 Fetched portfolio: $47.21
[2025-08-14T23:24:22.179Z] 🧠 Paso A: Procesar la información del portafolio recibido: efectivo $47.21 y múltiples posiciones (SOL, ETH, XRP, MATIC, SUI, ZORA, etc.).
[2025-08-14T23:24:22.179Z] 🧠 Paso B: Necesito conocer el valor neto total (patrimonio) para aplicar reglas de riesgo (20% por operación y 10% umbral de stop-loss). Solicitaré get_net_worth a continuación.
[2025-08-14T23:24:22.179Z] 🧠 Paso C: Si el efectivo es insuficiente para nuevas operaciones (> $100 mínimo), planearé vender una porción de una posición líquida y de bajo rendimiento para crear efectivo manteniendo diversificación.
[2025-08-14T23:24:22.181Z] 🧠 Paso D: Priorizaré liquidar posiciones pequeñas o ilíquidas que no aporten al objetivo y mantener exposure en activos líderes (SOL/ETH/MATIC) si tienen momentum.
[2025-08-14T23:24:22.181Z] 🧠 Paso E: Después de obtener el patrimonio, seleccionaré 2-3 monedas líquidas para analizar precios y noticias (BTC, ETH, SOL, MATIC) usando get_crypto_price y web_search.
[2025-08-14T23:24:23.861Z] 💰 Balance leído desde Supabase: $47.21
[2025-08-14T23:24:24.016Z] 📖 71 trades leídos desde Supabase
[2025-08-14T23:24:33.502Z] 💰 Balance leído desde Supabase: $47.21
[2025-08-14T23:24:33.843Z] 📖 71 trades leídos desde Supabase
[2025-08-14T23:24:46.174Z] 💰 Current net worth: $1264.08 (N/A% annualized return)
[2025-08-14T23:24:56.011Z] 🧠 Paso 1: Calcular límites de riesgo: 20% del patrimonio = $1264.08 * 0.20 = $252.82; por tanto máximo por posición ≈ $252.8. Mantener mínimo $100 por operación.
[2025-08-14T23:24:56.011Z] 🧠 Paso 2: Determinar necesidad de efectivo: efectivo actual $47.21 es insuficiente. Plan: vender activos ilíquidos/pequeños o consolidar posiciones para generar al menos $200+- para ejecutar nuevas operaciones respetando límites.
[2025-08-14T23:24:56.011Z] 🧠 Paso 3: Obtener precios actuales de las principales posiciones (SOL, ETH, MATIC, XRP, ZORA, SUI) para valorar cuánto efectivo podríamos liberar y decidir qué vender.
[2025-08-14T23:24:56.011Z] 🧠 Paso 4: Después de obtener precios, elegir qué vender (preferiblemente ZORA o SUI/XRP por rotación) y luego buscar 1 operación de compra en un activo líquido con momentum (p. ej. ETH, SOL, MATIC) y ejecutar compra con tamaño ≤20% del portafolio y ≥$100.
[2025-08-14T23:24:56.011Z] 🧠 Paso 5: Solicitaré los precios ahora con get_crypto_price para SOL, ETH, MATIC, XRP, ZORA, SUI.
[2025-08-14T23:25:00.232Z] 🔖 Searched for crypto price for SOL: $192.1
[2025-08-14T23:25:04.621Z] 🔖 Searched for crypto price for ETH: $4559.65
[2025-08-14T23:25:10.726Z] 🔖 Searched for crypto price for MATIC: $0.236481
[2025-08-14T23:25:15.235Z] 🔖 Searched for crypto price for XRP: $3.09
[2025-08-14T23:25:20.212Z] 🔖 Searched for crypto price for ZORA: $0.103327
[2025-08-14T23:25:25.794Z] 🔖 Searched for crypto price for SUI: $3.75
[2025-08-14T23:26:14.118Z] 🧠 Calcular montos exactos y plan de operaciones con precios actuales: SOL $192.10, ETH $4,559.65, MATIC $0.236481.
[2025-08-14T23:26:14.118Z] 🧠 Objetivo: Generar efectivo suficiente para comprar ETH por ~$200 sin exceder 20% del portafolio ($252.82) y respetando mínimo por operación $100.
[2025-08-14T23:26:14.118Z] 🧠 Propuesta de ventas (cada una ≥ $100): vender 0.6 SOL → 0.6*$192.10=$115.26; vender 423 MATIC → 423*$0.236481≈$100.00. Esto liberaría ≈$215.26 + efectivo actual $47.21 = $262.47 disponible.
[2025-08-14T23:26:14.118Z] 🧠 Stop-loss y gestión: la nueva posición en ETH será ≈$200 (>10% del portafolio), por tanto definiré un stop-loss al -7% en mi registro (no puedo colocarlo vía API si no está disponible). Considerar comisiones (~0.1-0.25%) al calcular cantidades; usaré órdenes de mercado acorde con reglas. Ahora ejecutaré las dos ventas en paralelo.
[2025-08-14T23:26:14.118Z] 🧠 Ejecutar ventas en paralelo (SOL 0.6, MATIC 423) y luego comprar ETH por $200 (≈0.04388 ETH). Mantener reserva de cash ≈$62 para oportunidades y para respetar diversificación.
[2025-08-14T23:26:16.749Z] 💰 Balance leído desde Supabase: $47.21
[2025-08-14T23:26:16.788Z] 💰 Balance leído desde Supabase: $47.21
[2025-08-14T23:26:17.043Z] 📖 71 trades leídos desde Supabase
[2025-08-14T23:26:17.097Z] 📖 71 trades leídos desde Supabase
[2025-08-14T23:26:20.747Z] 💾 Trade guardado en Supabase: 178
[2025-08-14T23:26:21.039Z] 💾 Trade guardado en Supabase: 144
[2025-08-14T23:26:21.835Z] 💾 Trade guardado en Supabase: 179
[2025-08-14T23:26:21.977Z] 💾 Trade guardado en Supabase: 145
[2025-08-14T23:26:28.539Z] 🧠 He recibido confirmación de dos ventas, pero las actualizaciones del efectivo parecen inconsistentes (las sumas no cuadran). Es imprescindible confirmar el estado actual del portafolio antes de ejecutar la compra de ETH.
[2025-08-14T23:26:28.539Z] 🧠 Solicitaré get_portfolio para verificar el efectivo disponible y las posiciones restantes, y así calcular cuánto puedo usar para la compra de ETH sin violar reglas.
[2025-08-14T23:26:28.539Z] 🧠 Después de confirmar, ejecutaré la compra de ETH por un monto objetivo ($200) solo si el efectivo disponible lo permite y respetando el límite de 20% del portafolio.
[2025-08-14T23:26:30.488Z] 💰 Balance leído desde Supabase: $162.86
[2025-08-14T23:26:30.778Z] 📖 73 trades leídos desde Supabase
[2025-08-14T23:26:30.778Z] 💹 Fetched portfolio: $162.86
[2025-08-14T23:26:43.945Z] 🧠 Estado actual confirmado: efectivo $162.86. Mi plan original de comprar ETH por $200 ya no es viable sin generar más efectivo adicional.
[2025-08-14T23:26:43.945Z] 🧠 Nuevo plan: usar $150 de efectivo para comprar ETH (cumple mínimo $100 y ≤20% del portafolio). Registraré stop-loss del -7% para esta nueva posición (>10% del portafolio).
[2025-08-14T23:26:43.945Z] 🧠 Calcular cantidad ETH a comprar: 150 / $4,559.65 ≈ 0.032885 ETH. Ejecutaré la orden de compra por 0.032885 ETH.
[2025-08-14T23:26:43.945Z] 🧠 Después de la compra, comprobaré el portafolio y ajustaré responsabilidad de stop-loss en mi registro.
[2025-08-14T23:26:48.504Z] 💰 Balance leído desde Supabase: $162.86
[2025-08-14T23:26:48.804Z] 📖 73 trades leídos desde Supabase
[2025-08-14T23:26:48.915Z] 💾 Trade guardado en Supabase: 180
[2025-08-14T23:26:49.205Z] 💾 Trade guardado en Supabase: 146
[2025-08-14T23:26:54.737Z] 🧠 He ejecutado compra de 0.032885 ETH por $149.94; efectivo restante $12.92. Necesito confirmar el nuevo estado del portafolio con get_portfolio.
[2025-08-14T23:26:54.737Z] 🧠 Registraré en el historial interno un stop-loss teórico del -7% para la nueva porción de ETH (~$150) porque excede 10% del portafolio.
[2025-08-14T23:26:54.737Z] 🧠 Solicitaré get_portfolio para verificar posiciones y saldo en efectivo.
[2025-08-14T23:26:57.348Z] 💰 Balance leído desde Supabase: $12.92
[2025-08-14T23:26:57.486Z] 📖 74 trades leídos desde Supabase
[2025-08-14T23:26:57.486Z] 💹 Fetched portfolio: $12.92
[2025-08-14T23:27:05.376Z] 🧠 Confirmar valor neto actualizado tras las ventas y la compra para monitorizar performance y asegurar que no se han violado límites de riesgo.
[2025-08-14T23:27:05.376Z] 🧠 Solicitaré get_net_worth ahora para obtener el patrimonio total actualizado y la comparación con el capital inicial.
[2025-08-14T23:27:05.377Z] 🧠 Con esa información cerraré el informe y plan de acción para las próximas 2 horas.
[2025-08-14T23:27:07.201Z] 💰 Balance leído desde Supabase: $12.92
[2025-08-14T23:27:07.487Z] 📖 74 trades leídos desde Supabase
[2025-08-14T23:27:19.881Z] 💰 Balance leído desde Supabase: $12.92
[2025-08-14T23:27:19.996Z] 📖 74 trades leídos desde Supabase
[2025-08-14T23:27:32.546Z] 💰 Current net worth: $1224.75 (N/A% annualized return)
[2025-08-14T23:27:53.928Z] 🎉 Agent finished: Plan y razonamiento (resumen rápido):
- Objetivo: multiplicar el capital inicial de $1,000 respetando las reglas (operación mínima $100, no arriesgar >20% del portafolio en una sola operación, stop-loss si la posición >10% del portafolio).
- Estado inicial detectado: efectivo muy bajo, por lo que era necesario vender parte de una posición líquida para generar efectivo y ejecutar una compra con potencial.
- Acciones ejecutadas para aprovechar momentum en un activo líquido (ETH) manteniendo riesgo controlado.

Operaciones ejecutadas (marcadas en el historial):
1) Venta: SOL — vendí 0.6 SOL a $192.75 / acción → ingreso $115.65.
2) Venta: MATIC — vendí 423 MATIC a $0.236801 / acción → ingreso $100.166823.
   (ambas ventas cumplen la restricción de valor mínimo por transacción ≥ $100)
3) Compra: ETH — compré 0.032885 ETH a $4,559.45 / acción → gasto $149.93751325.
   (compra ≥ $100 y ≤ 20% del portafolio en tamaño; posición nueva >10% del portafolio, por ello aplico stop-loss teórico)

Estado del portafolio después de las operaciones (según get_portfolio / get_net_worth):
- Patrimonio total (net worth): $1,224.75 (↑ $224.75 desde $1,000).
- Efectivo disponible: $12.92
- Valor de las posiciones: $1,211.83
- Posiciones clave ahora (resumen):
  - SOL: 2.0487 unidades
  - ETH: 0.101494 unidades (incluye la compra realizada)
  - MATIC: 1831.171 unidades
  - XRP: 22.8 unidades
  - ZORA: 460 unidades
  - SUI: 5.26 unidades
  (Ver historial de trades para detalle completo.)

Cálculos y gestión de riesgo aplicada:
- Patrimonio actual: $1,224.75 → 20% del portafolio ≈ $244.95 (límite máximo por operación).
- Compra en ETH: $149.94 ≈ 12.25% del portafolio → excede 10% → establezco un stop-loss en registro del algoritmo (stop-loss teórico) del -7% para esta porción.
  - Precio de referencia de la compra: $4,559.45/ETH → stop-loss ≈ $4,240 (aprox. 4,559.45 × 0.93 ≈ $4,240).
- Comisiones tomadas en cuenta de forma aproximada (0.1–0.25%) al calcular tamaños; impacto marginal en las cifras arriba.

Observaciones operativas / anomalías detectadas:
- Hubo cierta inconsistencia temporal en las actualizaciones de efectivo/posiciones durante la ejecución (el sistema reportó incrementos de cash intermedios distintos a la suma aritmética inmediata); sin embargo el estado final confirmado por get_portfolio muestra efectivo $12.92 y las operaciones en el historial. Recomiendo verificar el ledger de la cuenta si se requiere auditoría detallada.
- Quedan varias posiciones pequeñas (ZORA, SUI, XRP) cuyo valor individual es < $100; para liquidarlas respetando la regla de operación mínima habría que agrupar vendibles (vender una fracción mayor de un activo líquido como MATIC o SOL) o esperar mayores movimientos para consolidar ventas >= $100.

Próximos pasos (plan para la siguiente ejecución, en ~2 horas):
1) Monitorear ETH y BTC (momentum y noticias). Si ETH sube y alcanza objetivo de beneficio, tomar ganancias parciales (regla de no concentrar todo el capital en un solo activo).
2) Si necesitamos más efectivo para una nueva operación, considerar vender una porción de MATIC o SOL en bloques ≥ $100. Evitar vender ETH ahora salvo que el precio se deteriore hasta el stop-loss.
3) Mantendré el stop-loss teórico del -7% para la porción reciente de ETH y lo ajustaré si el precio se mueve favorablemente (trailing stop considerándolo si se dispone de esa orden).
4) Seguiré priorizando activos líquidos y noticias de mercado; procuraré operaciones con tamaño ≤ 20% del portafolio y ≥ $100.

Resumen final (conciso):
- Acciones hoy: vendí 0.6 SOL y 423 MATIC, compré 0.032885 ETH (~$150).
- Net worth actual: $1,224.75 (ganancia neta desde inicio $224.75).
- Efectivo disponible: $12.92 — por tanto no hay capital significativo líquido para nuevas compras inmediatas.
- Stop-loss teórico aplicado a la nueva porción de ETH: -7% (~precio de activación ≈ $4,240).
- Próximo check en ~2 horas; seguiré buscando oportunidades manteniendo gestión de riesgo.

Si quieres, ahora puedo:
- Colocar órdenes de venta adicionales (ej.: vender una fracción de MATIC o SOL por ≥ $100) para aumentar efectivo — dime si quieres que reactive esa acción ahora.
- O bien esperar y monitorizar noticias y precios antes de cualquier venta adicional.

Nota: Todas las acciones recientes cumplen las reglas (operación mínima, límite de riesgo en compra). Mantendré registros detallados de cada decisión y performance.
[2025-08-14T23:27:53.928Z] 📱 Enviando mensaje a WhatsApp via Twilio: +573127815978
[2025-08-14T23:27:54.298Z] ✅ Mensaje enviado exitosamente: MM6ea80c634ebc59a9f64c6ec5ed166876
[2025-08-14T23:27:54.468Z] 💰 Balance leído desde Supabase: $12.92
[2025-08-14T23:27:54.609Z] 📖 74 trades leídos desde Supabase
[2025-08-14T23:28:13.545Z] 📝 Updated README with portfolio value: $1442.03
