[2025-08-20T19:22:31.575Z] Starting agent
[2025-08-20T19:22:41.830Z] 🧠 1) Meta: Confirm schedule and objectives: revisar portafolio, analizar mercado, ejecutar operaciones si hay oportunidades que cumplan reglas de riesgo/valor mínimo.
[2025-08-20T19:22:41.830Z] 🧠 2) Primer paso: pedir estado del portafolio (efectivo, tenencias, valor neto, historial).
[2025-08-20T19:22:41.830Z] 🧠 3) Analizar cartera para determinar efectivo disponible y porcentaje máximo arriesgable (20% de neto) y umbral de 10% para stop-loss.
[2025-08-20T19:22:41.830Z] 🧠 4) Buscar mercados: identificar criptos líquidos (BTC, ETH, large caps) y altcoins con momentum; priorizar precios en exchanges principales.
[2025-08-20T19:22:41.830Z] 🧠 5) Recopilar precios actuales y volúmenes de BTC, ETH, SOL, MATIC, LINK, ADA para oportunidades.
[2025-08-20T19:22:41.830Z] 🧠 6) Evaluar noticias recientes/regulaciones usando web_search si el capital disponible sugiere entrar.
[2025-08-20T19:22:41.830Z] 🧠 7) Decidir operaciones respetando: mínimo $100 por trade, no arriesgar >20% del portafolio en un trade, diversificar, mantener efectivo.
[2025-08-20T19:22:41.830Z] 🧠 8) Ejecutar órdenes de compra/venta si la oportunidad es válida y registrar razonamiento.
[2025-08-20T19:22:41.831Z] 🧠 9) Planificar seguimiento y stop-loss/objetivos de take-profit.
[2025-08-20T19:22:41.831Z] 🧠 10) Registrar cada paso para cumplimiento de reglas y trazabilidad.
[2025-08-20T19:22:43.535Z] 💰 Balance leído desde Supabase: $0.07
[2025-08-20T19:22:43.596Z] 📖 95 trades leídos desde Supabase
[2025-08-20T19:22:43.596Z] 💹 Fetched portfolio: $0.07
[2025-08-20T19:22:53.106Z] 🧠 1) Procesar el estado recibido: efectivo casi cero ($0.07), múltiples posiciones en BTC, ETH, SOL, MATIC, etc.
[2025-08-20T19:22:53.106Z] 🧠 2) Necesito conocer el valor neto total para calcular 20% máximo por trade y 10% umbral de stop-loss.
[2025-08-20T19:22:53.106Z] 🧠 3) Plan: obtener valor neto (get_net_worth).
[2025-08-20T19:22:53.106Z] 🧠 4) Después de net worth, recopilar precios en tiempo real de BTC, ETH, SOL, MATIC y LINK para valorar posiciones y decidir qué vender/comprar.
[2025-08-20T19:22:53.106Z] 🧠 5) Priorizar ventas de activos líquidos (BTC/ETH/MATIC) si se necesita efectivo para nuevas operaciones y cumplir mínimo $100 por trade.
[2025-08-20T19:22:53.106Z] 🧠 6) Respetar regla de no arriesgar >20% del portafolio en un trade; planificar compras solo si hay efectivo y oportunidades claras.
[2025-08-20T19:22:53.106Z] 🧠 7) Ejecutar get_net_worth ahora.
[2025-08-20T19:22:55.393Z] 💰 Balance leído desde Supabase: $0.07
[2025-08-20T19:22:55.482Z] 📖 95 trades leídos desde Supabase
[2025-08-20T19:24:33.800Z] 💰 Balance leído desde Supabase: $0.07
[2025-08-20T19:24:33.869Z] 📖 95 trades leídos desde Supabase
[2025-08-20T19:26:14.443Z] 💰 Current net worth: $1126.93 (N/A% annualized return)
[2025-08-20T19:26:25.993Z] 🧠 1) Plan: obtener precios en tiempo real de BTC, ETH, SOL, MATIC, LINK y ADA en paralelo para valorar tenencias y decidir ventas/compras.
[2025-08-20T19:26:25.993Z] 🧠 2) Usaré esas cotizaciones para calcular cuánto vender de un activo líquido (probablemente BTC o ETH) para liberar efectivo >= $100 y <= 20% del portafolio (~$225).
[2025-08-20T19:26:25.993Z] 🧠 3) Continuaré con la llamada paralela a get_crypto_price para las monedas seleccionadas.
[2025-08-20T19:26:29.270Z] 🔖 Searched for crypto price for SOL: $1.87
[2025-08-20T19:26:29.274Z] 🔖 Searched for crypto price for ETH: $40.897
[2025-08-20T19:26:29.277Z] 🔖 Searched for crypto price for LINK: $7.248
[2025-08-20T19:26:29.280Z] 🔖 Searched for crypto price for BTC: $50.578
[2025-08-20T19:26:44.084Z] 🔖 Searched for crypto price for ADA: $0.880925
[2025-08-20T19:26:48.521Z] 🔖 Searched for crypto price for MATIC: $0.243186
[2025-08-20T19:26:59.908Z] 🧠 1) Procesar precios recibidos: los valores retornados parecen implausibles (p.ej. BTC ~$50), en conflicto con historial de operaciones; no confiar en estas cifras sin verificación.
[2025-08-20T19:26:59.908Z] 🧠 2) Antes de vender/comprar, verificar precios en fuentes externas (Coinbase/Binance) mediante web_search para evitar errores de ejecución.
[2025-08-20T19:26:59.908Z] 🧠 3) Realizar búsquedas: 'Bitcoin price USD', 'Ethereum price USD' y posiblemente 'SOL price USD' para contrastar.
[2025-08-20T19:26:59.908Z] 🧠 4) Después de obtener precios fiables, calcular cuánto vender para liberar efectivo entre $100-$225 (respeta mínimo y 20% límite).
[2025-08-20T19:27:01.451Z] 🔍 Searching the web for: Bitcoin price USD Coinbase 2025-08-20 19:22 UTC
[2025-08-20T19:27:01.451Z] 🔍 Searching the web for: Bitcoin price USD Coinbase 2025-08-20 19:22 UTC
[2025-08-20T19:28:06.491Z] 🧠 1) Procesar resultados de web_search: no obtuve un precio numérico directo y los precios previos devueltos por get_crypto_price parecen inconsistentes con el historial; por seguridad no ejecutar trades hasta confirmar precios reales.
[2025-08-20T19:28:06.491Z] 🧠 2) Recomendación provisional: vender ~$200 en ETH (posición líquida) para liberar efectivo y mantener la regla de no arriesgar >20% (~$225). Esto equivaldría a ~0.045–0.05 ETH si ETH≈$4,300.
[2025-08-20T19:28:06.491Z] 🧠 3) Luego usar ese efectivo para comprar una alt con momentum (p.ej. MATIC o SOL) con compra >=$100 y diversificar. Establecer stop-loss (p.ej. 8–10%) para la posición si excede 10% del portafolio.
[2025-08-20T19:28:06.491Z] 🧠 4) Solicitar confirmación del usuario para proceder con verificación final de precios en exchange y la ejecución, o pedir permiso para ejecutar directamente con las fuentes internas.
[2025-08-20T19:28:19.079Z] 🎉 Agent finished: Resumen rápido (hora 2025-08-20 19:22 local):

- Valor neto total: $1,126.93
- Efectivo disponible: $0.07 (prácticamente 0)
- Principales tenencias líquidas: BTC 0.002947, ETH 0.096252, SOL 0.478544, MATIC 768.011, LINK 7.187, XRP 22.8, + varias posiciones pequeñas/altcoins.
- Objetivo: multiplicar los $1,000 iniciales respetando las reglas (mínimo $100 por operación, no arriesgar >20% del portafolio por trade ≈ $225, stop-loss si posición >10% del portafolio).

Observaciones importantes
- Las llamadas internas de precios devolvieron valores que parecen inconsistentes con el historial (p.ej. BTC muy por debajo del valor histórico). Por seguridad no ejecutaré ventas/compras hasta confirmar precios en una fuente de mercado confiable (Coinbase/Binance).
- Con efectivo casi nulo, primero hay que vender una porción de una posición líquida para liberar capital antes de poder abrir nuevas posiciones.

Propuesta de acción (plan táctico)
1) Verificación de precios en exchange (rápida) para confirmar precios reales de BTC, ETH, SOL, MATIC y LINK.
2) Si los precios están correctos y coherentes con el mercado:
   - Vender aproximadamente $200 en ETH (posición líquida). Esto cumple:
     - Mínimo por trade ≥ $100.
     - Está por debajo del 20% del portafolio (~$225).
   - Resultado esperado: generar efectivo ≈ $200 para volver a desplegar.
3) Reinvertir el efectivo en una alt con momentum/liquidez (ejemplos: MATIC o SOL) con una compra entre $100–$200 (cumpliendo mínimo y diversificando).
4) Para cualquier nueva posición que supere 10% del portafolio, aplicar un stop-loss (sugerido: 8–10%). Registrar todas las operaciones en el historial.
5) Monitorizar el rendimiento y revaluar en la próxima ejecución (cada 2 horas).

Riesgos y gestión
- No pondré más del 20% del portafolio en una sola operación.
- Tendré en cuenta comisiones típicas (~0.1–0.25%) al calcular cantidades.
- Evitaré actuar si los datos de precio son inconsistentes.

Solicitud de permiso
¿Autorizas que:
A) Verifique precios en tiempo real en una fuente externa y proceda con la venta de ~$200 en ETH y la compra subsiguiente en MATIC/SOL según momentum? — o —
B) Prefieres que espere y no ejecute operaciones ahora?

Responde con A para que proceda a verificar precios y ejecutar (vender ETH → comprar alt), o con B para esperar. Si quieres otra alternativa (ej. vender BTC en vez de ETH, o ajustar el monto), indícamelo.
[2025-08-20T19:28:19.079Z] 📱 Enviando mensaje a WhatsApp via Twilio: +573127815978
[2025-08-20T19:28:19.442Z] ✅ Mensaje enviado exitosamente: MM0250203b2c91a927921c75db6f9d5a02
[2025-08-20T19:28:19.746Z] 💰 Balance leído desde Supabase: $0.07
[2025-08-20T19:28:19.839Z] 📖 95 trades leídos desde Supabase
[2025-08-20T19:29:26.049Z] 📝 Updated README with portfolio value: $1280.66
