[2025-07-31T22:48:54.653Z] Starting agent
[2025-07-31T22:48:58.737Z] 🧠 Es momento de realizar el análisis programado previo al cierre anterior (5:48 PM).
[2025-07-31T22:48:58.737Z] 🧠 Debo iniciar verificando el estado actual de mi portafolio: posiciones abiertas, saldo, historial de operaciones.
[2025-07-31T22:48:58.738Z] 🧠 Luego, analizaré el mercado para identificar los principales movimientos del día (top gainers/losers) y cualquier noticia relevante que impacte oportunidades.
[2025-07-31T22:48:58.738Z] 🧠 Buscaré criptomonedas con fuerte momentum o señales técnicas positivas/negativas.
[2025-07-31T22:48:58.738Z] 🧠 Una vez tenga esos datos, evaluaré posibles oportunidades de compra o venta, siempre considerando gestión de riesgo y los requisitos mínimos de trade.
[2025-07-31T22:48:58.738Z] 🧠 Finalmente, decidiré si abrir una nueva posición, ajustar la actual o mantenerme a la espera en función de las condiciones del mercado y la liquidez disponible.
[2025-07-31T22:49:04.692Z] 🧠 El intento de consultar mi portafolio resultó en un error: parece que la información no está disponible o ha fallado la consulta.
[2025-07-31T22:49:04.693Z] 🧠 Sin los datos de portafolio, debo continuar con análisis de mercado para identificar oportunidades y suponer que todavía cuento con el saldo inicial de $1,000 (siendo la primera ejecución del ciclo diario).
[2025-07-31T22:49:04.693Z] 🧠 Procederé a realizar una búsqueda web sobre las principales criptomonedas con movimiento destacado (alzas/caídas) el día de hoy y cualquier noticia relevante.
[2025-07-31T22:49:04.693Z] 🧠 Identificaré las criptos con mayor tendencia positiva (posibles compras) o notable caída (potencial rebote o short si estuviera permitido), evaluando también volumen y fundamento de los movimientos.
[2025-07-31T22:49:04.693Z] 🧠 Posteriormente, según los resultados del mercado crypto, seleccionaré el activo más atractivo para destino de entrada, considerando gestión prudente del riesgo.
[2025-07-31T22:49:04.693Z] 🧠 Finalmente, intentaré nuevamente revisar el portafolio antes de ejecutar cualquier acción, para asegurarme del saldo y posiciones, después de recopilar información y decidir la estrategia.
[2025-07-31T22:49:07.719Z] 🔍 Searching the web for: criptomonedas con mayor subida y bajada hoy 31 julio 2025 principales noticias
[2025-07-31T22:49:19.359Z] 🧠 Las criptomonedas con mejor rendimiento hoy: LEO (+2.4%), TON (+2.0%), QNT (+1.4%). Estos movimientos positivos son relativamente modestos para el mercado crypto, lo que indica una jornada lateral o de baja volatilidad en los principales activos.
[2025-07-31T22:49:19.359Z] 🧠 Las mayores caídas destacan en Ethena (ENA) -8.5% y Júpiter (JUP) -8.2%. Caídas de este calibre pueden deberse a noticias negativas o ventas masivas, y a veces generan oportunidades de rebote técnico.
[2025-07-31T22:49:19.359Z] 🧠 Antes de decidir una entrada, necesito confirmar precios actuales de un par de estos activos líderes en movimientos (TON y ENA), para evaluar si cumplen el monto mínimo de trade y si muestran patrones favorables para un intento de rebote o continuación de tendencia.
[2025-07-31T22:49:19.359Z] 🧠 El volumen de subida es bajo comparado con las bajadas, lo que sugiere mayor presión vendedora en el mercado y señala la importancia de extrema prudencia.
[2025-07-31T22:49:19.359Z] 🧠 Intentaré nuevamente consultar mi portafolio para confirmar fondos disponibles y holdings antes de tomar decisión final de entrada o mantenerme a la espera.
[2025-07-31T22:49:24.923Z] 🔖 Searched for stock price for TON: $1.44
[2025-07-31T22:49:25.562Z] 🔖 Searched for stock price for ENA: $25.73
[2025-07-31T22:49:31.783Z] 🧠 El portafolio sigue sin estar disponible por error técnico, pero asumiré que dispongo de los $1,000 iniciales.
[2025-07-31T22:49:31.783Z] 🧠 TON cotiza a $1.44, ENA a $25.73. Para cumplir la regla de mínimo $100 por trade, necesitaría comprar al menos 70 TON ($100.8) o 4 ENA ($102.92), si decido operar en alguno de ellos.
[2025-07-31T22:49:31.783Z] 🧠 El movimiento negativo significativo de ENA (-8.5%) podría ofrecer una oportunidad de rebote técnico, que es frecuente en crypto tras caídas pronunciadas. TON subió, pero el alza es modesta y el precio bajo lo hace menos atractivo para momentum en este contexto lateral.
[2025-07-31T22:49:31.783Z] 🧠 La estrategia prudente sería split: comprar una pequeña participación en ENA para captar posible rebote, sin arriesgar gran parte del capital, preservando la mayor parte del efectivo para próximas oportunidades si la estructura del mercado sigue débil.
[2025-07-31T22:49:31.783Z] 🧠 Decido intentar compra de 4 ENA ($102.92 aprox.), arriesgando alrededor del 10% del capital, dejando el resto para observar próximos movimientos y evitar exposición excesiva.
[2025-07-31T22:49:31.783Z] 🧠 No se plantean ventas por ahora ya que sin historial ni portafolio visible, no hay holdings a liquidar.
[2025-07-31T22:49:40.158Z] 🧠 La compra en ENA no se pudo ejecutar debido a un error técnico, posiblemente causado por la falta de acceso o inicialización del portafolio en este ciclo previo.
[2025-07-31T22:49:40.158Z] 🧠 Esto limita mi capacidad de operar en el mercado, obligándome a mantenerme sin acción hasta que pueda acceder correctamente a las funciones de portafolio y trading.
[2025-07-31T22:49:40.159Z] 🧠 En la siguiente ventana de ejecución, reintentaré la consulta de portafolio y, si es posible, ejecutar la compra o buscar una mejor oportunidad según el contexto del mercado.
[2025-07-31T22:49:40.158Z] 🧠 Como resultado, no asumo riesgos adicionales ni hago recomendaciones de trading sin confirmación de disponibilidad de fondos y posiciones.
[2025-07-31T22:49:40.159Z] 🧠 Mientras tanto, aprovecho para recopilar y actualizar información relevante del mercado para estar preparado en el próximo análisis.
[2025-07-31T22:49:44.789Z] 🎉 Agent finished: ⛔ **Operación no ejecutada por error técnico** ⛔

- Intenté seguir la estrategia identificando una oportunidad de rebote técnico en Ethena (ENA) tras su fuerte caída del día (-8.5%), con compra planeada de 4 ENA ($25.73 c/u).
- Sin embargo, **la función de portafolio y compra arrojó error**, probablemente por no haber sido inicializado aún el portafolio en esta ventana.
- Eso me deja fuera del mercado por ahora, sin asumir riesgos ni entrar en ninguna operación hasta que pueda confirmar el estado real de saldo y holdings.
- La próxima ventana de ejecución, reintentaré acceso al portafolio antes de ejecutar cualquier orden, asegurando gestión de riesgo y cumplimiento de reglas.

**Conclusión:**  
Permanezco atento, recopilo información fresca y estaré listo para actuar en el próximo ciclo, priorizando seguridad y confirmación operativa antes de operar.
[2025-07-31T22:49:44.789Z] 📱 Enviando mensaje a WhatsApp via Twilio: +573127815978
[2025-07-31T22:49:45.234Z] ✅ Mensaje enviado exitosamente: MM3e541aed27b409050423368fbde5bc62
[2025-07-31T22:49:45.235Z] ❌ Failed to update README: Error: ENOENT: no such file or directory, open 'resource/output/portfolio_crypto.json'
[2025-07-31T22:49:45.236Z] Stack trace: Error: ENOENT: no such file or directory, open 'resource/output/portfolio_crypto.json'
    at async open (node:internal/fs/promises:639:25)
    at async readFile (node:internal/fs/promises:1243:14)
    at async getPortfolio (/Users/dmha/developer/code/node/IAcob/usecase/portafolio.usecase.ts:24:27)
    at async calculatePortfolioValue (/Users/dmha/developer/code/node/IAcob/usecase/portafolio.usecase.ts:120:23)
    at async updateReadme (/Users/dmha/developer/code/node/IAcob/usecase/readme.usecase.ts:49:40)
    at async <anonymous> (/Users/dmha/developer/code/node/IAcob/agent-clean.ts:118:1)
