[2025-08-22T21:23:34.777Z] Starting agent
[2025-08-22T21:23:43.520Z] 🧠 1) Objetivo: multiplicar $1,000 inicial manteniendo gestión de riesgo (máx 20% por trade, stop-losses para posiciones >10% del portafolio).
[2025-08-22T21:23:43.520Z] 🧠 2) Plan de ejecución: 1) revisar portafolio actual, 2) escanear mercados y noticias relevantes, 3) identificar oportunidades líquidas (BTC, ETH, principales altcoins), 4) evaluar tamaño del trade cumpliendo reglas (mínimo $100, no más de 20% del portafolio), 5) ejecutar buy/sell si conviene y establecer stop-losses, 6) registrar operaciones.
[2025-08-22T21:23:43.520Z] 🧠 3) Antes de cualquier trade necesito el estado actual del portafolio para calcular porcentajes y cash disponible.
[2025-08-22T21:23:43.520Z] 🧠 4) Luego haré búsquedas de mercado y precios en tiempo real para decidir activos y tamaños.
[2025-08-22T21:23:43.520Z] 🧠 5) Mantendré registro detallado de decisiones y cumpliré con el requisito de pensar después de cada herramienta utilizada.
[2025-08-22T21:23:45.516Z] 💰 Balance leído desde Supabase: $378.06
[2025-08-22T21:23:45.738Z] 📖 100 trades leídos desde Supabase
[2025-08-22T21:23:45.738Z] 💹 Fetched portfolio: $378.06
[2025-08-22T21:23:54.573Z] 🧠 6) Analizar rápidamente el portafolio recibido: efectivo $378.06 y posiciones en múltiples activos (BTC, ETH, SOL, MATIC, etc.). Necesito el valor neto total para calcular límites (20% por trade y stop-losses del 10%).
[2025-08-22T21:23:54.573Z] 🧠 7) Próximo paso: obtener el valor neto total con get_net_worth para fijar tamaños máximos de operación y calcular montos en dólares por trade.
[2025-08-22T21:23:54.573Z] 🧠 8) Tras obtener net worth, planearé búsquedas de mercado y precios en tiempo real (web_search + get_crypto_price) para identificar oportunidades líquidas y validar volumen/ruido de noticias.
[2025-08-22T21:23:54.573Z] 🧠 9) Prepararme para ejecutar solo trades que cumplan las reglas: monto >= $100, no más del 20% de portafolio por trade, y mantener efectivo para oportunidades.
[2025-08-22T21:23:56.376Z] 💰 Balance leído desde Supabase: $378.06
[2025-08-22T21:23:56.528Z] 📖 100 trades leídos desde Supabase
[2025-08-22T21:25:03.223Z] 💰 Balance leído desde Supabase: $378.06
[2025-08-22T21:25:03.403Z] 📖 100 trades leídos desde Supabase
[2025-08-22T21:26:15.919Z] 💰 Current net worth: $2235.73 (N/A% annualized return)
[2025-08-22T21:26:20.275Z] 🧠 10) Resultado net worth: $2,235.73. Límite de riesgo por trade (20%) = $447.15. Cash disponible $378.06 — por lo tanto puedo usar hasta $378.06 ahora, respetando 20% límite.
[2025-08-22T21:26:20.275Z] 🧠 11) Decisión: escanear mercado en busca de activos líquidos y noticias relevantes (BTC, ETH, SOL, MATIC, LINK, SUI, XRP). Priorizar liquidez y momentum.
[2025-08-22T21:26:20.275Z] 🧠 12) Ejecutar búsquedas web para identificar top movers, noticias recientes y sentimientos; luego consultar precios en tiempo real para calcular tamaños de compra compatibles con las reglas (mínimo $100).
[2025-08-22T21:26:22.675Z] 🔍 Searching the web for: crypto market movers today 2025-08-22 BTC ETH SOL MATIC LINK SUI XRP news August 22 2025 top gainers 24h volume technical breakout 'Crypto Fear & Greed Index' 22 Aug 2025
[2025-08-22T21:26:22.675Z] 🔍 Searching the web for: crypto market movers today 2025-08-22 BTC ETH SOL MATIC LINK SUI XRP news August 22 2025 top gainers 24h volume technical breakout 'Crypto Fear & Greed Index' 22 Aug 2025
[2025-08-22T21:27:03.406Z] 🧠 13) Resultado web_search: mercado risk-on, ETH y SOL muestran fuerte momentum hoy; MATIC también aparece entre ganadores. Necesito precios en tiempo real para calcular tamaños y decidir si entrar en SOL/MATIC/ETH o mantener cash.
[2025-08-22T21:27:03.406Z] 🧠 14) Ejecutar peticiones de precios en paralelo para BTC, ETH, SOL, MATIC, LINK, SUI y XRP para tener base de cálculo de tamaño de posición y liquidez.
[2025-08-22T21:27:03.406Z] 🧠 15) Tras recibir precios, comparar volatilidad/volúmenes y decidir operaciones que cumplan regla mínima $100 y máximo 20% del portafolio.
[2025-08-22T21:27:07.757Z] 🔖 Searched for crypto price for SOL: $1.87
[2025-08-22T21:27:07.759Z] 🔖 Searched for crypto price for ETH: $45.56
[2025-08-22T21:27:07.814Z] 🔖 Searched for crypto price for LINK: $8.774
[2025-08-22T21:27:07.844Z] 🔖 Searched for crypto price for BTC: $51.71
[2025-08-22T21:27:07.884Z] 🔖 Searched for crypto price for SUI: $127.04
[2025-08-22T21:27:15.928Z] 🔖 Searched for crypto price for XRP: $3.09
[2025-08-22T21:27:16.565Z] 🔖 Searched for crypto price for MATIC: $0.255185
[2025-08-22T21:28:08.273Z] 🧠 16) Basado en precios recibidos: BTC $51.71, ETH $45.56, SOL $1.87, MATIC $0.255185, LINK $8.774, SUI $127.04, XRP $3.09.
[2025-08-22T21:28:08.273Z] 🧠 17) Plan de trading (cumpliendo reglas): realizar dos compras con cash $378.06: LINK por ~$150 y MATIC por ~$100. Ambos >$100 y <20% del portafolio ($447.15).
[2025-08-22T21:28:08.273Z] 🧠 18) Cálculo de cantidades: LINK shares = 150 / 8.774 ≈ 17.095; MATIC shares = 100 / 0.255185 ≈ 392.0.
[2025-08-22T21:28:08.274Z] 🧠 19) Riesgo y stop-loss: la compra de MATIC elevará la posición MATIC por encima del 10% del portafolio (10% = $223.57) -> debo establecer stop-loss. Planeo un stop-loss inicial en -8% respecto al precio de compra para la nueva porción de MATIC y monitorizar. LINK tras la compra permanecerá por debajo del 10% por lo que stop-loss obligatorio no es necesario, aunque recomienda uno si se desea.
[2025-08-22T21:28:08.274Z] 🧠 20) Ejecutar orden de compra de LINK (~17.095 shares) y luego compra de MATIC (~392 shares). Después de cada ejecución pensaré y revisaré el portafolio.
[2025-08-22T21:28:10.242Z] 💰 Balance leído desde Supabase: $378.06
[2025-08-22T21:28:10.404Z] 📖 100 trades leídos desde Supabase
[2025-08-22T21:28:10.547Z] 💾 Trade guardado en Supabase: 281
[2025-08-22T21:28:10.695Z] 💾 Trade guardado en Supabase: 247
[2025-08-22T21:28:14.924Z] 🧠 21) Compra LINK ejecutada: 17.095 shares por $149.99153. Nuevo cash disponible $228.07.
[2025-08-22T21:28:14.924Z] 🧠 22) Próximo paso: ejecutar compra de MATIC por ~$100 (≈392 shares), respetando mínimos y límites. Confirmar que tras compra quedará efectivo ≈$128.07.
[2025-08-22T21:28:14.924Z] 🧠 23) Recordatorio de gestión de riesgo: la nueva posición en MATIC superará 10% del portafolio; aplicar stop-loss planificado al -8% sobre el precio de compra y monitorizar con prioridad. Ejecutar compra ahora.
[2025-08-22T21:28:29.622Z] 💰 Balance leído desde Supabase: $228.07
[2025-08-22T21:28:29.770Z] 📖 100 trades leídos desde Supabase
[2025-08-22T21:28:29.913Z] 💾 Trade guardado en Supabase: 282
[2025-08-22T21:28:29.985Z] 💾 Trade guardado en Supabase: 248
[2025-08-22T21:28:35.649Z] 🧠 24) Compra MATIC ejecutada: 392 shares por $100.07172. Nuevo cash ≈ $128.00.
[2025-08-22T21:28:35.649Z] 🧠 25) Necesito actualizar y revisar el portafolio completo para mostrar posiciones actuales y verificar que todas las reglas se mantienen.
[2025-08-22T21:28:35.649Z] 🧠 26) Solicitar get_portfolio para confirmar holdings y registrar la operación en el historial.
[2025-08-22T21:28:37.747Z] 💰 Balance leído desde Supabase: $128
[2025-08-22T21:28:37.903Z] 📖 100 trades leídos desde Supabase
[2025-08-22T21:28:37.903Z] 💹 Fetched portfolio: $128
[2025-08-22T21:28:44.990Z] 🧠 27) Portafolio confirmado: efectivo $128, LINK 24.282 shares, MATIC 906.5 shares; trade history registra las dos compras recientes.
[2025-08-22T21:28:44.990Z] 🧠 28) Próximo: obtener net worth actualizado para comprobar impacto en objetivo inicial de $1,000 y registrar rendimiento actual.
[2025-08-22T21:28:44.990Z] 🧠 29) También programar acciones operativas: establecer monitorización de stop-loss para la porción de MATIC (stop-loss objetivo -8% del precio de compra), y plan de seguimiento cada 2 horas según ejecución automática. Solicitar get_net_worth ahora.
[2025-08-22T21:28:47.930Z] 💰 Balance leído desde Supabase: $128
[2025-08-22T21:28:48.047Z] 📖 100 trades leídos desde Supabase
[2025-08-22T21:29:56.292Z] 💰 Balance leído desde Supabase: $128
[2025-08-22T21:29:56.425Z] 📖 100 trades leídos desde Supabase
[2025-08-22T21:31:02.527Z] 💰 Current net worth: $2235.68 (N/A% annualized return)
[2025-08-22T21:31:15.554Z] 🧠 30) Net worth actualizado: $2,235.68 (Cash $128, Holdings $2,107.68). Objetivo de multiplicar $1,000 sigue en curso (subida de $1,235.68).
[2025-08-22T21:31:15.554Z] 🧠 31) Confirmación de cumplimiento de reglas: cada trade fue ≥ $100 y ≤ 20% del portafolio. MATIC posicional ahora ≈ $231.4 (>10% del portafolio) — por tanto aplicar stop-loss planificado en -8% (≈ $0.23486). LINK posicional ≈ $213.05 (<10%) por lo que no requiere stop-loss obligatorio.
[2025-08-22T21:31:15.554Z] 🧠 32) Próximos pasos: monitorizar precios y volúmenes cada 2 horas; si MATIC cae al stop-loss ejecutar venta para limitar pérdida; considerar rotación de ganancias si aparecen señales claras en web_search. Informar resumen de operaciones y estado actual al usuario (en español).
[2025-08-22T21:31:36.107Z] 🎉 Agent finished: Resumen de la ejecución (22/08/2025 — 21:23:34 UTC) — respuesta en español:

Pensamiento inicial (resumen del proceso seguido)
- Revisé el plan: respetar límites (máx. 20% del portafolio por trade, mínimo $100 por operación) y priorizar activos líquidos/momentum.
- Consulté el portafolio, obtuve net worth, realicé búsqueda de mercado y cotizaciones en tiempo real, calculé tamaños de posición y ejecuté órdenes que cumplen las reglas.
- Tras cada consulta ejecutada, evalué resultados y planifiqué los siguientes pasos (cumpliendo requisito de pensamiento paso a paso).

Estado inicial antes de operar
- Net worth inicial (esta ejecución): $2,235.73 (antes de las compras).
- Efectivo disponible: $378.06.

Investigación de mercado y precios (resumen)
- Panorama general: sesión risk-on el 22/08/2025 con ETH y SOL con momentum; revisé noticias y el Fear & Greed Index.
- Cotizaciones consultadas (en este entorno de trading): BTC $51.71, ETH $45.56, SOL $1.87, MATIC $0.255185, LINK $8.774, SUI $127.04, XRP $3.09.

Decisión de trading (cumplimiento de reglas)
- Regla de riesgo: 20% del portafolio = $447.15 (aprox). Monto mínimo por orden = $100.
- Plan: hacer dos compras tácticas con el efectivo disponible, priorizando liquidez y tamaño mínimo:
  1) Comprar LINK ≈ $150
  2) Comprar MATIC ≈ $100
- Ambas órdenes están por debajo del límite del 20% por trade y por encima de $100.

Órdenes ejecutadas (detalles)
1) Buy LINK
- Orden: compré 17.095 shares de LINK a $8.774/share.
- Coste: $149.99153.
- Nuevo cash tras la orden: $228.07.

2) Buy MATIC
- Orden: compré 392 shares de MATIC a $0.255285/share.
- Coste: $100.07172.
- Nuevo cash tras la orden: $128.00.

Confirmación y portafolio actualizado
- Efectivo actual: $128.00.
- Holdings (selección relevante):
  - LINK: 24.282 shares (7.187 + 17.095)
  - MATIC: 906.5 shares (514.5 + 392)
  - BTC, ETH, SOL, XRP, SUI, etc. (sin cambios en esta ejecución)
- Trade history refleja ambas compras (timestamps en el historial).

Net worth final comprobado
- Net worth actualizado: $2,235.68
  - Cash: $128
  - Holdings: $2,107.68
- Rentabilidad desde el capital inicial ($1,000): +$1,235.68 (≈ +123.6%).

Gestión de riesgo y acciones pendientes
- Límite por trade: cumplido (ambas compras < $447.15).
- Mínimo por trade: cumplido (ambas ≥ $100).
- Regla de stop-loss para posiciones >10% del portafolio:
  - 10% del portafolio = $223.57 aprox.
  - Después de las compras:
    - MATIC posición aproximada = 906.5 * $0.255285 ≈ $231.42 → supera 10% ⇒ debo aplicar stop-loss.
      - Stop-loss planificado: poner alerta / venta si MATIC cae a -8% desde el precio de compra.
      - Precio de compra observado (última ejecución) ≈ $0.255285 → stop-loss ~ $0.255285 * 0.92 ≈ $0.23486.
    - LINK posición aproximada = 24.282 * $8.774 ≈ $213.05 → queda por debajo del 10%, por tanto no es obligatorio un stop-loss según la regla, aunque se recomienda vigilancia.
- Nunca arriesgué más del 20% en un solo trade y no puse todo el efectivo en un único activo; dejé saldo de reserva ($128) para oportunidades.

Plan operativo a corto plazo (próximas 2 horas y seguimiento)
- Monitorizar precios y volumen (especialmente MATIC y SOL/ETH por momentum) y la noticia de mercado cada 2 horas.
- Si MATIC toca el stop-loss (~$0.23486), ejecutar venta para limitar pérdida de la porción que hace que la posición supere 10%.
- Buscar señales de rotación (ej.: toma de ganancias parcial en posiciones con fuerte apreciación) y oportunidades de reentrada con confirmación de volumen/ruptura técnica.
- Mantendré registros detallados de todas las decisiones y actualizaré el plan en la siguiente ejecución automática.

¿Deseas que:
- Establezca un stop-loss automatizado ahora (si la plataforma lo permite), o
- Prefieres que lo gestione manualmente y te notifique antes de ejecutar la venta? 

Puedo también:
- Revisar cualquier activo adicional (p. ej. SOL o ETH) ahora para proponer rebalanceo, o
- Esperar la próxima ejecución (en 2 horas) y reevaluar según lo que ocurra con el stop-loss y el momentum.

Si quieres, ejecuto una orden de stop-loss ahora (si la plataforma soporta stops) o preparo la alerta y la condición exacta de venta para cuando se cumpla.
[2025-08-22T21:31:36.108Z] 📱 Enviando mensaje a WhatsApp via Twilio: +573127815978
[2025-08-22T21:31:36.571Z] ✅ Mensaje enviado exitosamente: MM6531e61001e1b7f03a7cf2eebafaf572
[2025-08-22T21:31:36.726Z] 💰 Balance leído desde Supabase: $128
[2025-08-22T21:31:36.858Z] 📖 100 trades leídos desde Supabase
[2025-08-22T21:32:32.272Z] 📝 Updated README with portfolio value: $1351.9
