[2025-09-03T19:22:03.394Z] Starting agent
[2025-09-03T19:22:17.084Z] 🧠 1) Objetivo de esta ejecución: revisar cartera, analizar mercado y ejecutar operaciones que puedan aumentar el capital inicial de $1,000 respetando las reglas (no más del 20% en una operación, mínimo $100 por operación, stop-losses si posición >10% del portafolio, mantener efectivo para oportunidades).
[2025-09-03T19:22:17.084Z] 🧠 2) Primer paso: obtener el estado actual del portafolio para conocer valor neto y efectivo disponible.
[2025-09-03T19:22:17.084Z] 🧠 3) Después de revisar el portafolio, investigar movimientos del mercado y noticias relevantes que puedan presentar oportunidades (buscar criptos con momentum, noticias positivas o rupturas técnicas).
[2025-09-03T19:22:17.084Z] 🧠 4) Obtener precios en tiempo real de los candidatos identificados para calcular tamaños de orden que cumplan reglas (mínimo $100, máximo 20% del portafolio por trade).
[2025-09-03T19:22:17.084Z] 🧠 5) Evaluar riesgo/beneficio y liquidez antes de ejecutar compra/venta.
[2025-09-03T19:22:17.084Z] 🧠 6) Ejecutar una o dos operaciones diversificadas (no todo en una sola cripto) y registrar las decisiones y parámetros (precio, cantidad, valor, stop-loss).
[2025-09-03T19:22:17.084Z] 🧠 7) Monitorear y registrar net worth después de operaciones para tracking.
[2025-09-03T19:22:17.085Z] 🧠 Notas: usar think antes de cada herramienta y tras recibir sus resultados para documentar razonamiento. Responder siempre en español.
[2025-09-03T19:22:19.734Z] 💰 Balance leído desde broker simulator: $1000
[2025-09-03T19:22:20.038Z] 📖 100 trades leídos desde Supabase
[2025-09-03T19:22:20.039Z] 💹 Fetched portfolio: $1000
[2025-09-03T19:22:32.399Z] 🧠 1) Procesar el estado de portafolio recibido: hay $1000 en efectivo y múltiples posiciones (BTC, ETH, SOL, MATIC, LINK, ADA, DOT, etc.). Necesito valorar estas posiciones para conocer el net worth total antes de decidir cuánto arriesgar (máx 20% por trade).
[2025-09-03T19:22:32.399Z] 🧠 2) Siguiente acción: buscar datos de mercado y noticias actuales para identificar oportunidades con momentum. Priorizar precios en tiempo real y volumen de exchanges principales.
[2025-09-03T19:22:32.399Z] 🧠 3) Ejecutar una búsqueda web para identificar los 'top movers' y noticias del 2025-09-03, así como posibles altcoins con impulso.
[2025-09-03T19:22:32.399Z] 🧠 4) Después del web_search, pediré precios en tiempo real de los candidatos (BTC, ETH, SOL, MATIC, LINK, ADA y DOT) para calcular net worth y tamaños de operación.
[2025-09-03T19:22:35.074Z] 🔍 Searching the web for: crypto top movers 24h September 3 2025 news BTC ETH SOL MATIC LINK ADA DOT 2025-09-03 market movers
[2025-09-03T19:22:35.074Z] 🔍 Searching the web for: crypto top movers 24h September 3 2025 news BTC ETH SOL MATIC LINK ADA DOT 2025-09-03 market movers
[2025-09-03T19:24:12.304Z] 🔖 Searched for crypto price for SUI: $3.38
[2025-09-03T19:24:14.378Z] 🔖 Searched for crypto price for DOT: $3.88
[2025-09-03T19:24:15.294Z] 🔖 Searched for crypto price for IMX: $0.523053
[2025-09-03T19:24:15.314Z] 🔖 Searched for crypto price for MATIC: $0.281007
[2025-09-03T19:24:16.080Z] 🔖 Searched for crypto price for ZORA: $0.075859
[2025-09-03T19:24:16.733Z] 🔖 Searched for crypto price for LINK: $23.68
[2025-09-03T19:24:17.333Z] 🔖 Searched for crypto price for ETH: $4465.49
[2025-09-03T19:24:19.291Z] 🔖 Searched for crypto price for BTC: $111943
[2025-09-03T19:24:19.837Z] 🔖 Searched for crypto price for ADA: $0.836979
[2025-09-03T19:24:20.722Z] 🔖 Searched for crypto price for SOL: $209.76
[2025-09-03T19:24:20.852Z] 🔖 Searched for crypto price for XRP: $2.85
[2025-09-03T19:24:24.640Z] 🔖 Searched for crypto price for MNT: $1.12
[2025-09-03T19:25:06.027Z] 🧠 1) Procesar precios recibidos y calcular net worth aproximado: sumar valor de cada posición con los precios actuales, añadir $1000 en efectivo -> net worth ≈ $300,526.
[2025-09-03T19:25:06.027Z] 🧠 2) Riesgo: BTC representa ~90% del portafolio, excede umbral del 10% para stop-loss obligatorio. No hay ordenes de stop-loss disponibles en herramientas, por lo que es prudente reducir exposición vendiendo en bloques <=20% del portafolio por trade.
[2025-09-03T19:25:06.028Z] 🧠 3) Plan de ejecución: vender 20% del portafolio en BTC (≈ $60,100), lo que supone vender ≈0.537 BTC al precio actual ($111,943). Esto generará efectivo para reequilibrar.
[2025-09-03T19:25:06.028Z] 🧠 4) Reinversión con objetivo de crecimiento y diversificación: usar parte del efectivo para comprar activos con momentum detectado (LINK y SOL). Propuesta: comprar $30,000 en LINK y $20,000 en SOL. Mantener reserva en efectivo (~$11k) para oportunidades y gestión de riesgo.
[2025-09-03T19:25:06.028Z] 🧠 5) Verificaciones: cada trade > $100 y cada operación individual no supera 20% del portafolio. Después de la venta, ejecutar compras en dos trades separados y documentar cantidades.
[2025-09-03T19:25:06.028Z] 🧠 6) Siguiente paso: ejecutar la venta de BTC de 0.537 shares.
[2025-09-03T19:25:32.015Z] 🧠 1) La venta falló por un error 400 del broker. Posibles causas: formato de cantidad, límite de mercado, o restricción momentánea. Reintentar con un tamaño de orden ligeramente diferente y con menos decimales (0.53 BTC).
[2025-09-03T19:25:32.015Z] 🧠 2) Mantener la misma estrategia de reequilibrio: vender ~20% del portafolio en BTC pero en un bloque algo menor para evitar rechazo.
[2025-09-03T19:25:32.015Z] 🧠 3) Si la segunda venta falla, considerar vender en dos órdenes más pequeñas (<20% cada una) o consultar balance de disponibilidad.
[2025-09-03T19:25:32.015Z] 🧠 4) Proceder a intentar sell BTC 0.53 shares ahora.
[2025-09-03T19:26:01.284Z] 🧠 1) Dado que la venta de BTC está fallando por error del broker, ajustar plan: usar el efectivo disponible ($1000) para aprovechar momentum identificado sin esperar la venta de BTC.
[2025-09-03T19:26:01.284Z] 🧠 2) Propuesta de compras con capital actual: diversificar comprando LINK y SOL con el efectivo para captar momentum (división sugerida: $700 en LINK, $300 en SOL).
[2025-09-03T19:26:01.284Z] 🧠 3) Calcular cantidades: LINK $700 / $23.68 ≈ 29.576 shares; SOL $300 / $209.76 ≈ 1.430 shares.
[2025-09-03T19:26:01.284Z] 🧠 4) Confirmar que cada orden excede $100 y es <20% del portafolio. Proceder a ejecutar compra de LINK 29.576 shares primero.
[2025-09-03T19:26:18.316Z] 💰 Balance leído desde broker simulator: $1000
[2025-09-03T19:27:12.603Z] 🎉 Agent finished: Resumen rápido (ejecución 2025-09-03 19:22:03):
- He revisado la cartera y escaneado el mercado. Intenté ejecutar operaciones pero las órdenes de compra/venta fallaron por un error del broker (HTTP 400). Más abajo detallo estado, análisis, las operaciones propuestas y los siguientes pasos recomendados.

Estado actual del portafolio (a partir de los precios consultados):
- Efectivo: $1,000
- Holdings (cantidad × precio actual):
  - BTC: 2.417947 @ $111,943 → ≈ $270,672
  - ETH: 2.873942 @ $4,465.49 → ≈ $12,834
  - SOL: 68.93 @ $209.76 → ≈ $14,459
  - LINK: 46.39 @ $23.68 → ≈ $1,098
  - MATIC: 165.84 @ $0.281007 → ≈ $47
  - ADA: 209.38 @ $0.836979 → ≈ $175
  - DOT: 31.01 @ $3.88 → ≈ $120
  - XRP: 22.8 @ $2.85 → ≈ $65
  - ZORA: 460 @ $0.075859 → ≈ $35
  - SUI, MNT, IMX y otras pequeñas posiciones → ≈ $20–$40
- Net worth aproximado: ≈ $300,526 (holdings ≈ $299,526 + $1,000 cash)

Análisis de mercado (resumen de la búsqueda):
- BTC +1.2% (≈ $111,968), ETH +3.9% (≈ $4,467), SOL +3.9% (≈ $209), LINK +5.0% (≈ $23.5), MATIC leve movimiento.
- Momentum favorable en LINK y SOL según datos 24h; ETH también con buena subida.

Problemas de ejecución:
- Intenté: vender BTC (ordenes: 0.537 y 0.53 BTC) y comprar LINK/SOL con el efectivo disponible. Todas las órdenes de buy/sell fueron rechazadas con error del broker (400 Bad Request). No se realizaron cambios en la cartera.

Evaluación de riesgo / cumplimiento de reglas:
- BTC domina el portafolio (~90% del valor). Esto supera el umbral en que se debe establecer un stop-loss (regla: “set stop-losses para posiciones >10% del portafolio”).
- Regla operativa: no arriesgar >20% del portafolio en una sola operación → con net worth ≈ $300k, 20% ≈ $60k por trade.
- Las órdenes propuestas cumplen la regla mínima ($100 por trade).

Estrategia propuesta (si el broker permite ejecutar):
1) Rebalanceo gradual de BTC (prioridad de gestión de riesgo)
   - Objetivo: reducir exposición a BTC hasta un nivel razonable (p. ej. objetivo final ≤10% del portafolio).
   - Procedimiento seguro: vender en bloques, no más del 20% del portafolio por orden (≈ $60k por orden) hasta alcanzar el objetivo. Ejecución multi-sesión si hace falta.
   - Primera orden sugerida (si el broker funciona): vender ≈ $60,100 en BTC → ≈ 0.537 BTC (esto sería 20% del portafolio y cumple la regla). Vender en ese bloque ahora hubiera generado caja para reubicar.

2) Reinversión estratégica (aprovechar momentum)
   - Si se vende ~$60k en BTC, propuesta de asignación inmediata:
     - Comprar LINK $30,000 → ≈ 30,000 / $23.68 ≈ 1,267.4 LINK
     - Comprar SOL  $20,000 → ≈ 20,000 / $209.76 ≈ 95.35 SOL
     - Mantener reserva de efectivo ≈ $10–11k para oportunidades y amortiguar volatilidad
   - Cada compra es <20% del portafolio y >$100 (cumple reglas).
   - Si el broker sigue sin permitir ventas, alternativa conservadora: con el efectivo actual ($1,000) se podía abrir posiciones pequeñas (ej.: $700 LINK ≈ 29.6 LINK y $300 SOL ≈ 1.43 SOL) para diversificar, pero intentos de compra también fallaron por el mismo error.

3) Stop-loss y gestión post-trade
   - Dado que BTC excede el 10%, establecer (o planear establecer) stop-loss para BTC en -10% desde el precio actual: nivel sugerido ≈ $111,943 × 0.90 ≈ $100,750. (Si no hay stop orders disponibles, priorizar ventas programadas.)
   - Para las nuevas posiciones (LINK/SOL) recomendar trailing stop o SL en el rango 12–20% según apetito de riesgo; mínimo exigir SL si la posición pasa a representar >10% del portafolio.

Registro de acciones intentadas (transparencia):
- Llamadas realizadas en este flujo:
  - Consulta del portafolio (éxito)
  - Búsqueda de mercado (éxito)
  - Consultas de precio en tiempo real (éxito para BTC, ETH, SOL, LINK, MATIC, ADA, DOT, XRP, ZORA, SUI, MNT, IMX)
  - Intentos de sell/buy: fallaron por error 400 del broker (no se ejecutó nada)

Siguientes pasos recomendados (acciones que puedo realizar ahora o que propongo que autorices):
1) Intentar reintentar las órdenes (vender 0.537 BTC) ahora mismo o en la próxima ejecución. Si vuelven a fallar, intentar fraccionar en órdenes más pequeñas (por ejemplo, 0.12–0.15 BTC por orden) para sortear restricciones del broker.
2) Contactar/diagnosticar el broker: el error 400 puede ser por formato de orden, límites de API, liquidación bloqueada o mantenimiento. Reintentar con distinto tamaño/precisión o revisar credenciales/permissions.
3) Si prefieres, puedo ejecutar órdenes pequeñas usando el efectivo presente ($1,000) para aprovechar LINK/SOL mientras solucionamos la venta de BTC.
4) Mantener vigilancia: si el broker se reestablece, proceder con el plan de reequilibrio gradual (vender 20% del portafolio en BTC cada ejecución hasta reducir exposición).

Decisión propuesta para esta ejecución:
- Dado el fallo del broker, NO ejecutar más intentos automáticos sin confirmar la causa; en su lugar reintentar la venta en la próxima ejecución (o ahora si me autorizas) y, si vuelve a fallar, partir la venta en ordens más pequeñas o comunicar al soporte del broker.
- Puedo reintentar ahora mismo si me autorizas a intentar: (a) vender 0.537 BTC, y si falla, (b) intentar vender 0.13 BTC 4 veces, o (c) intentar comprar LINK $700 y SOL $300 con el efectivo actual. Indica tu preferencia.

Resumen ejecutivo y recomendaciones inmediatas:
- Net worth ≈ $300.5k. Riesgo principal: exceso de BTC (~90%); es prioritario reducir exposición o fijar stop-losses.
- Oportunidad con momentum: LINK y SOL (recomendación de compra una vez que la venta de BTC libere efectivo).
- Actualmente no se realizaron operaciones por errores del broker: necesito tu confirmación para reintentar y/o para cambiar la táctica (vender fraccionadamente / comprar con efectivo disponible).

¿Deseas que reintente ahora:
A) Vender 0.537 BTC (una orden),
B) Vender en 4 órdenes de 0.13 BTC si la primera falla,
C) Comprar con el efectivo actual ($700 LINK / $300 SOL),
D) No ejecutar y esperar a la próxima corrida mientras investigo el error del broker?

Responde con la letra de la opción que prefieres (A/B/C/D) o dame instrucciones específicas.
[2025-09-03T19:27:12.603Z] 📱 Enviando mensaje a WhatsApp via Twilio: +573127815978
[2025-09-03T19:27:12.918Z] ❌ Error en sendWhatsAppMessage: Error: Twilio could not find a Channel with the specified From address
[2025-09-03T19:27:13.765Z] 💰 Balance leído desde broker simulator: $1000
[2025-09-03T19:27:14.002Z] 📖 100 trades leídos desde Supabase
[2025-09-03T19:29:33.767Z] 📝 Updated README with portfolio value: $300549.53
