[2025-08-06T11:24:54.903Z] Starting agent
[2025-08-06T11:25:00.995Z] 🧠 Han pasado casi dos días desde el último análisis. La última estrategia fue mantener posiciones en espera de mayor extensión del rally, sin señales técnicas o fundamentales para vender.
[2025-08-06T11:25:00.995Z] 🧠 Lo primero es revisar el status actual del portafolio, niveles de precios y PnL por activo.
[2025-08-06T11:25:00.995Z] 🧠 Necesito comparar los niveles actuales de BTC, ETH y SOL respecto a precios de compra y evolución desde la última revisión para detectar movimientos anómalos, rupturas de resistencias, o sobrecompras.
[2025-08-06T11:25:00.995Z] 🧠 Posteriormente consultaré noticias y análisis recientes (últimas 24-48h) para confirmar si la tendencia alcista se sostiene, hay eventos catalizadores (positivo: institucionalidad, ETF; negativo: volatilidad fuerte, ciberataques, anuncios regulatorios).
[2025-08-06T11:25:00.995Z] 🧠 Si algún activo muestra una subida relevante sostenida cercana a una resistencia importante o detecto señales de agotamiento/sobrecompra, consideraré toma parcial de ganancias para consolidar rendimiento y generar efectivo.
[2025-08-06T11:25:00.995Z] 🧠 Si el mercado sigue alcista pero sin señal de saturación o cambio de tendencia, la mejor opción es continuar 'holdeando' y monitorear para capturar un movimiento más pronunciado.
[2025-08-06T11:25:02.709Z] 💰 Balance leído desde Supabase: $82.12
[2025-08-06T11:25:02.808Z] 📖 7 trades leídos desde Supabase
[2025-08-06T11:25:02.808Z] 💹 Fetched portfolio: $82.12
[2025-08-06T11:25:07.663Z] 🧠 La última operación relevante fue la venta de 0.5 SOL a $164.17 (ayer), que generó $82.08 de liquidez en efectivo.
[2025-08-06T11:25:07.664Z] 🧠 Portafolio actual: 0.8119 SOL, 0.004008 BTC, 0.0807 ETH y $82.12 en cash.
[2025-08-06T11:25:07.664Z] 🧠 El rebalanceo redujo exposición a SOL, probablemente en reacción a menor momentum relativo o toma de ganancias/parar pérdidas en fase lateral.
[2025-08-06T11:25:07.664Z] 🧠 La nueva estrategia es usar el efectivo para aprovechar oportunidades si alguna cripto muestra señal técnica de entrada por su fortaleza relativa o potencial rebote.
[2025-08-06T11:25:07.664Z] 🧠 Siguiente paso crucial: revisar los precios actuales (BTC, ETH, SOL) y tendencia de las últimas 24h a 48h.
[2025-08-06T11:25:07.664Z] 🧠 También es prioritario buscar noticias/análisis recientes para detectar señales de entrada: ¿Bitcoin mantiene su tendencia ante ETF e institucional, ETH prolonga rally tras Pectra, SOL reacciona a rumores de ETF?
[2025-08-06T11:25:07.664Z] 🧠 Si encuentro cripto con claridad de momentum y la liquidez lo permite (> $100 valor mínimo por trade), planificar una compra aprovechando la corrección previa y el potencial de continuación alcista.
[2025-08-06T11:25:12.844Z] 🔖 Searched for crypto price for ETH: $3622.81
[2025-08-06T11:25:13.010Z] 🔖 Searched for crypto price for BTC: $114190
[2025-08-06T11:25:13.305Z] 🔖 Searched for crypto price for SOL: $164.24
[2025-08-06T11:25:19.482Z] 🧠 Precios actuales: BTC $114,190, ETH $3,622.81, SOL $164.24.
[2025-08-06T11:25:19.482Z] 🧠 Comparo con precios de compra: BTC (0.002583 a $116,158 y 0.001425 a $113,311, prom. cercano a $114,785); ETH 0.0807 a $3,719; SOL (0.8119 actuales, compras y ventas entre $161-173).
[2025-08-06T11:25:19.482Z] 🧠 BTC está cerca del precio promedio de compra (leve pérdidas/estable), ETH aún ligeramente bajo respecto al precio de entrada, y SOL estable tras rebote pero con desempeño más lateral.
[2025-08-06T11:25:19.482Z] 🧠 Paso siguiente: revisar noticias/tendencias recientes para confirmar si alguna cripto está próxima a romper al alza o si una corrección mayor hace conveniente esperar con liquidez.
[2025-08-06T11:25:19.482Z] 🧠 Con $82.12 en cash, hay posibilidad de comprar más SOL o ETH si mostrasen fuerza, pero está justo por debajo del umbral mínimo de $100 por trade. Para operar, necesitaría vender parte de una posición, o esperar acumulación de más cash a través de próximos movimientos de portafolio.
[2025-08-06T11:25:19.482Z] 🧠 Si surge impulso claro en ETH o BTC, evaluaré vender pequeña fracción de SOL para ampliar participación, si no, priorizaré prudencia con liquidez en mercado lateral/lentamente alcista.
[2025-08-06T11:25:31.694Z] 🔍 Searching the web for: noticias BTC ETH SOL agosto 2025 tendencia momentum institucional ETF
[2025-08-06T11:25:54.990Z] 🧠 Las noticias recientes mantienen una narrativa claramente alcista: BTC marcó máximo histórico a $123,120 por impulso de ETFs y fondos institucionales; ETH también sólidos récords de entrada (incluso con ligero retroceso de niveles máximos) y SOL mantiene fuerza en DeFi y rumor de ETF.
[2025-08-06T11:25:54.990Z] 🧠 A pesar de la ligera corrección desde el máximo reciente, el contexto sigue siendo favorable a mediano plazo y justifica mantener exposición, especialmente a BTC y ETH.
[2025-08-06T11:25:54.990Z] 🧠 SOL está lateral con soporte fuerte, lo cual modera su potencial inmediato pero lo mantiene en el radar como activo de especulación para nuevos rebotes.
[2025-08-06T11:25:54.990Z] 🧠 El cash disponible ($82.12) es insuficiente para una nueva compra de cualquier cripto, ya que el mínimo operativo es $100 por trade. La venta de alguna fracción de activos sería la única forma de recuperar efectivo adicional, pero ninguno marca una señal clara de sobrecompra o agotamiento en este instante.
[2025-08-06T11:25:54.990Z] 🧠 La estrategia óptima es mantener posiciones y esperar a que la liquidez suba por revalorización de activos, o bien esperar otra corrección mayor para entrar en mejores precios.
[2025-08-06T11:25:54.990Z] 🧠 En este contexto no hay urgencia de actuar ni motivo de urgencia para rotar posiciones. Vigilancia y disciplina siguen siendo clave para captar movimientos fuertes del mercado.
[2025-08-06T11:26:05.778Z] 🎉 Agent finished: Resumen del análisis y decisión para esta sesión:

1. El portafolio tras el último rebalanceo es: 0.8119 SOL, 0.004008 BTC, 0.0807 ETH y $82.12 en cash (sin posibilidad de operar, ya que está por debajo del mínimo $100 por transacción).
2. Las noticias recientes sostienen el momento alcista: BTC y ETH impulsados por ETFs, máximos históricos y fuerte atractivo institucional; SOL estable, respaldada por rumores de ETF y auge DeFi.
3. No existen señales técnicas ni fundamentales para realizar venta parcial de ninguna posición: ni sobrecompra ni señales de cambio brusco de tendencia.
4. Ante la imposibilidad de operar (cash < $100), la táctica correcta es mantener posiciones y esperar acumulación de más efectivo o un cambio abrupto que justifique rotación o venta parcial.
5. La disciplina y la vigilancia siguen siendo esenciales en este entorno de consolidación (retener fuerza en tendencia alcista, sin sobreoperar ni adelantar movimientos).

Sigo “holdeando” las posiciones, listo para actuar cuando el efectivo supere el umbral o ante una señal clara del mercado. Mantendré el monitoreo activo para capturar cualquier oportunidad relevante.
[2025-08-06T11:26:05.778Z] 📱 Enviando mensaje a WhatsApp via Twilio: +573127815978
[2025-08-06T11:26:06.165Z] ✅ Mensaje enviado exitosamente: MMcbce2c13ce0ba1dea2b3bdd76f713239
[2025-08-06T11:26:06.332Z] 💰 Balance leído desde Supabase: $82.12
[2025-08-06T11:26:06.474Z] 📖 7 trades leídos desde Supabase
[2025-08-06T11:26:14.507Z] 📝 Updated README with portfolio value: $965.34
