[2025-09-04T15:22:27.125Z] Starting agent
[2025-09-04T15:22:37.245Z] 🧠 1) Objetivo: multiplicar los $1,000 iniciales siguiendo las reglas (no arriesgar >20% por trade, stop-loss para posiciones >10% del portafolio, trades >$100, mantener liquidez).
[2025-09-04T15:22:37.245Z] 🧠 2) Paso inicial: revisar el portafolio actual para conocer net worth, balance de efectivo, posiciones y historial de operaciones.
[2025-09-04T15:22:37.245Z] 🧠 3) Después de revisar, analizar mercado: buscar criptos líquidos (BTC, ETH, SOL, MATIC, ADA, etc.) con momentum/volumen/Noticias positivas.
[2025-09-04T15:22:37.245Z] 🧠 4) Usar precios en tiempo real y volumen para identificar oportunidades; priorizar exchanges principales.
[2025-09-04T15:22:37.245Z] 🧠 5) Evaluar riesgo por cada oportunidad (máximo 20% del portafolio por trade).
[2025-09-04T15:22:37.245Z] 🧠 6) Decidir compra/venta con tamaño de posición que respete reglas; calcular comisiones ~0.1%-0.25% y mantener stops.
[2025-09-04T15:22:37.246Z] 🧠 7) Registrar cada acción y volver a evaluar tras ejecución.
[2025-09-04T15:22:37.246Z] 🧠 8) Ahora procederé a consultar el portafolio con get_portfolio.
[2025-09-04T15:22:41.069Z] 💰 Balance leído desde broker simulator: $1000
[2025-09-04T15:22:41.296Z] 📖 100 trades leídos desde Supabase
[2025-09-04T15:22:41.296Z] 💹 Fetched portfolio: $1000
[2025-09-04T15:22:53.201Z] 🧠 9) Procesar resultado de get_portfolio: efectivo disponible $1000; múltiples posiciones existentes (BTC, ETH, SOL, MATIC, ADA, etc.). Necesito conocer net worth total antes de decidir tamaños de trade.
[2025-09-04T15:22:53.201Z] 🧠 10) Siguiente acción: obtener net worth total (get_net_worth) para calcular porcentaje máximo por trade (20%) y stop-loss niveles (10%).
[2025-09-04T15:22:53.202Z] 🧠 11) También planearé obtener precios en tiempo real para BTC, ETH, SOL, MATIC y LINK para evaluar oportunidades y liquidez.
[2025-09-04T15:22:53.202Z] 🧠 12) Ejecutaré get_net_worth ahora.
[2025-09-04T15:22:56.555Z] 💰 Balance leído desde broker simulator: $1000
[2025-09-04T15:22:56.676Z] 📖 100 trades leídos desde Supabase
[2025-09-04T15:26:41.144Z] 💰 Balance leído desde broker simulator: $1000
[2025-09-04T15:26:41.315Z] 📖 100 trades leídos desde Supabase
[2025-09-04T15:29:36.684Z] 💰 Current net worth: $293484.6 (39,106,218,263,386,060,000,000,000,000,000,000,000,000,000,000,000,000,000,000,000,000,000,000,000,000,000,000,000,000,000.00% annualized return)
[2025-09-04T15:29:56.608Z] 🔖 Searched for crypto price for ETH: $4309.39
[2025-09-04T15:29:58.452Z] 🔖 Searched for crypto price for SOL: $204.01
[2025-09-04T15:29:59.162Z] 🔖 Searched for crypto price for ADA: $0.806737
[2025-09-04T15:29:59.629Z] 🔖 Searched for crypto price for DOT: $3.75
[2025-09-04T15:29:59.943Z] 🔖 Searched for crypto price for MATIC: $0.279881
[2025-09-04T15:30:00.915Z] 🔖 Searched for crypto price for LINK: $22.64
[2025-09-04T15:30:01.838Z] 🔖 Searched for crypto price for BTC: $109456
[2025-09-04T15:30:34.605Z] 🧠 13) Con precios y net worth, evaluar uso del efectivo: mantener reserva y abrir nuevas posiciones con parte del $1000 respetando diversificación (no invertir todo en una sola moneda).
[2025-09-04T15:30:34.605Z] 🧠 14) Buscar noticias y top movers para confirmar momentum antes de ejecutar compras: realizar web_search para 'crypto top gainers 24h 9/4/2025' y revisar noticias sobre SOL, MATIC y BTC.
[2025-09-04T15:30:34.605Z] 🧠 15) Objetivo: identificar un alt líquido con impulso y volumen donde desplegar $700/$300 split (o similar) sin exceder reglas. Ahora ejecutaré web_search.
[2025-09-04T15:30:37.740Z] 🔍 Searching the web for: crypto top gainers 24h 9/4/2025 SOL MATIC BTC news 9/4/2025 market movers
[2025-09-04T15:30:37.740Z] 🔍 Searching the web for: crypto top gainers 24h 9/4/2025 SOL MATIC BTC news 9/4/2025 market movers
[2025-09-04T15:32:05.048Z] 🧠 16) Procesar web_search: SOL tiene momentum, BTC con flujos institucionales; importante: Polygon migró a POL (MATIC→POL) lo que implica que invertir en POL puede ser relevante.
[2025-09-04T15:32:05.048Z] 🧠 17) Plan propuesto: diversificar caja de $1000 en dos posiciones: $700 en POL (aprovechar migración) y $300 en ETH (ETF soporte). Ambos cumplen trade >$100 y no violan riesgo (cada trade <<20% del portafolio).
[2025-09-04T15:32:05.048Z] 🧠 18) Antes de ejecutar compra de POL, verificar precio y liquidez de POL con get_crypto_price. Luego ejecutar compras fraccionadas (comprar POL $700; ETH $300). Calcular cantidades y considerar comisiones (~0.1%-0.25%).
[2025-09-04T15:32:05.049Z] 🧠 19) Ejecutaré get_crypto_price para POL ahora.
[2025-09-04T15:32:29.476Z] 🔖 Searched for crypto price for POL: $0.2806
[2025-09-04T15:32:56.963Z] 💰 Balance leído desde broker simulator: $1000
[2025-09-04T15:33:22.160Z] 💰 Balance leído desde broker simulator: $1000
[2025-09-04T15:33:36.185Z] 🧠 20) Las órdenes buy devolvieron 400 Bad Request; posible causa: ticker POL no soportado por broker o formato de shares no aceptado.
[2025-09-04T15:33:36.185Z] 🧠 21) Antes de reintentar, verificar estado del portafolio (efectivo aún disponible) con get_portfolio para confirmar que no se ejecutó ninguna orden y cuánto efectivo tengo.
[2025-09-04T15:33:36.185Z] 🧠 22) Luego intentar compra alternativa: usar un ticker soportado (p. ej. 'MATIC' o 'ETH') y cantidades ligeramente ajustadas; ejecutar órdenes por separado para aislar errores.
[2025-09-04T15:33:36.185Z] 🧠 23) Ejecutaré get_portfolio ahora.
[2025-09-04T15:33:39.465Z] 💰 Balance leído desde broker simulator: $1000
[2025-09-04T15:33:39.724Z] 📖 100 trades leídos desde Supabase
[2025-09-04T15:33:39.724Z] 💹 Fetched portfolio: $1000
[2025-09-04T15:33:48.994Z] 🧠 24) Dado que las órdenes previas fallaron, intentar una compra más pequeña y con un ticker seguro y líquido (MATIC) para aislar el error. Invertir $500 en MATIC (mantener $500 en efectivo) — cumple regla >$100 y diversificación del efectivo.
[2025-09-04T15:33:48.994Z] 🧠 25) Calcular cantidad aproximada: shares_MATIC = 500 / 0.279881 ≈ 1786 shares.
[2025-09-04T15:33:48.994Z] 🧠 26) Ejecutar buy MATIC 1786 shares ahora y evaluar respuesta.
[2025-09-04T15:34:08.723Z] 💰 Balance leído desde broker simulator: $1000
[2025-09-04T15:34:40.229Z] 🎉 Agent finished: Resumen rápido (hora 2025-09-04 15:22:27):

- Valor neto total: $293,484.60
  - Efectivo disponible: $1,000
  - Valor de posiciones: $292,484.60
- Posiciones principales (cantidades) y precios actuales consultados:
  - BTC 2.417947 — precio BTC ≈ $109,456 (valor ≈ $264,660)
  - ETH 2.873942 — precio ETH ≈ $4,309.39 (valor ≈ $12,385)
  - SOL 68.93 — precio SOL ≈ $204.01 (valor ≈ $14,062)
  - MATIC 165.84 — precio MATIC ≈ $0.279881 (valor ≈ $46)
  - LINK 46.39 — precio LINK ≈ $22.64 (valor ≈ $1,050)
  - ADA 209.38 — precio ADA ≈ $0.806737 (valor ≈ $169)
  - DOT 31.01 — precio DOT ≈ $3.75 (valor ≈ $116)
  - (Otros activos pequeños: XRP, ZORA, SUI, MNT)

Análisis de mercado (resumen de búsqueda):
- Bitcoin con flujos positivos e interés institucional; cotizando ~ $110k.
- SOL mostró actividad y flujos asociados (cotiza en la zona de los $200s).
- Nota relevante: Polygon migró de MATIC a POL (implicaciones técnicos/operativas para holders).
- No encontré un claro catalizador extremo para mover una gran parte del portafolio ahora; sin embargo hay oportunidades en altcoins líquidos con momentum.

Reglas y límites aplicados automáticamente:
- No arriesgar más del 20% del portafolio en una sola operación (20% ≈ $58,697 — límite amplio dado el net worth).
- No ejecutar operaciones por debajo de $100 (cumplido).
- Mantener diversificación (no poner todo el efectivo en un solo activo).
- Stop-loss requerido para posiciones que excedan 10% del portafolio: BTC excede 10% — recomiendo stop/gestión (ver más abajo).
- Tener en cuenta comisiones (estimadas 0.1–0.25%).

Acciones planeadas y ejecución tentativa:
- Plan inicial (antes de ejecutar): diversificar parte del efectivo disponible ($1,000) en dos compras:
  - Aproximadamente $630–$700 en POL (aprovechando migración MATIC→POL).
  - Aproximadamente $270–$300 en ETH (apoyo institucional / ETFs).
  - Mantener $100 en efectivo como reserva de oportunidad.
- Cálculo de cantidades sugeridas (a modo informativo):
  - POL @ $0.2806 → $630 ≈ 2,245 POL
  - ETH @ $4,309.39 → $270 ≈ 0.0627 ETH
- Estas órdenes respetan el umbral mínimo >$100 y no violan “no arriesgar >20%”.

Intentos de ejecución y estado:
- Intenté ejecutar órdenes de compra (POL y ETH) y luego una orden de prueba en MATIC.
- Todas las órdenes buy devolvieron un error del broker: 400 Bad Request — por tanto NO se realizaron compras. Efectivo sigue siendo $1,000.
- Motivo probable: ticker POL podría no estar soportado por la API del broker o la API de trading presenta un fallo temporal. También intenté comprar MATIC y ETH y recibí el mismo error, por lo que parece un error general en el endpoint de compra.

Decisiones y acciones a seguir ahora (concretas):
1. No ejecutar más órdenes hasta que el endpoint de trading vuelva a funcionar / validar con la plataforma. Evitamos órdenes fallidas/duplicadas.
2. Recomendación inmediata de gestión de riesgo sobre BTC:
   - BTC representa la mayor parte del portafolio (> 80% del valor de holdings). La regla exige stop-losses para posiciones >10% del portafolio. Propongo colocar un stop-loss/trailing stop manual para BTC en -10% desde el precio actual (≈ nivel ~$98,510) o reducir exposición parcialmente si prefieres menor riesgo (por ejemplo vender 5–10% de la posición BTC para aumentar liquidez y diversificar). NOTA: no puedo colocar stops vía la API porque las órdenes buy fallaron; planifica hacerlo manualmente en tu exchange si estás de acuerdo.
3. Cuando la API/broker permita operar:
   - Prioridad A: ejecutar las compras planeadas (POL ~$630, ETH ~$270) y dejar ~$100 en cash.
   - Alternativa más conservadora: invertir solo $600 (por ejemplo $420 POL + $180 ETH) y mantener $400 como reserva.
4. Si deseas, al siguiente ciclo (cada 2 horas) reintento automático:
   - Reintentaré las compras propuestas.
   - Si el error persiste, probaré con órdenes más pequeñas o con tickers alternativos (MATIC, LINK, ADA) y reportaré inmediatamente.
5. Registro y transparencia:
   - He registrado cada paso: consultas de precios, análisis y errores de ejecución. Mantendré el historial actualizado.

Riesgos a considerar:
- Mayor concentración en BTC → riesgo de caída fuerte por corrección de mercado o noticias regulatorias.
- POL (o MATIC/POL) implica riesgo técnico respecto a migración y liquidez.
- Error de broker impide ejecución; riesgo operacional hasta que se solucione.

¿Qué quieres que haga ahora?
- Opciones rápidas (elige una):
  1) Reintentar las compras ahora (volver a intentar POL + ETH) — yo lo intento, pero puede fallar otra vez por el error 400.
  2) Cambiar estrategia: vender una fracción de BTC ahora para aumentar liquidez y luego distribuir en altcoins (si autorizas, puedo calcular cuánto vender para alcanzar una distribución objetivo).
  3) Mantener posición actual y solo monitorizar; reintentar compras en el siguiente ciclo (cada 2 horas).
  4) Configurar y sugerir niveles de stop-loss/objetivos de toma de beneficios para BTC/SOL/ETH que tú colocarás manualmente en el exchange.

Indica la opción que prefieres (o otra instrucción). Actuaré en consecuencia y volveré a reportar — todo en español.
[2025-09-04T15:34:40.229Z] 📱 Enviando mensaje a WhatsApp via Twilio: +573127815978
[2025-09-04T15:34:40.549Z] ❌ Error en sendWhatsAppMessage: Error: Twilio could not find a Channel with the specified From address
[2025-09-04T15:34:41.199Z] 💰 Balance leído desde broker simulator: $1000
[2025-09-04T15:34:41.292Z] 📖 100 trades leídos desde Supabase
[2025-09-04T15:37:23.398Z] 📝 Updated README with portfolio value: $293576.96
