[2025-08-11T19:23:51.632Z] Starting agent
[2025-08-11T19:23:59.328Z] 🧠 Paso 1: Planear el enfoque de esta ejecución: revisar el portafolio, evaluar efectivo disponible, y limitar riesgo a 20% por operación y stop-losss si la posición >10% del portafolio.
[2025-08-11T19:23:59.328Z] 🧠 Paso 2: Obtener el estado actual del portafolio (valor neto, efectivo, holdings, historial) para decidir cuánto podemos arriesgar.
[2025-08-11T19:23:59.329Z] 🧠 Paso 3: Tras revisar el portafolio, buscar noticias/precios de mercado y movimientos de volumen en BTC/ETH y altcoins líquidos (SOL, MATIC, ADA, AVAX, DOT) para identificar oportunidades de momentum o breakout.
[2025-08-11T19:23:59.329Z] 🧠 Paso 4: Evaluar riesgo/beneficio de posibles compras: no gastar más del 20% en una sola operación y no ejecutar órdenes por menos de $100.
[2025-08-11T19:23:59.329Z] 🧠 Paso 5: Ejecutar órdenes de compra/venta racionales si se encuentran oportunidades que cumplan reglas, y registrar stop-loss y objetivo de salida.
[2025-08-11T19:23:59.329Z] 🧠 Paso 6: Monitorear impacto en valor neto y preparar planes para la próxima ejecución (cada 2 horas).
[2025-08-11T19:24:01.760Z] 💰 Balance leído desde Supabase: $13.26
[2025-08-11T19:24:01.905Z] 📖 30 trades leídos desde Supabase
[2025-08-11T19:24:01.905Z] 💹 Fetched portfolio: $13.26
[2025-08-11T19:24:10.121Z] 🧠 Paso 1: Procesar el portafolio recibido: efectivo $13.26 y posiciones en BTC, ETH, SOL, XRP, MATIC, LINK, SUI, ZORA.
[2025-08-11T19:24:10.121Z] 🧠 Paso 2: Necesito precios actuales de cada activo para calcular el valor neto; pediré precios en paralelo para BTC, ETH, SOL, MATIC, XRP, LINK, SUI y ZORA.
[2025-08-11T19:24:10.122Z] 🧠 Paso 3: Con el valor neto calculado determinaré el 20% máximo a arriesgar por operación y la regla de stop-loss (si una posición excede 10% del portafolio).
[2025-08-11T19:24:10.122Z] 🧠 Paso 4: Tras obtener precios, haré búsqueda de mercado (noticias/momentum) para identificar oportunidades de compra/venta en activos líquidos.
[2025-08-11T19:24:10.122Z] 🧠 Paso 5: Planificar posibles órdenes que cumplan reglas (mínimo $100 por operación y no más de 20% del portafolio).
[2025-08-11T19:24:17.088Z] 🔖 Searched for crypto price for LINK: $21.56
[2025-08-11T19:24:20.180Z] 🔖 Searched for crypto price for ETH: $4300.73
[2025-08-11T19:24:20.340Z] 🔖 Searched for crypto price for ZORA: $0.133747
[2025-08-11T19:24:20.400Z] 🔖 Searched for crypto price for SUI: $3.71
[2025-08-11T19:24:21.164Z] 🔖 Searched for crypto price for XRP: $3.19
[2025-08-11T19:24:21.390Z] 🔖 Searched for crypto price for BTC: $119579
[2025-08-11T19:24:21.565Z] 🔖 Searched for crypto price for SOL: $177.56
[2025-08-11T19:24:33.842Z] 🔖 Searched for crypto price for MATIC: $0.241525
[2025-08-11T19:24:49.939Z] 🧠 Paso 1: Calcular valor neto aproximado con los precios obtenidos: neto ≈ $1,401.54 (incluye efectivo $13.26).
[2025-08-11T19:24:49.939Z] 🧠 Paso 2: Determinar límites de riesgo: 20% = $280.31 por operación; 10% = $140.15 para aplicar stop-losses a posiciones que excedan ese valor.
[2025-08-11T19:24:49.939Z] 🧠 Paso 3: Identificar posiciones >10% del portafolio: ETH (~$479), MATIC (~$272), BTC (~$210), SOL (~$144) -> todas requieren stop-loss establecidos/monitoreo.
[2025-08-11T19:24:49.939Z] 🧠 Paso 4: Con efectivo insuficiente ($13.26) no podemos abrir nuevas posiciones (mínimo $100); la única acción posible ahora es vender parcial de alguna posición para reequilibrar y reservar efectivo para oportunidades.
[2025-08-11T19:24:49.939Z] 🧠 Paso 5: Antes de decidir qué vender, buscar noticias/momentum del mercado (BTC/ETH y MATIC/SOL) para priorizar ventas de activos con peor perspectiva o realizar toma de ganancias en los que hayan subido mucho.
[2025-08-11T19:24:49.940Z] 🧠 Paso 6: Ejecutar una búsqueda rápida de noticias y movers de top cryptos (usar web_search).
[2025-08-11T19:24:51.960Z] 🔍 Searching the web for: crypto market news August 11 2025 BTC ETH SOL MATIC top movers August 11 2025 crypto news 'Aug 11 2025' 'Bitcoin' 'Ethereum' 'Solana' 'Polygon' 'MATIC' 'market' 'volume' 'price' 'breaking'
[2025-08-11T19:25:15.234Z] 🧠 Paso 1: Procesar resultados de la búsqueda: mercado ligeramente alcista general; ZORA tuvo un fuerte alza (poseemos ZORA), BTC/ETH subiendo moderadamente, SOL en retroceso leve.
[2025-08-11T19:25:15.234Z] 🧠 Paso 2: Dado efectivo muy bajo ($13.26) y regla de mínimo $100 por operación, debemos vender parte de una posición grande para reservar capital y reducir exposiciones >10%.
[2025-08-11T19:25:15.234Z] 🧠 Paso 3: Elegir vender ETH por liquidez y tamaño de posición: vender hasta el máximo permitido por el riesgo (20% del portafolio ≈ $280.31) para no exceder la regla de 20% por operación.
[2025-08-11T19:25:15.234Z] 🧠 Paso 4: Calcular cantidad de ETH a vender: shares_a_vender = 280 / precio_ETH(=4300.73) ≈ 0.065116 ETH. Esto es menor que la tenencia (0.1114), por lo que es válido.
[2025-08-11T19:25:15.234Z] 🧠 Paso 5: Plan de seguimiento: después de la venta, recalcular neto y revisar si con el efectivo obtenido podemos abrir nuevas posiciones >$100 o continuar reequilibrando en próximas ejecuciones; mantener vigilancia y establecer alertas/planes de stop-loss para ETH, MATIC, BTC y SOL. Ahora ejecutar la orden de venta parcial de ETH por ≈$280.
[2025-08-11T19:25:17.394Z] 💰 Balance leído desde Supabase: $13.26
[2025-08-11T19:25:17.481Z] 📖 30 trades leídos desde Supabase
[2025-08-11T19:25:23.498Z] 💾 Trade guardado en Supabase: 96
[2025-08-11T19:25:23.600Z] 💾 Trade guardado en Supabase: 62
[2025-08-11T19:25:30.689Z] 🧠 Paso 1: Procesar resultado de la venta: vendimos 0.065116 ETH por $280.15898536; efectivo ahora $293.42.
[2025-08-11T19:25:30.690Z] 🧠 Paso 2: Actualizar holdings en mente: ETH restante ≈ 0.1114 - 0.065116 = 0.046284 ETH.
[2025-08-11T19:25:30.690Z] 🧠 Paso 3: Próximo paso: recuperar el estado completo del portafolio actualizado (get_portfolio) para validar efectivo y holdings y luego buscar oportunidades de compra (> $100).
[2025-08-11T19:25:30.690Z] 🧠 Paso 4: Mantener plan de stop-loss/monitoreo para posiciones que exceden 10% del nuevo portafolio y evaluar alternativas de compra con los $293.42 disponibles.
[2025-08-11T19:25:33.027Z] 💰 Balance leído desde Supabase: $293.42
[2025-08-11T19:25:33.100Z] 📖 31 trades leídos desde Supabase
[2025-08-11T19:25:33.100Z] 💹 Fetched portfolio: $293.42
[2025-08-11T19:25:51.840Z] 🧠 Paso 1: Procesar el portafolio actualizado: efectivo $293.42, neto total ≈ $1,401.73; 20% máximo por operación ≈ $280.35.
[2025-08-11T19:25:51.840Z] 🧠 Paso 2: Objetivo: usar parte del efectivo para abrir/ajustar posición en un activo líquido sin exceder 20% y respetando el mínimo de $100 por operación.
[2025-08-11T19:25:51.840Z] 🧠 Paso 3: Decisión: comprar BTC por $280 (dentro del límite $280.35) para diversificar y aprovechar movimiento alcista en BTC; cantidad a comprar ≈ 280 / 119,579 ≈ 0.0023418 BTC.
[2025-08-11T19:25:51.841Z] 🧠 Paso 4: Ejecutar la orden de compra por 0.0023418 BTC; después recalcular posición y dejar efectivo restante para oportunidades futuras.
[2025-08-11T19:25:51.841Z] 🧠 Paso 5: Plan de seguimiento: establecer vigilancia/stop-loss para posiciones que todavía exceden 10% del portafolio y revisar en la próxima ejecución (cada 2 horas).
[2025-08-11T19:25:56.962Z] 💰 Balance leído desde Supabase: $293.42
[2025-08-11T19:25:57.051Z] 📖 31 trades leídos desde Supabase
[2025-08-11T19:25:57.136Z] 💾 Trade guardado en Supabase: 97
[2025-08-11T19:25:57.208Z] 💾 Trade guardado en Supabase: 63
[2025-08-11T19:26:01.070Z] 🧠 Paso 1: Procesar resultado de la compra: compramos 0.0023418 BTC por $280.0511784; efectivo ahora $13.37.
[2025-08-11T19:26:01.070Z] 🧠 Paso 2: Próximo paso: obtener portafolio actualizado para recalcular neto y confirmar posiciones y efectivo.
[2025-08-11T19:26:01.070Z] 🧠 Paso 3: Evaluar que tras la compra el efectivo quedará bajo mínimo para nuevas operaciones; planificar reequilibrio y establecer stop-losses/monitoreo especialmente para ETH, MATIC, SOL que siguen siendo >10% o cercanas.
[2025-08-11T19:26:01.070Z] 🧠 Paso 4: Pedir get_portfolio para registro y cierre de esta ejecución.
[2025-08-11T19:26:02.862Z] 💰 Balance leído desde Supabase: $13.37
[2025-08-11T19:26:02.935Z] 📖 32 trades leídos desde Supabase
[2025-08-11T19:26:02.935Z] 💹 Fetched portfolio: $13.37
[2025-08-11T19:26:08.556Z] 🧠 Paso 1: Procesar el portafolio final tras las operaciones: efectivo $13.37; BTC 0.0040988; ETH 0.046284; MATIC 1125; SOL 0.8119; LINK 6; XRP 22.8; ZORA 460; SUI 5.26.
[2025-08-11T19:26:08.556Z] 🧠 Paso 2: Calcular estado aproximado y cumplimiento de reglas: neto ≈ $1,401.7; operaciones realizadas dentro de límites (no excedimos 20% por operación; ventas/compras > $100).
[2025-08-11T19:26:08.556Z] 🧠 Paso 3: Resumen de acciones: vendimos 0.065116 ETH por $280.16; compramos 0.0023418 BTC por $280.05; efectivo remanente $13.37.
[2025-08-11T19:26:08.556Z] 🧠 Paso 4: Plan a corto plazo: monitorizar posiciones que exceden 10% (ETH, MATIC, BTC, SOL) y establecer mentalmente stop-losses (ej. si precio cae 5-10% desde el nivel actual) — ejecutar ventas parciales en próximas ejecuciones si se requiere rebalanceo.
[2025-08-11T19:26:08.556Z] 🧠 Paso 5: Próximo paso operativo: esperar a la próxima ejecución (en ~2 horas) para re-evaluar; con el efectivo actual ($13.37) no se abrirán nuevas operaciones hasta disponer de ≥$100 o hasta que vendas posiciones adicionales. Registrar toda la actividad en el historial.
[2025-08-11T19:26:19.506Z] 🎉 Agent finished: Resumen de la ejecución (11/08/2025 — 19:23:51):

Acciones realizadas
- Revisión inicial del portafolio y del mercado.
- Venta parcial: vendí 0.065116 ETH a $4,302.46 → ingreso $280.15898536.
- Compra: compré 0.0023418 BTC a $119,588 → coste $280.05117840.
- Efectivo final disponible: $13.37.

Situación actual del portafolio (tras las operaciones)
- Efectivo: $13.37
- BTC: 0.0040988
- ETH: 0.046284
- SOL: 0.8119
- MATIC: 1125
- LINK: 6
- XRP: 22.8
- ZORA: 460
- SUI: 5.26
- Neto aproximado: ≈ $1,401.7 (basado en precios actuales obtenidos durante la ejecución)

Razonamiento y cumplimiento de reglas
- Comencé pensando la estrategia (revisión, análisis, riesgo), luego obtuve precios y el portafolio.
- Regla de riesgo (máx. 20% por operación): 20% del portafolio ≈ $280.3. Las operaciones de venta y compra fueron ≈ $280 — por tanto dentro del límite.
- Mínimo por operación ($100): respetado (ambas operaciones > $100).
- Rebalanceo: vendí ETH (posición grande y líquida) para tomar ganancias y diversificar en BTC. Esto reduce exposición a ETH y aumenta liquidez disponible para futuras oportunidades.
- Stop-loss: detecté posiciones que superan 10% del portafolio (ETH, MATIC, BTC y SOL o cercanas). No hay una orden de stop-loss automática disponible en este flujo, pero en próximas ejecuciones monitorizaré y reduciré exposición si es necesario. Plan de acción: establecer mentalmente niveles de stop (ej. entre -5% y -10% desde niveles actuales) y ejecutar ventas parciales si se activan las condiciones.

Análisis de mercado (resumen de búsqueda)
- Mercado ligeramente alcista en el momento: BTC y ETH en terreno positivo; SOL algo a la baja; ZORA tuvo un alza fuerte en el sector NFT (poseemos ZORA).
- Dado el poco efectivo inicial ($13.26) no era posible abrir nuevas posiciones sin vender algo; por eso prioricé venta parcial de ETH.

Plan a corto plazo
- Mantener vigilancia continua (próxima ejecución en ~2 horas).
- Con el efectivo actual ($13.37) no abriré nuevas posiciones hasta disponer de ≥$100.
- En próximas ejecuciones considerar:
  - Vender parte de otras posiciones que excedan el 10% si el riesgo/volatilidad lo exige.
  - Buscar oportunidades con volumen/liquidez (BTC/ETH/altcoins líquidos) y noticias de momentum.
  - Mantener registros detallados y respetar comisiones (~0.1%-0.25%) en los cálculos.

Registro de operaciones (últimas)
- 2025-08-11T19:25:23.357+00:00 sell ETH 0.065116 @ $4,302.46 → $280.15898536
- 2025-08-11T19:25:57.051+00:00 buy BTC 0.0023418 @ $119,588 → $280.05117840

Observaciones finales
- Objetivo primario: multiplicar el capital inicial ($1,000). Actualmente el capital neto ≈ $1,401.7 (≈ +40% desde inicio). Buen progreso, mantener disciplina de riesgo y reequilibrio.
- Próxima ejecución: revisar portafolio, precios y noticias; ejecutar ventas o compras si aparecen oportunidades que cumplan las reglas (mínimo $100 por operación, ≤20% por operación).

¿Deseas que en la próxima ejecución priorice alguna estrategia en particular (ej. más rotación a BTC/ETH, enfoque en altcoins de alto momentum como ZORA, o toma de ganancias sistemática cada vez que una posición suba X%)?
[2025-08-11T19:26:19.506Z] 📱 Enviando mensaje a WhatsApp via Twilio: +573127815978
[2025-08-11T19:26:19.813Z] ✅ Mensaje enviado exitosamente: MMfa4e842ecde3c4bafe616f8ed24f2f16
[2025-08-11T19:26:19.942Z] 💰 Balance leído desde Supabase: $13.37
[2025-08-11T19:26:20.027Z] 📖 32 trades leídos desde Supabase
[2025-08-11T19:27:16.922Z] 📝 Updated README with portfolio value: $1402.12
