[2025-08-19T19:22:16.921Z] Starting agent
[2025-08-19T19:22:25.411Z] 🧠 1) Revisar el portafolio actual para conocer valor neto, saldo en efectivo y posiciones abiertas antes de cualquier acción.
[2025-08-19T19:22:25.411Z] 🧠 2) Analizar el mercado: identificar monedas líquidas (BTC, ETH, SOL, MATIC, ADA, etc.) con impulso positivo o noticias relevantes.
[2025-08-19T19:22:25.411Z] 🧠 3) Evaluar riesgo: no arriesgar >20% del portafolio en una sola operación; mínimo $100 por operación; considerar comisiones (~0.1-0.25%).
[2025-08-19T19:22:25.411Z] 🧠 4) Seleccionar oportunidades que cumplan liquidez y potencial de revalorización a corto/medio plazo.
[2025-08-19T19:22:25.411Z] 🧠 5) Ejecutar compras/ventas calculadas y cumplir reglas de stop-loss para posiciones >10% del portafolio.
[2025-08-19T19:22:25.411Z] 🧠 6) Registrar decisiones y preparar seguimiento del rendimiento.
[2025-08-19T19:22:25.411Z] 🧠 7) Empezar por obtener el estado del portafolio.
[2025-08-19T19:22:26.906Z] 💰 Balance leído desde Supabase: $177.28
[2025-08-19T19:22:26.971Z] 📖 82 trades leídos desde Supabase
[2025-08-19T19:22:26.972Z] 💹 Fetched portfolio: $177.28
[2025-08-19T19:22:32.172Z] 🧠 1) Procesar el estado del portafolio: saldo en efectivo $177.28 y múltiples posiciones en SOL, BTC, ETH, XRP, MATIC, LINK, SUI, ZORA.
[2025-08-19T19:22:32.172Z] 🧠 2) Necesito el valor neto total para calcular porcentajes de riesgo por operación y la regla del 20%.
[2025-08-19T19:22:32.172Z] 🧠 3) Solicitar el valor neto total al sistema antes de analizar oportunidades de mercado.
[2025-08-19T19:22:32.172Z] 🧠 4) Prepararme para, tras obtener el net worth, buscar monedas líquidas y con impulso.
[2025-08-19T19:22:35.037Z] 💰 Balance leído desde Supabase: $177.28
[2025-08-19T19:22:35.115Z] 📖 82 trades leídos desde Supabase
[2025-08-19T19:23:08.501Z] 💰 Balance leído desde Supabase: $177.28
[2025-08-19T19:23:08.606Z] 📖 82 trades leídos desde Supabase
[2025-08-19T19:23:46.696Z] 💰 Current net worth: $1095.87 (N/A% annualized return)
[2025-08-19T19:23:53.474Z] 🧠 1) Con $1,095.87 neto y $177.28 en efectivo, evaluar oportunidades con capital disponible; puedo realizar una compra de máximo $177.28 ahora, respetando mínimo $100 por operación.
[2025-08-19T19:23:53.475Z] 🧠 2) Voy a escanear noticias y movimientos del mercado para identificar monedas líquidas con impulso (priorizar BTC, ETH, SOL, MATIC, ADA, LINK, AVAX).
[2025-08-19T19:23:53.475Z] 🧠 3) Buscar volúmenes 24h, noticias relevantes y top gainers del día (fecha 2025-08-19).
[2025-08-19T19:23:53.475Z] 🧠 4) Ejecutar búsqueda web para obtener información en tiempo real sobre movers y noticias.
[2025-08-19T19:23:55.339Z] 🔍 Searching the web for: crypto top movers 2025-08-19 top gainers BTC ETH SOL MATIC news 24h volume 2025-08-19 August 19 2025 crypto market movers
[2025-08-19T19:24:58.515Z] 🧠 1) Obtener precios en tiempo real de mis principales posiciones para calcular su valor y decidir si debo vender alguna para liberar efectivo o reequilibrar.
[2025-08-19T19:24:58.515Z] 🧠 2) Pedir precios de BTC, ETH, SOL, MATIC, LINK, XRP, SUI, ZORA y MNT (posible oportunidad mencionada en búsquedas).
[2025-08-19T19:24:58.515Z] 🧠 3) Usar llamadas paralelas para acelerar la recolección de precios.
[2025-08-19T19:24:58.515Z] 🧠 4) Con los precios calcular valor de cada holding y decidir si vendemos o compramos (respetando mínimo $100 y regla del 20%).
[2025-08-19T19:25:14.103Z] 🔖 Searched for crypto price for MATIC: $0.235217
[2025-08-19T19:25:15.476Z] 🔖 Searched for crypto price for ETH: $4154
[2025-08-19T19:25:15.656Z] 🔖 Searched for crypto price for SOL: $177.4
[2025-08-19T19:25:15.941Z] 🔖 Searched for crypto price for LINK: $23.78
[2025-08-19T19:25:17.559Z] 🔖 Searched for crypto price for ZORA: $0.09248
[2025-08-19T19:25:17.696Z] 🔖 Searched for crypto price for XRP: $2.93
[2025-08-19T19:25:21.660Z] 🔖 Searched for crypto price for SUI: $3.45
[2025-08-19T19:25:23.456Z] 🔖 Searched for crypto price for BTC: $113143
[2025-08-19T19:25:25.163Z] 🔖 Searched for crypto price for MNT: $1.34
[2025-08-19T19:26:07.404Z] 🧠 1) Procesar precios obtenidos: BTC 113,143; ETH 4,154; SOL 177.4; MATIC 0.235217; LINK 23.78; XRP 2.93; SUI 3.45; ZORA 0.09248; MNT 1.34.
[2025-08-19T19:26:07.404Z] 🧠 2) Con net worth $1,095.87 y efectivo $177.28, puedo ejecutar una compra entre $100 y $177.
[2025-08-19T19:26:07.405Z] 🧠 3) Oportunidad: MNT aparece como top gainer y tiene alta liquidez por web search; comprar una porción por $150 cumple reglas (>=$100 y <=20% del portafolio).
[2025-08-19T19:26:07.405Z] 🧠 4) Calcular cantidad: 150 USD / 1.34 USD per MNT = ~111.94 MNT.
[2025-08-19T19:26:07.405Z] 🧠 5) Considerar comisiones (~0.25%): coste aproximado $150.38, aún dentro del efectivo disponible.
[2025-08-19T19:26:07.405Z] 🧠 6) Como la posición >10% del portafolio (~13.7%), voy a establecer mentalmente un stop-loss en -10% del precio de entrada y registrarlo en la decisión.
[2025-08-19T19:26:07.405Z] 🧠 7) Ejecutar orden de compra market: comprar 111.94 MNT.
[2025-08-19T19:26:21.048Z] 💰 Balance leído desde Supabase: $177.28
[2025-08-19T19:26:21.125Z] 📖 82 trades leídos desde Supabase
[2025-08-19T19:26:21.228Z] 💾 Trade guardado en Supabase: 198
[2025-08-19T19:26:21.298Z] 💾 Trade guardado en Supabase: 164
[2025-08-19T19:26:25.590Z] 🧠 1) Compra ejecutada: 111.94 MNT por $149.9996, efectivo restante $27.28.
[2025-08-19T19:26:25.591Z] 🧠 2) Registro: la nueva posición en MNT representa ~13.7% del portafolio (150/1,095.87), por lo que aplico stop-loss mental al -10% del precio de entrada (~1.206 USD).
[2025-08-19T19:26:25.591Z] 🧠 3) Próximo paso: revisar portafolio actualizado para confirmar tenencias y efectivo.
[2025-08-19T19:26:25.591Z] 🧠 4) Mantener vigilancia de MNT (volumen y noticias) y planificar seguimiento en las próximas ejecuciones; conservar efectivo para oportunidades y para evitar poner todo en una sola operación.
[2025-08-19T19:26:27.790Z] 💰 Balance leído desde Supabase: $27.28
[2025-08-19T19:26:27.866Z] 📖 83 trades leídos desde Supabase
[2025-08-19T19:26:27.866Z] 💹 Fetched portfolio: $27.28
[2025-08-19T19:26:42.512Z] 🧠 1) Confirmación: el portafolio actualizado muestra efectivo $27.28 y la nueva posición MNT 111.94.
[2025-08-19T19:26:42.512Z] 🧠 2) Evaluación de reglas: la compra fue ≥$100 y ≤20% del portafolio; comisiones consideradas y saldo restante suficiente para cubrir fees.
[2025-08-19T19:26:42.512Z] 🧠 3) Riesgo: la posición MNT representa ~13.7% del portafolio, por lo que se aplicará un stop-loss al -10% del precio de entrada (~$1.206).
[2025-08-19T19:26:42.512Z] 🧠 4) Limitaciones inmediatas: con $27.28 en efectivo no puedo abrir nuevas operaciones ≥$100 ahora; debo esperar o vender parte de una posición si surge una oportunidad clara.
[2025-08-19T19:26:42.512Z] 🧠 5) Próximos pasos: monitorizar MNT (volumen y noticias), revisar portafolio en la próxima ejecución (en ~2 horas) y considerar tomar ganancias o recortar posiciones si el riesgo aumenta. Registrar esta operación en el historial.
[2025-08-19T19:26:54.632Z] 🎉 Agent finished: Resumen de la ejecución (fecha y hora: 2025-08-19 19:22:16 UTC aprox.)

1) Estado inicial (antes de operar)
- Valor neto (último chequeo): $1,095.87 (subida de $95.87 desde $1,000).
- Efectivo disponible: $177.28

2) Análisis de mercado (rápido)
- Búsqueda de movimientos del día mostró a Mantle (MNT) como uno de los “top gainers” con alto volumen.
- Revisé precios en tiempo real de mis principales activos: BTC, ETH, SOL, MATIC, LINK, XRP, SUI, ZORA y MNT para evaluar liquidez y precios actuales.

3) Decisión y ejecución
- Oportunidad elegida: MNT (Mantle), buen volumen y aumento reciente → oportunidad de momentum a corto plazo.
- Regla cumplida: no arriesgar >20% del portafolio en una operación. 20% del net worth actual ≈ $219.17, por lo tanto una compra ≤$177.28 (mi efectivo) está dentro del límite.
- Orden ejecutada: compra de MNT por valor ≈ $150.
  - Detalle: comprados 111.94 MNT a $1.34 por unidad, total $149.9996.
  - Comisión estimada considerada (~0.1-0.25%); efectivo restante después de la operación: $27.28.
- La operación respeta el mínimo por transacción (≥ $100).

4) Gestión de riesgo
- La posición MNT (≈ $150) representa ~13.7% del portafolio (150 / 1,095.87) → excede el 10%, por lo que aplico un stop-loss:
  - Stop-loss propuesto: -10% desde el precio de entrada (precio entrada 1.34 USD → stop ≈ $1.206).
  - Nota: el sistema de órdenes actual no registró un stop-loss automático con la compra; lo dejo documentado y lo monitorearé activamente para ejecutar la venta si alcanza ese umbral o para ajustar según comportamiento del mercado.

5) Estado posterior a la operación
- Efectivo: $27.28
- Nueva posición añadida: MNT 111.94
- Otras posiciones (sin cambios): SOL, BTC, ETH, MATIC, LINK, XRP, SUI, ZORA (ver historial en portafolio)
- Net worth reportado anteriormente: $1,095.87 (la compra usó efectivo; el net worth no cambia materialmente por la operación salvo pequeñas diferencias por comisiones/ejecución)

6) Plan a corto plazo (próxima ejecución en ~2 horas)
- Monitorear MNT: precio, volumen 24h y noticias relevantes (si sube con volumen, evaluar tomar ganancias parcial; si baja hacia el stop, vender para limitar pérdida).
- No abrir nuevas posiciones mientras efectivo < $100 (regla mínima). Si surge una oportunidad muy fuerte, considerar vender una pequeña porción de una posición menos prometedora (p. ej. ZORA o parte de LINK) para recaudar capital.
- Mantener diversificación y no poner todo el capital en una sola moneda.
- Registrar todas las decisiones y resultados para seguimiento de rendimiento.

Si quieres, puedo:
- Establecer ahora alertas (por ejemplo, si MNT baja a $1.206 o sube +10% desde entrada) y preparar una orden de venta limitada para tomar ganancias parcial.
- Vender una pequeña porción de alguna posición (indícame cuál) para liberar efectivo y capitalizar otra oportunidad.
- Ejecutar nueva búsqueda de top movers dentro de 15-30 min y proponerte acciones concretas.

¿Deseas que coloque alertas/órdenes de salida (stop o take-profit) para la posición MNT ahora, o que espere y monitorice para la próxima ejecución?
[2025-08-19T19:26:54.632Z] 📱 Enviando mensaje a WhatsApp via Twilio: +573127815978
[2025-08-19T19:26:55.016Z] ✅ Mensaje enviado exitosamente: MMd028d505c198ee251fab9248082296aa
[2025-08-19T19:26:55.228Z] 💰 Balance leído desde Supabase: $27.28
[2025-08-19T19:26:55.299Z] 📖 83 trades leídos desde Supabase
[2025-08-19T19:29:23.214Z] 📝 Updated README with portfolio value: $1559.27
