[2025-08-21T23:23:32.538Z] Starting agent
[2025-08-21T23:23:41.552Z] 🧠 1) Objetivo: revisar portafolio y hacer trades cada 2 horas para multiplicar $1,000 iniciales manteniendo gestión de riesgo.
[2025-08-21T23:23:41.552Z] 🧠 2) Primer paso: obtener estado actual del portafolio (net worth, efectivo, holdings, historia de trades).
[2025-08-21T23:23:41.553Z] 🧠 3) Analizar precios actuales de cripto principales (BTC, ETH) y 3-4 altcoins líquidos (SOL, MATIC, AVAX, ADA) y buscar noticias relevantes.
[2025-08-21T23:23:41.553Z] 🧠 4) Evaluar tamaño de posición: no arriesgar >20% del portafolio en una sola operación; mínimo $100 por trade; mantener efectivo para oportunidades; considerar venta de posiciones perdedoras si necesario.
[2025-08-21T23:23:41.553Z] 🧠 5) Decidir comprar o vender basándome en momentum, noticias y liquidez; incluir comisiones (0.1-0.25%) en cálculo aproximado.
[2025-08-21T23:23:41.553Z] 🧠 6) Ejecutar órdenes buy/sell según decisión y registrar operaciones.
[2025-08-21T23:23:41.553Z] 🧠 7) Monitorear impacto en net worth y planear siguiente ejecución en ~2 horas.
[2025-08-21T23:23:41.553Z] 🧠 8) Documentar todo y comunicar acciones en español al usuario.
[2025-08-21T23:23:43.284Z] 💰 Balance leído desde Supabase: $55.78
[2025-08-21T23:23:43.414Z] 📖 100 trades leídos desde Supabase
[2025-08-21T23:23:43.414Z] 💹 Fetched portfolio: $55.78
[2025-08-21T23:23:58.043Z] 🧠 1) Evaluar el resultado de get_portfolio: efectivo $55.78 (insuficiente para nueva compra mínima $100).
[2025-08-21T23:23:58.043Z] 🧠 2) Necesito conocer el valor total del portafolio para calcular límite de riesgo del 20% y decidir cuánta venta realizar. Llamar a get_net_worth.
[2025-08-21T23:23:58.043Z] 🧠 3) Tras obtener net worth, obtener precios en tiempo real de activos líquidos principales: MATIC, ETH, BTC, SOL, XRP y LINK.
[2025-08-21T23:23:58.043Z] 🧠 4) Con precios, calcular cuánto vender para generar al menos $150 en efectivo (margen para cubrir comisiones y mantener reserva) sin exceder riesgo por trade y manteniendo diversificación.
[2025-08-21T23:23:58.043Z] 🧠 5) Priorizar ventas de MATIC o ZORA/LINK por su alta cantidad y liquidez; evitar vender >20% del portafolio en una sola operación.
[2025-08-21T23:23:58.043Z] 🧠 6) Planificar posible compra de un activo con momentum después de generar efectivo, priorizando una sola posición que no supere 20% del portafolio y cuyo valor de trade sea >= $100.
[2025-08-21T23:23:58.043Z] 🧠 7) Ejecutar ventas y compras según cálculos y registrar operaciones.
[2025-08-21T23:23:58.043Z] 🧠 8) Monitorear net worth después de las operaciones.
[2025-08-21T23:24:00.377Z] 💰 Balance leído desde Supabase: $55.78
[2025-08-21T23:24:00.453Z] 📖 100 trades leídos desde Supabase
[2025-08-21T23:24:59.748Z] 💰 Balance leído desde Supabase: $55.78
[2025-08-21T23:24:59.863Z] 📖 100 trades leídos desde Supabase
[2025-08-21T23:26:15.021Z] 💰 Current net worth: $1233.54 (N/A% annualized return)
[2025-08-21T23:26:27.702Z] 🧠 1) He recibido net worth $1,233.54: efectivo $55.78, holdings $1,177.76. Límite de riesgo por trade (20%) = $246.71.
[2025-08-21T23:26:27.702Z] 🧠 2) Necesitamos aumentar efectivo a por lo menos $150-$200 para poder ejecutar nueva compra (mínimo $100 y reservar para comisiones).
[2025-08-21T23:26:27.702Z] 🧠 3) Priorizar venta de activos líquidos y con alta cantidad en cartera: MATIC (727.87), ZORA (460), XRP (22.8), LINK (7.187). Evitar vender ETH/BTC/SOL grandes por su papel de ancla a menos que necesario.
[2025-08-21T23:26:27.702Z] 🧠 4) Solicitar precios en tiempo real de MATIC, ETH, BTC, SOL, XRP y LINK para calcular cuánta venta realizar y verificar cumplimiento de límites (venta ≤20% del portafolio).
[2025-08-21T23:26:27.703Z] 🧠 5) Ejecutar solicitudes de precios en paralelo y luego planear la venta que genere ~ $150 en efectivo sin superar $246.71 por trade.
[2025-08-21T23:26:31.706Z] 🔖 Searched for crypto price for ETH: $39.76
[2025-08-21T23:26:31.709Z] 🔖 Searched for crypto price for LINK: $8.4
[2025-08-21T23:26:31.710Z] 🔖 Searched for crypto price for SOL: $1.88
[2025-08-21T23:26:31.711Z] 🔖 Searched for crypto price for BTC: $49.66
[2025-08-21T23:26:39.937Z] 🔖 Searched for crypto price for MATIC: $0.236324
[2025-08-21T23:26:45.135Z] 🔖 Searched for crypto price for XRP: $2.85
[2025-08-21T23:27:00.053Z] 💰 Balance leído desde Supabase: $55.78
[2025-08-21T23:27:00.179Z] 📖 100 trades leídos desde Supabase
[2025-08-21T23:27:10.806Z] 💾 Trade guardado en Supabase: 256
[2025-08-21T23:27:10.881Z] 💾 Trade guardado en Supabase: 222
[2025-08-21T23:27:24.681Z] 🧠 1) Resultado de la venta: vendí 508.233 MATIC por $120.02; nuevo efectivo $175.80.
[2025-08-21T23:27:24.681Z] 🧠 2) Con $175.80 disponible puedo hacer una compra (mínimo $100). Debo investigar momentum/noticias antes de decidir qué comprar.
[2025-08-21T23:27:24.682Z] 🧠 3) Ejecutar búsqueda web rápida sobre criptomonedas en tendencia y noticias relevantes (ETH, SOL, LINK, BTC, MATIC) para identificar oportunidad de compra con buen riesgo/recompensa.
[2025-08-21T23:27:24.682Z] 🧠 4) Plan provisional: si no hay noticias negativas, considerar comprar ETH o SOL con $140-$150, manteniendo reserva de $25-$35 en efectivo.
[2025-08-21T23:27:24.682Z] 🧠 5) Proceder con web_search y luego tomar decisión de compra basada en resultados y precio actual.
[2025-08-21T23:27:27.682Z] 🔍 Searching the web for: crypto market movers August 21 2025 ETH SOL LINK MATIC news momentum on-chain volume exchange listings 'August 21 2025'
[2025-08-21T23:27:27.682Z] 🔍 Searching the web for: crypto market movers August 21 2025 ETH SOL LINK MATIC news momentum on-chain volume exchange listings 'August 21 2025'
[2025-08-21T23:28:45.156Z] 🧠 1) Resultado de web_search: ETH y SOL lideran movimientos y ETH tiene momentum por actividad on-chain y flujos. LINK mostró rallys recientes pero sin grandes noticias el 21/8.
[2025-08-21T23:28:45.156Z] 🧠 2) Decisión: comprar ETH con $140 para aprovechar momentum, manteniendo reserva de $35 en efectivo. Compra cumple mínimo $100 y límite de riesgo (20% = $246.71).
[2025-08-21T23:28:45.156Z] 🧠 3) Calcular cantidad ETH a comprar: $140 / $39.76 ≈ 3.523 ETH.
[2025-08-21T23:28:45.156Z] 🧠 4) Notas de riesgo: después de compra, posición ETH excederá 10% del portafolio; establecer stop-loss procedural (manual) y límite de pérdida; monitorizar de cerca y mantener registro de la operación.
[2025-08-21T23:28:45.156Z] 🧠 5) Ejecutar orden de compra de ETH ≈ 3.523 unidades.
[2025-08-21T23:28:48.059Z] 💰 Balance leído desde Supabase: $175.8
[2025-08-21T23:28:48.146Z] 📖 100 trades leídos desde Supabase
[2025-08-21T23:28:48.225Z] 💾 Trade guardado en Supabase: 257
[2025-08-21T23:28:48.315Z] 💾 Trade guardado en Supabase: 223
[2025-08-21T23:28:55.425Z] 🧠 1) Confirmación de compra: adquirí 3.523 ETH por $140.07; efectivo restante $35.73.
[2025-08-21T23:28:55.425Z] 🧠 2) Efecto en portafolio: ETH total ahora ~4.6 + 3.523 = 8.123 ETH; valor aproximado de ETH pos compra = 8.123 * $39.76 ≈ $323.0 (~26% del portafolio) — supera 10% por lo que se exige stop-loss.
[2025-08-21T23:28:55.425Z] 🧠 3) Solicitar net worth actualizado para reportar resultado y verificar que no se violaron límites de riesgo (20% por trade).
[2025-08-21T23:28:55.425Z] 🧠 4) Plan: establecer stop-loss mental/registro para ETH (por ejemplo 8-10% debajo del precio de compra) y mantener $35.73 en efectivo para oportunidades o cubrir comisiones.
[2025-08-21T23:28:55.425Z] 🧠 5) Obtener net worth actualizado ahora.
[2025-08-21T23:28:58.284Z] 💰 Balance leído desde Supabase: $35.73
[2025-08-21T23:28:58.349Z] 📖 100 trades leídos desde Supabase
[2025-08-21T23:30:31.493Z] 💰 Balance leído desde Supabase: $35.73
[2025-08-21T23:30:31.556Z] 📖 100 trades leídos desde Supabase
[2025-08-21T23:32:09.387Z] 💰 Current net worth: $2145.66 (N/A% annualized return)
[2025-08-21T23:32:32.507Z] 🎉 Agent finished: Resumen de la ejecución (21/08/2025 — 23:23:32):

Pensamiento y análisis inicial
- Objetivo: multiplicar los $1,000 iniciales mediante trades cada 2 horas, con gestión de riesgo (no arriesgar >20% del portafolio en una operación, mínimo $100 por trade).
- Estado inicial detectado: efectivo insuficiente para abrir nueva posición (cash $55.78), por lo que era necesario generar liquidez vendiendo un activo líquido.
- Análisis de mercado (rápido): ETH y SOL mostraban momentum el 21/08/2025; Chainlink (LINK) mostró fuerza días previos. Decidí priorizar ETH por momentum on-chain y flujo de capital.

Operaciones realizadas (detalladas)
1) Venta — MATIC
- Orden: vendí 508.233 MATIC
- Precio de venta ejecutado: $0.236154 / share
- Total obtenido: $120.021255882
- Motivo: generar efectivo suficiente para cumplir con mínimo de compra ($100) y mantener diversificación. La venta representa ≈9.7% del portafolio en ese momento (cumple la regla de no exceder 20% en una sola operación).

2) Compra — ETH
- Orden: compré 3.523 ETH
- Precio de compra ejecutado: $39.76 / share
- Total gastado: $140.07448
- Motivo: aprovechar momentum y actividad on-chain. La compra cumple el mínimo ($100) y no excede el límite de riesgo por trade (20% en ese momento).

Resultados inmediatos
- Efectivo final: $35.73
- Net worth actualizado (post-operaciones): $2,145.66
  - Cash: $35.73
  - Valor en holdings: $2,109.93
- Estado de holdings (principales): ETH aumentó (tenía ~4.6 ETH, ahora +3.523 => ≈8.123 ETH). Hay posiciones en MATIC, LINK, XRP, ZORA, etc. (detalle completo disponible en el historial de la cuenta).

Cumplimiento de las reglas de trading
- Mínimo por trade respetado: ambas operaciones > $100.
- Límite de riesgo: ninguna operación individual superó 20% del portafolio al momento de ejecutar.
- Diversificación y liquidez: prioricé venta de un activo líquido (MATIC) en vez de vender una posición principal más estratégica (ETH/BTC/SOL).
- Stop-loss: la posición en ETH excede el 10% del portafolio (tras la compra). Recomendación operativa inmediata (no automatizada por la API):
  - Establecer un stop-loss entre -8% y -10% desde el precio de compra ($39.76). Ejemplo: stop alrededor de $36.58 (−8%) — ajustar según tolerancia de riesgo.
- Reservas de efectivo: mantengo $35.73 en caja para comisiones/margen y para oportunidades futuras (aunque es bajo; buscaré generar efectivo en próximas ejecuciones si aparece oportunidad).

Razonamiento resumido
- Generé liquidez vendiendo parte de MATIC para poder capitalizar una oportunidad en ETH con momentum constatado por fuentes de mercado.
- La compra de ETH busca beneficiarse de flujo/actividad on-chain y liderazgo relativo en el día. Mantengo disciplina de tamaño de trade y planeo stop-loss para controlar riesgo.

Próximos pasos
- Monitorizar ETH de cerca (volatilidad y noticias) y ejecutar ajuste de stop-loss (manual o mediante la plataforma si permite órdenes limit/stop).
- Próxima ejecución en ≈2 horas: revisar balances, precios y noticias; si aparece oportunidad atractiva y hay efectivo ≥ $100, evaluar nueva compra; si no, considerar vender otra porción pequeña y líquida para crear margen.
- Mantendré registro detallado de todas las decisiones y resultados.

¿Deseas que establezca ahora una recomendación de stop-loss exacta (por ejemplo 8% vs 10%), o que vigile un objetivo de take-profit para la posición ETH y lo comunique en la siguiente ejecución?
[2025-08-21T23:32:32.507Z] 📱 Enviando mensaje a WhatsApp via Twilio: +573127815978
[2025-08-21T23:32:32.831Z] ✅ Mensaje enviado exitosamente: MM44808d112ccc0e5c4dec738d385f90a0
[2025-08-21T23:32:33.232Z] 💰 Balance leído desde Supabase: $35.73
[2025-08-21T23:32:33.295Z] 📖 100 trades leídos desde Supabase
[2025-08-21T23:33:49.058Z] 📝 Updated README with portfolio value: $1241.82
