[2025-07-31T23:38:53.331Z] Starting agent
[2025-07-31T23:38:59.015Z] 🧠 Es una nueva sesión de análisis y trading, por lo que debo iniciar revisando la composición y valoración actual de mi portafolio tras las compras realizadas en la sesión anterior.
[2025-07-31T23:38:59.015Z] 🧠 Necesito comprobar el valor actual actualizado de cada cripto (BTC, ETH, SOL, ADA) que poseo, así como el saldo en efectivo disponible por si alguna orden previa no se ejecutó completamente o sobró algún remanente.
[2025-07-31T23:38:59.015Z] 🧠 Compararé los valores actuales respecto a los precios de compra para identificar activos con movimientos relevantes (positivos o negativos) y posibles oportunidades de reajustar la cartera para maximizar rendimiento o gestionar riesgo.
[2025-07-31T23:38:59.015Z] 🧠 Investigaré el sentimiento y noticias recientes del mercado, ya que pueden influir en movimientos cortoplacistas (por ejemplo, anuncios regulatorios, exploits de proyectos DeFi, o cambios macroeconómicos).
[2025-07-31T23:38:59.015Z] 🧠 Evaluaré si conviene realizar ventas parciales para proteger ganancias o cortar pérdidas, o si la situación aconseja mantener posiciones actuales hasta que surja una señal técnica más clara.
[2025-07-31T23:38:59.015Z] 🧠 Si se detecta una cripto con desempeño sobresaliente, o surge una nueva oportunidad en el top altcoins, podría rotar una porción de mi portafolio buscando mayor rentabilidad manteniendo los criterios de diversificación y gestión de riesgo.
[2025-07-31T23:39:00.915Z] 💹 Fetched portfolio: $199.9
[2025-07-31T23:39:06.862Z] 🧠 Mi portafolio contiene:
- 1.1517 SOL
- 0.002583 BTC
- 0.0807 ETH
- $199.9 en efectivo
Adicionalmente, aparece una orden de compra reciente de 0.2535 BNB a $787.9/BNB (~$199.7), lo que no estaba planeado en la estrategia anterior; esto podría haber sido ejecutado automáticamente o por error.
[2025-07-31T23:39:06.862Z] 🧠 Mi diversificación ahora queda: BTC, ETH, SOL, BNB (no tengo ADA pese a la compra; tal vez fue sustituida por BNB por liquidez/factibilidad), y efectivo restante.
[2025-07-31T23:39:06.862Z] 🧠 Debo actualizar precios actuales de BTC, ETH, SOL y BNB para obtener el valor total de mi portafolio e identificar cuál ha tenido mejor o peor desempeño.
[2025-07-31T23:39:06.863Z] 🧠 También necesito buscar si hay alguna noticia relevante reciente sobre BNB o altcoins principales que pudiera justificar rotar posiciones/ajustar exposición.
[2025-07-31T23:39:06.863Z] 🧠 Definiré si mantener BNB (si tuvo impulso), aumentar alguna posición en tendencia o redistribuir parte del cash en nuevas oportunidades, siempre considerando los límites máximos de exposición y diversificación establecida.
[2025-07-31T23:39:06.863Z] 🧠 Voy a verificar los precios actuales de BTC, ETH, SOL y BNB antes de tomar cualquier decisión.
[2025-07-31T23:39:10.348Z] 🔖 Searched for crypto price for SOL: $172.23
[2025-07-31T23:39:10.450Z] 🔖 Searched for crypto price for BNB: $787.73
[2025-07-31T23:39:10.469Z] 🔖 Searched for crypto price for BTC: $115906
[2025-07-31T23:39:11.969Z] 🔖 Searched for crypto price for ETH: $3702.09
[2025-07-31T23:39:15.942Z] 🧠 Ya tengo los precios actuales: BTC $115,906 (-0.2% aprox. respecto a compra), ETH $3,702.09 (-0.5%), SOL $172.23 (-0.8%) y BNB $787.73 (prácticamente igual al precio de compra de $787.9).
[2025-07-31T23:39:15.942Z] 🧠 Ninguna cripto ha tenido un movimiento significativo (ni de ganancia ni de pérdida), por lo que no hay señales claras para tomar beneficios rápidos o cortar pérdidas compulsivamente.
[2025-07-31T23:39:15.942Z] 🧠 Hay $199.9 libres en efectivo que puedo invertir siguiendo el criterio de diversificación: buscar un token top (como ADA que no está en portafolio) o aumentar la posición en la que vea mayor potencial de rebote a corto plazo.
[2025-07-31T23:39:15.942Z] 🧠 Para maximizar oportunidad, revisaré brevemente una noticia/tendencia actualizada: ¿hay algún token del top 10 con momentum fuerte, importante subida reciente, volumen o evento específico?
[2025-07-31T23:39:15.943Z] 🧠 En caso afirmativo, consideraría destinar el efectivo a dicha cripto. Si no, incrementaría mi peso en alguno de los activos con bajo drawdown (BTC, ETH, SOL o BNB).
[2025-07-31T23:39:15.943Z] 🧠 Haré una búsqueda rápida sobre los top movers de las últimas horas y el sentimiento del mercado cripto antes de ejecutar otra orden.
[2025-07-31T23:39:17.680Z] 🔍 Searching the web for: criptomonedas top con mayor subida o momentum noticias 31 julio 2025
[2025-07-31T23:39:27.664Z] 🧠 Worldcoin (WLD) y Hyperliquid (HYPE) han liderado las ganancias semanales con impulsos superiores al 30%, y SOL también destaca con un incremento reciente del 5.9%.
[2025-07-31T23:39:27.664Z] 🧠 BTC mantiene una posición de fortaleza tras alcanzar máximo histórico, pero actualmente cotiza apenas debajo de ese nivel; puede ser prudente seguir expuesto pero no aumentar más peso por el momento.
[2025-07-31T23:39:27.664Z] 🧠 SOL sigue demostrando fuerza y noticias recientes de posible ETF le dan mayor proyección alcista, lo que justifica aumentar posición.
[2025-07-31T23:39:27.664Z] 🧠 No se reportaron subidas relevantes en ADA ni otras ‘blue chips’; DOGE subió, pero es mucho más volátil y especulativo.
[2025-07-31T23:39:27.664Z] 🧠 Dado el limitado efectivo disponible y la señal clara de momentum en SOL, lo más estratégico sería sumar el efectivo ($199.9) a SOL, respetando diversificación y potenciando exposición a un token con momentum verificado y volumen.
[2025-07-31T23:39:27.664Z] 🧠 Procederé a calcular cuántas SOL puedo comprar por $199.9 a precio actual ($172.23), luego ejecutaría la orden de compra.
[2025-07-31T23:39:32.043Z] 💰 Purchased 1.1602 shares of SOL at $172.23 per share
[2025-07-31T23:39:40.241Z] 🧠 He invertido el efectivo sobrante ($199.9) en 1.1602 SOL adicionales, maximizando mi exposición a uno de los tokens con mejor momentum y noticia positiva del momento.
[2025-07-31T23:39:40.242Z] 🧠 Mi portafolio ahora queda conformado principalmente por BTC, ETH, BNB y una mayor proporción en SOL, diversificado pero optimizando crecimiento potencial con base en la tendencia actual.
[2025-07-31T23:39:40.242Z] 🧠 El siguiente paso sería simplemente monitorizar la evolución de cada token en nuevas sesiones, listos para hacer rebalanceo o tomar ganancias si uno de ellos sobresale, o recortar pérdidas si alguna tendencia se revierte.
[2025-07-31T23:39:40.242Z] 🧠 No tengo efectivo remanente, por lo que no puedo abrir nuevas posiciones por ahora, pero la cartera está completamente posicionada para aprovechar los movimientos del mercado.
[2025-07-31T23:39:40.242Z] 🧠 En los próximos análisis, priorizaré la revisión de nuevos máximos/mínimos, noticias regulatorias u on-chain, y eventos que puedan cambiar el entorno de riesgo.
[2025-07-31T23:39:40.242Z] 🧠 Actualizaré mi estrategia conforme al desempeño, buscando alcanzar el objetivo de multiplicar la inversión inicial siendo siempre disciplinado con el riesgo y la diversificación del portafolio.
[2025-07-31T23:39:55.585Z] 🎉 Agent finished: Resumen de mi gestión en la sesión actual:

1. Analicé mi portafolio y los precios actuales de BTC, ETH, SOL y BNB. Ningún activo había generado movimiento significativo de ganancia o pérdida.
2. Realicé una búsqueda de activos con mayor momentum y noticias relevantes: Solana (SOL) destaca con un aumento del 5.9% y fuerte interés por posible ETF, mientras que Worldcoin (WLD) y Hyperliquid (HYPE) lideraron ganancias semanales (opciones menos líquidas y más especulativas).
3. Decidí destinar mi efectivo ($199.9) a aumentar posición en SOL, token que ya tenía, pero con clara señal de fortaleza tanto en volumen como en noticias.
4. Compré 1.1602 SOL adicionales, quedando con un portafolio diversificado: BTC, ETH, BNB y una posición reforzada en SOL, sin exceder los límites de riesgo individuales y totalmente invertido.
5. Para próximas sesiones, me mantendré atento a señales de toma de ganancias, rebalanceo o recorte de pérdidas, monitoreando máximos, mínimos y noticias que puedan impactar fuertemente mi portafolio.

Mi estrategia sigue enfocada en diversificación, adaptación a momentum actual y disciplina en gestión de capital para alcanzar el objetivo de multiplicar la inversión inicial. ¡Listo para reaccionar dinámicamente ante oportunidades y riesgos del mercado!
[2025-07-31T23:39:55.585Z] 📱 Enviando mensaje a WhatsApp via Twilio: +573127815978
[2025-07-31T23:39:56.102Z] ✅ Mensaje enviado exitosamente: MMab9e96a0bed11efec42f91b5c95fce0b
[2025-07-31T23:40:05.428Z] 📝 Updated README with portfolio value: $996.31
