[2025-08-01T11:24:57.447Z] Starting agent
[2025-08-01T11:25:05.723Z] 🧠 Es una nueva sesión de análisis, por lo que el primer paso es revisar el estado actual del portafolio tras la última inversión 100% en criptomonedas, con énfasis en BTC, ETH, BNB y SOL (posición reforzada).
[2025-08-01T11:25:05.724Z] 🧠 Necesito verificar precios actuales de estos activos respecto a su precio de compra, para identificar si hay algún movimiento relevante, ya sea para tomar ganancias, cortar pérdidas o considerar rotación de capital.
[2025-08-01T11:25:05.724Z] 🧠 Dado que no tengo efectivo disponible, solo podría operar vendiendo alguna posición total o parcial para redistribuir capital, pero sólo si identifico razones técnicas o fundamentales claras.
[2025-08-01T11:25:05.724Z] 🧠 Es necesario buscar también noticias recientes, eventos de mercado, o señales destacadas sobre BTC, ETH, BNB, SOL u otras altcoins del top para evaluar cambios rápidos en tendencia y momentum.
[2025-08-01T11:25:05.724Z] 🧠 Si identifico algún activo con caída fuerte (señal de riesgo) o fuerte subida (toma de ganancias), consideraré vender parcialmente para asegurar beneficios o minorar pérdidas, siempre respetando los criterios de diversificación y rebalanceo.
[2025-08-01T11:25:05.724Z] 🧠 Procederé a revisar los detalles del portafolio (número exacto de tokens de cada uno y precios de compra), para preparar mi análisis frente a movimientos actuales del mercado.
[2025-08-01T11:25:07.476Z] 💹 Fetched portfolio: $0.08
[2025-08-01T11:25:13.479Z] 🔖 Searched for crypto price for BTC: $114826
[2025-08-01T11:25:21.186Z] 🔖 Searched for crypto price for ETH: $3618.1
[2025-08-01T11:25:24.707Z] 🔖 Searched for crypto price for SOL: $167.83
[2025-08-01T11:25:34.148Z] 🔖 Searched for crypto price for BNB: $766.23
[2025-08-01T11:25:51.784Z] 🧠 Los precios actuales son: BTC $114,826, ETH $3,618.1, SOL $167.83 y BNB $766.23.
[2025-08-01T11:25:51.784Z] 🧠 Mis posiciones y precios de compra aproximados fueron: BTC a $116,158, ETH a $3,718.7, SOL promedio ~$172.9 y BNB a $787.9.
[2025-08-01T11:25:51.784Z] 🧠 Todas mis posiciones principales están ligeramente en pérdida (-1% a -3% aprox), lo que corresponde a una leve corrección general del mercado cripto, sin caídas abruptas que ameriten ventas urgentes.
[2025-08-01T11:25:51.784Z] 🧠 No tengo efectivo disponible, así que sólo tendría sentido vender alguna posición si encontrara una oportunidad extraordinaria, evento técnico fuerte negativo, o alta volatilidad futura (por ejemplo, noticias de regulación o hacks).
[2025-08-01T11:25:51.784Z] 🧠 SOL ha bajado levemente pese a recientes buenas noticias, pero sigo confiando dada su tendencia y proyección positiva. BNB está algo más débil, pero no ha habido noticias de caídas drásticas.
[2025-08-01T11:25:51.784Z] 🧠 Mi siguiente paso será buscar rápidamente si hay alguna noticia/alerta importante sobre cualquier cripto del top en las últimas horas, antes de decidir si conviene rotar capital o simplemente mantener el portafolio sin cambios por el momento.
[2025-08-01T11:26:04.847Z] 🔍 Searching the web for: noticias criptomonedas principales caídas movimiento precios 1 agosto 2025
[2025-08-01T11:26:25.216Z] 🧠 El mercado cripto ha sufrido una corrección generalizada: BTC, ETH, BNB y otras monedas han caído entre un 3-7% en las últimas horas/día, influenciados por volatilidad macroeconómica y eventos globales.
[2025-08-01T11:26:25.216Z] 🧠 El porcentaje de caída en mis posiciones está dentro del rango esperado de volatilidad del mercado cripto, por lo que mantener puede ser la mejor opción para evitar vender en un posible punto bajo y perder potencial de rebote.
[2025-08-01T11:26:25.216Z] 🧠 Las caídas aún no son lo suficientemente drásticas como para motivar una venta masiva, pero sí justifican vigilancia activa y cautela. No hay noticias de hackeos, baneos o eventos críticos que obliguen a cerrar posiciones de emergencia.
[2025-08-01T11:26:25.216Z] 🧠 Si la tendencia correctiva se profundizara o hubiera un evento negativo nuevo, podría considerar liquidar parcialmente para proteger capital. Por ahora, lo óptimo es mantener el portafolio y monitorear estrechamente próximas horas/sesiones.
[2025-08-01T11:26:25.216Z] 🧠 En la próxima oportunidad en la que surja cash (por ventas parciales, beneficios o rebotes), consideraré rotar a tokens con impulso o refugio en stablecoins momentáneamente si el deterioro global continúa.
[2025-08-01T11:26:25.216Z] 🧠 Hoy, la mejor estrategia según gestión de riesgo es: NO vender en pánico, retener posiciones, permanecer atento a señales de rebote o mayor caída y esperar mejores oportunidades antes de rotar capital.
[2025-08-01T11:27:17.119Z] 🎉 Agent finished: Mi análisis y estrategia para esta sesión:

1. El portafolio sigue compuesto principalmente por BTC, ETH, un lote importante de SOL (2.31 tokens), y BNB. Todas las posiciones están ligeramente en pérdida (-3% a -5%) tras una corrección generalizada del mercado crypto.
2. La caída está en línea con el contexto macroeconómico global, pero no se han reportado eventos extraordinarios (ni hacks, ni prohibiciones, ni problemas internos en los proyectos) que justifiquen una venta de emergencia.
3. Vender en este punto sería vender "en el punto bajo" de una posible corrección técnica/rebote, por lo que la acción más inteligente es mantenerse invertido y monitorizar estrechamente la evolución del mercado.
4. No hay efectivo libre para aprovechar nuevas oportunidades, así que la gestión de riesgo se reduce a decidir mantener o rotar parte del portafolio (lo cual, en este caso, no se justifica por las pérdidas moderadas y la ausencia de un catalizador claro de cambio).
5. Mi decisión: no venderé ni rotaré posiciones en esta sesión. Mantendré la vigilancia activa en próximas horas ante cualquier rebote técnico, noticias críticas, o profundización de la caída que pudiera cambiar el escenario.
6. La disciplina y la paciencia en correcciones son clave para multiplicar capital a largo plazo en criptomonedas. Mantendré el control del riesgo y la exposición, esperando el mejor momento para el próximo movimiento estratégico.

¡El foco sigue siendo multiplicar el capital inicial, sin tomar decisiones impulsivas en medio de la volatilidad!
[2025-08-01T11:27:17.119Z] 📱 Enviando mensaje a WhatsApp via Twilio: +573127815978
[2025-08-01T11:27:17.555Z] ✅ Mensaje enviado exitosamente: MMfe10e4535ce13ffc0a8d640b53f2e537
[2025-08-01T11:27:25.624Z] 📝 Updated README with portfolio value: $976.07
