[2025-09-05T15:22:22.862Z] Starting agent
[2025-09-05T15:22:29.901Z] 🧠 Paso 1: Planificar la ejecución: revisar el portafolio actual para conocer efectivo disponible, holdings y net worth antes de analizar el mercado.
[2025-09-05T15:22:29.902Z] 🧠 Paso 2: Determinar límites de riesgo actuales: verificar valor total del portafolio para calcular 20% máximo por posición y mínimos de operación ($100).
[2025-09-05T15:22:29.902Z] 🧠 Paso 3: Tras revisar el portafolio, realizar búsqueda de mercado para identificar criptos con momentum o noticias positivas (priorizar BTC, ETH y altcoins líquidos).
[2025-09-05T15:22:29.902Z] 🧠 Paso 4: Evaluar liquidez y volumen 24h de candidatos, así como indicadores técnicos simples (RSI, medias móviles) y noticias recientes.
[2025-09-05T15:22:29.902Z] 🧠 Paso 5: Decidir operaciones que no excedan el 20% del portafolio por trade, y que el tamaño > $100, ajustando por comisiones (~0.1%-0.25%).
[2025-09-05T15:22:29.902Z] 🧠 Paso 6: Ejecutar órdenes de compra/venta necesarias y documentarlas.
[2025-09-05T15:22:29.902Z] 🧠 Paso 7: Tras cada herramienta usada, volver a pensar y planear siguiente paso.
[2025-09-05T15:22:33.176Z] 💰 Balance leído desde broker simulator: $1000
[2025-09-05T15:22:33.642Z] 📖 100 trades leídos desde Supabase
[2025-09-05T15:22:33.642Z] 💹 Fetched portfolio: $1000
[2025-09-05T15:22:47.118Z] 🧠 Paso 1 (procesar portafolio): Confirmar efectivo disponible $1000 y lista de holdings; necesito conocer el valor total para aplicar reglas de riesgo (20% por posición).
[2025-09-05T15:22:47.118Z] 🧠 Paso 2: Obtener net worth actual para calcular 20% y umbral de stop-losses y tamaños de operación mínimos ($100).
[2025-09-05T15:22:47.118Z] 🧠 Paso 3: Identificar criptos líquidos en el portafolio y en el mercado para revisar precios actuales: BTC, ETH, SOL, MATIC, ADA, LINK, DOT.
[2025-09-05T15:22:47.118Z] 🧠 Paso 4: Planear búsquedas de mercado/noticias para detectar momentum y eventos (Fear & Greed, noticias relevantes).
[2025-09-05T15:22:47.118Z] 🧠 Paso 5: Preparar para ejecutar compras/ventas que cumplan reglas: no arriesgar >20% del portafolio en una sola operación, y tamaño mínimo $100.
[2025-09-05T15:22:47.118Z] 🧠 Paso 6: Próximo paso: llamar a get_net_worth para conocer valor total y límites de 20%.
[2025-09-05T15:22:49.423Z] 💰 Balance leído desde broker simulator: $1000
[2025-09-05T15:22:49.722Z] 📖 100 trades leídos desde Supabase
[2025-09-05T15:25:27.009Z] 💰 Balance leído desde broker simulator: $1000
[2025-09-05T15:25:27.465Z] 📖 100 trades leídos desde Supabase
[2025-09-05T15:27:51.783Z] 💰 Current net worth: $296700.88 (429,456,848,748,338,450,000,000,000,000,000,000,000,000,000,000,000,000,000,000,000,000,000,000,000,000,000,000.00% annualized return)
[2025-09-05T15:28:04.613Z] 🔍 Searching the web for: Crypto top movers 24h September 5 2025 exchanges Binance Coinbase Kraken
[2025-09-05T15:28:04.613Z] 🔍 Searching the web for: Crypto top movers 24h September 5 2025 exchanges Binance Coinbase Kraken
[2025-09-05T15:28:04.614Z] 🔍 Searching the web for: Bitcoin news September 5 2025 institutional adoption regulation
[2025-09-05T15:28:04.614Z] 🔍 Searching the web for: Bitcoin news September 5 2025 institutional adoption regulation
[2025-09-05T15:28:04.614Z] 🔍 Searching the web for: Crypto Fear and Greed Index September 5 2025
[2025-09-05T15:28:04.614Z] 🔍 Searching the web for: Crypto Fear and Greed Index September 5 2025
[2025-09-05T15:28:16.145Z] 🔖 Searched for crypto price for ADA: $0.826782
[2025-09-05T15:28:16.802Z] 🔖 Searched for crypto price for LINK: $22.36
[2025-09-05T15:28:20.099Z] 🔖 Searched for crypto price for SOL: $204.15
[2025-09-05T15:28:21.050Z] 🔖 Searched for crypto price for BTC: $110887
[2025-09-05T15:28:21.690Z] 🔖 Searched for crypto price for ETH: $4295.43
[2025-09-05T15:28:22.290Z] 🔖 Searched for crypto price for DOT: $3.82
[2025-09-05T15:28:35.575Z] 🔖 Searched for crypto price for MATIC: $0.2794
[2025-09-05T15:29:35.847Z] 🧠 Paso 1: Procesar resultados de precios y estado: BTC domina ~90% del portafolio (≈ $268k), necesito reducir riesgo concentrado y realizar diversificación prudente.
[2025-09-05T15:29:35.847Z] 🧠 Paso 2: Plan de acción: vender una porción de BTC por $10,000 (≈0.090166 BTC a precio $110,887) para cristalizar ganancias y disponer de efectivo para nuevas oportunidades. La venta supera el mínimo de $100 y está por debajo del 20% de la cartera (límites ok).
[2025-09-05T15:29:35.847Z] 🧠 Paso 3: Con los $10k liquidados, buscaré comprar altcoins con momentum detectado hoy (ANKR, PYTH/NEON). Primero retiro $10k vendiendo BTC, luego consultaré precios de ANKR y PYTH para calcular cantidades exactas.
[2025-09-05T15:29:35.847Z] 🧠 Paso 4: Reglas cumplidas: ninguna orden individual excederá 20% del portafolio; cada operación > $100. Mantendré reserva de efectivo mínima (dejemos al menos $500 como colchón). Por tanto, planeo asignar ~ $8,500 del producto de la venta a compras (por ejemplo $5,100 ANKR, $3,400 PYTH), manteniendo $1,500 en cash total tras operaciones.
[2025-09-05T15:29:35.847Z] 🧠 Paso 5: Próximo paso: ejecutar venta BTC 0.090166 para obtener ~ $10,000 en efectivo.
[2025-09-05T15:30:01.489Z] 🧠 Paso 1: La venta de BTC por 0.090166 falló (400 Bad Request). Evaluar causa: posible límite de precisión o restricción de la API.
[2025-09-05T15:30:01.489Z] 🧠 Paso 2: Plan: reintentar con una orden más pequeña y con menos decimales para evitar errores. Intentar vender $5,000 ≈ 0.045083 BTC (redondear a 0.04508).
[2025-09-05T15:30:01.489Z] 🧠 Paso 3: Si la venta de $5k se ejecuta correctamente, usar los fondos para comprar altcoins momentum (consultar precios de ANKR y PYTH antes de comprar).
[2025-09-05T15:30:01.489Z] 🧠 Paso 4: Mantener saldo de reserva; planeo destinar ~ $4,250 a compras y mantener $750 como colchón tras la operación.
[2025-09-05T15:30:01.489Z] 🧠 Paso 5: Próximo paso: ejecutar sell BTC 0.04508.
[2025-09-05T15:30:32.730Z] 🧠 Paso 1: Las órdenes de venta BTC han fallado repetidamente; cambiar la estrategia a usar el efectivo disponible ($1000) para aprovechar oportunidades sin vender holdings grandes.
[2025-09-05T15:30:32.730Z] 🧠 Paso 2: Objetivo: comprar altcoins con momentum detectado hoy (ANKR y PYTH) usando el efectivo actual. Antes de comprar, obtener precios de ANKR y PYTH para calcular cantidades exactas.
[2025-09-05T15:30:32.730Z] 🧠 Paso 3: Distribución propuesta: $600 ANKR, $400 PYTH (manteniendo $0 en reserva debido a fondos limitados; si es posible mantener $100, reducir compras proporcionales).
[2025-09-05T15:30:32.731Z] 🧠 Paso 4: Próximo paso: obtener precios actuales ANKR y PYTH.
[2025-09-05T15:30:50.791Z] 🔖 Searched for crypto price for ANKR: $0.01469203
[2025-09-05T15:31:15.714Z] 🔖 Searched for crypto price for PYTH: $0.16
[2025-09-05T15:31:32.737Z] 🧠 Paso 1: Calcular cantidades a comprar con $1000 disponible usando precios obtenidos: ANKR $0.01469203 -> asignar $600 -> ~40840 tokens; PYTH $0.16 -> asignar $400 -> 2500 tokens.
[2025-09-05T15:31:32.737Z] 🧠 Paso 2: Confirmar que cada operación supera el mínimo $100 y que el desembolso total ($1000) no excede efectivo disponible. Mantener en cuenta comisiones (~0.1%-0.25%) pero no las detendremos por ahora.
[2025-09-05T15:31:32.737Z] 🧠 Paso 3: Ejecutar compras en paralelo: buy ANKR 40840, buy PYTH 2500.
[2025-09-05T15:31:32.738Z] 🧠 Paso 4: Después de ejecutar, volveré a pensar para revisar resultados y actualizar plan (por ejemplo, ajustar si una orden parcial falla).
[2025-09-05T15:31:50.323Z] 💰 Balance leído desde broker simulator: $1000
[2025-09-05T15:31:58.064Z] 💰 Balance leído desde broker simulator: $1000
[2025-09-05T15:32:09.001Z] 🧠 Paso 1: Las compras de ANKR y PYTH fallaron (400). Posible causa: esos tickers no están habilitados en el broker. Cambiar a activos soportados (ETH y MATIC) para usar efectivo disponible.
[2025-09-05T15:32:09.001Z] 🧠 Paso 2: Distribución propuesta con $1000 disponible: $800 en ETH (≈0.1863 ETH a $4,295.43) y $200 en MATIC (≈716.09 MATIC a $0.2794). Ambas órdenes > $100 y dentro de límites de riesgo.
[2025-09-05T15:32:09.001Z] 🧠 Paso 3: Ejecutar buys: buy ETH 0.1863, buy MATIC 716.09. Si alguna orden falla, bajar tamaño y reintentar.
[2025-09-05T15:32:09.001Z] 🧠 Paso 4: Después de ejecución, evaluar nuevo portafolio y net worth.
[2025-09-05T15:32:24.731Z] 💰 Balance leído desde broker simulator: $1000
[2025-09-05T15:32:37.425Z] 🧠 Paso 1: Todas las órdenes de mercado (ventas y compras) enviadas en esta ejecución han fallado con error 400 Bad Request del broker. Posibles causas: tickers no soportados, parámetros de orden inválidos, o problema temporal del API.
[2025-09-05T15:32:37.425Z] 🧠 Paso 2: Dado que no se pudo ejecutar ninguna operación, la acción inmediata es registrar el intento, no forzar más órdenes y monitorizar: reintentar más tarde o reportar el error a soporte del broker.
[2025-09-05T15:32:37.425Z] 🧠 Paso 3: Mantener el plan estratégico: reducir exposición excesiva en BTC con ventas parciales cuando el broker esté disponible; usar efectivo para comprar altcoins momentum (ANKR/PYTH) si el broker soporta esos tickers; si no, optar por ETH/MATIC/SOL según liquidez.
[2025-09-05T15:32:37.426Z] 🧠 Paso 4: Próximos pasos en la siguiente ejecución (cada 2 horas): 1) volver a verificar estado del broker/API; 2) si API resume, ejecutar la venta parcial de BTC propuesta ($5k-$10k) y diversificar; 3) alternativamente, usar efectivo actual para compras pequeñas y respetar límites (mín $100 por trade, no arriesgar >20% del portafolio por trade).
[2025-09-05T15:32:37.426Z] 🧠 Paso 5: Comunicar al usuario: presento el estado actual del portafolio, análisis de mercado (motores y noticias), las operaciones propuestas y que los intentos de ejecución fallaron por un error del broker. Solicitar confirmación si desea reintentar inmediatamente o ajustar la estrategia.
[2025-09-05T15:33:06.348Z] 🎉 Agent finished: Resumen ejecutivo (en español):

1) Estado del portafolio (resultado de la consulta)
- Cash disponible: $1,000
- Net worth total: $296,700.88
  - Efectivo: $1,000
  - Holdings: $295,700.88
- Principales posiciones (precios actuales y valor aproximado):
  - BTC: 2.417947 · $110,887 ≈ $268,120 (≈ 90% del portafolio)
  - ETH: 2.873942 · $4,295.43 ≈ $12,340
  - SOL: 68.93 · $204.15 ≈ $14,070
  - LINK: 46.39 · $22.36 ≈ $1,037
  - MATIC: 165.84 · $0.2794 ≈ $46
  - ADA: 209.38 · $0.826782 ≈ $173
  - DOT: 31.01 · $3.82 ≈ $119
- Nota: BTC constituye la mayor parte del portafolio; esto implica una concentración de riesgo alta.

2) Análisis de mercado (hallazgos rápidos)
- Precios actuales consultados hoy:
  - BTC $110,887
  - ETH $4,295.43
  - SOL $204.15
  - MATIC $0.2794
  - ADA $0.826782
  - LINK $22.36
  - DOT $3.82
- Movers 24h (ejemplos detectados 05-Sep-2025 en exchanges):
  - ANKR +41.5% (Binance), PYTH +49.8% (Coinbase), NEON +33.9% (Coinbase), varios tokens pequeños subiendo fuerte.
- Sentimiento: Crypto Fear & Greed Index ≈ 48–49 (Neutral).
- Noticias relevantes: señales de avance en regulación/claridad en EE. UU. (SEC/CFTC), y refuerzos de custodia institucional — impulsos positivos para BTC y mercado en general.

3) Evaluación de riesgo y reglas aplicadas
- Tamaño máximo por “riesgo” indicado por reglas: 20% del portafolio ≈ $59,340. (Usar esto para dimensionar nuevas posiciones).
- Umbral stop-loss para posiciones >10% del portafolio: 10% ≈ $29,670. BTC excede ampliamente esto → idealmente aplicar medidas de gestión (reducir exposición o establecer stop-loss) — la API actual no permite crear órdenes stop desde aquí, por lo que la vía es vender parcial y/o monitorizar.
- Regla mínima por operación: > $100. Cumplido en las propuestas.
- No poner todo el capital en una sola moneda: actualmente violado (concentración en BTC). Rebalance recomendado.

4) Acciones propuestas (estrategia)
- Objetivo: diversificar parcialmente y aprovechar momentum en altcoins manteniendo liquidez.
- Propuesta concreta (si el broker/API lo permite):
  1) Vender parcialmente BTC para reducir concentración. Ejemplos:
     - Opción conservadora: vender $5,000 en BTC (≈ 0.04508 BTC a $110,887) — cristalizar ganancias y disponer de efectivo.
     - Opción más agresiva: vender $10,000 en BTC (≈ 0.09017 BTC).
     - Meta final: reducir gradualmente la exposición hasta un rango objetivo (por ejemplo 20% del portafolio), en órdenes escalonadas para evitar slippage.
  2) Usar parte del efectivo liberado para comprar altcoins con momentum y liquidez (posibles candidatos detectados hoy: ANKR, PYTH; si no están disponibles, preferir ETH, SOL, MATIC).
     - Ejemplo de asignación tras vender $10k: mantener reserva $1,500 y asignar ~$8,500 en compras (p. ej. $5,100 ANKR, $3,400 PYTH) — ajustar según disponibilidad del broker.
  3) Si no queremos vender, alternativa: usar el cash disponible actual ($1,000) para comprar altcoins líquidos y con momentum (ETH/MATIC o aumentar posiciones existentes) respetando $100 mínimo.
  4) Implementar stop-losses o alertas en cualquier posición que supere 10% del portafolio (si el broker no soporta stops desde aquí, configurar alertas y órdenes manuales en exchange).

5) Ejecución hoy: intentos y resultados
- Intentos de operación en esta ejecución:
  - Intenté vender BTC por ≈ $10,000 (0.090166 BTC) → fallo del broker (Error 400 Bad Request).
  - Reintenté venta parcial más pequeña (0.04508 BTC) → fallo (400).
  - Cambié de plan para usar cash ($1,000) para comprar altcoins (ANKR y PYTH): obtuve precios ANKR $0.01469203 y PYTH $0.16 y calculé cantidades (≈ 40,840 ANKR y 2,500 PYTH) → intenté comprar → ambos buys fallaron (400).
  - Reintento con activos soportados (ETH, MATIC) también falló (400). Resultado: ninguna orden pudo ejecutarse por errores del broker/API.
- Conclusión operativa: no se pudo ejecutar ninguna operación en esta ventana debido a errores 400 del broker. No se realizaron cambios en el portafolio (las posiciones siguen igual que al inicio).

6) Plan de contingencia y próximos pasos
- No forzar más órdenes ahora. Sugerencias:
  1) Reintentar en la siguiente ejecución automática (cada 2 horas), tras verificar si el broker API vuelve operativa.
  2) Si necesita acción inmediata, puedo intentar reintentar ahora mismo (con su confirmación) o intentar órdenes más pequeñas o tickers distintos.
  3) Si persiste el error 400, comunicar al soporte del broker (posible problema de compatibilidad de ticker o de formato de orden).
  4) Cuando el broker esté disponible, priorizar:
     - Venta parcial escalonada de BTC (ej. $5k ahora, $5k después) para reducir concentración.
     - Compra de altcoins momentum (ANKR/PYTH) si están soportadas; si no, ETH/MATIC/SOL como alternativa líquida.
     - Establecer alertas/stop-loss manuales para posiciones que superen 10% del portafolio.
- Solicito confirmación: ¿Desea que intente reintentar las órdenes ahora, que espere a la próxima ejecución automática, o que aplique otra estrategia (por ejemplo, no vender y solo usar $1,000 de cash cuando la API funcione)?

7) Registro de cumplimiento de reglas
- He respetado las reglas de análisis (revisión de portafolio, búsqueda de mercado, propuesta de trades dentro de límites).
- Intentos de ejecución respetaron el mínimo $100 y límite de riesgo (no planeé órdenes que excedieran 20% del portafolio).
- No se ha ejecutado ninguna orden por error del broker, por lo tanto no hay trades realizados que registrar aparte de los intentos fallidos.

Si quiere, procedo con una de estas opciones (indique en español):
- Reintentar inmediatamente la venta parcial de BTC por $5,000 (o $10,000).
- Reintentar comprar con el cash $1,000 (indicar activos preferidos: ANKR/PYTH, o ETH/MATIC).
- Esperar y reintentar en la próxima ejecución automática (en 2 horas).
- Cambiar objetivo (por ejemplo, solo monitorizar y no operar).

Estoy listo para ejecutar su instrucción.
[2025-09-05T15:33:06.349Z] 📱 Enviando mensaje a WhatsApp via Twilio: +573127815978
[2025-09-05T15:33:06.680Z] ❌ Error en sendWhatsAppMessage: Error: Twilio could not find a Channel with the specified From address
[2025-09-05T15:33:07.121Z] 💰 Balance leído desde broker simulator: $1000
[2025-09-05T15:33:07.466Z] 📖 100 trades leídos desde Supabase
[2025-09-05T15:35:31.232Z] 📝 Updated README with portfolio value: $296841.88
