[2025-09-04T23:22:58.088Z] Starting agent
[2025-09-04T23:23:05.062Z] 🧠 1) Objetivo: multiplicar 1,000 USD inicial mediante operaciones cripto, con reglas de riesgo y límites de tamaño por operación.
[2025-09-04T23:23:05.062Z] 🧠 2) Primero revisar el estado actual del portafolio (efectivo, tenencias, historial) para saber capital disponible y posicionamiento.
[2025-09-04T23:23:05.062Z] 🧠 3) Evaluar net worth y porcentaje de ganancia/perdida desde inicio.
[2025-09-04T23:23:05.063Z] 🧠 4) Buscar oportunidades en el mercado: revisar precios y volumen de monedas líquidas (BTC, ETH, SOL, MATIC, ADA, AVAX) y noticias recientes que puedan impactar.
[2025-09-04T23:23:05.063Z] 🧠 5) Determinar si es necesario vender posiciones con bajo rendimiento o reequilibrar según reglas (no arriesgar >20% en una operación, stop-loss para posiciones >10% portafolio).
[2025-09-04T23:23:05.063Z] 🧠 6) Si hay señal de compra, calcular tamaño de la orden asegurando mínimo $100 por trade y respetando límite del 20% del portafolio.
[2025-09-04T23:23:05.063Z] 🧠 7) Ejecutar operaciones (buy/sell) si cumplen criterios y registrar la decisión y niveles de stop-loss y take-profit.
[2025-09-04T23:23:05.063Z] 🧠 8) Después de cada herramienta llamada, volveré a usar think para procesar resultados y planear los siguientes pasos.
[2025-09-04T23:23:05.063Z] 🧠 9) Todo el proceso será comunicado en español y cumpliré las reglas de trading.
[2025-09-04T23:23:11.522Z] 💰 Balance leído desde broker simulator: $1000
[2025-09-04T23:23:12.097Z] 📖 100 trades leídos desde Supabase
[2025-09-04T23:23:12.098Z] 💹 Fetched portfolio: $1000
[2025-09-04T23:23:24.464Z] 🧠 1) Recibí el portafolio: efectivo $1000 y múltiples posiciones en BTC, ETH, SOL, MATIC, ADA, LINK, DOT, XRP, ZORA, etc.
[2025-09-04T23:23:24.464Z] 🧠 2) Necesito conocer el valor neto total (net worth) para calcular límites de riesgo (20% por operación, stop-loss para posiciones >10% del portafolio).
[2025-09-04T23:23:24.464Z] 🧠 3) Plan: pedir get_net_worth para conocer valor total y retorno desde los $1,000 iniciales.
[2025-09-04T23:23:24.464Z] 🧠 4) Luego revisar precios actuales de los principales cripto (BTC, ETH, SOL, MATIC, ADA, LINK) y volumen para detectar oportunidades.
[2025-09-04T23:23:24.465Z] 🧠 5) Considerar vender posiciones perdedoras o reequilibrar si una posición excede límites de exposición; nunca arriesgar más del 20% del portafolio en una sola operación y cada operación debe ser >= $100.
[2025-09-04T23:23:24.465Z] 🧠 6) Después de obtener net worth procederé con análisis de mercado (web_search y get_crypto_price) y decidir compras/ventas.
[2025-09-04T23:23:24.465Z] 🧠 7) Ejecutaré solo operaciones que cumplan las reglas y calcularé tamaño, stop-loss y take-profit.
[2025-09-04T23:23:26.832Z] 💰 Balance leído desde broker simulator: $1000
[2025-09-04T23:23:27.189Z] 📖 100 trades leídos desde Supabase
[2025-09-04T23:26:15.973Z] 💰 Balance leído desde broker simulator: $1000
[2025-09-04T23:26:16.434Z] 📖 100 trades leídos desde Supabase
[2025-09-04T23:29:11.635Z] 💰 Current net worth: $298278.49 (88,240,262,395,114,750,000,000,000,000,000,000,000,000,000,000,000,000,000,000,000,000,000,000,000,000,000,000,000,000.00% annualized return)
[2025-09-04T23:29:16.319Z] 🧠 1) Con un net worth de $298,278.49, los límites de riesgo: máximo 20% por operación = $59,655.698; stop-loss obligatorio si posición >10% del portafolio (> $29,827.85).
[2025-09-04T23:29:16.319Z] 🧠 2) Mantener efectivo disponible $1,000 para oportunidades; considerar que no debemos arriesgar más de 20% en una sola operación.
[2025-09-04T23:29:16.319Z] 🧠 3) Próximo paso: buscar noticias y top movers en el mercado cripto para identificar oportunidades de compra/venta hoy 2025-09-04.
[2025-09-04T23:29:16.319Z] 🧠 4) También recolectar precios actuales de criptos líquidas (BTC, ETH, SOL, MATIC, ADA, LINK) para evaluar entrada/salida.
[2025-09-04T23:29:16.319Z] 🧠 5) Ejecutaré una búsqueda web para noticias y, en paralelo, obtendré precios actuales de las principales monedas.
[2025-09-04T23:29:18.937Z] 🔍 Searching the web for: September 4 2025 crypto market news top movers BTC ETH SOL MATIC ADA LINK 24h volume exchange listings regulatory news
[2025-09-04T23:29:18.937Z] 🔍 Searching the web for: September 4 2025 crypto market news top movers BTC ETH SOL MATIC ADA LINK 24h volume exchange listings regulatory news
[2025-09-04T23:29:25.831Z] 🔖 Searched for crypto price for ADA: $0.814563
[2025-09-04T23:29:27.402Z] 🔖 Searched for crypto price for SOL: $204.24
[2025-09-04T23:29:29.394Z] 🔖 Searched for crypto price for LINK: $22.5
[2025-09-04T23:29:29.751Z] 🔖 Searched for crypto price for ETH: $4337.28
[2025-09-04T23:29:31.241Z] 🔖 Searched for crypto price for MATIC: $0.281432
[2025-09-04T23:29:32.600Z] 🔖 Searched for crypto price for BTC: $111257
[2025-09-04T23:30:09.879Z] 🧠 1) Decidido: usar el efectivo $1,000 para abrir dos posiciones diversificadas: ETH (mayor momentum) y MATIC (alto apalancamiento con pequeña cantidad).
[2025-09-04T23:30:09.879Z] 🧠 2) Distribución propuesta: $600 en ETH y $400 en MATIC. Cumple regla de mínimo $100 por trade y no supera 20% del portafolio.
[2025-09-04T23:30:09.879Z] 🧠 3) Calcular cantidades con los precios actuales: ETH $4,337.28 -> 600 / 4337.28 ≈ 0.13845 ETH. MATIC $0.281432 -> 400 / 0.281432 ≈ 1,421.897 MATIC.
[2025-09-04T23:30:09.879Z] 🧠 4) Stop-loss y objetivos: aunque no exceden 10% del portafolio (no obligatorio), estableceré stop-loss internos por gestión de riesgo: ETH SL = -6% (~$4,076), objetivo TP inicial +8% (~$4,684). MATIC SL = -8% (~$0.259), TP +12% (~$0.315).
[2025-09-04T23:30:09.879Z] 🧠 5) Plan de ejecución: ejecutar compras ahora por los montos calculados, registrar operaciones y continuar monitoreo cada 2 horas.
[2025-09-04T23:30:09.879Z] 🧠 6) Proceder a ejecutar las dos órdenes en paralelo.
[2025-09-04T23:30:21.118Z] 💰 Balance leído desde broker simulator: $1000
[2025-09-04T23:30:29.251Z] 💰 Balance leído desde broker simulator: $1000
[2025-09-04T23:30:36.180Z] 🧠 1) Las órdenes buy fallaron con error 400 del broker; puede ser error temporal o formato de cantidad no aceptado.
[2025-09-04T23:30:36.180Z] 🧠 2) Próximo paso: reintentar una orden simple primero (ETH) con cantidad redondeada a 5 decimales para asegurar compatibilidad.
[2025-09-04T23:30:36.180Z] 🧠 3) Si ETH compra tiene éxito, procederé con la compra de MATIC con cantidad redondeada a 2 decimales o más apropiada.
[2025-09-04T23:30:36.180Z] 🧠 4) Mantener la misma asignación aproximada ($600 ETH, $400 MATIC).
[2025-09-04T23:30:36.181Z] 🧠 5) Registrar cualquier nuevo error y, si persisten, posponer operaciones y conservar cash hasta resolver problema del broker.
[2025-09-04T23:30:49.711Z] 💰 Balance leído desde broker simulator: $1000
[2025-09-04T23:31:04.118Z] 🎉 Agent finished: Resumen rápido (ejecución: 2025-09-04 23:22:58):
- Patrimonio neto total (net worth): $298,278.49
  - Efectivo disponible: $1,000.00
  - Valor en tenencias: $297,278.49
- Estado: varias posiciones en BTC, ETH, SOL, MATIC, ADA, LINK, DOT, XRP, ZORA, etc.
- Objetivo: multiplicar el capital inicial (histórico: ya muy por encima del $1,000). Mantener gestión de riesgo: no arriesgar >20% del portafolio en una sola operación; mínimo por operación $100.

Análisis de mercado (búsqueda y precios actuales tomados hoy 2025-09-04):
- Noticias relevantes: la agenda regulatoria de la SEC en EE. UU. mostró propuestas para revisar reglas sobre activos digitales (potencial impacto de corto plazo en volatilidad).  
- Snapshot de mercado: volumen 24h ~ $124B. ETH mostrando fortaleza relativa hoy; BTC y SOL algo a la baja.
- Precios actuales consultados:
  - BTC ≈ $111,257
  - ETH ≈ $4,337.28
  - SOL ≈ $204.24
  - MATIC ≈ $0.281432
  - ADA ≈ $0.814563
  - LINK ≈ $22.50

Plan de trading propuesto (antes de ejecución):
- Con $1,000 cash decidí diversificar en dos entradas pequeñas:
  - Comprar ETH por ≈ $600 → cantidad ≈ 0.13845 ETH (600 / 4,337.28).
  - Comprar MATIC por ≈ $400 → cantidad ≈ 1,421.897 MATIC (400 / 0.281432).
- Cumplen reglas: cada orden ≥ $100 y tamaño << 20% del portafolio total.
- Stop-loss / objetivos sugeridos (gestión de riesgo):
  - ETH: SL sugerido ~ -6% (~$4,076), TP inicial +8% (~$4,684).
  - MATIC: SL sugerido ~ -8% (~$0.259), TP inicial +12% (~$0.315).
  - Nota: las reglas del sistema requieren SL para posiciones >10% del portafolio (no aplica aquí), pero recomiendo usar SL incluso en posiciones pequeñas para control de riesgo.

Acciones ejecutadas y resultado:
- Intenté ejecutar las compras programadas (ETH y MATIC).
  - Orden intentada 1: comprar 0.13845 ETH (≈ $600) — ERROR del broker: 400 Bad Request.
  - Orden intentada 2: comprar 1,421.897 MATIC (≈ $400) — ERROR del broker: 400 Bad Request.
- Resultado: no se ejecutaron las compras. Efectivo permanece en $1,000; no hubo cambios en el portafolio.

Diagnóstico y próximos pasos recomendados:
1) El error 400 Bad Request parece provenir de la API del broker (puede ser formato de orden, validación temporal o disponibilidad del endpoint). Recomendaciones:
   - Reintentar las órdenes en breve (5–15 minutos). A veces son errores transitorios.
   - Si persiste el error, reintentar con cantidades redondeadas (por ejemplo 0.1384 ETH / 1,421.89 MATIC) o con importes ligeramente distintos para probar (p. ej. $550/$450).
   - Si sigue fallando, contactar soporte del broker o usar otro exchange/flujo si está disponible.
2) Mantener vigilancia del mercado y las noticias regulatorias de la SEC; esa clase de anuncios puede incrementar la volatilidad a corto plazo.
3) Si quieres, puedo:
   - Reintentar las compras ahora (intento inmediato).
   - Ajustar la distribución (p. ej., ETH 70% / LINK 30% o una única compra en ETH).
   - Esperar 1 ciclo (2 horas) y volver a analizar señales técnicas (RSI/MACD) antes de entrar.
4) Registro y cumplimiento: guardé las decisiones y los niveles sugeridos de SL/TP; no se violaron reglas de tamaño/porcentaje.

¿Quieres que reintente ejecutar las órdenes ahora (volver a intentar ETH y MATIC) o prefieres otra distribución/esperar a resolver el error del broker? Indícame cómo proceder y lo ejecuto.
[2025-09-04T23:31:04.118Z] 📱 Enviando mensaje a WhatsApp via Twilio: +573127815978
[2025-09-04T23:31:04.555Z] ❌ Error en sendWhatsAppMessage: Error: Twilio could not find a Channel with the specified From address
[2025-09-04T23:31:05.790Z] 💰 Balance leído desde broker simulator: $1000
[2025-09-04T23:31:06.270Z] 📖 100 trades leídos desde Supabase
[2025-09-04T23:33:17.652Z] 📝 Updated README with portfolio value: $297786.38
