[2025-08-20T23:05:19.485Z] Starting agent
[2025-08-20T23:05:28.283Z] 🧠 1. Objetivo: multiplicar $1,000 inicial. En este ciclo (8/20/2025 23:05:19) debo revisar portafolio, analizar el mercado y ejecutar operaciones si hay oportunidades que cumplan las reglas.
2. Comenzaré revisando el estado actual del portafolio para conocer efectivo disponible y posiciones abiertas.
3. Luego buscaré noticias/movimiento de mercado para identificar candidatos con momentum o noticias positivas.
4. Para cualquier ticker potencial, comprobaré precio actual y liquidez. No compraré acciones por debajo de $5/acción ni ejecutaré transacciones cuyo valor total sea < $100.
5. Evaluaré riesgo y decidiré comprar/vender manteniendo efectivo de reserva y diversificación.
6. Después de cada herramienta usaré think de nuevo para procesar resultados y planificar siguiente paso.
7. Procederé a obtener el portafolio ahora.
[2025-08-20T23:05:30.210Z] 💰 Balance leído desde Supabase: $31.84
[2025-08-20T23:05:30.351Z] 📖 98 trades leídos desde Supabase
[2025-08-20T23:05:30.351Z] 💹 Fetched portfolio: $31.84
[2025-08-20T23:05:40.186Z] 🧠 1. Para decidir ventas rápidas necesito conocer precios actuales de las posiciones pequeñas: AMAT, ARM, INTC, TJX y ENPH.
2. Ejecutaré consultas de precio en paralelo para ahorrar tiempo.
3. Con esos precios evaluaré qué venta(s) generan al menos $100 y mantienen diversificación/objetivos.
4. Procederé a obtener precios actuales de AMAT, ARM, INTC, TJX y ENPH.
[2025-08-20T23:05:43.117Z] 🔖 Searched for stock price for ARM: $131.16
[2025-08-20T23:05:43.118Z] 🔖 Searched for stock price for ENPH: $35.68
[2025-08-20T23:05:43.137Z] 🔖 Searched for stock price for AMAT: $160.96
[2025-08-20T23:05:43.147Z] 🔖 Searched for stock price for INTC: $23.54
[2025-08-20T23:05:43.176Z] 🔖 Searched for stock price for TJX: $138.27
[2025-08-20T23:05:52.898Z] 🧠 1. Evaluación: con efectivo $31.84 no puedo abrir nuevas posiciones (mínimo $100 por transacción). Posibles ventas que cumplen el umbral: AMAT (1 share @ $160.96), ARM (1 @ $131.16), TJX (1 @ $138.27), o vender >=3 shares ENPH (@$35.68) para superar $100.
2. Preferencia: vender 1 acción de AMAT ($160.96) porque conserva ENPH (posición principal) y libera suficiente efectivo (~$192.80 total) para oportunidades intradiarias.
3. Riesgo: conservar exposición a energía renovable (ENPH) que ha mostrado momentum; AMAT es buena venta temporal.
4. Decisión: vender 1 acción de AMAT. Procederé a ejecutar la orden de venta de 1 acción AMAT.
[2025-08-20T23:05:54.726Z] 💰 Balance leído desde Supabase: $31.84
[2025-08-20T23:05:54.846Z] 📖 98 trades leídos desde Supabase
[2025-08-20T23:05:55.090Z] 💾 Trade guardado en Supabase: 230
[2025-08-20T23:05:55.190Z] 💾 Trade guardado en Supabase: 196
[2025-08-20T23:06:01.415Z] 🧠 1. Resultado de la venta: vendí 1 AMAT por $160.96; efectivo disponible ahora $192.8.
2. Próximo paso: buscar oportunidades del mercado que cumplan criterios (momentum, noticias positivas, técnicamente rompimiento) y cuyo precio por acción sea >= $5 y que pueda comprar con al menos $100 por transacción.
3. Usaré una búsqueda web para identificar los mayores ganadores/rompedores del día y noticias relevantes en este horario (20 de agosto de 2025, after-hours/night session).
4. Consultaré listados de 'top gainers' y 'after-hours movers' y noticias de empresas tecnológicas y energía renovable.
[2025-08-20T23:06:02.870Z] 🔍 Searching the web for: August 20 2025 after hours top gainers stocks momentum news 'after-hours movers' 'top gainers' Aug 20 2025 US market
[2025-08-20T23:06:02.870Z] 🔍 Searching the web for: August 20 2025 after hours top gainers stocks momentum news 'after-hours movers' 'top gainers' Aug 20 2025 US market
[2025-08-20T23:06:55.930Z] 🧠 1. Con $192.8 quiero comprar una o dos posiciones que puedan ofrecer movimiento intradiario/overnight. Necesito confirmar precios actuales de candidatos: APPN, NVDA, AMD, QCOM y MRVL para evaluar cantidades posibles.
2. Voy a solicitar precios actuales en paralelo para esos tickers.
3. Luego decidiré compra(s) que cumplan reglas (precio por acción >= $5 y valor total >= $100).
[2025-08-20T23:06:58.209Z] 🔖 Searched for stock price for APPN: $28.99
[2025-08-20T23:06:58.209Z] 🔖 Searched for stock price for AMD: $165.2
[2025-08-20T23:06:58.220Z] 🔖 Searched for stock price for MRVL: $71.22
[2025-08-20T23:06:58.231Z] 🔖 Searched for stock price for NVDA: $175.4
[2025-08-20T23:06:58.240Z] 🔖 Searched for stock price for QCOM: $155.44
[2025-08-20T23:07:16.645Z] 🧠 1. Opciones evaluadas: NVDA (1 @175.4), AMD (1 @165.2), QCOM (1 @155.44), MRVL (2 @71.22 = 142.44), APPN (6 @28.99 = 173.94).
2. Decisión: comprar MRVL 2 acciones por $142.44. Justificación: diversificación frente a mantener todo en una sola acción cara; MRVL es líquida y permite dejar efectivo de reserva (~$50) para futuras oportunidades o stops.
3. La compra cumple reglas: precio por acción > $5 y total > $100.
4. Ejecutaré orden de compra de 2 acciones MRVL.
[2025-08-20T23:07:20.806Z] 💰 Balance leído desde Supabase: $192.8
[2025-08-20T23:07:20.953Z] 📖 99 trades leídos desde Supabase
[2025-08-20T23:07:21.031Z] 💾 Trade guardado en Supabase: 231
[2025-08-20T23:07:21.086Z] 💾 Trade guardado en Supabase: 197
[2025-08-20T23:07:26.384Z] 🧠 1. Resultado de la compra: adquirí 2 MRVL a $71.22 (total $142.44). Efectivo restante $50.36.
2. Próximo paso: consultar valor neto actual para rastrear progreso hacia objetivo de multiplicar $1,000.
3. Después de obtener net worth resumiré las acciones y plan para el próximo ciclo.
[2025-08-20T23:07:27.749Z] 💰 Balance leído desde Supabase: $50.36
[2025-08-20T23:07:27.819Z] 📖 100 trades leídos desde Supabase
[2025-08-20T23:07:28.272Z] 💰 Balance leído desde Supabase: $50.36
[2025-08-20T23:07:28.340Z] 📖 100 trades leídos desde Supabase
[2025-08-20T23:07:28.389Z] 💰 Current net worth: $1093.68 (N/A% annualized return)
[2025-08-20T23:07:41.428Z] 🧠 1. Resultado net worth: $1,093.68 total, efectivo $50.36, holdings $1,043.32 — progreso positivo (+$93.68 desde $1,000).
2. Estado actual: posiciones clave ENPH (17), MRVL (2), y pequeñas posiciones ARM, INTC, TJX y criptomoneda ETH. AMAT fue vendida para liberar efectivo.
3. Plan inmediato: monitorear MRVL y ENPH en after-hours/tomorrow premarket; mantener reserva de efectivo ($50.36) para oportunidades futuras; evitar abrir nuevas posiciones hasta tener >$100 o vender activos que cumplan umbral.
4. Próxima acción en el siguiente ciclo (dentro de 2 horas): revisar noticias, precios, y considerar ventas parciales o nuevas compras que cumplan las reglas y mejoren la diversificación/ganancias.
[2025-08-20T23:07:50.814Z] 🎉 Agent finished: Resumen de la ejecución y estado (8/20/2025 23:05:19):

Acciones realizadas (esta sesión):
- Venta: AMAT — vendí 1 acción a $160.96 por acción → ingreso $160.96. (Motivo: liberar efectivo sin liquidar la posición principal ENPH).
- Compra: MRVL — compré 2 acciones a $71.22 por acción → gasto $142.44. (Motivo: diversificar y mantener reserva de efectivo).

Estado actual del portafolio:
- Patrimonio neto: $1,093.68 (↑ $93.68 desde el capital inicial de $1,000).
- Efectivo disponible: $50.36
- Valor de las posiciones: $1,043.32
- Principales tenencias (post-operaciones): ENPH 17 acciones, MRVL 2 acciones, ARM 1, INTC 1, TJX 1, AMAT 0, ETH 0.033, etc.

Razonamiento y cumplimiento de reglas:
- Seguí el flujo obligatorio de pensamiento antes y después de cada acción (registro interno de razonamiento).
- No ejecuté transacciones por debajo del umbral mínimo ($100 por operación).
- No compré acciones con precio por acción < $5.
- Elegí vender 1 AMAT (valor suficiente por acción) para generar liquidez sin vender la posición en ENPH, que ha mostrado momentum.
- Compré MRVL (2 acciones) por $142.44 para mantener diversificación y dejar efectivo de reserva (~$50) para oportunidades futuras.

Plan a corto plazo:
- Monitorear MRVL y ENPH en after-hours y en el premarket de mañana.
- Mantener la reserva de efectivo ($50.36); no abrir nuevas posiciones hasta disponer de al menos $100 adicionales o hasta vender activos que alcancen el umbral mínimo de $100 por operación.
- Buscar oportunidades de momentum o noticias positivas; priorizar liquidez y gestión del riesgo.
- Re-evaluar en el próximo ciclo (cada ~2 horas) y actuar si surge una oportunidad que cumpla las reglas y mejore el objetivo de multiplicar el capital.

Si desea, puedo:
- Proveer una lista de tickers con mayor probabilidad de movimiento para la próxima sesión.
- Establecer criterios más agresivos/defensivos para compras y ventas.

¿Desea que busque candidatos concretos para la próxima compra (por ejemplo NVDA, APPN, AMD) o que mantenga la posición y espere?
[2025-08-20T23:07:50.814Z] 📱 Enviando mensaje a WhatsApp via Twilio: +573127815978
[2025-08-20T23:07:51.265Z] ✅ Mensaje enviado exitosamente: MMb88d223cf6bc0b056b22b995d4ac5c8b
[2025-08-20T23:07:51.335Z] 💰 Balance leído desde Supabase: $50.36
[2025-08-20T23:07:51.381Z] 📖 100 trades leídos desde Supabase
[2025-08-20T23:07:51.765Z] 📝 Updated README with portfolio value: $1093.68
