[2025-08-12T19:03:58.283Z] Starting agent
[2025-08-12T19:04:06.406Z] 🧠 Objetivo: multiplicar $1,000 inicial, revisar portafolio y buscar oportunidades el 12/08/2025 19:03:58.
[2025-08-12T19:04:06.406Z] 🧠 Paso 1: Obtener estado actual del portafolio (valor neto, efectivo disponible, posiciones, historial).
[2025-08-12T19:04:06.406Z] 🧠 Paso 2: Analizar noticias y movimientos de mercado para identificar acciones con momentum o noticias importantes.
[2025-08-12T19:04:06.407Z] 🧠 Paso 3: Verificar precios actuales de los candidatos (cumplir regla: precio por acción >= $5).
[2025-08-12T19:04:06.407Z] 🧠 Paso 5: Ejecutar órdenes que cumplan el umbral mínimo de $100 por transacción y restricciones de liquidez.
[2025-08-12T19:04:06.407Z] 🧠 Paso 4: Evaluar riesgo y tamaño de la posición — nunca poner todo el capital en una sola posición, mantener reserva de efectivo.
[2025-08-12T19:04:06.407Z] 🧠 Paso 6: Registrar decisiones y calcular nuevo net worth.
[2025-08-12T19:04:06.407Z] 🧠 Siguiente acción: consultar el portafolio para conocer efectivo disponible y posiciones actuales.
[2025-08-12T19:04:08.351Z] 💰 Balance leído desde Supabase: $16.96
[2025-08-12T19:04:08.520Z] 📖 44 trades leídos desde Supabase
[2025-08-12T19:04:08.520Z] 💹 Fetched portfolio: $16.96
[2025-08-12T19:04:17.322Z] 🧠 Interpretación del portafolio: efectivo sólo $16.96, posiciones: ENPH 11, MSFT 1, ACMR 9, pequeña posición en ETH 0.033.
[2025-08-12T19:04:17.322Z] 🧠 Conclusión inmediata: No hay suficiente efectivo para nuevas compras que superen $100. Necesito vender parte de las posiciones para generar capital si deseo abrir nuevas operaciones.
[2025-08-12T19:04:17.322Z] 🧠 Decidir qué vender: Priorizar vender posiciones con menor convicción o mayor rotación en historial (ACMR tiene muchas transacciones y es de bajo precio -> candidato a venta). También evaluar ENPH y MSFT por liquidez/volatilidad.
[2025-08-12T19:04:17.322Z] 🧠 Siguiente acción: investigar precios actuales y noticias relevantes (ENPH, MSFT, ACMR, NVDA como comparativa) y revisar liquidez y momentum. Usar web_search para resumen de mercado y noticias del día.
[2025-08-12T19:04:19.461Z] 🔍 Searching the web for: market movers Aug 12 2025 top gainers US stocks ENPH MSFT ACMR news Aug 12 2025 semiconductor AI Nvidia earnings news 'Aug 12 2025' 'market movers'
[2025-08-12T19:04:31.268Z] 🧠 Procesar resultados de la búsqueda: ENPH ~$33.29, MSFT ~$529.14, ACMR ~$24.95, NVDA ~$183.11; sentimiento mixto por noticias sobre China y chips.
[2025-08-12T19:04:31.268Z] 🧠 Objetivo: confirmar precios actuales mediante get_stock_price para precisión antes de vender o comprar.
[2025-08-12T19:04:31.268Z] 🧠 Decidir tickers para verificar: ENPH, MSFT, ACMR, NVDA (contexto).
[2025-08-12T19:04:31.268Z] 🧠 Siguiente acción: obtener precios en tiempo real de ENPH, MSFT y ACMR (y NVDA para referencia).
[2025-08-12T19:04:33.725Z] 🔖 Searched for stock price for ACMR: $25.01
[2025-08-12T19:04:33.755Z] 🔖 Searched for stock price for ENPH: $33.26
[2025-08-12T19:04:33.761Z] 🔖 Searched for stock price for MSFT: $529.7
[2025-08-12T19:04:33.766Z] 🔖 Searched for stock price for NVDA: $183.015
[2025-08-12T19:04:48.551Z] 🧠 He calculado valor aproximado de posiciones con precios actuales: ENPH 11*33.26=365.86, MSFT 1*529.7=529.7, ACMR 9*25.01=225.09; efectivo 16.96 -> net worth ~1,137.
[2025-08-12T19:04:48.552Z] 🧠 Problema: efectivo insuficiente para nuevas compras. Estrategia: vender MSFT (1 acción) para liberar capital significativo (~$529) sin fragmentar posiciones; MSFT tiene buena liquidez y gana modestamente hoy.
[2025-08-12T19:04:48.552Z] 🧠 Con el efectivo resultante (~$546.66 incluyendo el cash actual) planeo comprar dos posiciones de impulso: NVDA 2 acciones (~$366) y ENPH 5 acciones (~$166). Ambas compras cumplen la regla mínima de $100 por transacción y precio por acción > $5.
[2025-08-12T19:04:48.552Z] 🧠 Riesgo: Después de estas operaciones la exposición quedaría distribuida entre ENPH (subirá a ~16 acciones), NVDA (2 acciones) y ACMR (9 acciones). No se pone todo en un solo ticker; manteneré pequeña reserva (~$14) como colchón.
[2025-08-12T19:04:48.552Z] 🧠 Siguiente acción: ejecutar venta MSFT 1 acción.
[2025-08-12T19:04:50.194Z] 💰 Balance leído desde Supabase: $16.96
[2025-08-12T19:04:50.302Z] 📖 44 trades leídos desde Supabase
[2025-08-12T19:04:50.552Z] 💾 Trade guardado en Supabase: 118
[2025-08-12T19:04:50.636Z] 💾 Trade guardado en Supabase: 84
[2025-08-12T19:04:55.714Z] 🧠 Procesar resultado de venta: efectivo ahora $546.63.
[2025-08-12T19:04:55.714Z] 🧠 Plan de ejecución de compras acordado: 1) comprar NVDA 2 acciones (~$366.03), 2) comprar ENPH 5 acciones (~$166.3). Ambas cumplen umbral mínimo y dejan reserva de efectivo pequeña.
[2025-08-12T19:04:55.714Z] 🧠 Verificar que tras ambas compras el efectivo restante será ~ $14.3, lo cual mantiene un colchón pequeño. Confirmar orden de compra: primero NVDA, luego ENPH.
[2025-08-12T19:04:55.714Z] 🧠 Siguiente acción: ejecutar compra NVDA 2 acciones.
[2025-08-12T19:04:57.510Z] 💰 Balance leído desde Supabase: $546.63
[2025-08-12T19:04:57.669Z] 📖 45 trades leídos desde Supabase
[2025-08-12T19:04:57.759Z] 💾 Trade guardado en Supabase: 119
[2025-08-12T19:04:57.861Z] 💾 Trade guardado en Supabase: 85
[2025-08-12T19:05:00.708Z] 🧠 Compra NVDA completada: pagado $365.99, efectivo restante $180.64.
[2025-08-12T19:05:00.708Z] 🧠 Siguiente orden: comprar ENPH 5 acciones a ~33.26 cada una (estimado total ~$166.3), manteniendo el requisito mínimo por transacción.
[2025-08-12T19:05:00.709Z] 🧠 Riesgo/chequeo: Tras la compra quedaría efectivo ~ $14.34. Aceptable como colchón. Ejecutar compra ENPH 5 acciones.
[2025-08-12T19:05:00.709Z] 🧠 Siguiente acción: ejecutar compra ENPH 5 acciones.
[2025-08-12T19:05:02.270Z] 💰 Balance leído desde Supabase: $180.64
[2025-08-12T19:05:02.360Z] 📖 46 trades leídos desde Supabase
[2025-08-12T19:05:02.490Z] 💾 Trade guardado en Supabase: 120
[2025-08-12T19:05:02.538Z] 💾 Trade guardado en Supabase: 86
[2025-08-12T19:05:05.285Z] 💰 Balance leído desde Supabase: $14.36
[2025-08-12T19:05:05.340Z] 📖 47 trades leídos desde Supabase
[2025-08-12T19:05:05.340Z] 💹 Fetched portfolio: $14.36
[2025-08-12T19:05:11.587Z] 🧠 Revisión final del portafolio: ENPH 16, NVDA 2, ACMR 9, ETH 0.033, efectivo $14.36. Necesito calcular net worth exacto con herramienta get_net_worth.
[2025-08-12T19:05:11.587Z] 🧠 Siguiente acción: solicitar get_net_worth para reportar valor total y rendimiento relativo al capital inicial.
[2025-08-12T19:05:13.235Z] 💰 Balance leído desde Supabase: $14.36
[2025-08-12T19:05:13.299Z] 📖 47 trades leídos desde Supabase
[2025-08-12T19:05:13.627Z] 💰 Balance leído desde Supabase: $14.36
[2025-08-12T19:05:13.746Z] 📖 47 trades leídos desde Supabase
[2025-08-12T19:05:13.778Z] 💰 Current net worth: $1138.69 (N/A% annualized return)
[2025-08-12T19:05:17.868Z] 🧠 Recibido net worth $1,138.69 (ganancia $138.69 sobre $1,000 inicial).
[2025-08-12T19:05:17.868Z] 🧠 Preparar resumen en español con: acciones realizadas (venta MSFT 1, compra NVDA 2, compra ENPH 5), razones, nueva cartera, efectivo, net worth, cumplimiento de reglas y próximos pasos.
[2025-08-12T19:05:17.868Z] 🧠 Finalizar y comunicar al usuario.
[2025-08-12T19:05:26.218Z] 🎉 Agent finished: Resumen de la corrida de trading (12/08/2025 — 19:03:58):

Acciones principales realizadas
- Venta: MSFT 1 acción vendida por $529.67 → generado $529.67 (operación > $100).
- Compra: NVDA 2 acciones compradas por $182.995 c/u → total $365.99 (operación > $100).
- Compra: ENPH 5 acciones compradas por $33.255 c/u → total $166.275 (operación > $100).

Razonamiento y proceso (resumen)
- Estado inicial: efectivo muy bajo ($16.96), por lo que no era posible abrir nuevas posiciones que cumplieran el umbral mínimo de $100 por transacción.
- Objetivo: liberar capital vendiendo una posición líquida y con buena ejecución (MSFT 1 acción) para aprovechar oportunidades con momentum en el sector de semiconductores/IA.
- Selección de compras: NVDA (impulso sectorial y liquidez) y ENPH (momentum en energía/renovables). Ambas cumplen la regla de precio por acción > $5.
- Gestión de riesgo: no se colocó todo el capital en una sola acción; tras operaciones la exposición quedó repartida entre ENPH, NVDA y ACMR. Se mantuvo un pequeño colchón de efectivo (~$14.36).

Estado actual del portafolio (inmediato)
- Efectivo: $14.36
- Posiciones:
  - ENPH: 16 acciones
  - NVDA: 2 acciones
  - ACMR: 9 acciones
  - ETH: 0.033 (pequeña posición)
- Net worth total: $1,138.69 (ganancia de $138.69 respecto a los $1,000 iniciales)

Cumplimiento de reglas
- Ninguna operación ejecutada por debajo del mínimo de $100.
- No se compraron acciones con precio por acción < $5.
- No se puso todo el capital en una única posición (exposición distribuida).
- Se priorizó liquidez al vender MSFT para obtener efectivo suficiente para compras significativas.

Próximos pasos / gestión
- Mantener vigilancia sobre noticias del sector semiconductores (p. ej. temas China-US relacionados con NVDA/AMD) y sobre ENPH (resultados/guías/volumen).
- Si ACMR muestra debilidad o no hay confirmación de momentum, considerar reducir posición para reciclar capital.
- Buscar oportunidades de corto plazo con volatilidad y volumen que cumplan las reglas de transacción (> $100 por trade) y precio mínimo.
- Intentar mantener un colchón de efectivo suficiente para reaccionar ante rupturas intradía; actualmente el colchón es pequeño (~$14), así que priorizar ventas selectivas si surge una oportunidad atractiva que requiera capital.

Si quieres, puedo:
- Monitorear en tiempo real y avisar si alguna posición alcanza un objetivo de ganancia o stop-loss (indica niveles objetivo).
- Intentar recolocar exposición hoy si prefieres ajustar riesgo/sector (por ejemplo reducir ACMR o ENPH y aumentar NVDA, o buscar otra idea).

¿Deseas que establezca objetivos concretos (take-profit / stop-loss) para NVDA/ENPH/ACMR o que busque otra oportunidad ahora?
[2025-08-12T19:05:26.219Z] 📱 Enviando mensaje a WhatsApp via Twilio: +573127815978
[2025-08-12T19:05:26.581Z] ✅ Mensaje enviado exitosamente: MM5d881f7c9ee1e43d355d05c08c398db8
[2025-08-12T19:05:26.678Z] 💰 Balance leído desde Supabase: $14.36
[2025-08-12T19:05:26.755Z] 📖 47 trades leídos desde Supabase
[2025-08-12T19:05:26.999Z] 📝 Updated README with portfolio value: $1138.91
