[2025-08-11T21:06:11.031Z] Starting agent
[2025-08-11T21:06:17.449Z] 🧠 Plan: Revisar el portafolio actual para conocer efectivo disponible y posiciones.
[2025-08-11T21:06:17.450Z] 🧠 Analizar mercado: buscar noticias y top movers para identificar oportunidades de momentum.
[2025-08-11T21:06:17.450Z] 🧠 Evaluar reglas: no ejecutar transacciones por debajo de $100, no comprar acciones < $5 por acción, mantener reserva de efectivo y diversificar.
[2025-08-11T21:06:17.450Z] 🧠 Acción siguiente: obtener estado del portafolio con get_portfolio para conocer net worth, efectivo y posiciones.
[2025-08-11T21:06:17.450Z] 🧠 Después de obtener portafolio, buscar tickers líquidos con momentum y precio ≥ $5 y calcular cantidades a comprar respetando umbral mínimo.
[2025-08-11T21:06:17.450Z] 🧠 Preparar evaluación de riesgo antes de ejecutar órdenes de compra/venta.
[2025-08-11T21:06:19.767Z] 💰 Balance leído desde Supabase: $11.47
[2025-08-11T21:06:19.967Z] 📖 34 trades leídos desde Supabase
[2025-08-11T21:06:19.968Z] 💹 Fetched portfolio: $11.47
[2025-08-11T21:06:24.834Z] 🧠 Procesar resultados del portafolio: efectivo es muy bajo ($11.47), múltiples posiciones mínimas (ACMR 9, ENPH 3, MSFT 1, SHOP 1, LUV 4, ETH 0.033).
[2025-08-11T21:06:24.835Z] 🧠 Necesito conocer el valor total (net worth) para decidir si vender alguna posición para generar capital usable.
[2025-08-11T21:06:24.835Z] 🧠 Siguiente paso: obtener net worth con get_net_worth.
[2025-08-11T21:06:24.835Z] 🧠 Después de net worth, buscar noticias y top movers para identificar acciones líquidas con precio ≥ $5 y volumen suficiente.
[2025-08-11T21:06:26.682Z] 💰 Balance leído desde Supabase: $11.47
[2025-08-11T21:06:26.938Z] 📖 34 trades leídos desde Supabase
[2025-08-11T21:06:27.714Z] 💰 Balance leído desde Supabase: $11.47
[2025-08-11T21:06:27.897Z] 📖 34 trades leídos desde Supabase
[2025-08-11T21:06:27.942Z] 💰 Current net worth: $1111.29 (N/A% annualized return)
[2025-08-11T21:06:33.591Z] 🧠 Resultado net worth: $1111.29; ganancia $111.29. Necesito liquidez para ejecutar compras (mínimo $100 por transacción).
[2025-08-11T21:06:33.591Z] 🧠 Plan: investigar precios actuales de nuestras posiciones para identificar qué vender para liberar al menos $200-$400 de efectivo (no poner todo).
[2025-08-11T21:06:33.591Z] 🧠 También buscar top movers y noticias para identificar usos del capital tras venta.
[2025-08-11T21:06:33.591Z] 🧠 Siguiente acción: usar web_search para obtener contexto del mercado y precios actuales de tickers relevantes (ACMR, ENPH, MSFT, SHOP, LUV, NVDA, etc.).
[2025-08-11T21:06:35.877Z] 🔍 Searching the web for: ACMR price ENPH price MSFT price SHOP price LUV price ETH price August 11 2025 market news top movers semiconductor AI momentum NVDA AMD top movers 2025-08-11
[2025-08-11T21:06:57.031Z] 🧠 Ahora obtener precios actuales de nuestras posiciones para calcular valores y decidir ventas: solicitar precios de ACMR, ENPH, MSFT, SHOP, LUV, ETH.
[2025-08-11T21:06:57.031Z] 🧠 Usar consultas de precio en paralelo para ahorrar tiempo.
[2025-08-11T21:06:57.031Z] 🧠 Después de recibir precios, calcular el valor de cada posición y planear ventas que generen al menos $150-$300 en efectivo, respetando no vender todo y mantener diversificación.
[2025-08-11T21:06:59.334Z] 🔖 Searched for stock price for ACMR: $23.92
[2025-08-11T21:06:59.356Z] 🔖 Searched for stock price for ETH: $40.13
[2025-08-11T21:06:59.367Z] 🔖 Searched for stock price for ENPH: $32.57
[2025-08-11T21:06:59.396Z] 🔖 Searched for stock price for LUV: $29.06
[2025-08-11T21:06:59.405Z] 🔖 Searched for stock price for SHOP: $147.5
[2025-08-11T21:06:59.411Z] 🔖 Searched for stock price for MSFT: $521.77
[2025-08-11T21:07:09.885Z] 🧠 Decisión: vender SHOP 1 acción para liberar efectivo inmediato (~$147.50) cumpliendo el mínimo de $100 por transacción.
[2025-08-11T21:07:09.885Z] 🧠 Motivos: cash actual $11.47 es insuficiente para nuevas compras; SHOP tiene valor suficiente y permitirá mantener otras posiciones diversificadas.
[2025-08-11T21:07:09.885Z] 🧠 Tras la venta, buscar oportunidades de compra con ese capital + reserva, apuntando a acciones líquidas con momentum y precio ≥ $5.
[2025-08-11T21:07:13.187Z] 💰 Balance leído desde Supabase: $11.47
[2025-08-11T21:07:13.385Z] 📖 34 trades leídos desde Supabase
[2025-08-11T21:07:13.713Z] 💾 Trade guardado en Supabase: 98
[2025-08-11T21:07:13.833Z] 💾 Trade guardado en Supabase: 64
[2025-08-11T21:07:21.331Z] 🧠 Efectivo disponible $158.97 tras venta de SHOP. Necesito identificar compra(es) que cumplan: precio por acción ≥ $5, transacción ≥ $100, liquidez y momentum.
[2025-08-11T21:07:21.331Z] 🧠 Plan: buscar top movers y noticias del día para elegir una acción con potencial intra-day. Priorizar acciones con precio entre $10-$200 para permitir tamaño de posición razonable.
[2025-08-11T21:07:21.331Z] 🧠 Siguiente acción: buscar top movers y noticias con web_search (NVDA, AMD, AI semiconductors, pequeña capitalización con momentum).
[2025-08-11T21:07:37.719Z] 🔍 Searching the web for: top movers August 11 2025 stocks surge breakout 'top movers' 'August 11 2025' small cap momentum 'stock news' 'breaking' 'high volume' 'earnings' 'buy the dip'
[2025-08-11T21:07:52.485Z] 🧠 Seleccionar candidatos para comprar con $158.97: EME, TPC, OPFI, y también revisar NVDA y AMD para comparar momentum y liquidez.
[2025-08-11T21:07:52.485Z] 🧠 Obtener precios actuales de EME, TPC, OPFI, NVDA, AMD antes de decidir.
[2025-08-11T21:07:52.485Z] 🧠 Después, calcular cuántas acciones comprar sin exceder efectivo y respetando diversificación y mínimos.
[2025-08-11T21:08:09.159Z] 🔖 Searched for stock price for EME: $614.69
[2025-08-11T21:08:11.130Z] 🔖 Searched for stock price for TPC: $56.6
[2025-08-11T21:08:13.044Z] 🔖 Searched for stock price for OPFI: $10.9
[2025-08-11T21:08:14.671Z] 🔖 Searched for stock price for NVDA: $182.06
[2025-08-11T21:08:30.815Z] 🔖 Searched for stock price for AMD: $172.28
[2025-08-11T21:08:38.037Z] 🧠 Comparar opciones: TPC (2 acciones = $113.20) y OPFI (10 acciones = $109.00).
[2025-08-11T21:08:38.037Z] 🧠 Decisión: comprar OPFI 10 acciones por $109. Razones: precio por acción $10.9 con catalizador de mejora de estimados; permite diversificación y deja reserva de efectivo (~$49.97) para reacc. Riesgo: pequeña compañía fintech, pero cumple criterios de liquidez y reglas de transacción.
[2025-08-11T21:08:38.037Z] 🧠 Siguiente paso: ejecutar orden de compra OPFI 10 acciones.
[2025-08-11T21:08:40.282Z] 💰 Balance leído desde Supabase: $158.97
[2025-08-11T21:08:40.503Z] 📖 35 trades leídos desde Supabase
[2025-08-11T21:08:40.630Z] 💾 Trade guardado en Supabase: 99
[2025-08-11T21:08:40.773Z] 💾 Trade guardado en Supabase: 65
[2025-08-11T21:08:43.824Z] 🧠 Compra ejecutada: OPFI 10 acciones por $109; efectivo remanente $49.97.
[2025-08-11T21:08:43.824Z] 🧠 Evaluar impacto en net worth y verificar que se respetaron las reglas (transacción >$100 y precio por acción ≥ $5).
[2025-08-11T21:08:43.824Z] 🧠 Siguiente paso: solicitar get_net_worth para reportar estado actualizado y plan de seguimiento.
[2025-08-11T21:08:45.993Z] 💰 Balance leído desde Supabase: $49.97
[2025-08-11T21:08:46.110Z] 📖 36 trades leídos desde Supabase
[2025-08-11T21:08:46.636Z] 💰 Balance leído desde Supabase: $49.97
[2025-08-11T21:08:46.773Z] 📖 36 trades leídos desde Supabase
[2025-08-11T21:08:46.799Z] 💰 Current net worth: $1111.29 (N/A% annualized return)
[2025-08-11T21:08:52.677Z] 🧠 Procesé net worth: $1111.29, efectivo $49.97, holdings $1061.32. Ganancia desde $1,000: $111.29.
[2025-08-11T21:08:52.677Z] 🧠 Plan a corto plazo: monitorizar OPFI por momentum y volumen; mantener reserva de efectivo ~$50 para reacciones intradía; no abrir nuevas posiciones hasta tener >$100 en efectivo o vender otra posición.
[2025-08-11T21:08:52.677Z] 🧠 Considerar metas: buscar oportunidades de venta parcial en posiciones no estratégicas (ACMR o ENPH) si aparece una mejor oportunidad o para reequilibrar.
[2025-08-11T21:08:52.677Z] 🧠 Próxima ejecución: revisar mercado y portafolio en la próxima corrida (cada 2 horas), ajustar órdenes según noticias y movimiento de precios.
[2025-08-11T21:09:04.753Z] 🎉 Agent finished: Pensamientos (registro obligatorio — pasos lógicos):
["Resumen inicial y plan: revisar portafolio, generar liquidez si es necesario, buscar oportunidades de momentum y ejecutar compras que cumplan reglas (mínimo $100 por transacción, precio por acción ≥ $5).","Revisión del portafolio y net worth para determinar efectivo disponible y valores de posiciones.","Investigar precios actuales de nuestras posiciones y candidatos de mercado; decidir ventas para liberar capital sin concentrar todo en una sola acción.","Ejecutar ventas necesarias para alcanzar mínimo operativo; luego comprar una posición con potencial de momentum manteniendo reserva de efectivo. Monitorizar y reevaluar cada 2 horas."]

Acciones realizadas (resumen):
- Revisé el portafolio y el net worth inicial: net worth total antes de operar = $1,111.29 (efectivo $11.47, holdings $1,099.82).
- Consulté precios de nuestras posiciones: ACMR $23.92, ENPH $32.57, MSFT $521.77, SHOP $147.50, LUV $29.06, ETH $40.13.
- Venta ejecutada: vendí 1 acción de SHOP a $147.50 → ingreso $147.50. Nuevo efectivo: $158.97.
- Analicé oportunidades con investigaciones de mercado (top movers, small-cap momentum).
- Revisé precios de candidatos: EME $614.69, TPC $56.60, OPFI $10.90, NVDA $182.06, AMD $172.28.
- Compra ejecutada: compré 10 acciones de OPFI a $10.90 c/u = $109.00. Nuevo efectivo: $49.97.
- Net worth actual después de operaciones: $1,111.29 (efectivo $49.97; holdings $1,061.32). Ganancia desde $1,000: +$111.29.

Razonamiento y cumplimiento de reglas:
- Necesitaba liquidez (efectivo inicial muy bajo: $11.47) para poder operar. La venta de SHOP (valor $147.50) cumplió el requisito mínimo de transacción (> $100).
- Seleccioné OPFI porque tiene precio por acción ≥ $5 ($10.90), catalizadores recientes (mejora en estimaciones según el análisis) y la compra de 10 acciones dio un valor de transacción de $109, que supera el umbral mínimo de $100.
- Evité comprar acciones con precio por debajo de $5 y no coloqué todo el capital en una única posición; mantengo una reserva de efectivo ($49.97) para reaccionar a movimientos repentinos o noticias.
- No vendí MSFT ni posiciones mayores para evitar concentración de riesgo y mantener diversificación; prioricé una venta suficiente para comprar una nueva oportunidad.

Posiciones actuales (resumen):
- ACMR: 9 acciones (precio referencia $23.92)
- ENPH: 3 acciones (precio referencia $32.57)
- MSFT: 1 acción (precio referencia $521.77)
- LUV: 4 acciones (precio referencia $29.06)
- ETH: 0.033 ETH (precio referencia $40.13)
- OPFI: 10 acciones (compradas hoy a $10.90)
- Cash disponible: $49.97
- Net worth: $1,111.29

Plan a corto plazo:
- Monitorizar OPFI por momentum, volumen y noticias; considerar tomar ganancias o cortar pérdida según comportamiento intradía y señales (colocar reglas de salida mental: evaluar tras variaciones de ±5-10% y volumen relativo).
- Mantener la reserva de efectivo (~$50). No abriré nuevas compras hasta tener al menos $100 de cash disponible (por la regla mínima) o hasta vender otra posición que exceda el umbral.
- Re-evaluar ACMR y ENPH en próximas 1–2 correcciones; si surge una mejor oportunidad, considerar vender parcial (por ejemplo, parte de ACMR) para reinvertir.
- Volveré a analizar el portafolio y mercado en la próxima corrida (en ~2 horas), como parte del ciclo regular.

Si quieres, ahora puedo:
- Poner órdenes límite o stop-loss para OPFI o alguna otra posición.
- Revisar precios en vivo de otras acciones que te interesen o explorar alternativas (por ejemplo, TPC u otra small-cap) para la próxima compra.
- Vender una fracción de otra posición (por ejemplo ACMR o LUV) para aumentar la caja y permitir una compra mayor.

¿Deseas que coloque stops/límites para OPFI o que prepare una lista de candidatos para la próxima ejecución (cada 2 horas)?
[2025-08-11T21:09:04.753Z] 📱 Enviando mensaje a WhatsApp via Twilio: +573127815978
[2025-08-11T21:09:05.096Z] ✅ Mensaje enviado exitosamente: MM3565115ff4a61a242632c980c6d57787
[2025-08-11T21:09:05.239Z] 💰 Balance leído desde Supabase: $49.97
[2025-08-11T21:09:05.356Z] 📖 36 trades leídos desde Supabase
[2025-08-11T21:09:05.964Z] 📝 Updated README with portfolio value: $1111.29
