[2025-09-05T13:38:56.382Z] Starting agent
[2025-09-05T13:39:10.974Z] 🧠 Voy a planificar el enfoque para esta ejecución: 1) revisar el portafolio actual y efectivo disponible; 2) buscar oportunidades de mercado (top movers, noticias) relevantes al 5 sep 2025; 3) seleccionar candidatos líquidos y > $5 por acción con momentum; 4) verificar precios actuales de los candidatos seleccionados; 5) evaluar riesgo y decidir compras/ventas respetando reglas: no comprar acciones < $5, ninguna operación por debajo de $100 total, no poner todo el capital en una sola posición; 6) ejecutar órdenes y dejar algo de efectivo como reserva; 7) registrar el resultado y monitorizar net worth. A continuación revisaré el portafolio.
[2025-09-05T13:40:28.638Z] 💰 Balance leído desde broker simulator: $11.23
[2025-09-05T13:40:29.051Z] 📖 100 trades leídos desde Supabase
[2025-09-05T13:40:29.051Z] 💹 Fetched portfolio: $11.23
[2025-09-05T13:40:41.927Z] 🧠 Analizar resultados del portafolio: efectivo $11.23, holdings significativos ENPH 27 acciones e INTC 4 acciones, small ETH posición. Efectivo insuficiente para nuevas compras (mínimo $100 por operación). Objetivo: generar liquidez vendiendo una porción de las posiciones que cumpla la regla mínima ($>=100) y preferiblemente manteniendo diversificación y exposición a momentum. Plan: obtener precios actuales de ENPH, INTC y ETH para calcular cuánto vender (ej. vender 3 ENPH o 4 INTC si alcanza $100). Después evaluar mercado para re-comprar oportunidades con ese efectivo (o esperar). Primero consultar precios de ENPH, INTC y ETH.
[2025-09-05T13:40:56.094Z] 🔖 Searched for stock price for INTC: $24.61
[2025-09-05T13:40:57.105Z] 🔖 Searched for stock price for ENPH: $36.52
[2025-09-05T13:40:57.141Z] 🔖 Searched for stock price for ETH: $4452.97
[2025-09-05T13:41:18.287Z] 🧠 Con los precios actuales calculé el valor de las posiciones: ENPH ≈ $986.04, INTC ≈ $98.44, ETH ≈ $146.95; net worth ≈ $1,242.66 con efectivo $11.23. Necesito liquidez ≥ $100 para abrir nuevas posiciones. Plan: investigar los top movers y noticias del 5 sep 2025 para identificar un candidato líquido y > $5 por acción; luego ejecutar una venta mínima (ETH fraccional o acciones) para obtener efectivo y comprar la oportunidad identificada. Ahora buscaré movers/noticias del mercado para hoy y candidatos con momentum y buena liquidez.
[2025-09-05T13:41:20.411Z] 🔍 Searching the web for: top movers September 5 2025 US market top gainers news Sep 5 2025 NVDA AAPL TSLA top gainers momentum 'Sep 5 2025' stocks 'market movers'
[2025-09-05T13:41:20.412Z] 🔍 Searching the web for: top movers September 5 2025 US market top gainers news Sep 5 2025 NVDA AAPL TSLA top gainers momentum 'Sep 5 2025' stocks 'market movers'
[2025-09-05T13:42:12.401Z] 🧠 Identifiqué candidatos en las noticias: Broadcom (AVGO) fuerte premarket, Samsara (IOT) sube ~13%, Tesla (TSLA) al alza moderada. Necesito conocer precios actuales para decidir si puedo comprar con la liquidez que obtendré vendiendo ETH (≈$102) o si debo vender acciones (ENPH). Plan: obtener precios actuales de AVGO, IOT y TSLA; después decidir qué vender (0.023 ETH o X ENPH) para financiar una compra que cumpla la regla mínima $100 y el requisito > $5 por acción.
[2025-09-05T13:42:30.910Z] 🔖 Searched for stock price for AVGO: $306.1
[2025-09-05T13:42:42.010Z] 🔖 Searched for stock price for IOT: $35.84
[2025-09-05T13:42:54.618Z] 🔖 Searched for stock price for TSLA: $338.53
[2025-09-05T13:43:02.449Z] 🧠 He calculado: vendiendo 0.023 ETH obtendré ≈ $102.42; efectivo después de la venta ≈ $113.65. Con ese efectivo puedo comprar 3 acciones de IOT a $35.84 cada una por $107.52, que cumple la regla mínima de $100 y el requisito > $5 por acción. Decisión: ejecutar la venta de 0.023 ETH y luego comprar 3 IOT. Mantendré un pequeño efectivo de reserva (~$6). Procederé a vender 0.023 ETH.
[2025-09-05T13:43:29.907Z] 🧠 La venta de ETH fraccionada falló (API no aceptó la orden). Plan alternativo: vender 3 acciones de ENPH por ≈ $109.56 (3 * $36.52), lo que generará liquidez suficiente y debe ser aceptado. Después de esa venta compraré 3 acciones de IOT por $107.52. Ejecutaré la venta de 3 ENPH.
[2025-09-05T13:43:51.966Z] 🧠 Dado que los intentos de venta (ETH y ENPH) fallaron por un error del broker, debo re-verificar el portafolio para confirmar que no hubo cambios y decidir no forzar más órdenes en este ciclo para evitar errores repetidos. Plan: obtener el estado actual del portafolio y reportar al usuario lo ocurrido; reintentar operaciones en la próxima ejecución.
[2025-09-05T13:43:55.709Z] 💰 Balance leído desde broker simulator: $11.23
[2025-09-05T13:43:56.012Z] 📖 100 trades leídos desde Supabase
[2025-09-05T13:43:56.012Z] 💹 Fetched portfolio: $11.23
[2025-09-05T13:44:17.072Z] 🎉 Agent finished: Resumen de la ejecución (9/5/2025, 13:38:56):

1) Revisión rápida del portafolio (estado actual)
- Efectivo: $11.23
- Posiciones:
  - ENPH: 27 acciones
  - INTC: 4 acciones
  - ETH: 0.033
- Precio actuales consultados:
  - ENPH: $36.52
  - INTC: $24.61
  - ETH: $4,452.97
- Valor estimado de posiciones:
  - ENPH: 27 * $36.52 = $986.04
  - INTC: 4 * $24.61 = $98.44
  - ETH: 0.033 * $4,452.97 ≈ $146.95
- Valor total estimado (holdings + efectivo) ≈ $1,242.66
- Rendimiento desde $1,000 inicial ≈ +24.27%

2) Análisis de mercado (búsqueda)
- Noticias / movers (premarket Sep 5, 2025): Broadcom (AVGO) subió fuertemente (~+14%), Samsara (IOT) subió ~+13%, Tesla (TSLA) al alza moderada. Fuentes: Reuters / Investopedia.
- Precios consultados de candidatos:
  - AVGO: $306.10
  - IOT: $35.84
  - TSLA: $338.53

3) Oportunidad identificada y plan inicial
- Oportunidad práctica: Samsara (IOT) a $35.84 tiene momentum y cotiza a un precio que permitiría comprar varias acciones con una venta pequeña.
- Plan propuesto (cumple reglas):
  - Vender 0.023 ETH ≈ $102.42 (≥ $100 mínimo por operación).
  - Con ese efectivo + efectivo actual comprar 3 acciones de IOT: 3 * $35.84 = $107.52 (≥ $100 y cada acción > $5).
  - Resultado esperado: quedaría una pequeña posición residual en ETH y un nuevo lote en IOT, manteniendo ENPH como posición principal.

4) Ejecución: intentos y resultado
- Intento 1: vender 0.023 ETH → fallo (Broker API error: 400 Bad Request).
- Intento 2 (plan alternativo): vender 3 ENPH → fallo (Broker API error: 400 Bad Request).
- Estado final tras intentos: sin cambios en el portafolio (efectivo y posiciones igual que al inicio).

5) Conclusión y próximos pasos recomendados
- Motivo de no ejecución: errores del broker al intentar órdenes de venta (400 Bad Request). Por seguridad no forzaré más órdenes en este ciclo.
- Si el problema de broker se resuelve en la próxima ejecución, ejecutaré la secuencia planificada (vender la fracción de ETH o, si falla de nuevo, vender 3 ENPH) y compraré 3 IOT, siempre cumpliendo las reglas:
  - No ejecutar operaciones por debajo de $100.
  - No comprar acciones a menos de $5 por acción.
  - Mantener reserva de efectivo y diversificación.
- Alternativa si prefieres ahora: puedo reintentar las ventas de ENPH o ETH inmediatamente (advertencia: perdurarán los errores si es un problema del broker). ¿Deseas que reintente ahora o espero hasta la próxima ejecución automática?

Si quieres, puedo:
- Reintentar la venta en este mismo momento (intento adicional), o
- Esperar al próximo ciclo automático y volver a ejecutar el plan si el broker ya responde.

Indícame si deseas que reintente ahora; en caso contrario, dejaré la ejecución para el próximo ciclo y reportaré lo mismo.
[2025-09-05T13:44:17.072Z] 📱 Enviando mensaje a WhatsApp via Twilio: +573127815978
[2025-09-05T13:44:17.442Z] ❌ Error en sendWhatsAppMessage: Error: Twilio could not find a Channel with the specified From address
[2025-09-05T13:44:18.096Z] 💰 Balance leído desde broker simulator: $11.23
[2025-09-05T13:44:18.411Z] 📖 100 trades leídos desde Supabase
[2025-09-05T13:44:53.746Z] 📝 Updated README with portfolio value: $1242.76
