[2025-08-21T19:03:15.965Z] Starting agent
[2025-08-21T19:03:27.136Z] 🧠 Objetivo: multiplicar los $1,000 iniciales con operaciones cada 2 horas, manteniendo gestión de riesgo.
[2025-08-21T19:03:27.136Z] 🧠 Paso 1: Revisar portafolio actual para conocer efectivo disponible, posiciones y net worth.
[2025-08-21T19:03:27.137Z] 🧠 Paso 2: Analizar mercado para identificar oportunidades de momentum en acciones líquidas y > $5 por acción.
[2025-08-21T19:03:27.137Z] 🧠 Paso 3: Evaluar riesgos y decidir operaciones que cumplan regla mínima de $100 por transacción y no comprar acciones < $5.
[2025-08-21T19:03:27.137Z] 🧠 Paso 4: Ejecutar compra/venta diversificando y manteniendo reserva de efectivo.
[2025-08-21T19:03:27.137Z] 🧠 Haré primero la comprobación del portafolio (get_portfolio).
[2025-08-21T19:03:29.930Z] 💰 Balance leído desde Supabase: $5.13
[2025-08-21T19:03:30.338Z] 📖 100 trades leídos desde Supabase
[2025-08-21T19:03:30.338Z] 💹 Fetched portfolio: $5.13
[2025-08-21T19:03:40.131Z] 🧠 Procesar portafolio recibido: efectivo muy bajo ($5.13), por lo que no es posible comprar sin vender primero.
[2025-08-21T19:03:40.131Z] 🧠 Identificar posiciones líquidas para vender parte y generar efectivo: NVDA (1), INTC (6), ENPH (14), ARM (1), TJX (1).
[2025-08-21T19:03:40.131Z] 🧠 Prioridad: evaluar precios actuales de estas posiciones; además revisar noticias/momentum del mercado para decidir si conviene vender o mantener.
[2025-08-21T19:03:40.132Z] 🧠 Próximo paso: hacer búsqueda de mercado y noticias para identificar movimientos relevantes (web_search).
[2025-08-21T19:03:41.653Z] 🔍 Searching the web for: US market top movers Aug 21 2025 after hours NVDA ENPH INTC ARM market news Aug 21 2025
[2025-08-21T19:03:41.653Z] 🔍 Searching the web for: US market top movers Aug 21 2025 after hours NVDA ENPH INTC ARM market news Aug 21 2025
[2025-08-21T19:04:27.204Z] 🔖 Searched for stock price for ARM: $133.02
[2025-08-21T19:04:27.205Z] 🔖 Searched for stock price for ENPH: $34.45
[2025-08-21T19:04:27.212Z] 🔖 Searched for stock price for NVDA: $174.86
[2025-08-21T19:04:27.236Z] 🔖 Searched for stock price for INTC: $23.39
[2025-08-21T19:04:27.239Z] 🔖 Searched for stock price for TJX: $137.12
[2025-08-21T19:04:59.154Z] 🧠 He calculado valores de las posiciones con precios actuales: NVDA $174.86 (1), INTC $23.39 (6), ENPH $34.45 (14), ARM $133.02 (1), TJX $137.12 (1).
[2025-08-21T19:04:59.154Z] 🧠 Valor aproximado de holdings: NVDA $174.86 + INTC $140.34 + ENPH $482.30 + ARM $133.02 + TJX $137.12 = $1,067.64; + efectivo $5.13 ≈ $1,072.77 (ignorando ETH pequeño).
[2025-08-21T19:04:59.154Z] 🧠 Necesito capital disponible para nuevas operaciones y la regla exige que cada transacción sea ≥ $100. Plan: vender 5 acciones de INTC (5 * $23.39 = $116.95) para generar efectivo suficiente.
[2025-08-21T19:04:59.154Z] 🧠 Con ese efectivo (≈ $122.08 incluyendo cash actual) compraré 3 acciones adicionales de ENPH (3 * $34.45 = $103.35), cumpliendo límite mínimo de $100 y precio por acción ≥ $5.
[2025-08-21T19:04:59.154Z] 🧠 Esto reducirá INTC a 1 acción y aumentará ENPH a 17 acciones; mantendré un pequeño colchón de efectivo (~$18.73) para oportunidades futuras.
[2025-08-21T19:04:59.154Z] 🧠 Ejecutaré primero la venta (sell INTC 5), esperaré confirmación, luego ejecutaré la compra (buy ENPH 3).
[2025-08-21T19:05:01.102Z] 💰 Balance leído desde Supabase: $5.13
[2025-08-21T19:05:01.450Z] 📖 100 trades leídos desde Supabase
[2025-08-21T19:05:01.895Z] 💾 Trade guardado en Supabase: 246
[2025-08-21T19:05:02.272Z] 💾 Trade guardado en Supabase: 212
[2025-08-21T19:05:06.888Z] 🧠 Venta ejecutada: 5 INTC vendidos por $117.03, nuevo efectivo $122.16.
[2025-08-21T19:05:06.888Z] 🧠 Confirmar que hay suficiente efectivo para la compra planificada de ENPH (3 * $34.45 = $103.35). Efectivo después de compra esperado ≈ $18.81.
[2025-08-21T19:05:06.889Z] 🧠 Riesgos: aumento de concentración en ENPH (ahora 17 acciones) — tolerable por ahora dado objetivo agresivo de crecimiento y tamaño moderado de la compra; mantengo reserva de efectivo para oportunidades.
[2025-08-21T19:05:06.889Z] 🧠 Procederé a comprar 3 acciones de ENPH (cumple mínimo $100 y precio > $5).
[2025-08-21T19:05:08.695Z] 💰 Balance leído desde Supabase: $122.16
[2025-08-21T19:05:08.910Z] 📖 100 trades leídos desde Supabase
[2025-08-21T19:05:09.215Z] 💾 Trade guardado en Supabase: 247
[2025-08-21T19:05:09.605Z] 💾 Trade guardado en Supabase: 213
[2025-08-21T19:05:14.307Z] 💰 Balance leído desde Supabase: $18.84
[2025-08-21T19:05:14.663Z] 📖 100 trades leídos desde Supabase
[2025-08-21T19:05:15.437Z] 💰 Balance leído desde Supabase: $18.84
[2025-08-21T19:05:15.585Z] 📖 100 trades leídos desde Supabase
[2025-08-21T19:05:15.614Z] 💰 Current net worth: $1074.12 (N/A% annualized return)
[2025-08-21T19:05:21.022Z] 🧠 Resultado net worth recibido: $1,074.12 (efectivo $18.84, holdings $1,055.28). Ganancia de $74.12 desde $1,000 iniciales.
[2025-08-21T19:05:21.022Z] 🧠 Operaciones cumplidas con las reglas: venta y compra por montos ≥ $100; precio por acción comprado > $5.
[2025-08-21T19:05:21.023Z] 🧠 Siguiente paso: informar en español el resumen de operaciones, estado del portafolio, rationale y plan para próximas 2 horas. Incluir recordatorio de riesgo y reservas de efectivo.
[2025-08-21T19:05:35.479Z] 🎉 Agent finished: Resumen de la sesión (21‑08‑2025, 19:03:15):

Pensamiento inicial
- Objetivo: multiplicar los $1,000 iniciales con operaciones frecuentes manteniendo gestión de riesgo.
- Dado el efectivo muy bajo, prioricé generar liquidez vendiendo una porción de una posición poco rentable/estacionaria y luego usar parte de ese efectivo para aumentar exposición en una acción con momentum.

Revisión del portafolio (antes de operar)
- Efectivo: $5.13
- Posiciones principales recibidas: ENPH 14, NVDA 1, ARM 1, INTC 6, TJX 1, ETH 0.033 (valor pequeño)
- Plan: evaluar precios actuales y decidir venta/compra que cumpla las reglas (transacción mínima $100; no comprar acciones < $5).

Análisis de mercado (rápido)
- Revisión de noticias: NVDA e INTC mostraron movimientos leves ese día; no hubo noticia extraordinaria que requiriera liquidar todo.
- Revisé precios actuales de las posiciones clave para calcular valores y tomar acción.

Precios consultados (precio actual por acción)
- NVDA ≈ $174.86
- INTC ≈ $23.39
- ENPH ≈ $34.45
- ARM ≈ $133.02
- TJX ≈ $137.12

Decisión y ejecución (cumpliendo reglas)
- Objetivo: liberar efectivo suficiente para una operación mínima de $100 manteniendo diversificación razonable.
- Venta: vendí 5 acciones de INTC a $23.406 por acción.
  - Resultado: vendidos 5 INTC por un total de $117.03.
  - Nuevo efectivo inmediato: $122.16 (incluyendo el efectivo previo).
- Compra: con el efectivo generado compré 3 acciones adicionales de ENPH a $34.44 por acción.
  - Resultado: comprado 3 ENPH por un total de $103.32.
  - Efectivo final después de la compra: $18.84.

Confirmación de cumplimiento de reglas
- Ambas transacciones excedieron el mínimo de $100.
- Precio por acción comprado (ENPH $34.44) > $5.
- No puse todo el capital en una sola posición; mantengo caja de reserva (~$18.84) para oportunidades posteriores.

Estado del portafolio (después de operar)
- Efectivo: $18.84
- ENPH: 17 acciones (antes 14)
- INTC: 1 acción (antes 6)
- NVDA: 1
- ARM: 1
- TJX: 1
- ETH: 0.033
- Valor total actual (net worth): $1,074.12
  - Holdings: $1,055.28
  - Ganancia desde $1,000 iniciales: +$74.12

Razonamiento y riesgos
- Reducir INTC (posición pequeña y con movimiento lateral/negativo reciente) liberó capital sin desmantelar posiciones mayores.
- Aumenté ENPH por momentum/posición ya existente — esto incrementa concentración en ENPH; es una apuesta de crecimiento a corto plazo. Vigilaré de cerca; venderé si pierde momentum o para tomar ganancias si sube significativamente.
- Mantengo caja para reaccionar a oportunidades imprevistas; seguiré evitando operaciones < $100 y compras de acciones < $5.

Próximos pasos
- Monitorizaré ENPH, NVDA y noticias macro/sectoriales; ejecutaré nueva evaluación en la siguiente corrida (en ~2 horas).
- Si aparece una oportunidad de mayor convicción y liquidez, consideraré rotar posiciones manteniendo la regla de no poner todo el capital en una sola acción.

¿Deseas que modifique el enfoque (más conservador o más agresivo), o que busque oportunidades en un sector específico para la próxima operación?
[2025-08-21T19:05:35.480Z] 📱 Enviando mensaje a WhatsApp via Twilio: +573127815978
[2025-08-21T19:05:35.853Z] ✅ Mensaje enviado exitosamente: MM313a31b280c9f1a05bb00a88c41cdbff
[2025-08-21T19:05:36.216Z] 💰 Balance leído desde Supabase: $18.84
[2025-08-21T19:05:36.360Z] 📖 100 trades leídos desde Supabase
[2025-08-21T19:05:36.764Z] 📝 Updated README with portfolio value: $1073.61
