[2025-08-13T11:05:52.602Z] Starting agent
[2025-08-13T11:05:57.498Z] 🧠 1) Plan steps: revisar portafolio actual para conocer efectivo, posiciones y valor neto.
[2025-08-13T11:05:57.498Z] 🧠 2) Investigar mercado para identificar oportunidades: top movers, noticias y acciones con momentum.
[2025-08-13T11:05:57.498Z] 🧠 3) Verificar precios actuales de candidatos selectos.
[2025-08-13T11:05:57.498Z] 🧠 4) Evaluar riesgos y decidir si comprar, vender o mantener.
[2025-08-13T11:05:57.498Z] 🧠 5) Ejecutar operaciones que cumplan reglas (mínimo $100 por operación y precio por acción >= $5).
[2025-08-13T11:05:57.498Z] 🧠 6) Registrar decisiones y actualizar portafolio y net worth.
[2025-08-13T11:05:57.498Z] 🧠 7) Pensar de nuevo después de cada herramienta para procesar resultados y planear siguiente acción.
[2025-08-13T11:06:01.037Z] 💰 Balance leído desde Supabase: $85
[2025-08-13T11:06:01.401Z] 📖 51 trades leídos desde Supabase
[2025-08-13T11:06:01.402Z] 💹 Fetched portfolio: $85
[2025-08-13T11:06:08.081Z] 🔍 Searching the web for: market movers Aug 13 2025 NVDA ENPH QCOM top movers news Aug 13 2025 market headlines
[2025-08-13T11:06:25.560Z] 🧠 1) Procesar resultados de búsqueda: mercado alcista impulsado por expectativas de recorte de tasas; NVDA, ENPH, QCOM han subido.
[2025-08-13T11:06:25.560Z] 🧠 2) Necesito precios actuales y confirmar valores antes de vender/comprar. Plan: obtener precio de QCOM, NVDA y ENPH con get_stock_price.
[2025-08-13T11:06:25.560Z] 🧠 3) Meta: vender QCOM 1 acción para generar efectivo suficiente (> $100 mínimo por transacción) y luego usar parte para comprar ENPH (aprox. 3 acciones) manteniendo reserva en efectivo.
[2025-08-13T11:06:25.560Z] 🧠 4) Verificar que la operación de compra cumpla la regla de valor mínimo por transacción (> $100) y que el precio por acción sea >= $5.
[2025-08-13T11:06:25.560Z] 🧠 5) Después de obtener precios, reevaluar y ejecutar las órdenes (vender QCOM, comprar ENPH si condiciones se cumplen).
[2025-08-13T11:06:28.560Z] 🔖 Searched for stock price for QCOM: $153.73
[2025-08-13T11:06:33.884Z] 🧠 Recibí precio de QCOM = $153.73. Esto cubre el umbral mínimo de $100 para una venta de 1 acción.
[2025-08-13T11:06:33.884Z] 🧠 Siguiente obtener precios de NVDA y ENPH para planificar la compra potencial de ENPH y revisar la posición de NVDA.
[2025-08-13T11:06:33.884Z] 🧠 Plan: solicitar get_stock_price para NVDA y ENPH.
[2025-08-13T11:06:35.079Z] 🔖 Searched for stock price for NVDA: $183.16
[2025-08-13T11:06:37.874Z] 🧠 Recibí precio de NVDA = $183.16. Una acción NVDA cuesta $183.16; comprar una suma implicaría asignar gran parte del capital y concentraría la cartera en semiconductores.
[2025-08-13T11:06:37.874Z] 🧠 Decidido a preferir aumentar ENPH en lugar de NVDA para mantener diversificación y aprovechar su momentum.
[2025-08-13T11:06:37.874Z] 🧠 Solicitar precio de ENPH con get_stock_price para calcular cuántas acciones comprar tras vender QCOM.
[2025-08-13T11:06:39.445Z] 🔖 Searched for stock price for ENPH: $33.56
[2025-08-13T11:06:46.463Z] 💰 Balance leído desde Supabase: $85
[2025-08-13T11:06:46.772Z] 📖 51 trades leídos desde Supabase
[2025-08-13T11:06:47.308Z] 💾 Trade guardado en Supabase: 131
[2025-08-13T11:06:47.617Z] 💾 Trade guardado en Supabase: 97
[2025-08-13T11:06:51.558Z] 🧠 Recibí confirmación de venta QCOM 1 por $153.73; nuevo efectivo = $238.73.
[2025-08-13T11:06:51.558Z] 🧠 Calcular compra propuesta: ENPH a $33.56 -> 3 acciones costarán $100.68, cumpliendo el umbral mínimo de $100 y precio por acción > $5.
[2025-08-13T11:06:51.558Z] 🧠 Comprar 3 acciones ENPH dejará efectivo ~ $138.05, manteniendo reserva de efectivo y diversificación (mantendré NVDA 2 acciones y ENPH aumentará).
[2025-08-13T11:06:51.558Z] 🧠 Ejecutar orden de compra ENPH 3 acciones.
[2025-08-13T11:06:51.559Z] 🧠 Después de la compra, volver a revisar portafolio y net worth.
[2025-08-13T11:06:53.987Z] 💰 Balance leído desde Supabase: $238.73
[2025-08-13T11:06:54.330Z] 📖 52 trades leídos desde Supabase
[2025-08-13T11:06:54.624Z] 💾 Trade guardado en Supabase: 132
[2025-08-13T11:06:54.757Z] 💾 Trade guardado en Supabase: 98
[2025-08-13T11:06:57.237Z] 🧠 Compra completada: 3 acciones ENPH por $100.68, nuevo efectivo $138.05.
[2025-08-13T11:06:57.237Z] 🧠 Siguiente paso: revisar portafolio completo y net worth para medir progreso hacia multiplicar $1,000.
[2025-08-13T11:06:57.237Z] 🧠 Solicitar get_portfolio para obtener estado actualizado y trade history.
[2025-08-13T11:06:59.135Z] 💰 Balance leído desde Supabase: $138.05
[2025-08-13T11:06:59.409Z] 📖 53 trades leídos desde Supabase
[2025-08-13T11:06:59.409Z] 💹 Fetched portfolio: $138.05
[2025-08-13T11:07:03.635Z] 🧠 He obtenido portafolio actualizado: efectivo $138.05, ENPH 19 acciones, NVDA 2 acciones, ETH 0.033; QCOM vendida.
[2025-08-13T11:07:03.635Z] 🧠 Después de obtener net worth, resumir decisiones en español y plan para próximas horas.
[2025-08-13T11:07:03.635Z] 🧠 Necesito el net worth actual para medir progreso respecto a $1,000 inicial. Solicitar get_net_worth.
[2025-08-13T11:07:05.411Z] 💰 Balance leído desde Supabase: $138.05
[2025-08-13T11:07:05.541Z] 📖 53 trades leídos desde Supabase
[2025-08-13T11:07:06.080Z] 💰 Balance leído desde Supabase: $138.05
[2025-08-13T11:07:06.226Z] 📖 53 trades leídos desde Supabase
[2025-08-13T11:07:06.282Z] 💰 Current net worth: $1143.42 (N/A% annualized return)
[2025-08-13T11:07:19.519Z] 🎉 Agent finished: Pensamientos finales (resumen breve de la lógica aplicada):
- Mercado con sesgo alcista por expectativas de recortes de tasas; revisé posiciones líquidas para obtener efectivo sin sobreconcentrarme.
- Generé efectivo vendiendo QCOM 1 acción (cumplió umbral > $100) y usé parte para comprar ENPH 3 acciones (compra > $100 y precio por acción > $5).
- Mantengo reserva de efectivo para oportunidades y diversificación (ENPH + NVDA aún en cartera).

Acciones ejecutadas (hora aproximada: 2025-08-13 11:06 UTC / 11:06 AM según tu dato):
1. Venta
   - VENDÍ 1 acción de QCOM a $153.73 → ingreso total $153.73.
2. Compra
   - COMPRÉ 3 acciones de ENPH a $33.56 → gasto total $100.68.

Confirmación de cumplimiento de reglas:
- Ambas operaciones superaron el mínimo obligatorio de $100 por transacción.
- ENPH cuesta > $5 por acción (cumple la restricción de precio mínimo).
- No puse todo el capital en una sola posición y mantengo efectivo disponible para oportunidades.

Estado actualizado del portafolio (después de las operaciones):
- Efectivo: $138.05
- ENPH: 19 acciones
- NVDA: 2 acciones
- ETH: 0.033
- QCOM: 0 acciones
- Valor neto total: $1,143.42 (ganancia de $143.42 sobre el capital inicial de $1,000)

Razonamiento y justificación:
- Vendí QCOM para generar rápidamente efectivo sin liquidar posiciones principales (ENPH y NVDA). QCOM ofrecía una venta que superaba el umbral mínimo y liberaba capital.
- Reforcé ENPH (acción con momentum reciente) con una compra controlada (3 acciones) para aprovechar su subida, manteniendo suficiente efectivo para gestionar riesgo y futuras oportunidades.
- Evité aumentar la exposición a NVDA en este momento para no sobreconcentrar la cartera en semiconductores.

Plan a corto plazo (próxima ejecución dentro de ~2 horas):
- Monitorizar noticias y precios de NVDA, ENPH y otros top movers; si surge una oportunidad clara (ruptura técnica o noticia positiva) considerar rotación parcial o toma de ganancias.
- Mantener al menos una reserva de efectivo para operaciones que superen $100.
- Vender posiciones que muestren debilidad relativa o que hayan alcanzado objetivos de ganancias razonables.

Si quieres, en la próxima ejecución puedo:
- Buscar una nueva acción con momentum fuera del sector tecnológico para diversificar,
- O bien aumentar posición en NVDA solo si hay confirmación técnica y manteniendo reserva de efectivo.

¿Deseas que en la próxima corrida priorice apuestas más agresivas (mayor exposición a NVDA/u otra AI/semiconductor) o prefieres seguir una postura más equilibrada con reserva de efectivo?
[2025-08-13T11:07:19.519Z] 📱 Enviando mensaje a WhatsApp via Twilio: +573127815978
[2025-08-13T11:07:19.973Z] ✅ Mensaje enviado exitosamente: MM40588084f21398a712e9ccd157ebfdc6
[2025-08-13T11:07:20.265Z] 💰 Balance leído desde Supabase: $138.05
[2025-08-13T11:07:20.564Z] 📖 53 trades leídos desde Supabase
[2025-08-13T11:07:20.913Z] 📝 Updated README with portfolio value: $1143.42
