[2025-09-03T21:05:38.958Z] Starting agent
[2025-09-03T21:05:47.312Z] 🧠 1) Objetivo: multiplicar $1,000 inicial, actuando ahora (9/3/2025 21:05:38).
[2025-09-03T21:05:47.312Z] 🧠 2) Primer paso: revisar portafolio para conocer efectivo disponible, valores y net worth.
[2025-09-03T21:05:47.312Z] 🧠 3) Evaluar condiciones de mercado: buscar movers, noticias y acciones con momentum hoy.
[2025-09-03T21:05:47.312Z] 🧠 4) Identificar candidatos líquidos con precio por acción >= $5 y posibilidad de invertir >= $100 por orden.
[2025-09-03T21:05:47.312Z] 🧠 5) Evaluar riesgos: no poner todo el capital en una sola posición, mantener reserva de efectivo.
[2025-09-03T21:05:47.312Z] 🧠 6) Ejecutar compras/ventas que cumplan reglas (mínimo $100 por transacción, no comprar acciones < $5).
[2025-09-03T21:05:47.312Z] 🧠 7) Monitorear impacto en net worth y registrar acciones para la próxima ronda.
[2025-09-03T21:05:47.312Z] 🧠 8) Comenzar llamando a get_portfolio para conocer estado actual.
[2025-09-03T21:06:44.259Z] 💰 Balance leído desde broker simulator: $11.23
[2025-09-03T21:06:44.975Z] 📖 100 trades leídos desde Supabase
[2025-09-03T21:06:44.976Z] 💹 Fetched portfolio: $11.23
[2025-09-03T21:06:54.280Z] 🧠 1) Con base en el portafolio: efectivo solo $11.23, posiciones ENPH 27 acciones e INTC 4 acciones.
[2025-09-03T21:06:54.280Z] 🧠 2) Con efectivo insuficiente para nuevas compras (mínimo $100 por transacción), necesito vender parte de las posiciones para generar caja si voy a operar ahora.
[2025-09-03T21:06:54.280Z] 🧠 3) Antes de decidir cuánto vender, obtener precios actuales de ENPH e INTC para valorar el monto que puedo generar y cómo afecta diversificación.
[2025-09-03T21:06:54.280Z] 🧠 4) Plan: consultar precio ENPH y luego INTC. Después reevaluar y decidir ventas parciales que cumplan regla mínima de $100 por transacción y conservar reserva de capital.
[2025-09-03T21:06:54.280Z] 🧠 5) Ejecutar get_stock_price para ENPH ahora.
[2025-09-03T21:07:08.399Z] 🔖 Searched for stock price for ENPH: $37.08
[2025-09-03T21:07:15.796Z] 🧠 1) Precio ENPH actual $37.08 — valor aproximado de posición ENPH = 27 * 37.08 ≈ $1,000. (Esto es aproximadamente igual al capital inicial multiplicado).
[2025-09-03T21:07:15.796Z] 🧠 2) Necesito precio de INTC para calcular valor total del portafolio y decidir ventas.
[2025-09-03T21:07:15.796Z] 🧠 3) Plan: consultar precio INTC ahora, luego calcular net worth y opciones de ventas parciales en ENPH o INTC para generar efectivo mínimo $100 por venta.
[2025-09-03T21:07:15.797Z] 🧠 4) Ejecutar get_stock_price para INTC.
[2025-09-03T21:07:28.715Z] 🔖 Searched for stock price for INTC: $24
[2025-09-03T21:07:38.605Z] 🧠 1) Con INTC valor ≈ $96 (4 * $24) no puedo venderlo por debajo del umbral de $100 por transacción.
[2025-09-03T21:07:38.606Z] 🧠 2) ENPH a $37.08 permite vender mínimo 3 acciones (3 * $37.08 = $111.24) cumpliendo la regla mínima de $100.
[2025-09-03T21:07:38.606Z] 🧠 3) Vender 3 ENPH deja 24 acciones en cartera, manteniendo exposición al activo y genera efectivo para operar (~$111), alcanzando la liquidez necesaria.
[2025-09-03T21:07:38.606Z] 🧠 4) Proceder a vender 3 acciones de ENPH ahora.
[2025-09-03T21:07:38.606Z] 🧠 5) Después de la venta, recalcular efectivo y planificar posible compra con al menos $100 por transacción, buscando acciones con precio >= $5 y liquidez.
[2025-09-03T21:08:05.639Z] 🧠 1) La orden de venta de ENPH 3 acciones falló por un error del broker (400 Bad Request).
[2025-09-03T21:08:05.639Z] 🧠 2) Posibles causas: mercado cerrado, parámetros inválidos, o problema temporal de API.
[2025-09-03T21:08:05.639Z] 🧠 3) Plan de contingencia: reintentar la venta de 3 acciones; si falla de nuevo, intentar vender 4 acciones (mayor probabilidad de éxito si hay restricción?), y en paralelo preparar alternativa (vender 2 ENPH + 1 INTC?) — pero venta de INTC no cumple mínimo ($96).
[2025-09-03T21:08:05.639Z] 🧠 4) Reintentar vender 3 acciones de ENPH ahora.
[2025-09-03T21:08:05.639Z] 🧠 5) Si reintento falla, no intentar más ventas esta ejecución para evitar órdenes fallidas repetidas; en su lugar, buscar oportunidades que no requieran ventas (imposible con solo $11.23 de efectivo), por lo que lo prudente es reintentar una vez y luego detener si sigue fallando.
[2025-09-03T21:08:27.570Z] 🧠 1) Dado que las ventas intentadas fallaron y el efectivo es bajo, debo recopilar información de mercado para preparar compras futuras cuando pueda generar efectivo.
[2025-09-03T21:08:27.571Z] 🧠 2) Buscar las acciones con mayor movimiento y noticias relevantes del día 2025-09-03 para identificar candidatos líquidos y con momentum (precio >= $5).
[2025-09-03T21:08:27.571Z] 🧠 3) Ejecutar búsquedas web sobre 'top stock movers Sep 3 2025' y 'market news Sep 3 2025' para obtener contexto y posibles candidatos.
[2025-09-03T21:08:30.330Z] 🔍 Searching the web for: top stock movers September 3 2025 US market movers Sep 3 2025 news
[2025-09-03T21:08:30.330Z] 🔍 Searching the web for: top stock movers September 3 2025 US market movers Sep 3 2025 news
[2025-09-03T21:09:11.725Z] 🧠 1) Procesar resultados de búsqueda: hay varios candidatos fuertes hoy (GOOGL, AAPL, Macy's M, ZS, WDC) que cumplen criterio precio >= $5 y liquidez.
[2025-09-03T21:09:11.725Z] 🧠 2) Aún así, sin efectivo disponible no puedo colocar órdenes de compra hasta generar caja vendiendo ENPH (o resolver error del broker).
[2025-09-03T21:09:11.725Z] 🧠 3) Para reportar estado exacto, obtener net worth actual del portafolio para ver progreso respecto al $1,000 inicial.
[2025-09-03T21:09:11.725Z] 🧠 4) Ejecutar get_net_worth ahora.
[2025-09-03T21:09:14.609Z] 💰 Balance leído desde broker simulator: $11.23
[2025-09-03T21:09:15.073Z] 📖 100 trades leídos desde Supabase
[2025-09-03T21:09:46.624Z] 💰 Balance leído desde broker simulator: $11.23
[2025-09-03T21:09:46.998Z] 📖 100 trades leídos desde Supabase
[2025-09-03T21:10:27.847Z] 💰 Current net worth: $1255.71 (753,154.28% annualized return)
[2025-09-03T21:10:39.778Z] 🧠 1) Net worth obtenido: $1255.71 (efectivo $11.23, holdings $1244.48). Esto muestra crecimiento respecto al capital inicial ($1,000 -> +$255.71).
[2025-09-03T21:10:39.778Z] 🧠 2) Intentos de venta de ENPH (3 acciones) fallaron por error del broker; sin efectivo suficiente para nuevas compras (mínimo $100 por orden).
[2025-09-03T21:10:39.778Z] 🧠 3) Próximos pasos recomendados: 1) investigar y resolver el error del broker (reintentar la orden cuando la API/mercado lo permita); 2) vender 3–4 acciones de ENPH para generar $111–$148 en efectivo y así poder ejecutar una compra >= $100; 3) posibles objetivos de compra cuando haya efectivo: GOOGL (sentimiento positivo por fallo antimonopolio), AAPL (movimiento estable), o M (momento fuerte por resultados), priorizando liquidez y momentum.
[2025-09-03T21:10:39.778Z] 🧠 4) Mantener reserva de efectivo y no poner todo en una sola posición; ejemplo de plan dependiendo del efectivo generado: si vendo 3 ENPH (≈$111) tendré ~$122 — podría esperar a acumular más efectivo (vender 4 ENPH ≈$148) para comprar una posición mayor y diversificada.
[2025-09-03T21:10:39.778Z] 🧠 5) Finalizar ejecución de esta ronda: no se ejecutaron operaciones por errores del broker; documentar y reintentar en la próxima ejecución.
[2025-09-03T21:10:54.620Z] 🎉 Agent finished: Resumen de la ejecución (en español):

Pensamiento inicial (cumplido antes de cualquier acción):
- Revisé objetivo: multiplicar los $1,000 iniciales mediante operaciones cada 2 horas.
- Plan: revisar portafolio, obtener precios, vender parcialmente si hace falta generar caja (mínimo $100 por transacción), y luego buscar compras con momentum (acciones con precio por acción >= $5).

Estado del portafolio (consulta realizada):
- Efectivo disponible: $11.23
- Posiciones actuales: ENPH 27 acciones, INTC 4 acciones, ETH 0.033 (otras posiciones en 0).
- Historial de operaciones disponible.

Precios consultados:
- ENPH: $37.08 por acción
- INTC: $24.00 por acción

Estado de patrimonio:
- Net worth total: $1,255.71
  - Cash: $11.23
  - Valor de holdings: $1,244.48
- Ganancia desde el capital inicial ($1,000): +$255.71

Acciones intentadas y resultado:
- Intenté vender 3 acciones de ENPH (≈ $111.24) para generar efectivo suficiente (> $100) y así poder comprar en esta ronda. La venta falló debido a un error del broker (Broker API error: 400 Bad Request). Reintenté una vez y volvió a fallar.
- No se realizaron compras porque el efectivo disponible ($11.23) es inferior al mínimo por orden ($100).

Análisis y razonamiento tras los resultados:
- Vender INTC no es viable ahora: 4 * $24 = $96 < $100 (prohibido por la regla de transacción mínima).
- ENPH es la opción viable para generar caja (3 acciones ≈ $111.24, 4 acciones ≈ $148.32). Vender 3 deja 24 acciones en cartera — mantiene exposición y cumple la regla mínima.
- Debido al error del broker, no procedí a más intentos repetidos en esta ejecución para no provocar fallos adicionales.
- Identifiqué candidatos a seguir en la próxima ejecución cuando haya efectivo: GOOGL, AAPL, Macy’s (M), Zscaler (ZS), Western Digital (WDC). Todos son líquidos y > $5 por acción; priorizaré momentum y noticias (por ejemplo, GOOGL con noticia favorable de antimonopolio hoy).

Plan recomendado (próximos pasos / ejecución futura):
1) Resolver/reintentar la venta de ENPH en la próxima ejecución (o cuando la API esté disponible). Opciones:
   - Vender 3 acciones ENPH → generar ≈ $111 → efectivo total ≈ $122.
   - O vender 4 acciones ENPH → generar ≈ $148 → efectivo total ≈ $159 (más flexibilidad para compras).
2) Con el efectivo generado, ejecutar compras que cumplan las reglas:
   - Buscar una o dos posiciones (no poner todo en una sola) en tickers con momentum (p. ej. GOOGL o AAPL si siguen mostrando fuerza).
   - Mantener reserva de efectivo para oportunidades y gestión de riesgo.
3) Continuar monitoreando el mercado (noticias, movidas intradía) y ajustar tamaño de posiciones según liquidez y riesgo.

Cumplimiento de reglas:
- No ejecuté compras por debajo del umbral de $100.
- No intenté comprar acciones con precio < $5.
- Evité vender INTC porque la transacción sería < $100.
- Intenté vender ENPH en una cantidad que satisficiera el umbral ($111+), pero la operación falló por razones del broker.

Resumen final:
- No se completaron operaciones en esta ronda debido al error del broker y a efectivo insuficiente.
- Net worth actual: $1,255.71 (ganancia desde $1,000 inicial).
- Próxima ejecución: priorizar reintentar la venta parcial de ENPH (3–4 acciones) para generar caja y aprovechar oportunidades en tickers con momentum (GOOGL, AAPL, M, ZS, etc.), respetando las reglas de tamaño mínimo de transacción y precio por acción.

¿Deseas que intente de nuevo vender 3 o 4 acciones de ENPH ahora, o prefieres que espere a la próxima ejecución para reintentar? También puedo investigar el fallo del broker (400 Bad Request) o profundizar en los candidatos de compra y presentar un plan de entrada concreto.
[2025-09-03T21:10:54.620Z] 📱 Enviando mensaje a WhatsApp via Twilio: +573127815978
[2025-09-03T21:10:55.006Z] ❌ Error en sendWhatsAppMessage: Error: Twilio could not find a Channel with the specified From address
[2025-09-03T21:10:55.915Z] 💰 Balance leído desde broker simulator: $11.23
[2025-09-03T21:10:56.286Z] 📖 100 trades leídos desde Supabase
[2025-09-03T21:11:26.550Z] 📝 Updated README with portfolio value: $1255.75
