[2025-08-13T15:05:42.381Z] Starting agent
[2025-08-13T15:05:48.599Z] 🧠 1) Plan: revisar el portafolio actual para conocer efectivo disponible y posiciones antes de buscar oportunidades.
[2025-08-13T15:05:48.600Z] 🧠 2) Luego investigar mercado: buscar acciones con momentum, noticias positivas y top movers del día.
[2025-08-13T15:05:48.600Z] 🧠 3) Evaluar precios y liquidez de posibles objetivos; priorizar acciones > $5 y donde podemos invertir >= $100 por trade.
[2025-08-13T15:05:48.600Z] 🧠 4) Decidir si vender posiciones perdedoras o rotar capital; mantener reserva de efectivo según riesgo.
[2025-08-13T15:05:48.600Z] 🧠 5) Ejecutar compras/ventas que cumplan reglas (valor total >= $100, precio por acción >= $5).
[2025-08-13T15:05:48.600Z] 🧠 6) Monitorear net worth tras operaciones.
[2025-08-13T15:05:48.600Z] 🧠 Acciones a seguir: usar get_portfolio luego pensar, luego web_search, luego think, luego get_stock_price para candidatos, luego think, luego buy/sell si procede, luego think y get_net_worth.
[2025-08-13T15:05:51.327Z] 💰 Balance leído desde Supabase: $83.85
[2025-08-13T15:05:51.621Z] 📖 55 trades leídos desde Supabase
[2025-08-13T15:05:51.622Z] 💹 Fetched portfolio: $83.85
[2025-08-13T15:06:02.591Z] 🧠 1) Procesar resultados del portafolio: efectivo $83.85 — por debajo del umbral mínimo $100 para ejecutar compras. Necesito generar efectivo vendiendo parte de las tenencias o no operar compras hoy.
[2025-08-13T15:06:02.592Z] 🧠 2) Evaluar posiciones actuales (ENPH 16, NVDA 2, QCOM 1, ETH 0.033) obteniendo precios actuales para calcular valor de mercado y decidir si vender alguna por sobreponderación o para levantar efectivo >= $100.
[2025-08-13T15:06:02.592Z] 🧠 3) Plan: obtener precios ENPH, NVDA, QCOM, ETH. Si una venta puede generar >= $100 y tiene sentido (por ejemplo ganancias o rotación a mejor oportunidad), ejecutarla; sino esperar y no comprar por falta de efectivo.
[2025-08-13T15:06:02.592Z] 🧠 4) También realizar búsqueda rápida de top movers y noticias para identificar oportunidades donde vender y rotar capital si procede.
[2025-08-13T15:06:02.592Z] 🧠 5) A continuación: obtener precios de los tickers listados.
[2025-08-13T15:06:04.611Z] 🔖 Searched for stock price for ENPH: $34.5
[2025-08-13T15:06:04.651Z] 🔖 Searched for stock price for QCOM: $155.25
[2025-08-13T15:06:04.666Z] 🔖 Searched for stock price for ETH: $43.79
[2025-08-13T15:06:04.698Z] 🔖 Searched for stock price for NVDA: $181.1
[2025-08-13T15:06:17.910Z] 🧠 1) Procesar precios recibidos y calcular valor de las posiciones: ENPH 16*$34.50=$552.00; NVDA 2*$181.10=$362.20; QCOM 1*$155.25=$155.25; ETH 0.033*$43.79≈$1.44.
[2025-08-13T15:06:17.910Z] 🧠 2) Net worth estimado = efectivo $83.85 + holdings $1,070.89 ≈ $1,154.74. Confirm con get_net_worth.
[2025-08-13T15:06:17.910Z] 🧠 3) Para generar efectivo mínimo $100 se puede: vender 3 ENPH (~$103.50), vender 1 QCOM ($155.25), o vender 1 NVDA ($181.10). Preferir no vender NVDA si es la principal momentum; QCOM sale da suficiente efectivo y reduce dependencia en ENPH — pero evaluar noticias/trends antes de decidir.
[2025-08-13T15:06:17.910Z] 🧠 4) Plan: confirmar net worth con get_net_worth; luego investigar mercado (web_search) para noticias sobre NVDA, ENPH, QCOM y ver top movers/rotación sectorial. Después decidir si vender QCOM or 3 ENPH.
[2025-08-13T15:06:17.910Z] 🧠 5) Ejecutar web_search a continuación para tomar decisión informada.
[2025-08-13T15:06:19.517Z] 💰 Balance leído desde Supabase: $83.85
[2025-08-13T15:06:19.726Z] 📖 55 trades leídos desde Supabase
[2025-08-13T15:06:20.170Z] 💰 Balance leído desde Supabase: $83.85
[2025-08-13T15:06:20.331Z] 📖 55 trades leídos desde Supabase
[2025-08-13T15:06:20.354Z] 💰 Current net worth: $1154.73 (N/A% annualized return)
[2025-08-13T15:06:29.336Z] 🧠 1) Confirmed net worth. Ahora usar búsqueda web para detectar noticias, ganancias o catalysts para NVDA, ENPH, QCOM y top movers del día 2025-08-13.
[2025-08-13T15:06:29.337Z] 🧠 2) Buscar señales que justifiquen conservar NVDA o vender QCOM/ENPH: noticias de guidance, earnings, analyst upgrades, o movimientos técnicos.
[2025-08-13T15:06:29.337Z] 🧠 3) Ejecutar web_search con query amplia para capturar top movers y noticias relevantes.
[2025-08-13T15:06:31.821Z] 🔍 Searching the web for: top stock movers August 13 2025 NVDA ENPH QCOM news top movers Aug 13 2025 market movers NVIDIA Enphase Qualcomm news
[2025-08-13T15:06:54.634Z] 🧠 1) Evaluar opciones de venta: vender 1 QCOM generaría $155.25; vender 3 ENPH generaría $103.50. Prefiero sólo liberar lo necesario para ejecutar una compra razonable y mantener diversificación y reserva de efectivo.
[2025-08-13T15:06:54.634Z] 🧠 2) Objetivo: generar suficiente efectivo para comprar una posición nueva con potencial de momentum (valor minimo $100) y retener algo de reserva — idealmente dejar efectivo >= $50.
[2025-08-13T15:06:54.634Z] 🧠 3) Buscar candidatos con precio por acción >$5 y fuerte momentum hoy (preferiblemente líquidas).
[2025-08-13T15:06:54.634Z] 🧠 4) Ejecutar búsqueda de top gainers/momentum para identificar un candidato apropiado a comprar con el efectivo que liberemos.
[2025-08-13T15:06:56.557Z] 🔍 Searching the web for: top gainers August 13 2025 top movers stocks Aug 13 2025 momentum mid cap 'top gainers today Aug 13 2025' 'most active'
[2025-08-13T15:07:08.183Z] 🧠 1) Identifiqué candidatos top gainers NXPI y MRCY. Antes de decidir venta/compras necesito sus precios actuales para verificar si puedo comprar con efectivo que libere (vender 3 ENPH ~$103.5 o vender QCOM ~$155.25).
[2025-08-13T15:07:08.183Z] 🧠 2) Obtener precios de NXPI y MRCY para evaluar tamaños de posición posibles.
[2025-08-13T15:07:08.183Z] 🧠 3) Ejecutar get_stock_price para NXPI y MRCY en paralelo.
[2025-08-13T15:07:12.020Z] 🔖 Searched for stock price for MRCY: $66.205
[2025-08-13T15:07:12.096Z] 🔖 Searched for stock price for NXPI: $227.19
[2025-08-13T15:07:28.105Z] 🧠 1) Decidir ejecutar venta parcial de ENPH para liberar efectivo suficiente para comprar un candidato con momentum (MRCY).
[2025-08-13T15:07:28.106Z] 🧠 2) Venta propuesta: vender 4 acciones ENPH a precio de mercado (~$34.50) => ingreso estimado ~$138; nuevo efectivo estimado $221.85.
[2025-08-13T15:07:28.106Z] 🧠 3) Compra propuesta posterior: comprar 3 acciones MRCY a ~$66.205 c/u => costo ~$198.62, cumpliendo umbral mínimo $100 por trade y precio por acción > $5.
[2025-08-13T15:07:28.106Z] 🧠 4) Confirmar que tengo 16 ENPH (sí) y que la venta de 4/compra de 3 cumple reglas de riesgo y diversificación.
[2025-08-13T15:07:28.106Z] 🧠 5) Proceder a ejecutar la venta de ENPH 4 acciones ahora.
[2025-08-13T15:07:31.260Z] 💰 Balance leído desde Supabase: $83.85
[2025-08-13T15:07:31.534Z] 📖 55 trades leídos desde Supabase
[2025-08-13T15:07:31.821Z] 💾 Trade guardado en Supabase: 139
[2025-08-13T15:07:32.126Z] 💾 Trade guardado en Supabase: 105
[2025-08-13T15:07:38.970Z] 🧠 1) Procesar resultado de la venta: obtenidos $137.98, efectivo ahora $221.83, ENPH reducida a 12 acciones.
[2025-08-13T15:07:38.971Z] 🧠 2) Proceder con la compra planificada: comprar 3 acciones MRCY a $66.205 c/u => costo estimado $198.615, cumple umbral >$100 y precio >$5.
[2025-08-13T15:07:38.971Z] 🧠 3) Después de la compra el efectivo remanente será aproximadamente $23.21; mantener pequeña reserva y conservar posiciones en NVDA, ENPH, QCOM y nueva MRCY.
[2025-08-13T15:07:38.971Z] 🧠 4) Ejecutar orden de compra MRCY 3 acciones ahora.
[2025-08-13T15:07:41.283Z] 💰 Balance leído desde Supabase: $221.83
[2025-08-13T15:07:41.396Z] 📖 56 trades leídos desde Supabase
[2025-08-13T15:07:41.573Z] 💾 Trade guardado en Supabase: 140
[2025-08-13T15:07:41.920Z] 💾 Trade guardado en Supabase: 106
[2025-08-13T15:07:46.274Z] 🧠 1) Tras compra, verificar net worth actualizado para medir impacto en capital inicial. También revisar saldo de efectivo final y distribución de posiciones.
[2025-08-13T15:07:46.274Z] 🧠 2) Plan: solicitar get_net_worth para obtener valores actualizados y registrar rendimiento frente a $1,000 inicial.
[2025-08-13T15:07:46.274Z] 🧠 3) Después de recibir net worth, pensar sobre seguimiento: establecer objetivos de seguimiento y posible próxima acción en próximas 2 horas.
[2025-08-13T15:07:48.514Z] 💰 Balance leído desde Supabase: $23.7
[2025-08-13T15:07:48.690Z] 📖 57 trades leídos desde Supabase
[2025-08-13T15:07:49.065Z] 💰 Balance leído desde Supabase: $23.7
[2025-08-13T15:07:49.215Z] 📖 57 trades leídos desde Supabase
[2025-08-13T15:07:49.240Z] 💰 Current net worth: $1154.14 (N/A% annualized return)
[2025-08-13T15:08:03.268Z] 🎉 Agent finished: Resumen de operaciones y plan (ejecutado 13‑Ago‑2025, 15:05:42):

Acciones realizadas:
- Venta: ENPH — vendí 4 acciones a $34.495 c/u = $137.98 (liberó efectivo).
- Compra: MRCY — compré 3 acciones a $66.045 c/u = $198.135.

Situación actual (inmediata):
- Efectivo disponible: $23.70
- Posiciones principales actualizadas: ENPH 12 acciones, NVDA 2 acciones, QCOM 1 acción, MRCY 3 acciones, ETH 0.033.
- Patrimonio neto total: $1,154.14 (ganancia de $154.14 desde el capital inicial de $1,000).

Razonamiento y cumplimiento de reglas:
- Empecé revisando el portafolio y precios de las posiciones (ENPH, NVDA, QCOM, ETH) y del mercado.
- Identifiqué a MRCY como un “top gainer” con momentum intradía y precio por acción adecuado (≈$66), buen candidato de rotación.
- Para financiar la compra manteniendo diversificación, vendí 4 ENPH (opera > $100 y cumplió umbral mínimo).
- La compra de MRCY (3 acciones) tuvo valor total > $100 y precio por acción > $5, cumpliendo las restricciones operativas.
- Evité vender NVDA (posición con potencial) y no ejecuté compras por debajo del umbral mínimo.

Riesgos y gestión:
- Mantengo exposición a varias posiciones (ENPH, NVDA, QCOM, MRCY) para no concentrar todo el capital en una sola acción.
- Efectivo remanente es reducido ($23.70); consideraré levantar más liquidez si surge una oportunidad clara o si una posición pierde momentum.
- Vigilaré noticias y volumen en MRCY (compra reciente) y el comportamiento de NVDA/ENPH durante la sesión.

Siguientes pasos:
- Monitorear MRCY (catalizadores/volumen) y el mercado general; si MRCY presenta rápido retroceso o toma de ganancias, evaluar venta parcial para rotar capital.
- Revisar de nuevo el portafolio en la próxima ejecución (cada ~2 horas) y actuar según momentum y noticias.
- Evitaré compras que no superen el mínimo de $100 por transacción y no compraré acciones con precio < $5.

Si quieres, puedo:
- Mostrar el portafolio actualizado con valores actuales por acción.
- Buscar más candidatos de momentum para la próxima ventana.
- Ejecutar una venta diferente (por ejemplo vender QCOM en lugar de ENPH) si prefieres otra estrategia.

¿Deseas que haga alguna acción adicional ahora o prefieres que espere a la próxima revisión?
[2025-08-13T15:08:03.268Z] 📱 Enviando mensaje a WhatsApp via Twilio: +573127815978
[2025-08-13T15:08:03.631Z] ✅ Mensaje enviado exitosamente: MM9d6be8db5634099ad69d3da682be5649
[2025-08-13T15:08:03.851Z] 💰 Balance leído desde Supabase: $23.7
[2025-08-13T15:08:04.325Z] 📖 57 trades leídos desde Supabase
[2025-08-13T15:08:04.826Z] 📝 Updated README with portfolio value: $1154.4
