[2025-08-13T19:03:41.842Z] Starting agent
[2025-08-13T19:03:52.098Z] 🧠 Plan: Empezar el run pensando en la estrategia para esta ejecución y objetivos de corto plazo.
[2025-08-13T19:03:52.098Z] 🧠 Paso 1: Revisar mi portafolio actual para conocer efectivo disponible y posiciones abiertas.
[2025-08-13T19:03:52.098Z] 🧠 Paso 2: Analizar noticias y movimientos del mercado para identificar oportunidades líquidas y de momentum (acciones > $5 por acción).
[2025-08-13T19:03:52.098Z] 🧠 Paso 3: Evaluar riesgos y decidir si vender posiciones decadentes o tomar ganancias parciales.
[2025-08-13T19:03:52.098Z] 🧠 Paso 4: Si compro, asegurar que cada operación supere $100 en valor total y no comprar acciones a menos de $5 por acción.
[2025-08-13T19:03:52.098Z] 🧠 Paso 5: Ejecutar órdenes (compras/ventas) y luego monitorizar net worth.
[2025-08-13T19:03:52.098Z] 🧠 Planeo usar get_portfolio a continuación para conocer el estado actual antes de investigar el mercado.
[2025-08-13T19:03:54.464Z] 💰 Balance leído desde Supabase: $23.7
[2025-08-13T19:03:54.717Z] 📖 57 trades leídos desde Supabase
[2025-08-13T19:03:54.718Z] 💹 Fetched portfolio: $23.7
[2025-08-13T19:04:02.478Z] 🧠 Analizar resultados del portafolio: efectivo disponible solo $23.7 — insuficiente para cumplir regla mínima de transacción ($100).
[2025-08-13T19:04:02.478Z] 🧠 Identificar necesidad de vender parte de las posiciones para liberar efectivo si se desea abrir nuevas operaciones. Posiciones con mayor liquidez/valor: NVDA (2), ENPH (12), QCOM (1), MRCY (3).
[2025-08-13T19:04:02.478Z] 🧠 Siguiente paso: escanear el mercado por noticias/momentum y obtener precios actuales de mis holdings objetivo (NVDA, ENPH, QCOM, MRCY) para decidir ventas o mantener.
[2025-08-13T19:04:02.478Z] 🧠 Priorizar no poner todo el capital en una sola posición; considerar vender solo lo necesario para financiar una compra que supere $100.
[2025-08-13T19:04:02.478Z] 🧠 Voy a buscar los top movers / noticias relevantes de hoy y luego consultar precios actuales de NVDA, ENPH, QCOM, MRCY.
[2025-08-13T19:04:04.795Z] 🔍 Searching the web for: market movers August 13 2025 top gainers news NVDA ENPH QCOM MRCY top movers 8/13/2025 market tech earnings August 13 2025
[2025-08-13T19:04:17.574Z] 🧠 Procesar resultados de búsqueda: mercado con sesgo alcista por expectativas de recorte de tasas; QCOM y ENPH mostraron subidas; NVDA retrocedió ligeramente.
[2025-08-13T19:04:17.574Z] 🧠 Con efectivo $23.7, necesito vender para cumplir el umbral mínimo de nuevas operaciones (> $100). Venta lógica: liquidar 1 acción de NVDA generaría efectivo suficiente (~$181) y mantendría 1 acción NVDA como exposición.
[2025-08-13T19:04:17.574Z] 🧠 Confirmar precio actual de NVDA y otras posiciones (ENPH, QCOM, MRCY) antes de ejecutar ventas/compras para asegurar que las cifras cumplan reglas y optimizar punto de entrada.
[2025-08-13T19:04:17.575Z] 🧠 Próximo paso: consultar precios actuales de NVDA, ENPH, QCOM y MRCY con get_stock_price.
[2025-08-13T19:04:18.846Z] 🔖 Searched for stock price for NVDA: $181.655
[2025-08-13T19:04:27.383Z] 🧠 Confirmar precios actuales de ENPH, QCOM y MRCY para decidir la compra tras la venta propuesta de 1 NVDA.
[2025-08-13T19:04:27.383Z] 🧠 Objetivo: vender 1 NVDA (generar ~ $181.66) y luego usar la mayor parte del efectivo para comprar una posición con momentum que cumpla mínimo $100 por operación y diversificar un poco.
[2025-08-13T19:04:27.383Z] 🧠 Pedir los precios de ENPH, QCOM y MRCY ahora para calcular cantidades posibles.
[2025-08-13T19:04:28.870Z] 🔖 Searched for stock price for ENPH: $34.26
[2025-08-13T19:04:32.374Z] 🧠 Precio ENPH obtenido: $34.26. Con venta de 1 NVDA (~$181.655) podría comprar hasta 5 acciones ENPH (~$171.3) o 1 QCOM (~$156) o combinar posiciones.
[2025-08-13T19:04:32.374Z] 🧠 Necesito también precios de QCOM y MRCY para comparar alternativas y decidir la mejor compra. Solicitar precio de QCOM a continuación.
[2025-08-13T19:04:33.510Z] 🔖 Searched for stock price for QCOM: $156.81
[2025-08-13T19:04:36.078Z] 🧠 Precio QCOM obtenido: $156.81. Comprar 1 QCOM después de vender 1 NVDA es factible y dejaría un pequeño efectivo de reserva.
[2025-08-13T19:04:36.078Z] 🧠 Obtener precio MRCY para evaluar si vender alguna o comprar más, aunque MRCY está en cartera y bajó ligeramente. Solicitar precio de MRCY.
[2025-08-13T19:04:37.212Z] 🔖 Searched for stock price for MRCY: $67.94
[2025-08-13T19:04:46.068Z] 💰 Balance leído desde Supabase: $23.7
[2025-08-13T19:04:46.282Z] 📖 57 trades leídos desde Supabase
[2025-08-13T19:04:46.577Z] 💾 Trade guardado en Supabase: 143
[2025-08-13T19:04:46.810Z] 💾 Trade guardado en Supabase: 109
[2025-08-13T19:04:51.935Z] 🧠 Venta de 1 NVDA ejecutada a $181.715, generando $181.715. Nuevo efectivo reported: $205.42 — coincide con cálculo aproximado (23.7 + 181.715).
[2025-08-13T19:04:51.935Z] 🧠 Evaluar compra: ENPH a $34.26, 5 acciones costarían $171.30, cumpliendo la regla mínima (> $100) y precio por acción > $5.
[2025-08-13T19:04:51.935Z] 🧠 Plan: comprar 5 acciones de ENPH usando buy; después verificar saldo y posiciones. Mantener reserva de efectivo (~$34) para flexibilidad según ejecución exacta.
[2025-08-13T19:04:51.935Z] 🧠 Procederé a ejecutar la compra de ENPH 5 acciones ahora.
[2025-08-13T19:04:53.293Z] 💰 Balance leído desde Supabase: $205.42
[2025-08-13T19:04:53.532Z] 📖 58 trades leídos desde Supabase
[2025-08-13T19:04:53.732Z] 💾 Trade guardado en Supabase: 144
[2025-08-13T19:04:53.875Z] 💾 Trade guardado en Supabase: 110
[2025-08-13T19:04:58.758Z] 🧠 Después de la compra, revisar net worth para medir performance respecto al capital inicial $1,000.
[2025-08-13T19:04:58.758Z] 🧠 Solicitar get_net_worth para obtener valor total y porcentaje de retorno, y luego resumir las acciones realizadas y próximos pasos de seguimiento.
[2025-08-13T19:05:00.625Z] 💰 Balance leído desde Supabase: $34.12
[2025-08-13T19:05:00.723Z] 📖 59 trades leídos desde Supabase
[2025-08-13T19:05:01.286Z] 💰 Balance leído desde Supabase: $34.12
[2025-08-13T19:05:01.434Z] 📖 59 trades leídos desde Supabase
[2025-08-13T19:05:01.469Z] 💰 Current net worth: $1160.39 (N/A% annualized return)
[2025-08-13T19:05:06.639Z] 🧠 Procesar net worth: Valor total $1,160.39, ganancia de $160.39 sobre $1,000 inicial — buena progresión.
[2025-08-13T19:05:06.639Z] 🧠 Confirmar que las transacciones cumplieron reglas: venta NVDA 1 generó $181.715 (> $100), compra ENPH 5 costó $171.30 (> $100) y ENPH > $5 por acción — reglas cumplidas.
[2025-08-13T19:05:06.639Z] 🧠 Próximos pasos: monitorizar ENPH y NVDA, mantener reserva de efectivo ~$34.12 para oportunidades, revisar noticias y mover posiciones si hay señales de reversal o ganancias significativas.
[2025-08-13T19:05:06.639Z] 🧠 Reportar resumen de operaciones y estado actual del portafolio en español y programar el siguiente run en 2 horas.
[2025-08-13T19:05:14.789Z] 🎉 Agent finished: Resumen de la ejecución (8/13/2025 — 19:03:41 hora entrada):

Acciones realizadas ahora:
- Vendí 1 acción de NVDA a $181.715 — total recibido: $181.715.
- Compré 5 acciones de ENPH a $34.26 cada una — total pagado: $171.30.

Estado actual (según últimas respuestas del sistema):
- Efectivo disponible: $34.12
- Valor total del portafolio (net worth): $1,160.39
  - Valor de las posiciones: $1,126.27
  - Efectivo: $34.12
- Ganancia desde el capital inicial ($1,000): +$160.39

Razonamiento y cumplimiento de reglas:
- Empecé revisando el portafolio y detecté que el efectivo era insuficiente ($23.70) para nuevas compras que superen el umbral mínimo ($100). Por eso decidí vender 1 NVDA.
- Datos de mercado (escaneo): sesgo alcista general (expectativa de recorte de tasas), QCOM y ENPH con movimiento positivo; NVDA retrocedió ligeramente. Esto justificó rotación parcial hacia ENPH por momentum.
- Reglas cumplidas:
  - No ejecuté compras por debajo de $100 (la compra de ENPH fue ~$171.30).
  - No compré acciones con precio < $5 (ENPH = $34.26).
  - No puse todo el capital en una sola posición (mantengo exposición a NVDA, MRCY, QCOM además de aumentar ENPH).
- Riesgo: mantengo una reserva de efectivo (~$34.12) para emergencias/oportunidades; las posiciones son en valores líquidos.

Próximos pasos / plan a 2 horas:
- Monitorear ENPH (movimiento intradía y noticias); tomar ganancias parciales si hay subida rápida y significativa.
- Vigilar NVDA y QCOM por oportunidades de reentrada si hay pullback o nueva tendencia alcista.
- Mantener disciplina: no entrar en operaciones que no cumplan el mínimo de $100 por transacción ni comprar acciones por debajo de $5.

Si quieres, puedo:
- Mostrar el portafolio detallado actualizado (lista de posiciones con cantidades y valores por acción).
- Ejecutar órdenes adicionales (vender más para aumentar efectivo o comprar otra acción), siempre cumpliendo las reglas de transacción.

¿Deseas que muestre el portafolio completo ahora o quieres que espere al siguiente run (dentro de ~2 horas) para nuevas acciones?
[2025-08-13T19:05:14.790Z] 📱 Enviando mensaje a WhatsApp via Twilio: +573127815978
[2025-08-13T19:05:15.154Z] ✅ Mensaje enviado exitosamente: MMd8cf13b3884ba429d189f8b68aec73c8
[2025-08-13T19:05:15.319Z] 💰 Balance leído desde Supabase: $34.12
[2025-08-13T19:05:15.454Z] 📖 59 trades leídos desde Supabase
[2025-08-13T19:05:16.009Z] 📝 Updated README with portfolio value: $1160.35
