[2025-09-04T19:03:39.888Z] Starting agent
[2025-09-04T19:03:48.669Z] 🧠 Plan: revisar portafolio actual, evaluar efectivo disponible y posiciones abiertas.
[2025-09-04T19:03:48.670Z] 🧠 Buscar noticias y movimientos del mercado para identificar acciones con momentum o rupturas.
[2025-09-04T19:03:48.670Z] 🧠 Evitar compras por debajo de $5 por acción y asegurar que cada operación supere $100 en valor total.
[2025-09-04T19:03:48.670Z] 🧠 Mantener reserva de efectivo y no poner todo el capital en una sola posición.
[2025-09-04T19:03:48.670Z] 🧠 Primera acción: obtener estado del portafolio para decidir si comprar o vender.
[2025-09-04T19:05:26.392Z] 💰 Balance leído desde broker simulator: $11.23
[2025-09-04T19:05:26.945Z] 📖 100 trades leídos desde Supabase
[2025-09-04T19:05:26.945Z] 💹 Fetched portfolio: $11.23
[2025-09-04T19:05:35.767Z] 🧠 Procesar el estado del portafolio: solo $11.23 en efectivo, posiciones en ENPH (27) e INTC (4).
[2025-09-04T19:05:35.767Z] 🧠 Necesito cotizaciones actuales de ENPH e INTC para valorar venta y así obtener efectivo suficiente para nuevas oportunidades.
[2025-09-04T19:05:35.767Z] 🧠 Plan: obtener precio de ENPH e INTC; evaluar si vender una porción de ENPH o todas las acciones de INTC para generar al menos $100 por transacción.
[2025-09-04T19:05:35.768Z] 🧠 Considerar riesgo y objetivo: no poner todo el capital en una sola operación y mantener reserva. Si vendo, mantener parte de ENPH si tiene buen potencial.
[2025-09-04T19:05:35.768Z] 🧠 Siguiente paso: pedir precio actual de ENPH y luego de INTC.
[2025-09-04T19:05:49.039Z] 🔖 Searched for stock price for ENPH: $36.38
[2025-09-04T19:05:56.277Z] 🧠 Precio ENPH = $36.38 -> valor de posición ENPH = 27 * 36.38 = $982.26 approximado.
[2025-09-04T19:05:56.277Z] 🧠 Vender una fracción de ENPH (por ejemplo 3 acciones) generaría ~$109, suficiente para nuevas compras (cumple mínimo $100 por operación).
[2025-09-04T19:05:56.277Z] 🧠 También revisar precio de INTC (4 acciones) -> si INTC produce ~>$100 podría venderlas en su lugar.
[2025-09-04T19:05:56.277Z] 🧠 Siguiente paso: solicitar cotización de INTC.
[2025-09-04T19:06:07.805Z] 🔖 Searched for stock price for INTC: $24.555
[2025-09-04T19:06:16.604Z] 🧠 Precio INTC = $24.555 -> 4 acciones = $98.22 < $100; por lo tanto no puedo vender INTC en una sola transacción.
[2025-09-04T19:06:16.604Z] 🧠 Mejor opción: vender 3 acciones de ENPH para generar ~ $109.14 y cumplir el umbral de $100 por operación.
[2025-09-04T19:06:16.605Z] 🧠 Después de la venta de 3 ENPH, el efectivo estimado será ~$120.37; con eso buscaré una compra cuyo valor total >= $100 y acciones > $5 por acción.
[2025-09-04T19:06:16.605Z] 🧠 Siguiente paso: buscar oportunidades de mercado (top movers, noticias) para decidir qué comprar con los ~$120 disponibles.
[2025-09-04T19:06:19.074Z] 🔍 Searching the web for: stock market movers today September 4 2025 top gainers tech news momentum earnings guidance "September 4, 2025" top movers NASDAQ top gainers 2025-09-04 premarket
[2025-09-04T19:06:19.074Z] 🔍 Searching the web for: stock market movers today September 4 2025 top gainers tech news momentum earnings guidance "September 4, 2025" top movers NASDAQ top gainers 2025-09-04 premarket
[2025-09-04T19:07:07.726Z] 🔖 Searched for stock price for CRDO: $136.39
[2025-09-04T19:07:07.949Z] 🔖 Searched for stock price for AEO: $18.51
[2025-09-04T19:07:08.462Z] 🔖 Searched for stock price for HPE: $23.31
[2025-09-04T19:07:14.170Z] 🔖 Searched for stock price for CIEN: $112.47
[2025-09-04T19:07:28.041Z] 🧠 He consultado precios: HPE $23.31, AEO $18.51, CIEN $112.47, CRDO $136.39.
[2025-09-04T19:07:28.041Z] 🧠 Opciones: con efectivo actual ($11.23) puedo generar efectivo vendiendo 3 ENPH (~$109.14) y luego usar ~ $120.37 para comprar: CIEN (1 acción $112.47) o AEO (6 acciones ~$111.06).
[2025-09-04T19:07:28.042Z] 🧠 Decisión: vender 3 ENPH para crear capital y comprar 1 acción de CIEN por momentum/earnings; ambas transacciones cumplen el umbral mínimo de $100 y precio > $5 por acción.
[2025-09-04T19:07:28.042Z] 🧠 Riesgos: concentración en CIEN después de la compra; mantendré la mayoría de ENPH (24 acciones) para diversificación y dejaré una pequeña reserva de efectivo.
[2025-09-04T19:07:28.042Z] 🧠 Siguiente paso: ejecutar venta de 3 acciones ENPH.
[2025-09-04T19:07:55.133Z] 🧠 La orden de venta de 3 ENPH falló por error del broker (400 Bad Request). Necesito reintentar o ajustar la orden.
[2025-09-04T19:07:55.133Z] 🧠 Dado que INTC (4 acciones) vende por ~$98.22 (<$100) y no es válido, vender 4 ENPH generaría ~$145.52 y debería cumplir el umbral y dar mayor margen para compras.
[2025-09-04T19:07:55.133Z] 🧠 Riesgo: vender 4 en lugar de 3 reduce más exposición en ENPH pero sigue manteniendo 23 acciones.
[2025-09-04T19:07:55.133Z] 🧠 Siguiente paso: reintentar la venta, ahora de 4 acciones ENPH.
[2025-09-04T19:08:25.790Z] 🧠 Recibí error del broker en ambos intentos de venta de ENPH (3 y 4 acciones). No se ejecutaron operaciones en esta corrida.
[2025-09-04T19:08:25.791Z] 🧠 Debido a fallos del broker no puedo generar efectivo suficiente para nuevas compras ahora mismo.
[2025-09-04T19:08:25.791Z] 🧠 Acciones disponibles: esperar y reintentar venta en la próxima ejecución; mientras tanto, monitorear noticias y precios (CIEN, AEO, HPE) para decidir compra cuando haya efectivo.
[2025-09-04T19:08:25.791Z] 🧠 Reporte al usuario: estado actual del portafolio, precios consultados, órdenes intentadas y fallo del broker; recomendar reintentar en la próxima corrida y opciones de operación planificadas (vender 3 ENPH -> comprar 1 CIEN o vender 4 ENPH -> comprar AEO).
[2025-09-04T19:08:37.552Z] 🎉 Agent finished: Resumen de la corrida (9/4/2025, 19:03:39):

1) Estado actual del portafolio (consultado)
- Efectivo: $11.23
- Posiciones:
  - ENPH: 27 acciones
  - INTC: 4 acciones
  - ETH: 0.033 (pequeña posición)
- Historial: activo (varias operaciones recientes)

2) Análisis de precios en tiempo real (consultado)
- ENPH = $36.38
- INTC = $24.555
- HPE = $23.31
- AEO = $18.51
- CIEN = $112.47
- CRDO = $136.39

3) Evaluación y plan inicial
- Con solo $11.23 en efectivo no puedo abrir nuevas posiciones que cumplan el requisito mínimo de transacción de $100.
- Venta de INTC (4 acciones) rendiría ~ $98.22, que está POR DEBAJO del umbral mínimo de $100 → no válida.
- Venta de ENPH:
  - 3 acciones × $36.38 ≈ $109.14 → cumple mínimo y daría efectivo total ≈ $120.37.
  - 4 acciones × $36.38 ≈ $145.52 → también válido y da mayor colchón.
- Oportunidad detectada: CIEN (valor $112.47) aparece con momentum/earnings en las noticias; con efectivo ~ $120 podría comprar 1 acción de CIEN (operación > $100 y > $5 por acción). Alternativa: comprar ~6 acciones de AEO (6 × $18.51 ≈ $111.06).

4) Acciones ejecutadas
- Intenté vender 3 acciones ENPH → fallo del broker (400 Bad Request).
- Reintenté vendiendo 4 acciones ENPH → fallo del broker (400 Bad Request).
- Resultado: NO se ejecutaron ventas ni compras en esta corrida debido al error del broker.

5) Estado final tras intentos (sin cambios)
- Efectivo: $11.23
- ENPH: 27 acciones
- INTC: 4 acciones
- No se realizaron compras

6) Riesgos y cumplimiento de reglas
- Cumplí las reglas operativas en la planificación (no comprar acciones < $5, todas las transacciones planificadas > $100).
- No pude completar operaciones por error externo del broker; por tanto no violé el umbral mínimo en ejecución.

7) Próximos pasos recomendados
- Reintentar en la próxima corrida (cada 2 horas):
  - Prioridad A: vender 3 acciones ENPH (≈ $109) y con el efectivo resultante comprar 1 acción CIEN ($112.47) si el sentimiento/volumen se mantienen — esto diversifica manteniendo 24 ENPH.
  - Prioridad B: si se prefiere más diversificación, vender 4 ENPH y comprar AEO (≈6 acciones) o dividir entre dos nombres líquidos.
- Mientras tanto monitorear:
  - Noticias y volumen de CIEN, AEO y HPE.
  - Estado del broker / motivo del error 400 (podría ser límite de API, sesión, o formato de orden).
- Si el broker sigue fallando, reportarlo y suspender operaciones hasta que el servicio vuelva.

Si quieres, en este momento:
- Intento reintento adicional de venta (por ejemplo 3 o 4 ENPH) ahora, o
- Espero a la próxima ejecución automática y vuelvo a intentar entonces.

Indícame cómo prefieres proceder (reintentar ahora con X acciones ENPH o esperar).
[2025-09-04T19:08:37.552Z] 📱 Enviando mensaje a WhatsApp via Twilio: +573127815978
[2025-09-04T19:08:37.976Z] ❌ Error en sendWhatsAppMessage: Error: Twilio could not find a Channel with the specified From address
[2025-09-04T19:08:38.685Z] 💰 Balance leído desde broker simulator: $11.23
[2025-09-04T19:08:39.032Z] 📖 100 trades leídos desde Supabase
[2025-09-04T19:09:20.408Z] 📝 Updated README with portfolio value: $1232.87
