[2025-08-20T19:03:23.047Z] Starting agent
[2025-08-20T19:03:30.335Z] 🧠 1) Revisar el objetivo: multiplicar los $1,000 iniciales mediante operaciones cada 2 horas, manteniendo gestión de riesgo.
[2025-08-20T19:03:30.335Z] 🧠 2) Primera acción: obtener estado actual del portafolio (liquidación, efectivo, posiciones) para saber capital disponible.
[2025-08-20T19:03:30.335Z] 🧠 3) Buscar oportunidades de mercado: identificar acciones con impulso, noticias positivas y liquidez.
[2025-08-20T19:03:30.335Z] 🧠 4) Priorizar acciones con precio >= $5 por acción y que permitan operaciones con valor >= $100.
[2025-08-20T19:03:30.335Z] 🧠 5) Evaluar riesgo: no poner todo el capital en una sola posición; mantener reserva de efectivo.
[2025-08-20T19:03:30.335Z] 🧠 6) Decidir compras/ventas basadas en liquidez, momentum, y precio actual; respetar reglas de mínimo.
[2025-08-20T19:03:30.335Z] 🧠 7) Ejecutar órdenes (buy/sell) si las oportunidades cumplen criterios; registrar operaciones.
[2025-08-20T19:03:30.336Z] 🧠 8) Monitorear net worth tras ejecución para entender progreso hacia objetivo.
[2025-08-20T19:03:34.591Z] 💰 Balance leído desde Supabase: $88.45
[2025-08-20T19:03:34.972Z] 📖 94 trades leídos desde Supabase
[2025-08-20T19:03:34.973Z] 💹 Fetched portfolio: $88.45
[2025-08-20T19:03:45.097Z] 🧠 1) Resultado del portafolio: efectivo $88.45 — insuficiente para nuevas compras dado el umbral mínimo de $100 por operación.
[2025-08-20T19:03:45.097Z] 🧠 2) Identificar activos líquidos que puedan venderse para generar efectivo >= $100 por operación: ENPH (12), ARM (3), AMAT (1), INTC (1).
[2025-08-20T19:03:45.097Z] 🧠 3) Prioridad: revisar precios actuales de ENPH y ARM primero (mayor cantidad de acciones ENPH), luego AMAT e INTC. También comprobar ETH si es negociable.
[2025-08-20T19:03:45.097Z] 🧠 4) Tras obtener precios, calcular cuántas acciones vender de cada ticker para generar suficiente efectivo manteniendo diversificación y no vender todo si evitar posible upside.
[2025-08-20T19:03:45.097Z] 🧠 5) Objetivo: generar efectivo suficiente para realizar una compra con valor >= $100 (o reequilibrar), manteniendo posición en acciones con mejor potencial.
[2025-08-20T19:03:45.097Z] 🧠 6) Próximo paso: obtener precios actuales de ENPH, ARM, AMAT, INTC y ETH.
[2025-08-20T19:03:48.326Z] 🔖 Searched for stock price for ENPH: $35.81
[2025-08-20T19:03:54.997Z] 🧠 1) Precio ENPH = $35.81. Con 12 acciones, valor posición ENPH ≈ $429.72.
[2025-08-20T19:03:54.997Z] 🧠 2) Vender 3 acciones ENPH generaría ≈ $107.43 (cumple umbral >= $100). Vender 2 sería $71.62 (insuficiente).
[2025-08-20T19:03:54.998Z] 🧠 3) Considerar vender 3 ENPH para obtener efectivo sin liquidar la mayor parte de la posición (quedaría con 9 acciones).
[2025-08-20T19:03:54.998Z] 🧠 4) Antes de vender, comparar con otras posiciones (ARM, AMAT, INTC) para ver si hay mejor candidato para venta.
[2025-08-20T19:03:54.998Z] 🧠 5) Próximo paso: obtener precios de ARM, AMAT, INTC, y ETH para tomar decisión de venta más informada.
[2025-08-20T19:03:56.477Z] 🔖 Searched for stock price for ARM: $129.55
[2025-08-20T19:04:01.682Z] 🧠 1) Precio ARM = $129.55. Con 3 acciones, valor ≈ $388.65.
[2025-08-20T19:04:01.682Z] 🧠 2) Vender 1 acción ARM generaría $129.55 (cumple umbral) — menos impactante que vender 3 ENPH.
[2025-08-20T19:04:01.682Z] 🧠 3) Preferencia: vender 1 ARM may be better because meets minimum and keeps ENPH intact if ENPH considered higher potential; pero necesito comparar con AMAT e INTC.
[2025-08-20T19:04:01.683Z] 🧠 4) Próximo paso: obtener precios AMAT, INTC, y ETH para decidir qué vender.
[2025-08-20T19:04:03.109Z] 🔖 Searched for stock price for AMAT: $159.87
[2025-08-20T19:04:06.558Z] 🧠 1) Precio AMAT = $159.87. Puedo vender 1 acción y obtener $159.87 — cumple umbral y generaría mayor efectivo que vender 1 ARM.
[2025-08-20T19:04:06.558Z] 🧠 2) Vender AMAT liquidaría esa posición por completo (solo 1 acción). Debo evaluar si AMAT tiene mejor upside que ARM/ENPH antes de decidir.
[2025-08-20T19:04:06.558Z] 🧠 3) Obtener precio INTC y ETH para completar información; después comparar potencial de retención vs vender.
[2025-08-20T19:04:07.904Z] 🔖 Searched for stock price for INTC: $23.456
[2025-08-20T19:04:12.883Z] 🔖 Searched for stock price for ETH: $40.505
[2025-08-20T19:04:25.313Z] 🧠 1) He obtenido precios: ENPH $35.81, ARM $129.55, AMAT $159.87, INTC $23.456, ETH $40.505.
[2025-08-20T19:04:25.313Z] 🧠 2) Candidatos viables para venta (cumplen umbral >= $100): ARM 1 acción ($129.55), AMAT 1 acción ($159.87), ENPH 3 acciones (~$107.43). INTC y ETH no alcanzan el umbral por sí solos.
[2025-08-20T19:04:25.313Z] 🧠 3) Decisión: vender 1 acción de ARM por $129.55 — mantiene exposición a ENPH y AMAT, libera efectivo suficiente para una compra sin desbalancear demasiado el portafolio.
[2025-08-20T19:04:25.313Z] 🧠 4) Después de la venta, revisaré saldo en efectivo y realizaré búsqueda de mercado para identificar una compra con potencial (acción líquida y > $5 por acción), con valor de operación >= $100.
[2025-08-20T19:04:25.313Z] 🧠 5) Próximo paso: ejecutar orden de venta de ARM 1 acción.
[2025-08-20T19:04:28.705Z] 💰 Balance leído desde Supabase: $88.45
[2025-08-20T19:04:29.034Z] 📖 94 trades leídos desde Supabase
[2025-08-20T19:04:29.458Z] 💾 Trade guardado en Supabase: 221
[2025-08-20T19:04:29.818Z] 💾 Trade guardado en Supabase: 187
[2025-08-20T19:04:35.592Z] 🧠 1) Venta ejecutada: 1 ARM vendida a $129.655 -> +$129.655. Nuevo efectivo ≈ $218.11 (coincide con reporte).
[2025-08-20T19:04:35.592Z] 🧠 2) Con $218.11 en efectivo, puedo realizar compras >= $100 y cumplir regla de precio por acción >= $5.
[2025-08-20T19:04:35.593Z] 🧠 3) Necesito buscar oportunidades de mercado ahora: acciones con impulso, noticias positivas y liquidez. Priorizar grandes movimientos intradía y nombres con momentum en semiconductores/IA, o acciones cotizadas entre $5+ que permitan comprar 1-2 acciones por operación.
[2025-08-20T19:04:35.593Z] 🧠 4) Plan: hacer búsqueda web de top movers, noticias del día y acciones con gap up o breakouts. Luego seleccionar una o dos compras (no poner todo el capital en una sola posición).
[2025-08-20T19:04:35.593Z] 🧠 5) Próximo paso: ejecutar web_search para identificar candidatos (p.ej., NVDA, AMD, MRCY, ENPH continuaría, QCOM, etc.) y comprobar precios con get_stock_price antes de comprar.
[2025-08-20T19:04:38.240Z] 🔍 Searching the web for: August 20 2025 market movers top gainers news NVDA AMD semiconductor breakout earnings momentum top movers today Aug 20 2025 US market
[2025-08-20T19:04:38.240Z] 🔍 Searching the web for: August 20 2025 market movers top gainers news NVDA AMD semiconductor breakout earnings momentum top movers today Aug 20 2025 US market
[2025-08-20T19:05:13.278Z] 🧠 1) Basado en la investigación: NVDA y AMD bajan algo; retail (TJX, LOW) muestra fuerza por resultados. ENPH es posición actual y está a $35.81.
[2025-08-20T19:05:13.279Z] 🧠 2) Con $218.11 quiero: diversificar parcialmente, evitar poner todo el capital en una sola acción y mantener reserva de efectivo.
[2025-08-20T19:05:13.279Z] 🧠 3) Candidatos para comprobar precios: NVDA (posible compra si precio asequible), TJX (retail con impulso), ENPH (comprar más si papel parece fuerte).
[2025-08-20T19:05:13.279Z] 🧠 4) Próximo paso: obtener precios actuales de NVDA, TJX y volver a verificar ENPH antes de decidir compras.
[2025-08-20T19:05:14.697Z] 🔖 Searched for stock price for NVDA: $173.66
[2025-08-20T19:05:20.018Z] 🧠 1) Precio NVDA = $173.66. Comprar 1 acción costaría $173.66 — usa la mayor parte del efectivo ($218.11), dejaría ~$44.45 de reserva.
[2025-08-20T19:05:20.018Z] 🧠 2) Riesgo: concentrar mucho capital en NVDA; estrategia sugiere no poner todo en una sola posición.
[2025-08-20T19:05:20.018Z] 🧠 3) Alternativa: comprar ENPH (3 acciones ≈ $107.43) y reservar efectivo para otra compra >$100 — pero con $218 no alcanza para dos compras >= $100 si una es $107; podría hacer una compra de $107 y otra de $111 (por ejemplo 1 AMAT? but AMAT price 159.87).
[2025-08-20T19:05:20.018Z] 🧠 4) Mejor plan: comprobar precio TJX (retail) para ver si se puede comprar 1 acción y dividir el capital (por ejemplo ENPH 3 acciones $107 + TJX ~ $80 = total ~$187).
[2025-08-20T19:05:20.018Z] 🧠 5) Próximo paso: obtener precio TJX.
[2025-08-20T19:05:21.949Z] 🔖 Searched for stock price for TJX: $139.008
[2025-08-20T19:05:30.496Z] 🧠 1) Precio TJX = $139.008. Compra de 1 acción cumple umbral y ofrece diversificación hacia retail con momentum.
[2025-08-20T19:05:30.497Z] 🧠 2) Comparación con NVDA: NVDA a $173.66 es más caro y concentraría exposición en semiconductores; prefiero diversificar dado portafolio ya sesgado a semis/ENPH.
[2025-08-20T19:05:30.497Z] 🧠 3) Riesgos: dejaré efectivo residual ~$79 — no puedo ejecutar otra compra porque la otra compra debería ser >= $100.
[2025-08-20T19:05:30.497Z] 🧠 4) Decisión final: comprar 1 acción de TJX por ~$139.01 usando efectivo disponible.
[2025-08-20T19:05:30.497Z] 🧠 5) Próximo paso: ejecutar orden de compra TJX 1 acción.
[2025-08-20T19:05:32.529Z] 💰 Balance leído desde Supabase: $218.11
[2025-08-20T19:05:32.700Z] 📖 95 trades leídos desde Supabase
[2025-08-20T19:05:32.863Z] 💾 Trade guardado en Supabase: 222
[2025-08-20T19:05:33.314Z] 💾 Trade guardado en Supabase: 188
[2025-08-20T19:05:38.584Z] 🧠 1) Compra ejecutada: 1 TJX a $139.03 -> desembolso $139.03. Nuevo efectivo ~$79.08 (coincide con reporte).
[2025-08-20T19:05:38.584Z] 🧠 2) Portafolio ahora: ENPH 12, ARM 2 (since sold 1 of 3), AMAT 1, INTC 1, ETH small, TJX 1.
[2025-08-20T19:05:38.584Z] 🧠 3) Con $79.08 en efectivo no puedo realizar compras adicionales (umbral mínimo $100). En próximas ejecuciones debo esperar o vender parte de una posición para capitalizar nuevas oportunidades.
[2025-08-20T19:05:38.584Z] 🧠 4) Próximo paso: revisar net worth y rendimiento desde $1,000 inicial para seguimiento de objetivo. Luego registrar recomendaciones y plan para próximas corridas.
[2025-08-20T19:05:42.394Z] 💰 Balance leído desde Supabase: $79.08
[2025-08-20T19:05:42.684Z] 📖 96 trades leídos desde Supabase
[2025-08-20T19:05:43.442Z] 💰 Balance leído desde Supabase: $79.08
[2025-08-20T19:05:43.579Z] 📖 96 trades leídos desde Supabase
[2025-08-20T19:05:43.604Z] 💰 Current net worth: $1091.05 (N/A% annualized return)
[2025-08-20T19:05:55.617Z] 🧠 1) Net worth actual: $1,091.05 (efectivo $79.08 + holdings ~$1,011.97). Ganancia de $91.05 desde $1,000 inicial.
[2025-08-20T19:05:55.618Z] 🧠 2) Acciones realizadas en esta corrida: vendí 1 ARM a $129.655 y compré 1 TJX a $139.03. Ambas operaciones cumplen reglas (>= $100 y precio por acción > $5).
[2025-08-20T19:05:55.618Z] 🧠 3) Estado tras operaciones: efectivo insuficiente para nueva compra (umbral $100). Mantendré vigilancia sobre ENPH, ARM, AMAT y movimientos del mercado para próximas decisiones.
[2025-08-20T19:05:55.618Z] 🧠 4) Próximos pasos en la siguiente ejecución (dentro de 2 horas): revisar noticias y precios, valorar vender parte de ENPH o AMAT si surge mejor oportunidad, o esperar a que efectivo alcance $100+ mediante ventas o ganancias realizadas.
[2025-08-20T19:05:55.618Z] 🧠 5) Comunicaré al usuario el resumen de operaciones, estado del portafolio y plan.
[2025-08-20T19:06:05.960Z] 🎉 Agent finished: Resumen de la corrida (20/08/2025, 19:03 local):

Acciones tomadas
- Venta: 1 acción de ARM vendida a $129.655 → +$129.66 en efectivo.
- Compra: 1 acción de TJX comprada a $139.03 → -$139.03 en efectivo.
Ambas operaciones cumplen las reglas: valor total de la transacción ≥ $100 y precio por acción > $5.

Razonamiento rápido
- Efectivo inicial antes de operar: $88.45 (insuficiente para nuevas compras porque el mínimo por operación es $100).
- Revisé precios de mis principales posiciones (ENPH, ARM, AMAT, INTC, ETH) y busqué oportunidades de mercado (noticias del día: retail con fuerza — TJX/LOW; semiconductores presionados — NVDA/AMD).
- Elegí vender 1 ARM (generó $129.66), porque cumple el mínimo y mantiene exposición en ENPH y AMAT.
- Con el efectivo resultante, preferí diversificar comprando 1 TJX (retail con impulso de resultados) en lugar de aumentar exposición en semiconductores.

Estado actual del portafolio
- Patrimonio neto total: $1,091.05
  - Efectivo disponible: $79.08
  - Valor de las posiciones: ≈ $1,011.97
- Posiciones actuales (cantidades):
  - ENPH: 12 acciones (precio revisado $35.81)
  - ARM: 2 acciones (precio revisado $129.55)
  - AMAT: 1 acción (precio revisado $159.87)
  - INTC: 1 acción (precio revisado $23.456)
  - ETH: 0.033 (precio ≈ $40.505)
  - TJX: 1 acción (comprada a $139.03)

Progreso respecto al objetivo
- Capital inicial: $1,000 → Patrimonio actual: $1,091.05
- Ganancia desde el inicio: +$91.05 (≈ +9.11%)

Riesgos y gestión
- Evité poner todo el capital en una sola posición.
- Tras la compra, el efectivo remanente ($79.08) es inferior al umbral mínimo para nuevas compras; para aumentar capacidad de compra en la próxima corrida habría que vender parte de alguna posición (por ejemplo, 1 ENPH o 1 AMAT) si surge una oportunidad atractiva.
- Mantendré foco en activos líquidos y en noticias/earnings que generen movimiento.

Plan para la próxima ejecución (dentro de ~2 horas)
- Revisar noticias y top movers (seguir monitorizando TJX/LOW, NVDA/AMD, ENPH).
- Si aparece una oportunidad clara con momentum y riesgo/beneficio favorable, considerar vender parcial de ENPH o AMAT para liberar cash (si la venta cumple el umbral ≥ $100).
- Si no hay oportunidades atractivas, esperar y conservar posiciones con reserva de efectivo para la siguiente corrida.

Si quieres, ahora puedo:
- Hacer una búsqueda más detallada de noticias sobre TJX/LOW o NVDA para justificar la rotación.
- Calcular escenarios de venta (por ejemplo, vender 3 ENPH vs 1 AMAT) y cómo afectarían efectivo/redes de riesgo.
- Preparar órdenes condicionadas (si tu sistema lo permite) para ejecutar en la próxima sesión.

¿Qué prefieres que haga ahora?
[2025-08-20T19:06:05.961Z] 📱 Enviando mensaje a WhatsApp via Twilio: +573127815978
[2025-08-20T19:06:06.323Z] ✅ Mensaje enviado exitosamente: MM4ea8e00645900f558303313bd8fbcf96
[2025-08-20T19:06:06.686Z] 💰 Balance leído desde Supabase: $79.08
[2025-08-20T19:06:06.808Z] 📖 96 trades leídos desde Supabase
[2025-08-20T19:06:07.592Z] 📝 Updated README with portfolio value: $1091.25
