[2025-09-04T13:39:13.660Z] Starting agent
[2025-09-04T13:39:22.210Z] 🧠 Plan de actuación para esta ejecución:
[2025-09-04T13:39:22.210Z] 🧠 1) Revisar el estado actual del portafolio para conocer efectivo disponible, posiciones y valor neto.
[2025-09-04T13:39:22.210Z] 🧠 2) Analizar mercado: buscar noticias y top movers para identificar oportunidades de momentum o roturas técnicas.
[2025-09-04T13:39:22.210Z] 🧠 3) Obtener precios actuales de los tickers identificados para verificar que cumplen restricciones (precio por acción >= $5 y orden mínima >= $100).
[2025-09-04T13:39:22.210Z] 🧠 4) Evaluar riesgo y decidir compras/ventas sin poner todo el capital en una sola posición, manteniendo reserva en efectivo.
[2025-09-04T13:39:22.210Z] 🧠 5) Ejecutar órdenes (comprar/vender) que respeten las reglas (mínimo $100 por transacción, no comprar acciones < $5).
[2025-09-04T13:39:22.210Z] 🧠 6) Después de cada herramienta usada voy a reevaluar con 'think' para asegurar transparencia y plan de próximos pasos.
[2025-09-04T13:41:02.105Z] 💰 Balance leído desde broker simulator: $11.23
[2025-09-04T13:41:02.402Z] 📖 100 trades leídos desde Supabase
[2025-09-04T13:41:02.402Z] 💹 Fetched portfolio: $11.23
[2025-09-04T13:41:12.177Z] 🧠 Procesar portafolio actual: efectivo muy bajo ($11.23). Necesito liquidez para ejecutar operaciones (mínimo $100 por operación).
[2025-09-04T13:41:12.178Z] 🧠 Pasos siguientes: 1) Obtener precios actuales de ENPH e INTC para calcular valor de las posiciones y valor neto. 2) Evaluar si vender parte de ENPH o INTC para generar efectivo >= $100 por venta si corresponde; también considerar mantener posicion(es) por momentum.
[2025-09-04T13:41:12.178Z] 🧠 3) Hacer búsqueda de mercado para identificar candidatos con momentum y noticias; priorizar acciones con precio por acción >= $5 y con liquidez.
[2025-09-04T13:41:12.178Z] 🧠 4) Obtener precios actuales de candidatos y decidir compra(s) que respeten regla de mínima transacción de $100 y no concentrar todo el capital en una sola acción.
[2025-09-04T13:41:12.178Z] 🧠 Procedo a obtener precios de ENPH e INTC (usar get_stock_price).
[2025-09-04T13:41:29.785Z] 🔖 Searched for stock price for ENPH: $37.08
[2025-09-04T13:41:33.466Z] 🧠 Precio ENPH recibido: $37.08. Calcular valor de posición ENPH: 27 * 37.08 = $1001.16 aproximadamente.
[2025-09-04T13:41:33.466Z] 🧠 Con efectivo $11.23 + ENPH valor $1001.16 + INTC holdings need price for INTC. Próximo paso: pedir precio de INTC.
[2025-09-04T13:41:33.466Z] 🧠 Si ENPH vale ~$1001, vender una porción puede generar efectivo suficiente para nuevas operaciones. Debo obtener precio de INTC para valor neto total antes de decidir.
[2025-09-04T13:41:33.466Z] 🧠 Solicitar precio INTC.
[2025-09-04T13:41:47.356Z] 🔖 Searched for stock price for INTC: $24
[2025-09-04T13:41:54.151Z] 🧠 Precio INTC: $24. Valor posición INTC: 4 * 24 = $96.
[2025-09-04T13:41:54.151Z] 🧠 Cálculo valor neto total aproximado: efectivo $11.23 + ENPH $1001.16 + INTC $96 = $1108.39.
[2025-09-04T13:41:54.151Z] 🧠 Reglas: no ejecutar transacción por debajo de $100 total. Vender INTC completamente generaría $96, por debajo del mínimo, por lo que no se puede ejecutar esa venta sola.
[2025-09-04T13:41:54.152Z] 🧠 Vender 3 acciones de INTC (3*24=$72) también por debajo. Sólo opción para generar efectivo es vender parte de ENPH. Vender 3 acciones de ENPH = 3*37.08 = $111.24 > $100 cumple mínimo. También puedo vender 2 acciones = $74.16 (no cumple).
[2025-09-04T13:41:54.152Z] 🧠 Estrategia: vender 3 acciones ENPH para liberar ~$111 y tener efectivo ~ $122.47. Con eso puedo comprar una posición nueva si price >= $5 and total >=$100. Buscar oportunidades con momentum usando web_search.
[2025-09-04T13:41:54.152Z] 🧠 Plan: ejecutar búsqueda de top movers/novedades y después decidir compra; pero antes de cualquier trade must think again. Proceder a web_search para identificar candidatos.
[2025-09-04T13:41:58.196Z] 🔍 Searching the web for: US market top movers today Sep 4 2025 momentum news semiconductor AI ENPH alternatives top gainers Sept 4 2025 midday
[2025-09-04T13:41:58.196Z] 🔍 Searching the web for: US market top movers today Sep 4 2025 momentum news semiconductor AI ENPH alternatives top gainers Sept 4 2025 midday
[2025-09-04T13:42:50.904Z] 🧠 Decisión: vender 3 acciones de ENPH para generar liquidez (~$111.24), que junto al efectivo actual permitirá una compra mínima de $100.
[2025-09-04T13:42:50.904Z] 🧠 Riesgo: reduce posición en ENPH (fuerte posición actual). Mantendré mayoría de ENPH (24 acciones) para seguir expuesto al potencial momentum/recuperación.
[2025-09-04T13:42:50.904Z] 🧠 Ejecución: emitir orden de venta sell ENPH 3 acciones. Después de la venta reevaluaré oportunidades y precios para decidir compra (usar get_stock_price de candidatos).
[2025-09-04T13:43:13.159Z] 🧠 La venta falló por un error del broker (400). Posibles causas: error transitorio o formato de solicitud. Intentar reintentar la venta de 3 acciones ENPH nuevamente.
[2025-09-04T13:43:13.159Z] 🧠 Si falla repetidamente, considerar vender 4 acciones para obtener más liquidez, pero primero reintentar con 3.
[2025-09-04T13:43:13.159Z] 🧠 Procedo a reintentar la orden sell ENPH 3 acciones.
[2025-09-04T13:43:40.643Z] 💰 Balance leído desde broker simulator: $11.23
[2025-09-04T13:43:40.806Z] 📖 100 trades leídos desde Supabase
[2025-09-04T13:44:26.620Z] 💰 Balance leído desde broker simulator: $11.23
[2025-09-04T13:44:26.741Z] 📖 100 trades leídos desde Supabase
[2025-09-04T13:45:06.715Z] 💰 Current net worth: $1252.84 (373,910.30% annualized return)
[2025-09-04T13:45:20.830Z] 🧠 Net worth recibido: $1252.84 (efectivo $11.23, holdings $1241.61). Confirmar que sin poder vender por API no puedo liberar efectivo ahora mismo.
[2025-09-04T13:45:20.830Z] 🧠 Necesito plan alternativo: informar al usuario sobre el estado actual y las limitaciones de ejecución (error del broker). Proponer acciones futuras: reintentar ventas en próximos ciclos, monitorizar ENPH (precio $37.08) y noticias, y si la venta falla continuar manteniendo posiciones y prepararse para vender 3–4 ENPH cuando el broker responda.
[2025-09-04T13:45:20.830Z] 🧠 Proponer un trade objetivo si la venta se pudiera ejecutar: vender 3 ENPH (~$111) y comprar ON Semiconductor (ON) u otro semiconductores con momentum si su precio permite comprar acciones por al menos $100 total y precio por acción >= $5. Necesito obtener precios candidatos en la próxima ejecución o cuando la API de trading esté disponible.
[2025-09-04T13:45:20.831Z] 🧠 Siguiente paso: comunicar al usuario lo ocurrido, descripción del portafolio, y plan de contingencia en español.
[2025-09-04T13:45:41.132Z] 🎉 Agent finished: Resumen y acciones ejecutadas (en español):

1) Pensamiento inicial
- Objetivo: multiplicar los $1,000 iniciales con operaciones bien justificadas.
- Estrategia para esta ejecución: revisar portafolio, generar liquidez si hace falta (respetando regla mínima de $100 por transacción y no comprar acciones por debajo de $5), buscar oportunidades con momentum y ejecutar operaciones.

2) Estado actual del portafolio (consulta realizada)
- Efectivo disponible: $11.23
- Posiciones: ENPH 27 acciones, INTC 4 acciones
- Historial de operaciones: presente (varias compras/ventas, mucha actividad en ENPH y algunos semiconductores)
- Precio actual consultado en esta ejecución:
  - ENPH = $37.08
  - INTC = $24.00

3) Cálculo y situación
- Valor ENPH ≈ 27 * $37.08 = $1,001.16
- Valor INTC ≈ 4 * $24 = $96.00
- Valor neto aproximado calculado: ≈ $11.23 + $1,001.16 + $96 = ≈ $1,108.39
- (Además pedí get_net_worth y el sistema devolvió: Net worth total actual $1,252.84 — holdings $1,241.61; efectivo $11.23 — usaré ese valor oficial.)

4) Intento de ejecución
- Evaluación: para poder abrir una nueva posición debo generar efectivo ≥ $100. Vender 3 acciones de ENPH (3 * $37.08 ≈ $111.24) cumple el mínimo y mantiene la mayoría de la posición ENPH.
- Acción prevista: vender 3 ENPH y usar el efectivo resultante para comprar una posición con momentum (acción con precio por acción ≥ $5 y compra total ≥ $100).
- Resultado: intenté ejecutar la venta de ENPH 3 acciones, pero la orden falló repetidamente por un error del broker (Broker API error: 400 Bad Request). Reintenté y volvió a fallar.

5) Investigación de mercado (consulta realizada)
- Resumen de noticias/temas actuales (midday 4 Sep 2025): foco en tecnología/AI/semiconductores; movimientos en Alphabet, Apple; semiconductores y nombres AI/infra en foco. ENPH muestra señales mixtas intradía (fuente: rondas de noticias). Potenciales candidatos en sector chip (ON Semiconductor, Broadcom, Nvidia — algunos demasiado caros para nuestra liquidez inmediata).

6) Análisis de riesgo y plan tras fallo de ejecución
- Limitación actual: con la API de broker devolviendo 400, no pude liberar liquidez vendiendo ENPH. No puedo vender INTC porque su venta total sería $96 (< $100) y está prohibida por las reglas.
- Plan de contingencia inmediato:
  - Mantener posiciones actuales (no ejecutar transacciones hasta que el broker acepte órdenes).
  - Reintentar vender 3–4 ENPH en la próxima ejecución (o en cuanto el broker API deje de fallar) para generar efectivo suficiente.
  - Si la venta se concreta en el próximo intento, objetivo preliminar de compra: evaluar nombres del sector semiconductores/AI con momentum y precio por acción ≥ $5; priorizar una compra que represente diversificación y liquidez, evitando poner todo el capital en una sola acción.
  - Ejemplo de flujo si la venta se completa: vender 3 ENPH (~$111), efectivo total ≈ $122, luego buscar acción con precio tal que la compra mínima ≥ $100; si no hay un candidato adecuado, podría esperar y agrupar mayor efectivo (vender 4 ENPH) para poder acceder a mejores oportunidades.

7) Estado final y próximos pasos
- El net worth reportado por la API es $1,252.84 (efectivo $11.23, holdings $1,241.61).
- No se ejecutaron compras ni ventas esta corrida debido al error del broker al intentar vender ENPH.
- Próximas acciones que realizaré en la siguiente ejecución (o si el usuario me indica proceder):
  - Reintentar la venta parcial de ENPH para generar la liquidez necesaria (respetando el umbral mínimo de $100 por transacción).
  - Volver a escanear top movers y precios en tiempo real para seleccionar objetivo de compra que cumpla las reglas (precio ≥ $5, compra total ≥ $100).
  - Mantener comunicación transparente sobre cada intento y resultado.

Si quieres, puedo:
- Intentar nuevamente vender X acciones de ENPH ahora (indica cuántas; recuerda que ventas por debajo de $100 no están permitidas y la API puede estar fallando), o
- Esperar y centrarme en monitorizar y proponerte una lista de candidatos para compra para usar en cuanto se habilite la venta, o
- Investigar precios en tiempo real de candidatos específicos (ej. ON, AMD, NVDA, AVGO) para preparar la orden.

¿Deseas que vuelva a intentar vender 3 acciones de ENPH ahora, o prefieres que primero revise candidatos concretos para comprar en cuanto logremos liquidez?
[2025-09-04T13:45:41.132Z] 📱 Enviando mensaje a WhatsApp via Twilio: +573127815978
[2025-09-04T13:45:41.576Z] ❌ Error en sendWhatsAppMessage: Error: Twilio could not find a Channel with the specified From address
[2025-09-04T13:45:42.493Z] 💰 Balance leído desde broker simulator: $11.23
[2025-09-04T13:45:42.817Z] 📖 100 trades leídos desde Supabase
[2025-09-04T13:47:14.534Z] 📝 Updated README with portfolio value: $1242.53
