[2025-08-19T23:05:31.937Z] Starting agent
[2025-08-19T23:05:40.525Z] 🧠 1) Objetivo: multiplicar $1,000 inicial mediante operaciones cada 2 horas con gestión de riesgo.
[2025-08-19T23:05:40.525Z] 🧠 2) Primer paso: revisar cartera actual para conocer efectivo disponible, participaciones y desempeño.
[2025-08-19T23:05:40.525Z] 🧠 3) Buscar oportunidades de mercado: identificar movimientos fuertes, noticias positivas y acciones líquidas con precio por acción >= $5.
[2025-08-19T23:05:40.525Z] 🧠 4) Comprobar precios actuales de los candidatos antes de comprar para asegurar que cada orden cumpla con el mínimo de $100 y el precio por acción >= $5.
[2025-08-19T23:05:40.526Z] 🧠 5) Decidir distribución del capital: no poner todo en una sola posición; mantener reserva en efectivo.
[2025-08-19T23:05:40.526Z] 🧠 6) Ejecutar compras/ventas que cumplan las reglas y límites.
[2025-08-19T23:05:40.526Z] 🧠 7) Monitorear net worth después de las operaciones.
[2025-08-19T23:05:40.526Z] 🧠 Plan de acción inmediato: llamar a get_portfolio para revisar estado actual de la cuenta.
[2025-08-19T23:05:43.717Z] 💰 Balance leído desde Supabase: $19.43
[2025-08-19T23:05:44.161Z] 📖 86 trades leídos desde Supabase
[2025-08-19T23:05:44.161Z] 💹 Fetched portfolio: $19.43
[2025-08-19T23:05:55.807Z] 🧠 1) Procesar el estado de la cartera: efectivo disponible $19.43, varias posiciones ilíquidas pequeñas y cripto (ETH 0.033).
[2025-08-19T23:05:55.807Z] 🧠 2) Con solo $19.43 no puedo abrir nuevas posiciones que cumplan la regla mínima de $100 por operación.
[2025-08-19T23:05:55.807Z] 🧠 3) Necesito generar efectivo vendiendo parte de las posiciones actuales. Priorizaré ventas en posiciones líquidas con buen rendimiento o en posiciones que desplieguen ganancias parciales sin violar la regla de no poner todo en una sola posición.
[2025-08-19T23:05:55.807Z] 🧠 4) Identificar precios actuales de las principales tenencias (ENPH, MRVL, ARM, AMAT, INTC y ETH) para valorar cuánto efectivo puedo liberar y si las ventas cubrirían mínimos de $100.
[2025-08-19T23:05:55.807Z] 🧠 5) También comprobar net worth para registrar rendimiento actual antes de ejecutar ventas.
[2025-08-19T23:05:55.807Z] 🧠 6) Llamar a get_net_worth y a get_stock_price para ENPH, MRVL, ARM, AMAT, INTC y ETH para evaluar opciones de venta.
[2025-08-19T23:05:59.852Z] 💰 Balance leído desde Supabase: $19.43
[2025-08-19T23:06:00.021Z] 📖 86 trades leídos desde Supabase
[2025-08-19T23:06:00.814Z] 💰 Balance leído desde Supabase: $19.43
[2025-08-19T23:06:01.111Z] 📖 86 trades leídos desde Supabase
[2025-08-19T23:06:01.143Z] 💰 Current net worth: $1116.72 (N/A% annualized return)
[2025-08-19T23:06:10.343Z] 🔖 Searched for stock price for ENPH: $36.23
[2025-08-19T23:06:10.346Z] 🔖 Searched for stock price for ARM: $134.01
[2025-08-19T23:06:10.347Z] 🔖 Searched for stock price for ETH: $38.94
[2025-08-19T23:06:10.363Z] 🔖 Searched for stock price for MRVL: $72.07
[2025-08-19T23:06:10.374Z] 🔖 Searched for stock price for AMAT: $162.22
[2025-08-19T23:06:10.388Z] 🔖 Searched for stock price for INTC: $25.31
[2025-08-19T23:06:25.752Z] 💰 Balance leído desde Supabase: $19.43
[2025-08-19T23:06:26.026Z] 📖 86 trades leídos desde Supabase
[2025-08-19T23:06:26.508Z] 💾 Trade guardado en Supabase: 204
[2025-08-19T23:06:26.794Z] 💾 Trade guardado en Supabase: 170
[2025-08-19T23:06:34.989Z] 🔍 Searching the web for: mercado 19 agosto 2025 movimientos top hoy semiconductores NVDA ARM ENPH MRVL AMAT noticias momentum 8/19/2025
[2025-08-19T23:07:31.110Z] 🧠 1) Procesar resultados del web_search: el sector semiconductores mostró debilidad general (NVDA y pares en rojo) pero hay noticias específicas (Intel subiendo por inversión). Esto sugiere oportunidades de compra selectiva en nombres de calidad si hay recuperación.
[2025-08-19T23:07:31.110Z] 🧠 2) Efectivo disponible tras venta MRVL: $163.57. Necesito ejecutar una compra que cumpla la regla de mínimo $100 por operación y precio por acción >= $5.
[2025-08-19T23:07:31.110Z] 🧠 3) Opciones factibles ahora: comprar 1 acción de ARM ($134.01), 1 acción AMAT ($162.22) o varias acciones de ENPH/INTC. Considerando diversificación y mantener reserva de efectivo, comprar 1 acción de ARM por $134.01 deja una caja razonable (~$29.56) para imprevistos.
[2025-08-19T23:07:31.110Z] 🧠 4) Riesgos: mayor concentración en ARM (pasaría de 3 a 4 acciones), contexto sectorial débil podría continuar y perjudicar a semiconductores; sin embargo ARM está ligada al mercado de chips para IA y puede recuperarse con flujos positivos. Tamaño de la operación cumple reglas y no pone todo el capital.
[2025-08-19T23:07:31.110Z] 🧠 5) Decisión: ejecutar compra de 1 acción de ARM a precio de mercado.
[2025-08-19T23:07:33.946Z] 💰 Balance leído desde Supabase: $163.57
[2025-08-19T23:07:34.247Z] 📖 87 trades leídos desde Supabase
[2025-08-19T23:07:34.370Z] 💾 Trade guardado en Supabase: 205
[2025-08-19T23:07:34.660Z] 💾 Trade guardado en Supabase: 171
[2025-08-19T23:07:40.741Z] 🧠 1) Registro de la operación: vendí MRVL 2 acciones por $144.14 y compré 1 acción de ARM por $134.01. Caja actual $29.56.
[2025-08-19T23:07:40.741Z] 🧠 2) Actualizar cartera: ARM pasa de 3 a 4 acciones; MRVL ahora 0.
[2025-08-19T23:07:40.741Z] 🧠 3) Necesito verificar el net worth actual para seguir el progreso y registrar rendimiento tras las operaciones.
[2025-08-19T23:07:40.741Z] 🧠 4) Llamar a get_net_worth para obtener valor total actualizado y comparar con objetivo inicial de $1,000.
[2025-08-19T23:07:44.205Z] 💰 Balance leído desde Supabase: $29.56
[2025-08-19T23:07:44.381Z] 📖 88 trades leídos desde Supabase
[2025-08-19T23:07:44.768Z] 💰 Balance leído desde Supabase: $29.56
[2025-08-19T23:07:45.096Z] 📖 88 trades leídos desde Supabase
[2025-08-19T23:07:45.115Z] 💰 Current net worth: $1116.72 (N/A% annualized return)
[2025-08-19T23:08:05.980Z] 🎉 Agent finished: Hecho — análisis y acciones para la ejecución de 19/08/2025 23:05:31 (hora proporcionada).

Resumen rápido de cumplimiento del proceso
- Seguí el proceso obligatorio de pensamiento (think) antes y después de cada llamada a herramientas, revisión de cartera, análisis de mercado y ejecución de órdenes.
- Herramientas usadas: get_portfolio, get_net_worth, get_stock_price (varios tickers), web_search, sell (MRVL), buy (ARM), y verificación final con get_net_worth.

Estado de la cartera (actualizado)
- Valor neto: $1,116.72 (↑ $116.72 desde $1,000 inicial; ≈ +11.67%)
- Caja disponible: $29.56
- Valores/posiciones:
  - ENPH: 10 acciones (precio actual consultado $36.23)
  - ARM: 4 acciones (precio consultado $134.01; acabada de comprar 1)
  - AMAT: 1 acción (precio consultado $162.22)
  - MRVL: 0 acciones (vendidas en esta sesión)
  - INTC: 1 acción (precio consultado $25.31)
  - ETH: 0.033 (precio consultado $38.94)
- Valor de las posiciones: $1,087.16

Operaciones ejecutadas en esta sesión
1) Venta: MRVL — vendí 2 acciones a $72.07 c/u, total $144.14. (Caja pasó de $19.43 → $163.57).
   - Cumple regla mínima: operación > $100.
2) Compra: ARM — compré 1 acción a $134.01, total $134.01. (Caja final $29.56).
   - Cumple regla mínima: operación > $100.
   - Precio por acción >= $5 (regla cumplida).

Razonamiento y evaluación de riesgo
- Problema inicial: caja muy baja ($19.43), por lo que no era posible abrir nuevas posiciones que cumplieran el mínimo de $100.
- Acción: se vendió MRVL (posición pequeña y líquida) para generar efectivo sin deshacer grandes posiciones principales.
- Compra: ARM 1 acción por $134.01 — decisión tomada porque:
  - ARM ofrece exposición al ecosistema de chips/IA (tema estructural).
  - Compra cumple reglas y deja una reserva de caja (~$29.56) para imprevistos.
  - Riesgo: aumenta concentración en ARM (de 3→4 acciones). Se aceptó como trade de tamaño moderado y compatible con la estrategia de crecimiento agresivo pero con algo de reserva.
- Mercado: web_search mostró debilidad general en semiconductores ese día (NVDA y pares en rojo), aunque con noticias puntuales (p. ej. alzas en Intel). Por eso se priorizó una compra medida y mantener algo de caja.

Plan y próximos pasos
- Monitorear ARM y ENPH por volatilidad intradiaria y noticias relacionadas con IA/semiconductores.
- Mantener alerta para oportunidades de compra/venta que cumplan el mínimo de $100 por operación.
- Si aparece una oportunidad con buena probabilidad de reversión en semiconductores (o noticias positivas en ARM/AMAT/ENPH), considerar ejecutar otra operación en la siguiente corrida (en ~2 horas).
- Si se requiere más poder de compra para una oportunidad que supere el umbral, evaluar ventas parciales adicionales de posiciones pequeñas o rotaciones.

Si quieres:
- Puedo buscar movimientos intradiarios adicionales (p. ej. NVDA, AMAT, ENPH en detalle) para ajustar la decisión en la próxima corrida.
- Puedo establecer reglas automáticas de venta parcial (p. ej. tomar ganancias X% o cortar pérdida Y%) y aplicarlas en próximas ejecuciones.

Confirmación de cumplimiento de reglas
- Ninguna orden ejecutada fue menor de $100 en valor total.
- No compré acciones con precio por acción < $5.
- Mantengo algo de caja y no puse todo el capital en una sola operación.

¿Deseas que busque movimientos intradía adicionales o que prepare una regla de salida/stop para ARM y ENPH antes de la próxima corrida (en ~2 horas)?
[2025-08-19T23:08:05.981Z] 📱 Enviando mensaje a WhatsApp via Twilio: +573127815978
[2025-08-19T23:08:06.346Z] ✅ Mensaje enviado exitosamente: MM7758ae54ad3d861b1b6e07e6ea86faf5
[2025-08-19T23:08:06.489Z] 💰 Balance leído desde Supabase: $29.56
[2025-08-19T23:08:06.613Z] 📖 88 trades leídos desde Supabase
[2025-08-19T23:08:07.171Z] 📝 Updated README with portfolio value: $1116.72
