[2025-08-21T23:05:32.815Z] Starting agent
[2025-08-21T23:05:41.438Z] 🧠 1) Objetivo: multiplicar $1,000 inicial; revisar cartera y efectivo disponible.
[2025-08-21T23:05:41.438Z] 🧠 2) Plan: revisar portfolio para conocer efectivo y posiciones actuales.
[2025-08-21T23:05:41.438Z] 🧠 3) Identificar oportunidades: buscar valores con momentum, noticias positivas o rupturas técnicas; priorizar acciones líquidas > $5/acción.
[2025-08-21T23:05:41.438Z] 🧠 4) Restricciones: no ejecutar operaciones menores a $100 en valor total; no comprar acciones < $5 por acción; mantener reserva de efectivo; no poner todo en una sola posición.
[2025-08-21T23:05:41.438Z] 🧠 5) Decidir tamaño de posición: asignar no más del 50-70% del efectivo disponible en una sola operación para gestionar riesgo.
[2025-08-21T23:05:41.438Z] 🧠 6) Luego de obtener portfolio, evaluar si hay posiciones a vender (bajas performance o para liberar efectivo).
[2025-08-21T23:05:41.439Z] 🧠 7) Después, usar búsquedas web y precios para seleccionar 1-2 candidatos y ejecutar compras/ventas que cumplan reglas.
[2025-08-21T23:05:41.439Z] 🧠 8) Registrar cada paso y volver a pensar tras cada herramienta para planear siguientes acciones.
[2025-08-21T23:05:44.025Z] 💰 Balance leído desde Supabase: $14.61
[2025-08-21T23:05:44.390Z] 📖 100 trades leídos desde Supabase
[2025-08-21T23:05:44.390Z] 💹 Fetched portfolio: $14.61
[2025-08-21T23:05:54.571Z] 🧠 1) Procesar portfolio: efectivo $14.61 es insuficiente para nuevas compras (mínimo $100 por transacción). Necesito liberar efectivo vendiendo posiciones.
[2025-08-21T23:05:54.571Z] 🧠 2) Priorizar ventas: elegir posiciones líquidas y con suficiente cantidad para vender sin breakeven drama. ENPH tiene 17 acciones — buena candidata; NVDA y INTC también, pero NVDA precio alto and only 1 share, selling NVDA frees ~$170-180; selling NVDA 1 share could provide capital quickly.
[2025-08-21T23:05:54.571Z] 🧠 3) Evaluar opciones: vender NVDA 1 (liquidar whole position) would likely generar >$100; vender 3-4 ENPH also could. Prefer selling NVDA 1 to free more cash while keeping ENPH position for momentum.
[2025-08-21T23:05:54.571Z] 🧠 4) Plan: comprobar precios actuales de NVDA y ENPH (y quizá INTC, TJX) antes de ejecutar cualquier venta para confirmar que la transacción superará $100 y cumplir restricciones.
[2025-08-21T23:05:54.572Z] 🧠 5) Después de obtener precios, decidir vender NVDA 1 if value >= $100; otherwise sell 3-4 ENPH.
[2025-08-21T23:05:54.572Z] 🧠 6) Posterior a la venta, usar web_search para identificar 1-2 oportunidades con momentum para comprar con el nuevo efectivo (no invertir todo; mantener reserva).
[2025-08-21T23:05:54.572Z] 🧠 7) Mantener la regla de no invertir todo y no comprar acciones <$5/acción.
[2025-08-21T23:05:56.281Z] 🔖 Searched for stock price for NVDA: $174.98
[2025-08-21T23:06:03.737Z] 💰 Balance leído desde Supabase: $14.61
[2025-08-21T23:06:03.899Z] 📖 100 trades leídos desde Supabase
[2025-08-21T23:06:04.242Z] 💾 Trade guardado en Supabase: 254
[2025-08-21T23:06:04.365Z] 💾 Trade guardado en Supabase: 220
[2025-08-21T23:06:11.011Z] 🧠 1) Venta completada: NVDA 1 vendida por $174.98; efectivo ahora $189.59—suficiente para ejecutar una compra >= $100.
[2025-08-21T23:06:11.011Z] 🧠 2) Objetivo: identificar 1-2 oportunidades líquidas para comprar, prefiriendo momentum/rupturas; reservar parte del efectivo para emergencia (mantener ~30% en caja => ~$57), por lo que capital disponible aprox $132 para invertir.
[2025-08-21T23:06:11.012Z] 🧠 3) Buscar acciones líquidas > $5/acción con noticias/imbalance hoy: usar web_search para top movers y noticias del mercado del 21 de agosto de 2025.
[2025-08-21T23:06:11.012Z] 🧠 4) Luego comprobar precios concretos de los candidatos (get_stock_price) y calcular cantidad de acciones a comprar cumpliendo el mínimo de $100 por operación.
[2025-08-21T23:06:11.012Z] 🧠 5) Mantener diversificación: no poner más del 60-70% del efectivo en una sola operación; considerar comprar 1 posición con ~$120.
[2025-08-21T23:06:11.012Z] 🧠 6) Ejecutar compra(es) que cumplan reglas y reportar.
[2025-08-21T23:06:12.744Z] 🔍 Searching the web for: top stock movers August 21 2025 market movers news NVDA ENPH AMC AMD top gainers Aug 21 2025 after hours movers tech momentum news
[2025-08-21T23:06:12.745Z] 🔍 Searching the web for: top stock movers August 21 2025 market movers news NVDA ENPH AMC AMD top gainers Aug 21 2025 after hours movers tech momentum news
[2025-08-21T23:06:54.646Z] 🧠 1) Procesar resultados de búsqueda: mercado mostró movimientos mixtos; NVDA estable; algunos ganadores por resultados (NDSN) y macro noticias influyeron.
[2025-08-21T23:06:54.646Z] 🧠 2) Con efectivo ~$189.59 y objetivo de invertir ~70% (~$132), buscar acción líquida >$5 con momentum. ENPH ha sido negociada antes en la cartera y suele cotizar en $30-40 — buena candidata para añadir posición.
[2025-08-21T23:06:54.647Z] 🧠 3) Próximo paso: obtener precio actual de ENPH para calcular cuántas acciones comprar y confirmar que la transacción total será >= $100.
[2025-08-21T23:06:54.647Z] 🧠 4) Si ENPH precio*cantidad cumple, ejecutar compra por aproximadamente $120 (mantener reserva ~ $69).
[2025-08-21T23:06:54.647Z] 🧠 5) Si ENPH no es adecuada, consultar otros nombres (AMZN, AAPL, AVGO) y verificar precios antes de decidir.
[2025-08-21T23:06:56.521Z] 🔖 Searched for stock price for ENPH: $34.58
[2025-08-21T23:07:03.817Z] 🧠 1) ENPH cotiza a $34.58. Comprar 3 acciones costaría $103.74, cumpliendo el requisito mínimo de $100 por transacción.
[2025-08-21T23:07:03.817Z] 🧠 2) Comprar 3 ENPH dejaría efectivo en cuenta de $85.85, manteniendo una reserva (objetivo ~30% = $57). Esto respeta la regla de no invertir todo.
[2025-08-21T23:07:03.817Z] 🧠 3) Comprar 4 acciones costaría $138.32 y dejaría solo $51.27, por debajo de la reserva objetivo; por tanto, comprar 3 acciones es la opción preferida.
[2025-08-21T23:07:03.817Z] 🧠 4) Confirma que ENPH > $5/acción y que la operación supera $100. Proceder a ejecutar compra de ENPH 3 acciones.
[2025-08-21T23:07:03.817Z] 🧠 5) Tras la compra, revisar cartera y net worth para registrar performance.
[2025-08-21T23:07:05.871Z] 💰 Balance leído desde Supabase: $189.59
[2025-08-21T23:07:06.024Z] 📖 100 trades leídos desde Supabase
[2025-08-21T23:07:06.179Z] 💾 Trade guardado en Supabase: 255
[2025-08-21T23:07:06.340Z] 💾 Trade guardado en Supabase: 221
[2025-08-21T23:07:10.187Z] 🧠 1) Compra completada: 3 ENPH compradas por $103.74; efectivo restante $85.85.
[2025-08-21T23:07:10.187Z] 🧠 2) Próximo paso: revisar el estado actualizado de la cartera (get_portfolio) para confirmar holdings y efectivo.
[2025-08-21T23:07:10.187Z] 🧠 3) Luego, evaluar performance y registrar net worth; si hay posiciones debilitándose, considerar ventas en futuras corridas.
[2025-08-21T23:07:10.187Z] 🧠 4) Mantener vigilancia sobre noticias para la próxima ejecución.
[2025-08-21T23:07:11.997Z] 💰 Balance leído desde Supabase: $85.85
[2025-08-21T23:07:12.114Z] 📖 100 trades leídos desde Supabase
[2025-08-21T23:07:12.114Z] 💹 Fetched portfolio: $85.85
[2025-08-21T23:07:17.237Z] 🧠 1) Cartera actualizada confirmada: efectivo $85.85, ENPH 20, INTC 1, TJX 2, ETH 0.033.
[2025-08-21T23:07:17.237Z] 🧠 2) Importante calcular el valor total (net worth) para medir desempeño respecto a $1,000 inicial.
[2025-08-21T23:07:17.237Z] 🧠 3) Llamar a get_net_worth para obtener net worth y porcentaje de retorno.
[2025-08-21T23:07:17.237Z] 🧠 4) Tras recibir net worth, resumir operaciones del ciclo y plan para próximas ejecuciones (vigilancia y limitación de riesgo).
[2025-08-21T23:07:18.651Z] 💰 Balance leído desde Supabase: $85.85
[2025-08-21T23:07:18.752Z] 📖 100 trades leídos desde Supabase
[2025-08-21T23:07:19.422Z] 💰 Balance leído desde Supabase: $85.85
[2025-08-21T23:07:19.579Z] 📖 100 trades leídos desde Supabase
[2025-08-21T23:07:19.598Z] 💰 Current net worth: $1077.28 (N/A% annualized return)
[2025-08-21T23:07:37.975Z] 🎉 Agent finished: Resumen del ciclo de trading (8/21/2025 — ejecución a las 23:05:32 UTC):

Acciones realizadas
- Vendí 1 acción de NVDA a $174.98 → ingreso $174.98. (Operación cumplió el mínimo > $100.)
- Compré 3 acciones de ENPH a $34.58 cada una → gasto $103.74. (Compra cumplió mínimo > $100 y ENPH > $5/acción.)

Estado de la cartera (actualizado)
- Efectivo disponible: $85.85
- Posiciones principales:
  - ENPH: 20 acciones
  - INTC: 1 acción
  - TJX: 2 acciones
  - ETH: 0.033 (posición cripto)
- Net worth total: $1,077.28 (↑ $77.28 desde el capital inicial de $1,000)

Razonamiento y cumplimiento de reglas
- Motivo de la venta: con efectivo inicial muy bajo ($14.61) necesitaba generar liquidez suficiente para nuevas oportunidades; NVDA (1 acción) liberó capital inmediato (~$175), operación clara y líquida.
- Motivo de la compra: ENPH es una acción conocida en la cartera, precio actual ($34.58) permitía una compra de tamaño significativo sin agotar la liquidez. Compré 3 acciones ($103.74) para:
  - Cumplir el umbral mínimo de $100 por transacción.
  - Mantener una reserva de efectivo (~$85.85) para oportunidades o gestión de riesgo.
- Todas las operaciones respetaron las reglas: ninguna compra por debajo de $5/acción; ninguna operación por debajo de $100 en valor total.

Plan y próximos pasos
- Mantendré vigilancia sobre ENPH y noticias/volatilidad en mega-cap tech tras la sesión.  
- No invertiré todo el efectivo disponible; objetivo de asignación en próximas decisiones: no más del 60–70% del efectivo en una sola idea.  
- En la próxima ejecución (cada ~2 horas) revisaré: noticias relevantes, top-movers y precios en tiempo real; venderé posiciones que muestren deterioro o reasignaré si surge una oportunidad con mejor probabilidad de ganancia/riesgo.
- Si quieres, puedo: (a) establecer un objetivo de toma de ganancias o stop para ENPH, (b) buscar candidatos específicos para reinversión en la próxima corrida, o (c) cambiar la agresividad de la estrategia.

¿Deseas que establezca un umbral de stop-loss / take-profit para ENPH ahora o prefieres que espere a la próxima ejecución para nuevas compras?
[2025-08-21T23:07:37.975Z] 📱 Enviando mensaje a WhatsApp via Twilio: +573127815978
[2025-08-21T23:07:38.304Z] ✅ Mensaje enviado exitosamente: MM50811f550bdda07e32501ddf2b40cec7
[2025-08-21T23:07:38.485Z] 💰 Balance leído desde Supabase: $85.85
[2025-08-21T23:07:38.632Z] 📖 100 trades leídos desde Supabase
[2025-08-21T23:07:39.145Z] 📝 Updated README with portfolio value: $1077.28
