[2025-08-14T15:06:24.836Z] Starting agent
[2025-08-14T15:06:33.399Z] 🧠 Inicio de ejecución: revisar objetivo (multiplicar $1,000) y programar pasos.
[2025-08-14T15:06:33.399Z] 🧠 Paso 1: Revisar cartera actual para conocer efectivo disponible y posiciones abiertas.
[2025-08-14T15:06:33.399Z] 🧠 Paso 2: Analizar mercado: buscar acciones con momentum, noticias positivas o rompimientos técnicos que sean líquidas y con precio por acción >= $5.
[2025-08-14T15:06:33.399Z] 🧠 Paso 3: Evaluar riesgos: evitar poner todo el capital en una sola posición; mantener reserva de efectivo.
[2025-08-14T15:06:33.399Z] 🧠 Paso 4: Identificar oportunidades que permitan cumplir la regla de transacción mínima de $100 y precio mínimo por acción $5.
[2025-08-14T15:06:33.399Z] 🧠 Paso 5: Obtener precios actuales de candidatos y decidir compras/ventas que mejoren la exposición al momentum y liquidez.
[2025-08-14T15:06:33.399Z] 🧠 Paso 6: Ejecutar operaciones que respeten límites y actualizar registro de cartera.
[2025-08-14T15:06:33.399Z] 🧠 Preparado para llamar a get_portfolio para revisar estado actual.
[2025-08-14T15:06:36.105Z] 💰 Balance leído desde Supabase: $77.38
[2025-08-14T15:06:36.258Z] 📖 67 trades leídos desde Supabase
[2025-08-14T15:06:36.259Z] 💹 Fetched portfolio: $77.38
[2025-08-14T15:06:43.948Z] 🧠 He revisado la cartera: efectivo $77.38 — insuficiente para nuevas compras (umbral mínimo $100 por operación).
[2025-08-14T15:06:43.948Z] 🧠 Tengo posiciones en ENPH (13), QCOM (2), AMD (1), ARM (1), ETH (0.033). Debo considerar vender parte de una o más posiciones para generar efectivo mínimo > $100 y mantener diversificación y riesgo controlado.
[2025-08-14T15:06:43.948Z] 🧠 Plan: obtener precios actuales de ENPH, QCOM, AMD y ARM para valorar ganancias/perdidas y decidir qué vender. Priorizar ventas parciales de posiciones con menor expectativa de momentum y suficiente liquidez.
[2025-08-14T15:06:43.948Z] 🧠 Necesito llamar a get_stock_price para ENPH, QCOM, AMD y ARM (en ese orden).
[2025-08-14T15:06:45.394Z] 🔖 Searched for stock price for ENPH: $31.81
[2025-08-14T15:06:48.305Z] 🧠 Precio ENPH obtenido: $31.81 por acción. Valor de posición ENPH = 13 * 31.81 = $413.53.
[2025-08-14T15:06:48.305Z] 🧠 Con ENPH podría vender 4 acciones para obtener ~ $127.24 (cumple mínimo $100) o vender más para mayor reserva. Evaluar otras posiciones también.
[2025-08-14T15:06:48.305Z] 🧠 Siguiente: obtener precios de QCOM, AMD y ARM para comparar y decidir la mejor venta parcial.
[2025-08-14T15:06:50.477Z] 🔖 Searched for stock price for QCOM: $157.96
[2025-08-14T15:06:54.790Z] 🧠 Precio QCOM: $157.96 por acción. Poseo 2 acciones => valor total QCOM = $315.92.
[2025-08-14T15:06:54.790Z] 🧠 Vender 1 acción QCOM generaría $157.96, que excede umbral $100 y sería suficiente para comprar otras oportunidades y mantener algo de ENPH.
[2025-08-14T15:06:54.790Z] 🧠 Comparar AMD y ARM para decidir si vender QCOM o parte de ENPH. Obtener precios AMD y ARM.
[2025-08-14T15:06:57.521Z] 🔖 Searched for stock price for AMD: $180.99
[2025-08-14T15:07:00.479Z] 🧠 Precio AMD: $180.99 (poseo 1 acción) => valor $180.99 si vendo AMD.
[2025-08-14T15:07:00.479Z] 🧠 Precio ARM: aún no obtenido; necesito precio ARM para completar evaluación.
[2025-08-14T15:07:00.479Z] 🧠 Comparativa: vender 1 QCOM = $157.96, vender 1 AMD = $180.99, vender 4 ENPH = $127.24. Preferiría vender QCOM or AMD for larger cash, but evaluar momentum/expectativas con web_search antes de decidir si vender una posición con buen outlook.
[2025-08-14T15:07:00.480Z] 🧠 Siguiente: obtener precio de ARM y luego realizar búsqueda web para noticias/momentum sobre QCOM, AMD, ENPH y ARM.
[2025-08-14T15:07:02.424Z] 🔖 Searched for stock price for ARM: $139.655
[2025-08-14T15:07:06.597Z] 🧠 Precio ARM: $139.655 (poseo 1 acción) => valor $139.655 si vendo ARM.
[2025-08-14T15:07:06.597Z] 🧠 Resúmen de opciones para liberar efectivo: vender 1 QCOM ($157.96), vender 1 AMD ($180.99), vender 1 ARM ($139.66), o vender 4 ENPH ($127.24).
[2025-08-14T15:07:06.597Z] 🧠 Necesito evaluar momentum/noticias para estas acciones antes de vender: usar web_search para QCOM, AMD, ENPH y ARM noticias recientes y momentum intradía.
[2025-08-14T15:07:06.597Z] 🧠 Plan: buscar noticias/velas/momentum intradía para QCOM, AMD, ENPH, ARM para decidir qué vender (preferir vender la que tenga peor outlook o menos momentum).
[2025-08-14T15:07:09.638Z] 🔍 Searching the web for: QCOM news 2025 Aug 14 momentum Qualcomm earnings guidance stock movement Aug 14 2025 market news
[2025-08-14T15:07:27.984Z] 🧠 Resultado web_search para QCOM: noticias positivas y momentum por buenos resultados; preferible no vender a menos que sea para recoger grandes ganancias.
[2025-08-14T15:07:27.984Z] 🧠 Necesito buscar información similar para AMD, ENPH y ARM para comparar outlooks antes de decidir qué vender.
[2025-08-14T15:07:27.985Z] 🧠 Siguiente: web_search para AMD noticias 14 Aug 2025.
[2025-08-14T15:07:30.411Z] 🔍 Searching the web for: AMD news August 14 2025 momentum stock AMD earnings guidance Amdocs? 'AMD' 2025 Aug 14 news
[2025-08-14T15:07:43.215Z] 🧠 Resultado AMD: noticias positivas por demanda de chips AI -> mantener AMD preferible.
[2025-08-14T15:07:43.215Z] 🧠 Necesito buscar noticias/momentum para ARM y ENPH para decidir venta. Priorizar buscar ARM (trading at ~$139.655).
[2025-08-14T15:07:43.215Z] 🧠 Siguiente: web_search ARM Holdings news Aug 14 2025.
[2025-08-14T15:07:45.807Z] 🔍 Searching the web for: ARM Holdings news August 14 2025 ARM stock momentum 'ARM' news 2025 Aug 14 Nvidia partnerships Apple etc.
[2025-08-14T15:07:55.851Z] 🧠 ARM: noticias positivas y upgrades, sugiere mantener la posición (buena perspectiva a medio/largo plazo).
[2025-08-14T15:07:55.851Z] 🧠 Queda ENPH por evaluar; podría ser candidato de venta parcial ya que su precio es bajo por acción (~$31.81) y tengo 13 acciones -> posición $413.53.
[2025-08-14T15:07:55.851Z] 🧠 Siguiente: web_search ENPH Enphase Energy news Aug 14 2025 momentum/earnings/solar industry indicators.
[2025-08-14T15:08:00.129Z] 🔍 Searching the web for: Enphase Energy news August 14 2025 ENPH stock momentum solar demand inverter shipments Aug 2025 news
[2025-08-14T15:08:24.622Z] 🧠 Decisión: vender 4 acciones de ENPH para liberar efectivo (~$127) basándome en noticias débiles de Enphase y para financiar una compra con mejor momentum (AMD).
[2025-08-14T15:08:24.622Z] 🧠 Objetivo tras la venta: disponer de suficiente efectivo (> $180) para comprar 1 acción de AMD (~$181) que muestra demanda por chips AI.
[2025-08-14T15:08:24.622Z] 🧠 Riesgos: reducir exposición a ENPH (aún mantendré 9 acciones), aumentar exposición a AMD (duplicaría posición a 2 acciones) — balance aceptable según estrategia de crecimiento agresivo con gestión de riesgo.
[2025-08-14T15:08:24.622Z] 🧠 Ejecutaré ahora la orden de venta de ENPH 4 acciones al mercado.
[2025-08-14T15:08:27.163Z] 💰 Balance leído desde Supabase: $77.38
[2025-08-14T15:08:27.310Z] 📖 67 trades leídos desde Supabase
[2025-08-14T15:08:27.596Z] 💾 Trade guardado en Supabase: 164
[2025-08-14T15:08:27.688Z] 💾 Trade guardado en Supabase: 130
[2025-08-14T15:08:31.501Z] 🧠 Venta ejecutada: 4 ENPH vendidas a $31.88 => $127.52 añadidos al efectivo.
[2025-08-14T15:08:31.501Z] 🧠 Nuevo efectivo reportado: $204.90 — suficiente para comprar 1 acción de AMD (~$180.99) cumpliendo el mínimo de $100 por transacción y regla de precio por acción >= $5.
[2025-08-14T15:08:31.501Z] 🧠 Confirmar intención de comprar 1 acción de AMD para aprovechar momentum de AI; evaluar mantener reserva de efectivo mínima: después de la compra quedaría ~ $23.91 en efectivo (aceptable aunque bajo).
[2025-08-14T15:08:31.501Z] 🧠 Procederé a comprar 1 acción de AMD al mercado.
[2025-08-14T15:08:34.656Z] 💰 Balance leído desde Supabase: $204.9
[2025-08-14T15:08:34.750Z] 📖 68 trades leídos desde Supabase
[2025-08-14T15:08:34.836Z] 💾 Trade guardado en Supabase: 165
[2025-08-14T15:08:34.913Z] 💾 Trade guardado en Supabase: 131
[2025-08-14T15:08:38.983Z] 🧠 Compra ejecutada: 1 AMD comprada a $181.124 => efectivo restante $23.78.
[2025-08-14T15:08:38.983Z] 🧠 Rebalance: mantengo ENPH 9 acciones, QCOM 2, ARM 1, AMD ahora 2 — mayor exposición a semiconductores y AI (estrategia de crecimiento).
[2025-08-14T15:08:38.983Z] 🧠 Siguiente paso: recuperar estado completo de la cartera para reportar net worth y comparar con objetivo inicial $1,000. Llamaré a get_portfolio.
[2025-08-14T15:08:41.831Z] 💰 Balance leído desde Supabase: $23.78
[2025-08-14T15:08:41.904Z] 📖 69 trades leídos desde Supabase
[2025-08-14T15:08:41.904Z] 💹 Fetched portfolio: $23.78
[2025-08-14T15:08:48.912Z] 🧠 He recibido cartera actualizada: efectivo $23.78, ENPH 9, QCOM 2, AMD 2, ARM 1, ETH 0.033.
[2025-08-14T15:08:48.912Z] 🧠 Necesito el valor total actualizado (net worth) para comparar con el capital inicial $1,000 y reportar desempeño. Llamaré a get_net_worth.
[2025-08-14T15:08:48.912Z] 🧠 Luego resumiré en español las operaciones realizadas y el plan siguiente.
[2025-08-14T15:08:51.456Z] 💰 Balance leído desde Supabase: $23.78
[2025-08-14T15:08:51.572Z] 📖 69 trades leídos desde Supabase
[2025-08-14T15:08:51.893Z] 💰 Balance leído desde Supabase: $23.78
[2025-08-14T15:08:51.983Z] 📖 69 trades leídos desde Supabase
[2025-08-14T15:08:52.027Z] 💰 Current net worth: $1130.34 (N/A% annualized return)
[2025-08-14T15:08:56.317Z] 🧠 Net worth obtenido: $1,130.34 => ganancia de $130.34 desde $1,000 iniciales (~+13.03%).
[2025-08-14T15:08:56.317Z] 🧠 Resumen de la secuencia de decisiones: vendí 4 ENPH por $127.52 tras detectar debilidad en Enphase; compré 1 AMD por $181.124 para aumentar exposición a semiconductores/AI con mejor momentum.
[2025-08-14T15:08:56.317Z] 🧠 Efecto en la cartera: efectivo reducido a $23.78; posición ENPH reducida a 9 acciones; AMD aumentada a 2 acciones; QCOM y ARM mantenidas.
[2025-08-14T15:08:56.317Z] 🧠 Riesgo y próximos pasos: con efectivo limitado (> $100 mínimo por operación), esperaré próximas ventanas para generar más efectivo (vender parciales si hay rebote en ENPH o tomar ganancias en otra posición si se presentan señales). Recomiendo monitorear noticias de AMD/QCOM/ARM y buscar entradas cuando haya cash disponible o tras ventas selectivas.
[2025-08-14T15:08:56.317Z] 🧠 Prepararé un resumen final en español detallando acciones, justificantes y plan.
[2025-08-14T15:09:13.150Z] 🎉 Agent finished: Resumen de ejecución (en español):

Pensamiento inicial y plan
- Objetivo: multiplicar el capital inicial de $1,000 mediante trading activo manteniendo gestión de riesgo.
- Paso inmediato: revisar cartera para ver efectivo disponible y posiciones, luego analizar noticias y precios para decidir ventas/compras que favorezcan momentum y liquidez.
- Restricciones aplicadas: no ejecutar operaciones < $100, no comprar acciones por debajo de $5/acción.

Estado inicial de cartera (antes de operar)
- Efectivo: $77.38
- Posiciones relevantes: ENPH 13, QCOM 2, AMD 1, ARM 1, ETH 0.033

Análisis de mercado y decisión
- Consulté precios actuales:
  - ENPH ≈ $31.81
  - QCOM ≈ $157.96
  - AMD ≈ $180.99
  - ARM ≈ $139.655
- Búsqueda de noticias:
  - QCOM: noticias positivas y momentum tras buenos resultados; outlook favorable.
  - AMD: demanda creciente por chips AI (MI355X), outlook positivo.
  - ARM: upgrades y alianzas (Apple, Nvidia), outlook positivo a medio plazo.
  - ENPH: señales de debilidad (caída desde máximos, demanda europea más débil), riesgo mayor.

Estrategia aplicada
- Razonamiento: mantener posiciones con momentum (QCOM, AMD, ARM), reducir exposición a ENPH que muestra debilidad para liberar efectivo y aprovechar oportunidades en semiconductores/AI.
- Objetivo operativo: liberar suficiente efectivo (> $100) para comprar una acción con mejor momentum sin violar reglas.

Operaciones ejecutadas (con timestamps del sistema)
1) Venta
- Vendí 4 acciones de ENPH a $31.88 por acción → Total recibido: $127.52
- Motivación: ENPH con outlook más débil; venta parcial para liberar capital y mantener aún exposición (queda ENPH 9).

2) Compra
- Con el efectivo resultante, compré 1 acción de AMD a $181.124 por acción → Total: $181.124
- Motivación: aumentar exposición a semiconductores/AI con demanda fuerte por chips; operación cumple la regla mínima ($ > 100) y precio por acción > $5.

Estado final de cartera (tras operaciones)
- Efectivo: $23.78
- Posiciones:
  - ENPH: 9 acciones
  - QCOM: 2 acciones
  - AMD: 2 acciones (compré 1 adicional)
  - ARM: 1 acción
  - ETH: 0.033
- Historial reciente refleja la venta de ENPH 4 y compra de AMD 1.

Resultados y rendimiento
- Net worth (valor total): $1,130.34
  - Cash: $23.78
  - Valor de holdings: $1,106.56
- Ganancia desde capital inicial de $1,000: +$130.34 (~+13.03%)

Evaluación de riesgos y plan a corto plazo
- Riesgo: efectivo muy limitado ($23.78). Dado el umbral mínimo por operación ($100), no puedo abrir nuevas posiciones hasta generar más efectivo.
- Plan:
  - Monitorizar noticias/intra-day de AMD, QCOM y ARM — buscar oportunidades de toma de ganancias parciales si se producen subidas fuertes para recuperar liquidez.
  - Considerar ventas selectivas (por ejemplo, parte de QCOM o ARM) si hay señales de reversión o para capitalizar ganancias, manteniendo diversificación.
  - Mantener ENPH como exposición residual (9 acciones) por si se recupera, pero listo para vender más si continúa la debilidad.
  - Priorizar operaciones que cumplan reglas (transacción ≥ $100 y precio/acción ≥ $5).

Próximos pasos inmediatos
- Esperar y monitorizar: con bajo efectivo no ejecutaré compras hasta tener ≥ $100 de efectivo o hasta que venda una parte de las posiciones.
- Si hay un rebote significativo en ENPH o una señal de debilidad en AMD/QCOM/ARM, evaluar ventas parciales para reaprovisionar efectivo y buscar nuevas oportunidades de momentum.

Si deseas, puedo:
- Mantener vigilancia activa y ejecutar ventas/compra cuando se cumplan criterios (autorízame a operar bajo las mismas reglas).
- Buscar candidatos de day trading específicos y presentar alternativas para la próxima ventana de trading.
- Proveer un desglose del valor actual por ticker usando precios en tiempo real.

¿Quieres que continúe monitorizando estas posiciones y espere señales para la próxima operación, o prefieres que libere más efectivo ahora vendiendo una posición distinta?
[2025-08-14T15:09:13.150Z] 📱 Enviando mensaje a WhatsApp via Twilio: +573127815978
[2025-08-14T15:09:13.578Z] ✅ Mensaje enviado exitosamente: MM5633f703d25b1368fad4aed143df0d41
[2025-08-14T15:09:13.703Z] 💰 Balance leído desde Supabase: $23.78
[2025-08-14T15:09:13.765Z] 📖 69 trades leídos desde Supabase
[2025-08-14T15:09:14.170Z] 📝 Updated README with portfolio value: $1129.07
