[2025-08-14T19:04:08.853Z] Starting agent
[2025-08-14T19:04:19.832Z] 🧠 Objetivo: multiplicar los $1,000 iniciales mediante operaciones cada 2 horas, manteniendo gestión de riesgo y reglas (no comprar acciones < $5, no operaciones < $100).
[2025-08-14T19:04:19.832Z] 🧠 Paso 1: Revisar el estado del portafolio para conocer efectivo disponible, posiciones actuales, valor neto y historial de operaciones.
[2025-08-14T19:04:19.832Z] 🧠 Paso 2: Mantener reserva de efectivo (al menos 10-20%) para oportunidades y evitar poner todo en una sola posición.
[2025-08-14T19:04:19.832Z] 🧠 Paso 3: Buscar en el mercado acciones líquidas con momentum, noticias positivas o rompimientos técnicos. Priorizar acciones con precio por acción >= $5 y que permitan operaciones >= $100.
[2025-08-14T19:04:19.832Z] 🧠 Paso 4: Evaluar riesgo/beneficio de las oportunidades identificadas y seleccionar 1-3 operaciones (compra/venta) con tamaño adecuado.
[2025-08-14T19:04:19.832Z] 🧠 Paso 5: Ejecutar operaciones cumpliendo las reglas y registrar resultados. Si es necesario vender posiciones perdedoras para liberar capital, hacerlo si cumple las reglas de tamaño mínimo.
[2025-08-14T19:04:19.832Z] 🧠 Paso 6: Tras cada herramienta usada, procesar resultados y ajustar el plan.
[2025-08-14T19:04:19.832Z] 🧠 Acción inmediata: obtener el estado del portafolio con get_portfolio.
[2025-08-14T19:04:22.337Z] 💰 Balance leído desde Supabase: $23.78
[2025-08-14T19:04:22.600Z] 📖 69 trades leídos desde Supabase
[2025-08-14T19:04:22.600Z] 💹 Fetched portfolio: $23.78
[2025-08-14T19:04:33.660Z] 🧠 Procesar estado del portafolio: efectivo $23.78 es insuficiente para nuevas compras (mínimo $100). Necesitamos liberar efectivo vendiendo parte de posiciones actuales y cumplir la regla de transacción mínima.
[2025-08-14T19:04:33.660Z] 🧠 Identificar candidatos para vender: AMD (2 acciones), QCOM (2), ENPH (9) y ARM (1). Debemos vender la cantidad mínima necesaria para obtener al menos $100 por operación. Priorizar vender 1 acción de AMD o QCOM si su precio actual >= $100.
[2025-08-14T19:04:33.660Z] 🧠 Siguiente acción: obtener precios actuales de AMD, QCOM, ENPH, ARM y ETH para calcular valores de venta y decidir qué vender. Usar get_stock_price en paralelo para rapidez.
[2025-08-14T19:04:33.661Z] 🧠 Después de obtener precios, reevaluar y planear ventas que cumplan la regla de mínimo $100 por operación y mantener diversificación.
[2025-08-14T19:04:35.847Z] 🔖 Searched for stock price for AMD: $180.81
[2025-08-14T19:04:35.876Z] 🔖 Searched for stock price for ETH: $42.819
[2025-08-14T19:04:35.877Z] 🔖 Searched for stock price for ENPH: $31.9
[2025-08-14T19:04:35.879Z] 🔖 Searched for stock price for ARM: $139.53
[2025-08-14T19:04:35.920Z] 🔖 Searched for stock price for QCOM: $157.265
[2025-08-14T19:04:50.428Z] 🧠 Interpretar precios obtenidos: AMD $180.81 (2 acciones -> valor ~361.62), QCOM $157.265 (2 acciones -> ~314.53), ENPH $31.9 (9 acciones -> ~287.1), ARM $139.53 (1 -> 139.53), ETH $42.819 (0.033 -> ~1.41). Neto aproximado de holdings = 361.62+314.53+287.1+139.53+1.41 = 1,103.19; más efectivo $23.78 -> neto ~1,126.97. (Note: exact net worth could be checked with get_net_worth tool.)
[2025-08-14T19:04:50.428Z] 🧠 Problema: efectivo insuficiente para nuevas compras; necesito vender para generar al least $100 por operación. Opciones: vender 1 AMD (~$180.81), 1 QCOM (~$157.27), 1 ARM (~$139.53), o 4+ ENPH (~$127.6). Prefer vender 1 AMD o 1 QCOM para obtener efectivo significativo y mantener posiciones diversificadas.
[2025-08-14T19:04:50.428Z] 🧠 Siguiente acción: hacer un barrido de noticias/momentum para decidir dónde reinvertir el efectivo libre si vendo una acción. Usar web_search para identificar acciones con momentum, noticias positivas o rompimientos técnicos en el mercado actual.
[2025-08-14T19:04:52.861Z] 🔍 Searching the web for: stock market movers August 14 2025 after hours top gainers momentum news NVDA AMD QCOM ENPH ARM semiconductor rallies earnings macro tech news August 14 2025
[2025-08-14T19:05:11.151Z] 💰 Balance leído desde Supabase: $23.78
[2025-08-14T19:05:11.374Z] 📖 69 trades leídos desde Supabase
[2025-08-14T19:05:11.702Z] 💾 Trade guardado en Supabase: 168
[2025-08-14T19:05:11.963Z] 💾 Trade guardado en Supabase: 134
[2025-08-14T19:05:17.984Z] 🧠 Venta completada: 4 ENPH vendidas por $127.74; efectivo ahora $151.52. Esto cumple la regla mínima de $100.
[2025-08-14T19:05:17.985Z] 🧠 Con $151.52 disponibles, una compra válida sería 1 acción de ARM a $139.53 (cumple el mínimo de $5/acción y $100 por transacción). Esto aumentaría exposición a semiconductores/AI (ARM) en línea con el momento del sector.
[2025-08-14T19:05:17.985Z] 🧠 Riesgo: quedar con poco efectivo (~$11.99) tras la compra. Alternativa: comprar 1 QCOM a ~$157.27, pero no hay suficiente efectivo. Mantener diversificación: ya tenemos ARM (1), QCOM (2), AMD (2). Comprar 1 ARM parece razonable.
[2025-08-14T19:05:17.985Z] 🧠 Acción siguiente: ejecutar compra de 1 acción de ARM.
[2025-08-14T19:05:19.976Z] 💰 Balance leído desde Supabase: $151.52
[2025-08-14T19:05:20.162Z] 📖 70 trades leídos desde Supabase
[2025-08-14T19:05:20.350Z] 💾 Trade guardado en Supabase: 169
[2025-08-14T19:05:20.533Z] 💾 Trade guardado en Supabase: 135
[2025-08-14T19:05:25.703Z] 🧠 Compra completada: 1 ARM comprada por $139.565; efectivo restante $11.96. Posiciones ahora: ENPH reducida a 5 acciones; ARM aumentada a 2 acciones.
[2025-08-14T19:05:25.703Z] 🧠 Con efectivo $11.96 ya no es posible realizar compras (mínimo $100). No se tomarán más acciones por este ciclo.
[2025-08-14T19:05:25.703Z] 🧠 Siguiente paso: verificar valor neto total con get_net_worth para registrar rendimiento respecto a $1,000 inicial.
[2025-08-14T19:05:27.158Z] 💰 Balance leído desde Supabase: $11.96
[2025-08-14T19:05:27.344Z] 📖 71 trades leídos desde Supabase
[2025-08-14T19:05:28.090Z] 💰 Balance leído desde Supabase: $11.96
[2025-08-14T19:05:28.285Z] 📖 71 trades leídos desde Supabase
[2025-08-14T19:05:28.452Z] 💰 Current net worth: $1128.78 (N/A% annualized return)
[2025-08-14T19:05:37.640Z] 🧠 Net worth comprobado: $1,128.78 (efectivo $11.96, holdings $1,116.82). Ganancia desde $1,000: $128.78.
[2025-08-14T19:05:37.640Z] 🧠 Operaciones de este ciclo: vendí 4 ENPH por $127.74 y compré 1 ARM por $139.565. Ambas operaciones cumplieron la regla mínima ($100) y la regla de precio por acción >= $5.
[2025-08-14T19:05:37.640Z] 🧠 Situación y plan: efectivo reducido a $11.96; no puedo operar hasta reunir al menos $100 en efectivo. Mantener vigilancia del sector semiconductores (SMH, NVDA, AMD, QCOM, ARM) y noticias que puedan crear oportunidades. En la próxima ejecución (dentro de 2 horas), revisar precios y considerar vender otra porción de posiciones no deseadas si es necesario para abrir nuevas operaciones.
[2025-08-14T19:05:37.640Z] 🧠 Fin del ciclo: registrar resultados y esperar siguiente ejecución.
[2025-08-14T19:05:48.899Z] 🎉 Agent finished: Resumen de acciones y estado (en base al ciclo de 2025-08-14 19:04:08):

Acciones tomadas esta ejecución
- Venta: vendí 4 acciones de ENPH a $31.935 por acción — total $127.74. (Operación > $100, cumple regla).
- Compra: compré 1 acción de ARM a $139.565 por acción — total $139.565. (Operación > $100, precio por acción > $5).

Razonamiento (breve)
- Efectivo inicial disponible era insuficiente ($23.78) para nuevas compras (mínimo $100 por operación).
- Revisé precios (AMD $180.81, QCOM $157.27, ENPH $31.90, ARM $139.53, ETH $42.82) y noticias del sector (semiconductores con momentum).
- ENPH mostraba debilidad (-~6.6% intradía según noticias). Para generar efectivo sin romper diversificación, vendí 4 ENPH (valor ≈ $127.7) y usé el efectivo para aumentar exposición a ARM (compra de 1 acción) que está ligada al rally del sector semiconductores/AI.

Estado actual del portafolio (posterior a operaciones)
- Efectivo: $11.96
- Holdings (principales):
  - ENPH: 5 acciones
  - AMD: 2 acciones
  - QCOM: 2 acciones
  - ARM: 2 acciones
  - ETH: 0.033
- Valor neto total: $1,128.78 (ganancia de $128.78 desde $1,000 inicial)

Cumplimiento de reglas
- Ninguna operación por debajo de $100.
- No se compraron acciones con precio por acción < $5.
- Mantuve diversificación: no concentré todo el capital en una sola posición.
- Tras las operaciones, efectivo es bajo ($11.96), por lo que no hay capital disponible para nuevas compras en este ciclo.

Riesgos y observaciones
- Efectivo muy reducido; si surge una oportunidad atractiva de >$100 en las próximas 2 horas, será necesario vender otra porción de una posición para reponer efectivo.
- En general, la decisión priorizó reciclar capital desde una posición débil (ENPH) hacia exposición adicional en el sector semiconductores (ARM), acorde con el momentum sectorial informado.

Plan para la siguiente ejecución
- Monitorear noticias y precios en semiconductores (NVDA, AMD, QCOM, ARM) y mover efectivo si aparece una oportunidad clara.
- Si el precio de alguna posición baja significativamente y hay razones fundamentales/techniques para reducirla, considerar ventas adicionales que generen al menos $100 cada una.
- Mantener registro de rendimiento y buscar duplicar/crecer capital con gestión de riesgo.

Si quieres, ahora puedo:
- Mostrar un desglose detallado de valor por ticker,
- Buscar oportunidades específicas para la próxima ejecución,
- O ejecutar una simulación de escenarios (p. ej. vender 1 AMD vs vender 4 ENPH) para comparar efectos en efectivo y exposición.

¿Qué prefieres que haga a continuación?
[2025-08-14T19:05:48.899Z] 📱 Enviando mensaje a WhatsApp via Twilio: +573127815978
[2025-08-14T19:05:49.282Z] ✅ Mensaje enviado exitosamente: MM64f57bca3d7cd0bd74114bbf9050c3b6
[2025-08-14T19:05:49.519Z] 💰 Balance leído desde Supabase: $11.96
[2025-08-14T19:05:49.628Z] 📖 71 trades leídos desde Supabase
[2025-08-14T19:05:50.564Z] 📝 Updated README with portfolio value: $1128.44
