[2025-08-14T23:05:27.765Z] Starting agent
[2025-08-14T23:05:33.611Z] 🧠 1) Objetivo: multiplicar $1,000 inicial mediante operaciones cada 2 horas, manteniendo gestión de riesgo.
[2025-08-14T23:05:33.611Z] 🧠 2) Plan: revisar cartera actual para conocer efectivo y posiciones; luego analizar mercado para identificar oportunidades de momentum/liquidez; finalmente evaluar riesgos y ejecutar operaciones que cumplan reglas (valor total >= $100 y precio por acción >= $5).
[2025-08-14T23:05:33.611Z] 🧠 3) Revisión requerida: usar get_portfolio para obtener efectivo, posiciones, y historial.
[2025-08-14T23:05:33.611Z] 🧠 4) Consideraciones adicionales: evitar poner todo el capital en una sola posición; mantener reserva de efectivo; priorizar acciones líquidas y con noticias o señales técnicas.
[2025-08-14T23:05:33.611Z] 🧠 5) Próximo paso: llamar a get_portfolio para obtener estado actual y adaptar estrategia en base a los recursos disponibles.
[2025-08-14T23:05:35.673Z] 💰 Balance leído desde Supabase: $10.89
[2025-08-14T23:05:35.960Z] 📖 73 trades leídos desde Supabase
[2025-08-14T23:05:35.961Z] 💹 Fetched portfolio: $10.89
[2025-08-14T23:05:47.046Z] 🧠 1) He revisado la cartera: efectivo $10.89 — insuficiente para nuevas compras (umbral mínimo $100 por operación y precio por acción mínimo $5).
[2025-08-14T23:05:47.046Z] 🧠 2) Objetivo inmediato: liberar efectivo mediante ventas selectivas de posiciones para ejecutar nuevas operaciones. Evaluar qué vender basándome en liquidez, riesgo y potencial de revalorización.
[2025-08-14T23:05:47.046Z] 🧠 3) Necesito conocer el valor total de la cartera (net worth) y los precios actuales de las principales posiciones (NVDA, QCOM, AMD, ENPH, ARM, ETH) para valorar ventas y oportunidades.
[2025-08-14T23:05:47.046Z] 🧠 4) También debo escanear noticias/movers del mercado para identificar oportunidades de compra tras liberar efectivo.
[2025-08-14T23:05:47.046Z] 🧠 5) Próximo paso: obtener net_worth y precios actuales y buscar noticias/movers en el mercado (llamar a get_net_worth, get_stock_price para tickers relevantes y web_search).
[2025-08-14T23:05:51.025Z] 🔍 Searching the web for: top market movers 2025-08-14 after hours stocks news NVDA QCOM AMD ENPH ARM movers August 14 2025
[2025-08-14T23:05:51.026Z] 🔍 Searching the web for: NVDA news August 14 2025 after hours earnings guidance or headlines
[2025-08-14T23:05:51.026Z] 🔍 Searching the web for: semiconductor sector news August 14 2025 NVDA AMD QCOM market movers
[2025-08-14T23:05:51.081Z] 🔖 Searched for stock price for ETH: $42.78
[2025-08-14T23:05:51.097Z] 🔖 Searched for stock price for AMD: $180.95
[2025-08-14T23:05:51.120Z] 🔖 Searched for stock price for ENPH: $32.22
[2025-08-14T23:05:51.128Z] 🔖 Searched for stock price for QCOM: $158.09
[2025-08-14T23:05:51.130Z] 🔖 Searched for stock price for ARM: $140.55
[2025-08-14T23:05:51.212Z] 🔖 Searched for stock price for NVDA: $182.02
[2025-08-14T23:05:51.311Z] 💰 Balance leído desde Supabase: $10.89
[2025-08-14T23:05:51.577Z] 📖 73 trades leídos desde Supabase
[2025-08-14T23:05:51.967Z] 💰 Balance leído desde Supabase: $10.89
[2025-08-14T23:05:52.166Z] 📖 73 trades leídos desde Supabase
[2025-08-14T23:05:52.194Z] 💰 Current net worth: $1133.65 (N/A% annualized return)
[2025-08-14T23:06:27.471Z] 💰 Balance leído desde Supabase: $10.89
[2025-08-14T23:06:27.626Z] 📖 73 trades leídos desde Supabase
[2025-08-14T23:06:27.921Z] 💾 Trade guardado en Supabase: 176
[2025-08-14T23:06:28.084Z] 💾 Trade guardado en Supabase: 142
[2025-08-14T23:06:31.909Z] 🧠 1) Confirmación de la venta: AMD 1 acción vendida por $180.95, nuevo efectivo $191.84.
[2025-08-14T23:06:31.909Z] 🧠 2) Evaluar siguiente paso: con $191.84 puedo comprar 1 acción de NVDA a $182.02 (cumple umbral mínimo $100 y precio por acción > $5).
[2025-08-14T23:06:31.909Z] 🧠 3) Riesgo: mantener parte del efectivo como reserva (~$9.82 restante tras la compra). No concentrar todo capital en una sola posición — tras compra tendré NVDA 2 acciones; revisar exposición tras la operación.
[2025-08-14T23:06:31.909Z] 🧠 4) Ejecutar compra: buy NVDA 1 acción.
[2025-08-14T23:06:31.910Z] 🧠 5) Después de la compra monitorizar net worth y considerar próximos movimientos en próximas ejecuciones cada 2 horas.
[2025-08-14T23:06:33.972Z] 💰 Balance leído desde Supabase: $191.84
[2025-08-14T23:06:34.171Z] 📖 74 trades leídos desde Supabase
[2025-08-14T23:06:34.314Z] 💾 Trade guardado en Supabase: 177
[2025-08-14T23:06:34.462Z] 💾 Trade guardado en Supabase: 143
[2025-08-14T23:06:40.527Z] 🧠 1) Confirmación de compra: NVDA 1 acción comprada por $182.02. Efectivo restante $9.82 — por debajo del mínimo para nuevas operaciones (need >=$100).
[2025-08-14T23:06:40.527Z] 🧠 2) Próximo paso: actualizar net worth para monitorizar performance y verificar distribución de posiciones.
[2025-08-14T23:06:40.527Z] 🧠 3) No se realizarán más compras ahora debido al efectivo insuficiente; se mantendrá vigilancia para próximas ejecuciones cada 2 horas.
[2025-08-14T23:06:40.527Z] 🧠 4) Llamar a get_net_worth para registrar estado actual y luego revisar cartera completa antes de terminar el ciclo.
[2025-08-14T23:06:41.739Z] 💰 Balance leído desde Supabase: $9.82
[2025-08-14T23:06:41.823Z] 📖 75 trades leídos desde Supabase
[2025-08-14T23:06:42.248Z] 💰 Balance leído desde Supabase: $9.82
[2025-08-14T23:06:42.380Z] 📖 75 trades leídos desde Supabase
[2025-08-14T23:06:42.413Z] 💰 Current net worth: $1133.65 (N/A% annualized return)
[2025-08-14T23:06:46.837Z] 🧠 1) Estado final: patrimonio $1,133.65; efectivo $9.82; valor de posiciones $1,123.83.
[2025-08-14T23:06:46.838Z] 🧠 2) Exposición: NVDA ahora 2 acciones (~$364.04), QCOM 2 acciones (~$316.18), ARM 2 (~$281.10), ENPH 5 (~$161.10), AMD 0, ETH 0.033 (~$1.41).
[2025-08-14T23:06:46.838Z] 🧠 3) Liquidez baja; esperar próximas ventanas de trading y monitorizar noticias, especialmente NVDA earnings on Aug 27. Mantener reserva de efectivo mínima, evaluar ventas selectivas en próximas ejecuciones si surge oportunidad significativa.
[2025-08-14T23:06:46.838Z] 🧠 4) Registrar actividad del día: vendí AMD 1 por $180.95 y compré NVDA 1 por $182.02; cumplimiento de reglas de transacción.
[2025-08-14T23:06:46.838Z] 🧠 5) Terminar ciclo de esta ejecución y preparar análisis para la próxima ejecución en ~2 horas.
[2025-08-14T23:06:57.301Z] 🎉 Agent finished: Resumen de la ejecución (en español):

Pensamiento inicial (previo a cualquier acción):
- Plan: revisar cartera, obtener precios, y decidir ventas/compras que cumplan las reglas (transacción >= $100 y precio por acción >= $5), manteniendo gestión de riesgo.

Estado inicial (antes de operar):
- Se consultó la cartera y el net worth.
- Net worth inicial informada: $1,133.65 (efectivo $10.89, valor en posiciones $1,122.76).
- Precios actuales consultados: NVDA $182.02, QCOM $158.09, AMD $180.95, ENPH $32.22, ARM $140.55, ETH $42.78.
- Observación: efectivo insuficiente para nuevas compras (umbral mínimo $100 por operación).

Decisión y razonamiento:
- Objetivo: liberar suficiente efectivo para realizar una operación significativa sin violar reglas.
- Evalué vender AMD 1 acción (valor $180.95) — cumple el requisito mínimo de transacción y liberaría efectivo suficiente para comprar una acción líquida con potencial.
- Plan: vender AMD 1 acción y con el efectivo resultante comprar 1 acción de NVDA ($182.02). Justificación: NVDA tiene apoyo de analistas y catalizadores próximos (informe de ganancias 27 ago 2025), y la operación respeta las reglas (venta >= $100; compra >= $100 y precio por acción > $5). También se deja una pequeña reserva de efectivo.

Ejecución:
1) Vendí 1 acción de AMD por $180.95. Nuevo efectivo: $191.84.
2) Compré 1 acción de NVDA por $182.02. Nuevo efectivo restante: $9.82.

Estado final tras la ejecución:
- Net worth: $1,133.65
  - Efectivo: $9.82
  - Valor en posiciones: $1,123.83
- Operaciones del ciclo:
  - Venta: AMD 1 @ $180.95 → $180.95
  - Compra: NVDA 1 @ $182.02 → $182.02
- Comentario sobre diversificación y riesgo: NVDA ahora 2 acciones (~$364 total aproximado). Aún existe diversificación con QCOM, ARM, ENPH y ETH. Efectivo muy bajo; no se harán más compras hasta tener al menos $100 disponible.

Próximos pasos / Plan para próximas ejecuciones:
- Monitorear noticias y precios, especialmente NVDA (earnings 27/08/2025) y movimientos en semiconductores.
- En próximas ejecuciones (cada ~2 horas): evaluar si vender posiciones para aprovechar oportunidades de momentum/liquidez, manteniendo siempre un colchón de efectivo y sin concentrar todo el capital en una sola acción.
- No realizar transacciones cuya suma total sea inferior a $100 ni comprar acciones con precio por debajo de $5 por acción.

Si quieres, en este momento puedo:
- Mostrar la cartera completa actualizada.
- Escanear tickers específicos en busca de oportunidades concretas (p. ej. buscar acciones con fuerte momentum para comprar en la próxima ventana).
- Preparar una lista priorizada de posibles objetivos de venta/compra para la siguiente ejecución.

¿Quieres que haga alguna de estas acciones ahora (por ejemplo, escanear nuevos candidatos de compra)?
[2025-08-14T23:06:57.302Z] 📱 Enviando mensaje a WhatsApp via Twilio: +573127815978
[2025-08-14T23:06:57.721Z] ✅ Mensaje enviado exitosamente: MM5d8bf610aeba2c51edf17a48b66e7b47
[2025-08-14T23:06:57.936Z] 💰 Balance leído desde Supabase: $9.82
[2025-08-14T23:06:58.034Z] 📖 75 trades leídos desde Supabase
[2025-08-14T23:06:58.365Z] 📝 Updated README with portfolio value: $1133.65
