[2025-09-04T23:05:38.914Z] Starting agent
[2025-09-04T23:05:51.071Z] 🧠 1) Objetivo del run: multiplicar $1,000 inicial mediante trades cada 2 horas, manteniendo gestión de riesgo.
[2025-09-04T23:05:51.071Z] 🧠 2) Plan inicial: revisar cartera actual para conocer efectivo disponible y posiciones, analizar noticias y acciones con momentum/liquidez, seleccionar oportunidades que cumplan reglas (operación mínima $100, precio por acción >= $5, no poner todo el capital en una posición).
[2025-09-04T23:05:51.071Z] 🧠 3) Antes de cualquier acción voy a obtener el estado de la cartera para evaluar disponibilidad de efectivo y posiciones a vender o ajustar.
[2025-09-04T23:05:51.071Z] 🧠 4) Después de revisar cartera, investigaré el mercado (principales ganadores, noticias, acciones con volumen y breakouts) para identificar candidatos líquidos.
[2025-09-04T23:05:51.072Z] 🧠 5) Evaluaré precios actuales de los candidatos y calcularé tamaños de posición respetando la regla de no invertir todo y mínimo $100 por trade.
[2025-09-04T23:05:51.072Z] 🧠 6) Planificar posibles órdenes de compra/venta y ejecutar sólo si la transacción cumple las reglas y gestionando riesgo (stop/objetivos mentalmente).
[2025-09-04T23:05:51.072Z] 🧠 7) Registraré y monitorearé el net worth para medir progreso contra $1,000 inicial.
[2025-09-04T23:06:28.465Z] 💰 Balance leído desde broker simulator: $11.23
[2025-09-04T23:06:28.779Z] 📖 100 trades leídos desde Supabase
[2025-09-04T23:06:28.779Z] 💹 Fetched portfolio: $11.23
[2025-09-04T23:06:55.461Z] 🔖 Searched for stock price for ETH: $4337.83
[2025-09-04T23:06:55.684Z] 🔖 Searched for stock price for ENPH: $36.52
[2025-09-04T23:06:58.692Z] 🔖 Searched for stock price for INTC: $24.61
[2025-09-04T23:07:13.679Z] 🧠 1) Calcular valor de las posiciones con los precios obtenidos: ENPH 27x$36.52 = $986.04; INTC 4x$24.61 = $98.44; ETH 0.033x$4337.83 = $143.15.
[2025-09-04T23:07:13.680Z] 🧠 2) Efectivo actual $11.23. Necesitamos efectivo >=$100 para ejecutar compras. Venta de INTC (4 acciones) generaría ~$98.44 < $100 (por lo que no cumple el umbral), pero la venta completa de ETH (~$143.15) sí cumple y alcanzaría efectivo suficiente.
[2025-09-04T23:07:13.680Z] 🧠 3) Decisión preliminar: vender la posición de ETH (0.033) para obtener alrededor de $143 y llevar el efectivo total a ~ $154.38; mantener ENPH como posición principal (valor ~ $986) para no concentrar todo en nueva posición.
[2025-09-04T23:07:13.680Z] 🧠 4) Tras la venta de ETH, investigaré el mercado rápidamente (top movers, noticias, acciones líquidas con precio por acción >= $5) para identificar una compra con buen momentum y liquidez que cumpla la regla de no invertir todo el capital y la mínima de $100 por operación.
[2025-09-04T23:07:13.680Z] 🧠 5) Plan de tamaño: conservar un colchón de efectivo (por ejemplo 25-30%) y usar el resto para una compra única si la oportunidad es sólida. Con ~$154 disponibles, objetivo de compra entre $110–$120 (manteniendo $35–$45 en efectivo).
[2025-09-04T23:07:13.680Z] 🧠 6) Ejecutar la venta de ETH ahora y luego proceder a búsqueda de oportunidades.
[2025-09-04T23:07:37.523Z] 🧠 1) La orden de venta de ETH falló por error del broker (400 Bad Request). Puede que la cuenta no soporte criptos o haya un problema temporal.
[2025-09-04T23:07:37.523Z] 🧠 2) Necesitamos generar efectivo >= $100 para comprar nuevas oportunidades. Venta alternativa: ENPH tiene suficiente liquidez; vender una porción (3 acciones) generaría ~ $109.56, cumpliendo el umbral y dejando la mayoría de la posición intacta.
[2025-09-04T23:07:37.523Z] 🧠 3) Plan: ejecutar venta de 3 acciones ENPH (@ $36.52) para obtener efectivo; luego investigar el mercado por oportunidades con ese efectivo (manteniendo colchón).
[2025-09-04T23:07:37.523Z] 🧠 4) Ejecutar la venta de ENPH 3 acciones ahora.
[2025-09-04T23:07:59.220Z] 🧠 1) Las órdenes de venta (ETH y ENPH) fallaron por error del broker; no podemos generar efectivo en este run.
[2025-09-04T23:07:59.220Z] 🧠 2) Aún así, podemos evaluar el valor neto actual y realizar análisis de mercado para preparar futuras ejecuciones cuando el broker esté operativo.
[2025-09-04T23:07:59.220Z] 🧠 3) Próximo paso: consultar get_net_worth para reportar el valor total y el rendimiento desde $1,000 inicial.
[2025-09-04T23:07:59.221Z] 🧠 4) Después de obtener net worth, realizaré búsquedas de mercado (top movers, noticias) para identificar candidatos y elaborar una orden de compra a ejecutar en el próximo run si el broker vuelve a funcionar o cuando sea horario de mercado.
[2025-09-04T23:08:02.085Z] 💰 Balance leído desde broker simulator: $11.23
[2025-09-04T23:08:02.213Z] 📖 100 trades leídos desde Supabase
[2025-09-04T23:08:37.855Z] 💰 Balance leído desde broker simulator: $11.23
[2025-09-04T23:08:38.009Z] 📖 100 trades leídos desde Supabase
[2025-09-04T23:09:22.066Z] 💰 Current net worth: $1238.91 (185,144.31% annualized return)
[2025-09-04T23:09:30.862Z] 🧠 1) He obtenido net worth: $1,238.91 (efectivo $11.23, posiciones $1,227.68). No trades ejecutados por errores del broker.
[2025-09-04T23:09:30.862Z] 🧠 2) Aunque no podemos operar ahora, debemos preparar oportunidades para la próxima ventana: identificar movimientos del mercado, noticias sobre ENPH y candidatos líquidos con precio por acción >= $5.
[2025-09-04T23:09:30.862Z] 🧠 3) Realizar una búsqueda web sobre los principales ganadores/volumen y noticias del 4 de septiembre de 2025 para decidir objetivos a comprar cuando el broker esté operativo.
[2025-09-04T23:09:30.862Z] 🧠 4) Ejecutar web_search con consultas: 'top stock gainers September 4 2025 US market' y 'ENPH news September 4 2025'.
[2025-09-04T23:09:32.437Z] 🔍 Searching the web for: top stock gainers September 4 2025 US market
[2025-09-04T23:09:32.437Z] 🔍 Searching the web for: top stock gainers September 4 2025 US market
[2025-09-04T23:10:32.511Z] 🧠 1) Procesar resultados de la búsqueda: hay varios ganadores del 4-Sep-2025 (AEO, CIEN, SCVL, NEGG, AQST, VSCO, etc.).
[2025-09-04T23:10:32.511Z] 🧠 2) Aunque no podemos operar ahora por errores del broker, conviene preparar una lista de candidatos y sus precios actuales para decidir tamaños la próxima vez.
[2025-09-04T23:10:32.511Z] 🧠 3) Solicitar precios actuales de AEO, CIEN, SCVL y ENPH para evaluar niveles de entrada y cumplimiento de la regla: precio por acción >= $5.
[2025-09-04T23:10:32.511Z] 🧠 4) Ejecutar consultas de precios en paralelo para ahorrar tiempo.
[2025-09-04T23:10:44.504Z] 🔖 Searched for stock price for SCVL: $25.89
[2025-09-04T23:10:45.833Z] 🔖 Searched for stock price for AEO: $18.79
[2025-09-04T23:10:46.127Z] 🔖 Searched for stock price for CIEN: $116.92
[2025-09-04T23:10:46.317Z] 🔖 Searched for stock price for ENPH: $36.52
[2025-09-04T23:11:06.592Z] 🧠 1) Procesamiento de precios: AEO $18.79, CIEN $116.92, SCVL $25.89, ENPH $36.52. Valores previos: ENPH 27x36.52=$986.04; INTC 4x24.61=$98.44; ETH 0.033x4337.83=$143.15 (ETH aún en cartera, no se vendió).
[2025-09-04T23:11:06.592Z] 🧠 2) Estado operativo: intenté vender ETH y ENPH, ambas órdenes fallaron por error del broker; por tanto efectivo sigue $11.23 y no se puede ejecutar compra en este run.
[2025-09-04T23:11:06.592Z] 🧠 3) Planes condicionados a disponibilidad de trading en el próximo run:
[2025-09-04T23:11:06.592Z] 🧠   - Si la venta de ETH pasa: efectivo ~ $154.38 -> compra recomendada: 1 acción CIEN ($116.92) dejando ~ $37 de reserva (cumple mínimo $100 y deja colchón ~24%).
[2025-09-04T23:11:06.592Z] 🧠   - Si no es posible vender ETH pero sí vender ENPH 3 acciones (~$109.56): efectivo ~ $120.79 -> compra recomendada: 4 acciones SCVL ($103.56) dejando ~$17 de reserva; alternativa: 6 AEO ($112.74) si se quiere entrar en AEO, aunque dejaría menos reserva.
[2025-09-04T23:11:06.592Z] 🧠 4) Reglas cumplidas: todas las compras sugeridas superan $100 y tienen precio por acción > $5; se evita poner todo el capital en una sola posición manteniendo reserva (preferible la opción con CIEN).
[2025-09-04T23:11:06.592Z] 🧠 5) Próximos pasos inmediatos: reintentar operaciones en el próximo run (o cuando el broker vuelva operativo); mientras tanto seguir monitoreando noticias y los tickers AEO, CIEN, SCVL y ENPH.
[2025-09-04T23:11:06.592Z] 🧠 6) Notificar al usuario: no pudimos ejecutar trades por error del broker; resumen de cartera y propuestas concretas para la próxima oportunidad.
[2025-09-04T23:11:23.176Z] 🎉 Agent finished: Resumen del run (en español):

Acciones realizadas
- Pensamiento inicial y revisión de la cartera.
- Consulté precios actuales y traté ejecutar ventas para generar efectivo, pero las órdenes fallaron por error del broker (400 Bad Request). No se pudieron realizar operaciones en este run.

Estado actual de la cartera
- Efectivo: $11.23
- Posiciones:
  - ENPH: 27 acciones (valor aproximado: 27 x $36.52 = $986.04)
  - INTC: 4 acciones (valor aproximado: 4 x $24.61 = $98.44)
  - ETH: 0.033 (precio ETH $4,337.83 → valor aproximado $143.15) — NO vendida (intenté y falló)
- Net worth total: $1,238.91 (subió $238.91 desde el $1,000 inicial)

Operaciones intentadas y resultado
- Intenté vender ETH (0.033), la orden falló (Broker API 400).
- Intenté vender 3 acciones ENPH para generar efectivo, la orden también falló (Broker API 400).
- Por tanto, no se generó efectivo adicional y no se pudo ejecutar ninguna compra.

Análisis de mercado (búsqueda)
- Movimientos del 4-sept-2025: AEO (American Eagle) +33% aprox., CIEN +17%, SCVL +17%, entre otros.
- Precios revisados ahora:
  - AEO: $18.79
  - CIEN: $116.92
  - SCVL: $25.89
  - ENPH: $36.52

Plan y recomendaciones (a ejecutar cuando el broker permita operaciones)
- Objetivo: no poner todo el capital en una sola posición y respetar reglas:
  - No ejecutar transacción cuyo total < $100.
  - No comprar acciones con precio por acción < $5.
- Opciones condicionadas (dependiendo de cuál venta sea posible):
  1) Si la venta de ETH funciona (cash ~ $11.23 + $143.15 ≈ $154.38):
     - Recomendación prioritaria: comprar 1 acción CIEN ($116.92). Dejaría ≈ $37 de reserva (~24% del capital disponible), cumple mínimo $100 y mantiene colchón.
  2) Si la venta de ETH sigue fallando pero se puede vender 3 ENPH (~$109.56):
     - Cash ≈ $120.79 → Recomendación: comprar 4 acciones SCVL (4 x $25.89 = $103.56). Dejaria ≈ $17 de reserva.
     - Alternativa: comprar 6 AEO (6 x $18.79 = $112.74) si prefieres AEO, aunque dejaría menos reserva.
- No recomiendo vender INTC (4 acciones -> $98.44) porque su valor sería < $100 y violaría la regla mínima.

Riesgos y gestión
- Mantener algo de efectivo como colchón (ideal 20–30% del capital disponible) para oportunidades o costes inesperados.
- Priorizar acciones líquidas y con buenas noticias/momentum (CIEN y AEO/SCVL son candidatos según el screener del día).
- Si el broker sigue con errores, contactar soporte o esperar el próximo run; evitar retries masivos que generen errores adicionales.

Próximos pasos automáticos (lo planificado)
- En el próximo run vuelvo a:
  1) Intentar vender ETH (si es posible) o, en su defecto, una porción de ENPH que cumpla el umbral mínimo.
  2) Si se libera efectivo, ejecutar la compra predefinida (preferencia: CIEN si hay suficiente cash; sino SCVL/AEO según la cantidad liberada).
  3) Continuar monitoreando noticias y ajustar la lista de candidatos.
- Si el problema del broker persiste varias ejecuciones, lo reportaré y esperaré autorización/soporte.

¿Quieres que intente alguna otra acción ahora (p. ej. intentar vender ENPH una vez más, intentar vender todas las INTC aunque no cumpla el umbral, o priorizar contactar soporte)? Si no, esperaré al próximo run y reintentaré las operaciones planificadas.
[2025-09-04T23:11:23.177Z] 📱 Enviando mensaje a WhatsApp via Twilio: +573127815978
[2025-09-04T23:11:23.460Z] ❌ Error en sendWhatsAppMessage: Error: Twilio could not find a Channel with the specified From address
[2025-09-04T23:11:24.245Z] 💰 Balance leído desde broker simulator: $11.23
[2025-09-04T23:11:24.465Z] 📖 100 trades leídos desde Supabase
[2025-09-04T23:12:04.626Z] 📝 Updated README with portfolio value: $1238.93
