[2025-08-20T21:05:50.473Z] Starting agent
[2025-08-20T21:05:57.664Z] 🧠 1) Revisar el portafolio actual para conocer efectivo disponible, posiciones y historial de operaciones.
[2025-08-20T21:05:57.664Z] 🧠 2) Analizar el estado del mercado y buscar acciones con momentum, noticias positivas o movimientos técnicos usando web_search.
[2025-08-20T21:05:57.664Z] 🧠 3) Identificar candidatos que cumplan las reglas: precio por acción >= $5, y operación total >= $100 con la cantidad posible.
[2025-08-20T21:05:57.664Z] 🧠 4) Para los candidatos, obtener precios actuales con get_stock_price y calcular cantidad a comprar/venta considerando no poner todo el capital en una sola posición y manteniendo reserva de efectivo.
[2025-08-20T21:05:57.664Z] 🧠 5) Evaluar riesgos y decidir compras/ventas que respeten la gestión de riesgos (no todo en una sola acción).
[2025-08-20T21:05:57.664Z] 🧠 6) Ejecutar operaciones (buy/sell) que cumplan el umbral mínimo de $100 por transacción.
[2025-08-20T21:05:57.664Z] 🧠 7) Después de cada herramienta usada, pensar de nuevo y ajustar el plan si es necesario.
[2025-08-20T21:05:57.664Z] 🧠 8) Reportar resumen de acciones y nuevo estado del portafolio en español.
[2025-08-20T21:06:00.657Z] 💰 Balance leído desde Supabase: $79.08
[2025-08-20T21:06:01.063Z] 📖 96 trades leídos desde Supabase
[2025-08-20T21:06:01.063Z] 💹 Fetched portfolio: $79.08
[2025-08-20T21:06:14.222Z] 🧠 El efectivo disponible es $79.08 — insuficiente para ejecutar compras (mínimo $100 por transacción).
[2025-08-20T21:06:14.222Z] 🧠 Plan: obtener precios actuales de mis posiciones (ENPH, ARM, AMAT, INTC, TJX) para evaluar si vendo parte de alguna posición para liberar efectivo y cumplir con requisitos de operación.
[2025-08-20T21:06:14.222Z] 🧠 Priorizar venta de posiciones con menor convicción o mayor liquidez, manteniendo exposición a chip/IA (AMAT, ARM) y energía solar (ENPH) según criterio de momentum.
[2025-08-20T21:06:14.222Z] 🧠 Tras obtener precios, calcular posibles órdenes de venta que generen al menos $100 y dejen reserva de efectivo razonable, sin violar la regla de no poner todo el capital en una sola posición.
[2025-08-20T21:06:14.222Z] 🧠 Luego usar web_search para detectar oportunidades de compra con el efectivo resultante (buscar acciones con precio >= $5 y buenas señales).
[2025-08-20T21:06:14.222Z] 🧠 Finalmente ejecutar las operaciones que cumplan umbral y reglas.
[2025-08-20T21:06:18.153Z] 🔖 Searched for stock price for INTC: $23.54
[2025-08-20T21:06:18.177Z] 🔖 Searched for stock price for AMAT: $160.96
[2025-08-20T21:06:18.181Z] 🔖 Searched for stock price for ARM: $131.16
[2025-08-20T21:06:18.197Z] 🔖 Searched for stock price for ENPH: $35.68
[2025-08-20T21:06:18.218Z] 🔖 Searched for stock price for TJX: $138.27
[2025-08-20T21:06:37.441Z] 💰 Balance leído desde Supabase: $79.08
[2025-08-20T21:06:37.769Z] 📖 96 trades leídos desde Supabase
[2025-08-20T21:06:38.255Z] 💾 Trade guardado en Supabase: 223
[2025-08-20T21:06:38.594Z] 💾 Trade guardado en Supabase: 189
[2025-08-20T21:06:48.562Z] 🧠 Registro: vendí 1 ARM y el efectivo ahora es $210.24. Posiciones actuales: ENPH 12, ARM 1, AMAT 1, INTC 1, TJX 1.
[2025-08-20T21:06:48.562Z] 🧠 Objetivo: usar parte del efectivo para comprar una posición con potencial de upside, respetando la regla de no poner todo el capital en una sola acción y que cada compra sea >= $100.
[2025-08-20T21:06:48.562Z] 🧠 Opciones prospectivas: comprar 1 AMAT a $160.96 (ya en cartera), o comprar varias ENPH (35.68) — pero varias compras adicionales no serán posibles después por mínimo de $100 por transacción.
[2025-08-20T21:06:48.562Z] 🧠 Plan: investigar brevemente AMAT y también buscar otros candidatos de alta liquidez/impulso con web_search para tomar una decisión informada sobre qué comprar con ~ $210.
[2025-08-20T21:06:48.562Z] 🧠 Procedimiento: realizar web_search sobre AMAT noticias/momentum y lista de top movers del mercado ahora para identificar la mejor oportunidad.
[2025-08-20T21:06:48.562Z] 🧠 Después de la búsqueda, decidir y ejecutar una orden buy cuyo valor total exceda $100 y el precio por acción sea >= $5.
[2025-08-20T21:06:50.215Z] 🔍 Searching the web for: AMAT news momentum 2025 Aug 20 semiconductor equipment earnings guidance August 20 2025 market movers August 20 2025 top gainers chips AI stocks news
[2025-08-20T21:06:50.215Z] 🔍 Searching the web for: AMAT news momentum 2025 Aug 20 semiconductor equipment earnings guidance August 20 2025 market movers August 20 2025 top gainers chips AI stocks news
[2025-08-20T21:07:28.640Z] 🧠 Procesar búsqueda: AMAT mostró guidance débil el 15 de agosto y estuvo bajo presión; no es ideal añadir más sin confirmación.
[2025-08-20T21:07:28.640Z] 🧠 Necesito investigar ENPH (Enphase Energy) y buscar otros ganadores del día con momentum que puedan comprarse con ~$210.
[2025-08-20T21:07:28.641Z] 🧠 Plan: buscar noticias recientes de ENPH y una lista de los top movers/ganadores del 20 de agosto de 2025 para identificar alternativas de compra.
[2025-08-20T21:07:28.641Z] 🧠 Tras la búsqueda, seleccionar la compra que cumpla reglas: precio por acción >= $5 y transacción >= $100.
[2025-08-20T21:07:30.696Z] 🔍 Searching the web for: ENPH news Aug 20 2025 Enphase Energy momentum earnings guidance Aug 2025 stock movement 'Enphase' Aug 20 2025 top movers solar stocks Aug 20 2025
[2025-08-20T21:07:30.696Z] 🔍 Searching the web for: ENPH news Aug 20 2025 Enphase Energy momentum earnings guidance Aug 2025 stock movement 'Enphase' Aug 20 2025 top movers solar stocks Aug 20 2025
[2025-08-20T21:08:12.374Z] 💰 Balance leído desde Supabase: $210.24
[2025-08-20T21:08:12.735Z] 📖 97 trades leídos desde Supabase
[2025-08-20T21:08:12.911Z] 💾 Trade guardado en Supabase: 224
[2025-08-20T21:08:13.107Z] 💾 Trade guardado en Supabase: 190
[2025-08-20T21:08:19.402Z] 🧠 He ejecutado la compra de 5 ENPH por $178.40; el efectivo restante es $31.84, por debajo del umbral mínimo de $100 para nuevas operaciones.
[2025-08-20T21:08:19.402Z] 🧠 Posiciones actuales relevantes tras operaciones: ENPH 17 (12+5), ARM 1, AMAT 1, INTC 1, TJX 1, cash $31.84.
[2025-08-20T21:08:19.402Z] 🧠 No puedo realizar más compras porque cualquier nueva transacción debe exceder $100 y tengo menos efectivo. Podría preparar futuras acciones: monitorizar mercado y esperar la próxima ejecución para usar efectivo acumulado o vender una posición si se presenta mejor oportunidad.
[2025-08-20T21:08:19.402Z] 🧠 Próximo paso: obtener net worth actualizado para reportarlo y registrar rendimiento respecto a los $1,000 iniciales. Luego finalizar el informe en español con resumen de las operaciones y plan.
[2025-08-20T21:08:20.848Z] 💰 Balance leído desde Supabase: $31.84
[2025-08-20T21:08:21.001Z] 📖 98 trades leídos desde Supabase
[2025-08-20T21:08:22.280Z] 💰 Balance leído desde Supabase: $31.84
[2025-08-20T21:08:22.442Z] 📖 98 trades leídos desde Supabase
[2025-08-20T21:08:22.580Z] 💰 Current net worth: $1093.68 (N/A% annualized return)
[2025-08-20T21:08:28.932Z] 🧠 El net worth actual es $1,093.68: efectivo $31.84 y tenencias $1,061.84; ganancia de $93.68 sobre $1,000 iniciales (~ +9.37%).
[2025-08-20T21:08:28.932Z] 🧠 Con el efectivo actual no puedo ejecutar compras adicionales (umbral $100). Mantener vigilancia intradía y preparar alertas para oportunidades; considerar vender fracción de ENPH o ARM en próximas corridas si surge una compra más atrayente.
[2025-08-20T21:08:28.932Z] 🧠 Reportar en español un resumen claro: operaciones realizadas, balances actuales, racional detrás de las operaciones y plan para próximos pasos.
[2025-08-20T21:08:40.202Z] 🎉 Agent finished: Resumen de ejecución (08/20/2025 — 21:05:50):

Pensamiento inicial (cumpliendo protocolo): revisé portafolio, detecté efectivo insuficiente para comprar (> $100), calculé precios de mis posiciones y planeé generar liquidez vendiendo una unidad de ARM para financiar una compra con mejor potencial.

Operaciones realizadas:
- Venta: ARM — 1 acción vendida a $131.16, ingreso total $131.16.
- Compra: ENPH — 5 acciones compradas a $35.68 cada una, gasto total $178.40.

Estado del portafolio (inmediatamente después de las operaciones):
- Efectivo: $31.84
- Posiciones principales:
  - ENPH: 17 acciones (12 previas + 5 compradas)
  - ARM: 1 acción (tras vender 1)
  - AMAT: 1 acción
  - INTC: 1 acción
  - TJX: 1 acción
  - ETH (fraccional): 0.033
- Valor neto total: $1,093.68 (ganancia de $93.68 sobre el capital inicial de $1,000)

Razonamiento resumido:
- Tras revisar precios actuales (ENPH $35.68; ARM $131.16; AMAT $160.96; INTC $23.54; TJX $138.27) y noticias del día, ARM ofrecía una venta rápida que liberaba capital por encima del umbral mínimo de $100.
- Evité aumentar exposición en AMAT porque recientes guías habían mostrado debilidad; ENPH presentaba noticias/catalizadores positivos (momentum en sector solar y acuerdos/ventas recientes), por eso compré ENPH.
- Todas las operaciones cumplieron las reglas: ninguna compra por debajo de $5/acción, y cada transacción superó $100 cuando correspondía.

Evaluación de riesgo y siguientes pasos:
- Efectivo actual ($31.84) está por debajo del umbral mínimo para nuevas compras ($100). No hay más operaciones posibles en esta corrida.
- Mantendré vigilancia sobre ENPH (para tomar ganancias parciales si hay subida fuerte) y sobre ARM/AMAT en caso de que surja una oportunidad mejor que justifique vender otra porción para recomponer caja.
- Objetivo continuo: multiplicar el capital inicial mediante operaciones tácticas, manteniendo reservas y evitando poner todo en una sola posición.

Si quieres, en la próxima corrida puedo:
- Monitorear alertas de precio/noticias para ENPH y ARM,
- Preparar señales para vender parte de ENPH si alcanza un objetivo de beneficio,
- O buscar alternativas líquidas con momentum si acumulamos efectivo ≥ $100.

¿Deseas que establezca un objetivo de venta para ENPH (por ejemplo, toma parcial de beneficios en +10% / +15%) o prefieres que espere nuevas señales antes de planificar salidas?
[2025-08-20T21:08:40.203Z] 📱 Enviando mensaje a WhatsApp via Twilio: +573127815978
[2025-08-20T21:08:40.612Z] ✅ Mensaje enviado exitosamente: MM79e1c30f8903790914a4ef89108fb45d
[2025-08-20T21:08:40.954Z] 💰 Balance leído desde Supabase: $31.84
[2025-08-20T21:08:41.089Z] 📖 98 trades leídos desde Supabase
[2025-08-20T21:08:41.782Z] 📝 Updated README with portfolio value: $1093.68
