[2025-09-05T19:03:33.024Z] Starting agent
[2025-09-05T19:03:41.556Z] 🧠 1) Objetivo: multiplicar $1,000 inicial mediante operaciones cada 2 horas; empezar por revisar la cartera actual y efectivo disponible.
[2025-09-05T19:03:41.556Z] 🧠 2) Plan de acción: (a) revisar portfolio, (b) buscar oportunidades de mercado (noticias y top movers), (c) seleccionar 1-2 ideas líquidas con momentum/ noticias positivas, (d) evaluar riesgo y tamaño de posición respetando reglas (no poner todo el capital; mantener reserva), (e) ejecutar órdenes que cumplan con mínimo $100 y precio por acción >= $5.
[2025-09-05T19:03:41.556Z] 🧠 3) Restricciones: operar sólo si transacción total >= $100; no comprar acciones < $5 por acción; mantener diversificación y liquidez.
[2025-09-05T19:03:41.557Z] 🧠 4) Datos a obtener inmediatamente: estado de cartera (net worth, cash, holdings, historial) para determinar capital disponible.
[2025-09-05T19:03:41.557Z] 🧠 5) Próximo paso: llamar a get_portfolio para obtener información actual y proceder con análisis de mercado.
[2025-09-05T19:04:38.407Z] 💰 Balance leído desde broker simulator: $11.23
[2025-09-05T19:04:38.966Z] 📖 100 trades leídos desde Supabase
[2025-09-05T19:04:38.966Z] 💹 Fetched portfolio: $11.23
[2025-09-05T19:05:01.491Z] 🔖 Searched for stock price for ETH: $4308.48
[2025-09-05T19:05:06.513Z] 🔖 Searched for stock price for INTC: $24.39
[2025-09-05T19:05:07.626Z] 🔖 Searched for stock price for ENPH: $39.35
[2025-09-05T19:05:28.408Z] 🧠 1) He obtenido precios: ENPH $39.35, INTC $24.39, ETH $4,308.48. Calculo de valor: ENPH 27*39.35 = $1,062.45; INTC 4*24.39 = $97.56; ETH 0.033*4,308.48 ≈ $142.18; efectivo $11.23. Net worth aproximado ≈ $1,313.42.
[2025-09-05T19:05:28.408Z] 🧠 2) Problema: efectivo disponible muy bajo ($11.23). Para ejecutar nuevas compras debe vender una porción de las posiciones actuales. Venta mínima por operación debe ser >= $100 — por tanto vender 3 ENPH (≈$118) o vender 1 ETH fraccional (valor ≈$142) cumplen el mínimo.
[2025-09-05T19:05:28.408Z] 🧠 3) Consideraciones de riesgo: ENPH es la mayor posición; reducirla parcialmente mejora diversificación. Vender 3-4 acciones ENPH parece razonable; vender ETH también es opción pero es cripto — quiero mantener exposición al sector energía/solar (ENPH) y a cripto algo; prefiero vender 3 ENPH para generar caja sin liquidar la cripto.
[2025-09-05T19:05:28.408Z] 🧠 4) Objetivo de compra: buscar una acción líquida con momentum/noticia positiva, precio por acción >= $5, y que permita una compra mínima ≥ $100. Con $118 de venta de 3 ENPH + $11.23 efectivo ≈ $129 disponible — así puedo comprar ~5 INTC shares (~$24.39) o comprar 3-4 shares de alguna acción en rango $30–40.
[2025-09-05T19:05:28.408Z] 🧠 5) Próximo paso: escanear mercado para identificar oportunidades con momentum hoy (top movers, noticias) y elegir objetivo de compra. Ejecutaré una búsqueda web para top movers y noticias del día.
[2025-09-05T19:05:31.004Z] 🔍 Searching the web for: top stock movers today September 5 2025 market news top gainers US stocks ENPH INTC NVDA momentum 2025-09-05
[2025-09-05T19:05:31.004Z] 🔍 Searching the web for: top stock movers today September 5 2025 market news top gainers US stocks ENPH INTC NVDA momentum 2025-09-05
[2025-09-05T19:06:46.616Z] 🧠 1) La venta de ENPH 3 acciones falló por error del broker (400 Bad Request). No asumir que el fallo sea por mi selección; reconozco posible error transitorio.
[2025-09-05T19:06:46.616Z] 🧠 2) Plan alternativo: vender una porción de ETH (0.033) que vale aproximadamente $142, cumpliendo el mínimo de $100 y liberando efectivo sin reducir posiciones en ENPH.
[2025-09-05T19:06:46.616Z] 🧠 3) Riesgos: vender cripto reduce exposición a ETH; pero liquidez inmediata y cumplimiento de reglas son prioridad para poder abrir posición en INTC u otra acción con momentum.
[2025-09-05T19:06:46.616Z] 🧠 4) Próximo paso: ejecutar orden de venta de ETH por 0.033 unidades y luego re-evaluar efectivo disponible para ejecutar la compra objetivo (probablemente INTC).
[2025-09-05T19:07:12.848Z] 🧠 1) La venta de ETH falló también; parece haber un problema con el endpoint de ventas o con órdenes en este entorno. Antes de abandonar, intentar una venta alternativa que cumpla el mínimo: ENPH 4 acciones (~$157) para generar efectivo suficiente.
[2025-09-05T19:07:12.848Z] 🧠 2) Si la venta de ENPH 4 falla, evitar intentos adicionales múltiples para no agotar ciclos; registrar fallo y posponer nuevas operaciones hasta la próxima ejecución.
[2025-09-05T19:07:12.848Z] 🧠 3) Próximo paso: intentar vender ENPH 4 acciones ahora.
[2025-09-05T19:07:38.559Z] 🧠 1) Estado actual calculado: efectivo $11.23; ENPH 27 acciones @ $39.35 ≈ $1,062.45; INTC 4 acciones @ $24.39 ≈ $97.56; ETH 0.033 @ $4,308.48 ≈ $142.18. Net worth aproximado ≈ $1,313.42 (≈+31.34% desde $1,000).
[2025-09-05T19:07:38.559Z] 🧠 2) Acciones tomadas: intenté vender ENPH 3 (falló), intenté vender ETH 0.033 (falló), intenté vender ENPH 4 (falló). Todos los intentos devolvieron 'Broker API error: 400 Bad Request'.
[2025-09-05T19:07:38.559Z] 🧠 3) Evaluación: hay un problema con la ejecución de órdenes de venta en el broker de este entorno. Dado que no puedo generar efectivo, no puedo abrir nuevas posiciones que cumplan el umbral mínimo de $100. Por tanto, no ejecutaremos compras en esta corrida.
[2025-09-05T19:07:38.559Z] 🧠 4) Plan inmediato: no operar más en esta ejecución; monitorizar el estado del broker y reintentar en la siguiente ejecución automática. Si las ventas vuelven a funcionar, mi plan de próxima operación sería: vender 3 acciones ENPH (~$118) y usar el efectivo + existente para comprar 5 acciones INTC (~$121.95), manteniendo reserva y diversificación.
[2025-09-05T19:07:38.559Z] 🧠 5) Riesgo y cumplimiento: todas las decisiones propuestas respetan las reglas (no comprar acciones < $5, transacciones >= $100, no poner todo en una posición). Mantendré ENPH como posición principal si no se puede vender; evitaré nuevas órdenes hasta confirmar que el broker acepta operaciones.
[2025-09-05T19:07:38.559Z] 🧠 6) Reporte: informaré las acciones intentadas, el fallo técnico y el plan para la próxima ejecución.
[2025-09-05T19:07:48.917Z] 🎉 Agent finished: Resumen de la ejecución (en español):

1) Estado actual de la cartera (obtenido):
- Efectivo disponible: $11.23
- Posiciones:
  - ENPH: 27 acciones — precio actual $39.35 → valor ≈ $1,062.45
  - INTC: 4 acciones — precio actual $24.39 → valor ≈ $97.56
  - ETH: 0.033 → precio actual $4,308.48 → valor ≈ $142.18
- Valor total aproximado (net worth): ≈ $1,313.42 → rendimiento desde $1,000 inicial ≈ +31.3%

2) Análisis rápido del mercado (busqué top movers 2025-09-05):
- Broadcom (AVGO) subió fuerte por noticias relacionadas con pedidos de chips AI.
- Nvidia (NVDA) cedió algo; Intel (INTC) mostró algo de impulso en pre-market.
- ENPH no fue uno de los grandes motores del día.
Conclusión: INTC mostraba señales de interés y sería un candidato lógico para agregar exposición si consigo efectivo.

3) Acciones intentadas y resultado:
- Intenté vender ENPH 3 acciones (para liberar ≈ $118) — fallo: Broker API error 400.
- Intenté vender ETH 0.033 (valor ≈ $142) — fallo: Broker API error 400.
- Intenté vender ENPH 4 acciones (valor ≈ $157) — fallo: Broker API error 400.
Resultado: todas las órdenes de venta devolvieron el mismo error del broker; por tanto, no se ejecutó ninguna operación en esta corrida.

4) Plan y decisión para esta corrida:
- Dado que no puedo generar efectivo (error al vender), no puedo realizar compras que cumplan el mínimo de $100. Por tanto, no hago más operaciones ahora.
- Plan para la próxima ejecución (si las órdenes vuelven a funcionar): vendería una pequeña porción de ENPH (por ejemplo 3 acciones ≈ $118) para liberar caja y luego comprar aproximadamente 5 acciones de INTC (~$121.95), respetando las reglas (precio por acción > $5 y transacción ≥ $100), manteniendo diversificación y reserva de capital.

5) Riesgos y cumplimiento:
- Cumplí con las restricciones operativas: no ejecuté compras por debajo del mínimo y no compré acciones con precio < $5.
- La decisión propuesta mantiene exposición a ENPH y evita concentrar todo el capital en una sola posición.
- Riesgo actual: dependencia del broker (error 400) impide ejecutar la estrategia hasta que se resuelva.

6) Próximos pasos recomendados:
- Reintentar en la próxima ejecución automática (cada 2 horas). Si el broker acepta órdenes, proceder con la venta parcial de ENPH y la compra de INTC según lo planeado.
- Monitorizar noticias sobre AVGO/NVDA/INTC/ENPH; si surge una oportunidad de mayor convicción (ej.: noticia positiva para ENPH o retroceso en una buena compañía), reevaluaré la asignación.
- Si el error del broker persiste varias corridas, considerar alternativas/ajustes operativos (vender posiciones distintas que cumplan mínimo, o esperar a que vuelvan las ejecuciones).

Si quieres, en este momento puedo:
- Reintentar ejecutar alguna venta más (avísame si quieres que lo intente), o
- Esperar a la próxima corrida y dejar la orden planificada (vender 3 ENPH y comprar 5 INTC) lista como intención.

¿Cómo prefieres proceder?
[2025-09-05T19:07:48.917Z] 📱 Enviando mensaje a WhatsApp via Twilio: +573127815978
[2025-09-05T19:07:49.238Z] ❌ Error en sendWhatsAppMessage: Error: Twilio could not find a Channel with the specified From address
[2025-09-05T19:07:50.691Z] 💰 Balance leído desde broker simulator: $11.23
[2025-09-05T19:07:51.113Z] 📖 100 trades leídos desde Supabase
[2025-09-05T19:08:30.551Z] 📝 Updated README with portfolio value: $1314.18
