[2025-08-19T21:05:49.118Z] Starting agent
[2025-08-19T21:06:00.605Z] 🧠 1) Revisar objetivo: multiplicar $1,000 inicial mediante operaciones frecuentes cuidando gestión de riesgo y reglas (no comprar acciones < $5 y operaciones > $100).
[2025-08-19T21:06:00.606Z] 🧠 2) Plan de acción para esta ejecución: (a) revisar cartera actual; (b) analizar mercado y noticias para identificar oportunidades líquidas con momentum; (c) verificar precios actuales de candidatos; (d) evaluar riesgos y tamaño de posición manteniendo reservas; (e) ejecutar compras/ventas que cumplan con límites mínimos; (f) registrar y monitorear net worth.
[2025-08-19T21:06:00.606Z] 🧠 3) Necesito primero obtener el estado de la cartera para saber capital disponible y posiciones a ajustar.
[2025-08-19T21:06:00.606Z] 🧠 4) Después de recibir la cartera, analizaré tickers candidatos y usaré precios en tiempo real para decidir cantidades.
[2025-08-19T21:06:00.606Z] 🧠 5) Mantendré al menos 10-20% de efectivo como reserva si es posible y no pondré todo el capital en una sola posición.
[2025-08-19T21:06:00.606Z] 🧠 6) Procederé ahora a obtener la cartera actual.
[2025-08-19T21:06:03.515Z] 💰 Balance leído desde Supabase: $99.34
[2025-08-19T21:06:03.676Z] 📖 84 trades leídos desde Supabase
[2025-08-19T21:06:03.676Z] 💹 Fetched portfolio: $99.34
[2025-08-19T21:06:14.421Z] 🧠 1) Resultado de cartera: efectivo $99.34 (insuficiente para una nueva compra > $100). Posiciones: ENPH 5, MRVL 2, ARM 3, AMAT 1, INTC 5, ETH 0.033.
[2025-08-19T21:06:14.421Z] 🧠 2) Necesito liberar efectivo vendiendo alguna posición líquida que cumpla con tamaño mínimo de transacción (> $100).
[2025-08-19T21:06:14.421Z] 🧠 3) Priorizaré vender parte de INTC (5 acciones) o ARM (3 acciones) o MRVL (2) dependiendo de precios actuales y momentum; antes de vender verificaré precios en tiempo real.
[2025-08-19T21:06:14.421Z] 🧠 4) Realizar análisis de mercado para identificar oportunidades en las próximas 2 horas; buscar tickers con momentum o noticias positivas que podamos comprar después de vender para reinvertir capital.
[2025-08-19T21:06:14.421Z] 🧠 5) Próximo paso: buscar noticias y top movers del mercado ahora (búsqueda web).
[2025-08-19T21:06:24.791Z] 🔍 Searching the web for: market movers August 19 2025 top gainers after hours NVDA AMD INTC ENPH MRVL ARM news 2025-08-19
[2025-08-19T21:07:15.102Z] 🧠 1) Resultado de web_search: INTC subió >5% por noticia de inversión de SoftBank; ENPH mostró movimiento positivo; NVDA y AMD cayeron.
[2025-08-19T21:07:15.103Z] 🧠 2) Dado que efectivo es insuficiente ($99.34), necesito vender una posición para alcanzar > $100 para nueva compra o para rebalancear.
[2025-08-19T21:07:15.103Z] 🧠 3) Decidir qué vender: prefiero vender parte de INTC porque hay impulso y buena liquidez; pero necesito consultar precio actual de INTC para calcular cantidad a vender que cumpla umbral mínimo y preserve diversificación.
[2025-08-19T21:07:15.103Z] 🧠 4) Solicitaré precio en tiempo real de INTC y también consideraré precio de ENPH y ARM por si la venta parcial de otra posición es más adecuada.
[2025-08-19T21:07:15.103Z] 🧠 5) Próximo paso: consultar get_stock_price para INTC, ENPH y ARM.
[2025-08-19T21:07:17.837Z] 🔖 Searched for stock price for ENPH: $36.23
[2025-08-19T21:07:17.853Z] 🔖 Searched for stock price for ARM: $134.01
[2025-08-19T21:07:17.881Z] 🔖 Searched for stock price for INTC: $25.31
[2025-08-19T21:07:33.199Z] 🧠 1) Precios actuales: INTC $25.31, ENPH $36.23, ARM $134.01. Efectivo $99.34.
[2025-08-19T21:07:33.199Z] 🧠 2) Estrategia: vender 4 acciones de INTC para liberar aproximadamente $101.24, lo que elevaría el efectivo a ~$200.58; la venta cumple con el umbral mínimo > $100.
[2025-08-19T21:07:33.199Z] 🧠 3) Reinvertiré la mayor parte en ENPH (ticker con impulso reciente) comprando 5 acciones a ~$36.23 por acción, por un total de ~$181.15, que cumple el umbral mínimo > $100 y deja efectivo de reserva (~$19.43).
[2025-08-19T21:07:33.199Z] 🧠 4) Riesgos: ENPH puede revertir; mantengo otras posiciones (ARM, MRVL, AMAT, INTC 1 resto, ENPH inicialmente 5 -> will become 10) para diversificación. No pondré todo el capital en una sola acción y cumpliré la regla de no comprar acciones < $5.
[2025-08-19T21:07:33.199Z] 🧠 5) Próximo paso: ejecutar la orden de venta INTC 4 acciones, esperar confirmación, luego ejecutar compra ENPH 5 acciones.
[2025-08-19T21:07:35.261Z] 💰 Balance leído desde Supabase: $99.34
[2025-08-19T21:07:35.363Z] 📖 84 trades leídos desde Supabase
[2025-08-19T21:07:35.540Z] 💾 Trade guardado en Supabase: 199
[2025-08-19T21:07:35.630Z] 💾 Trade guardado en Supabase: 165
[2025-08-19T21:07:40.719Z] 🧠 1) Venta ejecutada: 4 INTC vendidas a $25.31 por acción, total $101.24. Nuevo efectivo $200.58.
[2025-08-19T21:07:40.719Z] 🧠 2) Confirmar que hay suficiente efectivo para comprar ENPH: 5 acciones a $36.23 = $181.15, lo que está por debajo del efectivo disponible y cumple el mínimo > $100.
[2025-08-19T21:07:40.719Z] 🧠 3) Riesgo y diversificación: tras la compra quedará efectivo reducido (~$19.43) — es bajo pero mantengo varias posiciones existentes (ENPH actuales 5, ARM 3, MRVL 2, AMAT1, INTC 1) aunque liquidez residual será baja. Esto viola la recomendación de mantener reserva del 10-20% pero se mantiene algo de diversificación; sin embargo la regla explícita no obliga a mantener reserva; solo una guideline.
[2025-08-19T21:07:40.719Z] 🧠 4) Ejecutaré ahora la compra de ENPH 5 acciones.
[2025-08-19T21:07:40.719Z] 🧠 5) Después de la compra, solicitaré get_portfolio o get_net_worth para actualizar estado.
[2025-08-19T21:07:42.906Z] 💰 Balance leído desde Supabase: $200.58
[2025-08-19T21:07:43.000Z] 📖 85 trades leídos desde Supabase
[2025-08-19T21:07:43.085Z] 💾 Trade guardado en Supabase: 200
[2025-08-19T21:07:43.176Z] 💾 Trade guardado en Supabase: 166
[2025-08-19T21:07:48.118Z] 🧠 1) Compra ejecutada: 5 ENPH adquiridas a $36.23 cada una, total $181.15. Efectivo restante $19.43.
[2025-08-19T21:07:48.118Z] 🧠 2) Posiciones tras operaciones: ENPH ahora 10 acciones (5 previas + 5 compradas), INTC queda 1 acción, ARM 3, MRVL 2, AMAT1, ETH 0.033.
[2025-08-19T21:07:48.118Z] 🧠 3) Evaluar estado: liquidez baja ($19.43), lo que limita ejecución de nuevas operaciones hasta generar más efectivo mediante ventas o esperar que posiciones suban.
[2025-08-19T21:07:48.118Z] 🧠 4) Próximo paso: actualizar cartera completa y net worth para registrar desempeño frente al capital inicial $1,000.
[2025-08-19T21:07:48.118Z] 🧠 5) Solicitaré get_portfolio para obtener actualización completa.
[2025-08-19T21:07:52.245Z] 💰 Balance leído desde Supabase: $19.43
[2025-08-19T21:07:52.374Z] 📖 86 trades leídos desde Supabase
[2025-08-19T21:07:52.375Z] 💹 Fetched portfolio: $19.43
[2025-08-19T21:07:56.788Z] 🧠 1) Cartera actualizada: efectivo $19.43; ENPH 10, INTC 1, ARM 3, MRVL 2, AMAT1, ETH 0.033.
[2025-08-19T21:07:56.788Z] 🧠 2) Historial registra venta de 4 INTC y compra de 5 ENPH en esta ejecución. Objetivo de multiplicar $1,000 sigue activo pero liquidez momentánea baja.
[2025-08-19T21:07:56.788Z] 🧠 3) Próximo: obtener net worth actual para comparar rendimiento contra $1,000 inicial.
[2025-08-19T21:07:56.788Z] 🧠 4) Luego monitorear ENPH e INTC y esperar oportunidades para generar más efectivo (vender parcialmente si ENPH sube mucho o tomar beneficios en otras posiciones líquidas).
[2025-08-19T21:07:58.746Z] 💰 Balance leído desde Supabase: $19.43
[2025-08-19T21:07:58.802Z] 📖 86 trades leídos desde Supabase
[2025-08-19T21:07:59.194Z] 💰 Balance leído desde Supabase: $19.43
[2025-08-19T21:07:59.281Z] 📖 86 trades leídos desde Supabase
[2025-08-19T21:07:59.310Z] 💰 Current net worth: $1116.72 (N/A% annualized return)
[2025-08-19T21:08:04.943Z] 🧠 1) Net worth returned: $1,116.72 total, con holdings $1,097.29 y efectivo $19.43; ganancia $116.72 sobre $1,000 inicial.
[2025-08-19T21:08:04.943Z] 🧠 2) Confirmación de cumplimiento de reglas: venta INTC (4 acciones) total $101.24 > $100; compra ENPH (5 acciones) total $181.15 > $100; ENPH > $5 por acción; por tanto todas las reglas cumplidas.
[2025-08-19T21:08:04.943Z] 🧠 3) Plan a corto plazo: monitorear ENPH por momentum y noticias; si ENPH sube sustancialmente (p.ej. >5-7%) considerar venta parcial para capturar ganancias y restaurar reserva de efectivo; mantener diversificación con ARM, MRVL, AMAT e INTC 1 share.
[2025-08-19T21:08:04.943Z] 🧠 4) Próxima ejecución (en ~2 horas): revisar noticias y precios, evaluar si tomar ganancias parciales o si hay nuevas oportunidades líquidas; evitar operar cuando el tamaño de la operación caiga por debajo de $100.
[2025-08-19T21:08:04.943Z] 🧠 5) Reporte final: preparar resumen de operaciones y estado de la cartera para el usuario.
[2025-08-19T21:08:17.390Z] 🎉 Agent finished: Resumen de ejecución (en español):

Acciones realizadas ahora:
- Venta: INTC — vendí 4 acciones a $25.31 cada una, total $101.24. (Efectivo subió a $200.58 antes de la compra).
- Compra: ENPH — compré 5 acciones a $36.23 cada una, total $181.15. (Efectivo restante $19.43).

Razonamiento y proceso (resumido):
- Inicio con pensamiento estratégico: revisar cartera y liquidez. Efectivo inicial disponible: $99.34 (insuficiente para nuevas compras que deban ser > $100).
- Busqué movimientos de mercado: encontré noticia/impulso en INTC (subió >5% por noticia de inversión de SoftBank) y buen momentum en ENPH (movimiento positivo relacionado con energías limpias).
- Decidí vender parte de INTC para liberar efectivo sin concentrar toda la cartera en una sola posición. Calculé cantidades para que la venta cumpliese la regla mínima (> $100).
- Reinvierte la mayor parte en ENPH, que mostraba impulso y liquidez, comprando 5 acciones (operación > $100 y precio por acción > $5).
- Verifiqué que todas las operaciones cumplieron las reglas impuestas.

Estado actual de la cartera:
- Efectivo: $19.43
- Posiciones:
  - ENPH: 10 acciones (5 previas + 5 compradas)
  - INTC: 1 acción (restante)
  - ARM: 3 acciones
  - MRVL: 2 acciones
  - AMAT: 1 acción
  - ETH: 0.033
- Historial reciente: venta INTC 4 @ $25.31; compra ENPH 5 @ $36.23.

Rendimiento:
- Valor neto actual: $1,116.72
  - Efectivo: $19.43
  - Valor de holdings: $1,097.29
- Ganancia respecto al capital inicial ($1,000): +$116.72

Cumplimiento de restricciones:
- Ninguna transacción por debajo del umbral de $100: la venta fue $101.24 y la compra $181.15.
- No se compraron acciones con precio por debajo de $5.
- Se evitó poner todo el capital en una sola posición (aunque la liquidez disponible quedó baja tras la compra).

Riesgos y plan a corto plazo:
- Riesgo principal ahora: baja liquidez en efectivo ($19.43). Para próximas ejecuciones consideraremos vender posiciones que hayan tenido movimientos favorables para restaurar efectivo antes de abrir nuevas posiciones.
- Objetivo en las próximas ~2 horas: monitorear noticias y precios (especialmente ENPH e INTC). Si ENPH sube significativamente (p. ej. 5–7% o más), evaluar venta parcial para asegurar ganancias y recomponer reserva de efectivo.
- Mantendré foco en acciones líquidas y respetaré la regla de no ejecutar operaciones con valor total < $100.

¿Deseas que en la próxima ejecución priorice mantener mayor reserva de efectivo (vender menos/más conservador) o que persiga más agresivamente oportunidades de momentum aunque reduzca la liquidez?
[2025-08-19T21:08:17.391Z] 📱 Enviando mensaje a WhatsApp via Twilio: +573127815978
[2025-08-19T21:08:17.753Z] ✅ Mensaje enviado exitosamente: MM3c96441dcdd61c37aa4603868c64caa5
[2025-08-19T21:08:17.872Z] 💰 Balance leído desde Supabase: $19.43
[2025-08-19T21:08:17.931Z] 📖 86 trades leídos desde Supabase
[2025-08-19T21:08:18.330Z] 📝 Updated README with portfolio value: $1116.72
