[2025-08-21T13:41:45.368Z] Starting agent
[2025-08-21T13:41:50.967Z] 🧠 1) Objetivo: multiplicar $1,000 inicial mediante trades cada 2 horas, con gestión de riesgo.
[2025-08-21T13:41:50.967Z] 🧠 2) Primer paso: revisar el estado del portafolio para conocer efectivo disponible, holdings y net worth.
[2025-08-21T13:41:50.967Z] 🧠 3) Dependencia: usar get_portfolio para obtener información actual antes de analizar el mercado.
[2025-08-21T13:41:50.967Z] 🧠 4) Condiciones operativas: evitar compras de <$5 por acción y operaciones menores a $100 en valor total.
[2025-08-21T13:41:50.968Z] 🧠 5) Tras obtener portafolio, evaluar liquidez y posiciones existentes, pensar en posibles reequilibrios o ventas.
[2025-08-21T13:41:50.968Z] 🧠 6) Luego realizar búsqueda de mercado para identificar oportunidades con momentum o noticias positivas.
[2025-08-21T13:41:50.968Z] 🧠 7) Finalmente, ejecutar órdenes de compra/venta si cumplen criterios de riesgo y mínimos de valor.
[2025-08-21T13:41:50.968Z] 🧠 8) Registrar y monitorizar el resultado para próximos ciclos.
[2025-08-21T13:41:53.257Z] 💰 Balance leído desde Supabase: $85.76
[2025-08-21T13:41:53.539Z] 💹 Fetched portfolio: $85.76
[2025-08-21T13:41:53.539Z] 📖 100 trades leídos desde Supabase
[2025-08-21T13:42:04.062Z] 🧠 1) Necesito conocer precios actuales de las posiciones que puedo vender para generar efectivo: ENPH, ARM, INTC, TJX y el precio de ETH.
[2025-08-21T13:42:04.062Z] 🧠 2) Plan: solicitar precios en paralelo para ahorrar tiempo y luego evaluar cuántas acciones vender (respetando mínimos de transacción > $100).
[2025-08-21T13:42:04.062Z] 🧠 3) También comprobar si vender una pequeña parte de ENPH alcanza el mínimo y deja algo de posición.
[2025-08-21T13:42:04.062Z] 🧠 4) Ejecutar llamada para obtener precios de ENPH, ARM, INTC, TJX y ETH.
[2025-08-21T13:42:04.062Z] 🧠 5) Tras recibir precios, calcular valores posibles de venta y decidir la(s) orden(es) a ejecutar.
[2025-08-21T13:42:07.815Z] 🔖 Searched for stock price for ENPH: $35.63
[2025-08-21T13:42:07.862Z] 🔖 Searched for stock price for ARM: $132.05
[2025-08-21T13:42:07.899Z] 🔖 Searched for stock price for ETH: $40.345
[2025-08-21T13:42:07.913Z] 🔖 Searched for stock price for INTC: $22.99
[2025-08-21T13:42:07.952Z] 🔖 Searched for stock price for TJX: $137.783
[2025-08-21T13:42:22.535Z] 🧠 1) Precios recibidos: ENPH $35.63, ARM $132.05, INTC $22.99, TJX $137.783, ETH $40.345.
[2025-08-21T13:42:22.535Z] 🧠 2) Mi efectivo actual $85.76, insuficiente para nuevas compras (mínimo $100). Necesito vender para generar liquidez.
[2025-08-21T13:42:22.535Z] 🧠 3) Vender 3 acciones de ENPH generaría ~ $106.89, superando el umbral mínimo de $100 y dejando una posición significativa (20 -> 17 acciones).
[2025-08-21T13:42:22.535Z] 🧠 4) Tras la venta tendré ~ $192.65 en efectivo: suficiente para una compra única >= $100 y manteniendo reserva en efectivo.
[2025-08-21T13:42:22.535Z] 🧠 5) Plan: ejecutar SELL ENPH 3 acciones ahora. Después de confirmar la venta, buscaré oportunidades con momentum (usaré web_search y precios) para decidir una compra.
[2025-08-21T13:42:24.400Z] 💰 Balance leído desde Supabase: $85.76
[2025-08-21T13:42:24.600Z] 📖 100 trades leídos desde Supabase
[2025-08-21T13:42:24.991Z] 💾 Trade guardado en Supabase: 236
[2025-08-21T13:42:25.156Z] 💾 Trade guardado en Supabase: 202
[2025-08-21T13:42:32.070Z] 🧠 1) Venta ejecutada: vendí 3 ENPH por $106.92; efectivo ahora ~$192.68; ENPH restante: 17 acciones.
[2025-08-21T13:42:32.070Z] 🧠 2) Objetivo: reinvertir parte del efectivo en una oportunidad con momentum, manteniendo reserva (no invertir todo).
[2025-08-21T13:42:32.070Z] 🧠 3) Criterio: solo compras >= $100 y acciones > $5 por acción.
[2025-08-21T13:42:32.070Z] 🧠 4) Plan: buscar en el mercado candidatos líquidos y con noticias/momentum: NVDA, AMD, MSFT, QCOM, MRVL, ARM, ENPH; y revisar sus precios/ noticas.
[2025-08-21T13:42:32.071Z] 🧠 5) Ejecutar web_search para identificar los top movers y noticias del día, enfocándome en EEUU mercados (8/21/2025).
[2025-08-21T13:42:38.287Z] 🔍 Searching the web for: August 21 2025 top movers US market news NVDA AMD MSFT QCOM market movers 8/21/2025 earnings news momentum stocks 8/21/2025 Nasdaq movers top gainers 8/21/2025
[2025-08-21T13:42:38.287Z] 🔍 Searching the web for: August 21 2025 top movers US market news NVDA AMD MSFT QCOM market movers 8/21/2025 earnings news momentum stocks 8/21/2025 Nasdaq movers top gainers 8/21/2025
[2025-08-21T13:44:59.406Z] 🧠 1) Con $192.68 en efectivo, puedo comprar una acción de varios nombres si su precio por acción <= $192.68 y > $5.
[2025-08-21T13:44:59.407Z] 🧠 2) Objetivo: identificar un ticker líquido con momentum entre NVDA, AMD, MSFT, QCOM, PLTR, WMT.
[2025-08-21T13:44:59.407Z] 🧠 3) Solicitar precios actuales de NVDA, AMD, MSFT, QCOM, PLTR y WMT en paralelo para decidir una compra inmediata.
[2025-08-21T13:44:59.407Z] 🧠 4) Tras recibir precios, evaluar cuál compra cumple las reglas (valor >= $100, precio per-share >= $5) y conserva reserva de efectivo razonable.
[2025-08-21T13:44:59.407Z] 🧠 5) Ejecutar la compra seleccionada o conservar efectivo si no hay oportunidades adecuadas.
[2025-08-21T13:45:03.072Z] 🔖 Searched for stock price for NVDA: $175.885
[2025-08-21T13:45:03.076Z] 🔖 Searched for stock price for MSFT: $504.535
[2025-08-21T13:45:03.076Z] 🔖 Searched for stock price for AMD: $164.97
[2025-08-21T13:45:03.105Z] 🔖 Searched for stock price for PLTR: $155.33
[2025-08-21T13:45:03.116Z] 🔖 Searched for stock price for QCOM: $154.63
[2025-08-21T13:45:03.661Z] 🔖 Searched for stock price for WMT: $97.22
[2025-08-21T13:45:16.451Z] 🧠 1) Evaluación final: candidatos NVDA ($175.885), AMD ($164.97), QCOM ($154.63), PLTR ($155.33). Todas cumplen precio por acción > $5 y > $100 para 1 acción.
[2025-08-21T13:45:16.451Z] 🧠 2) Con $192.68 en efectivo, comprar 1 acción de NVDA dejaría $~16.80 de reserva; es una apuesta agresiva pero con potencial de crecimiento y liquidez alta.
[2025-08-21T13:45:16.451Z] 🧠 3) Riesgo: quedaría poca liquidez para reaccionar; mitigación: mantengo posiciones diversificadas (ENPH 17, ARM 1, INTC 1, TJX 1) y haré seguimiento intradía para salir si hay señal de reversión.
[2025-08-21T13:45:16.451Z] 🧠 4) Decisión: ejecutar BUY NVDA 1 acción ahora (cumple todas las reglas). Después de la compra, actualizaré el portafolio y monitorearé noticias/movimiento en las próximas horas.
[2025-08-21T13:45:16.451Z] 🧠 5) Ejecutar orden de compra de NVDA 1 share.
[2025-08-21T13:45:26.503Z] 💰 Balance leído desde Supabase: $192.68
[2025-08-21T13:45:26.717Z] 📖 100 trades leídos desde Supabase
[2025-08-21T13:45:26.943Z] 💾 Trade guardado en Supabase: 237
[2025-08-21T13:45:27.219Z] 💾 Trade guardado en Supabase: 203
[2025-08-21T13:45:33.364Z] 🧠 1) Compra ejecutada: 1 NVDA comprada por $175.44; efectivo restante $17.24.
[2025-08-21T13:45:33.364Z] 🧠 2) Siguiente acción: obtener el estado actualizado del portafolio para registrar cambios en holdings, efectivo y net worth.
[2025-08-21T13:45:33.364Z] 🧠 3) Plan: después de recibir el portafolio actualizado, evaluar si conviene mantener o preparar órdenes de venta si hay señales negativas; continuar monitoreo y preparar próxima ejecución en ~2 horas.
[2025-08-21T13:45:33.364Z] 🧠 4) Solicitar get_portfolio ahora.
[2025-08-21T13:45:36.180Z] 💰 Balance leído desde Supabase: $17.24
[2025-08-21T13:45:36.396Z] 📖 100 trades leídos desde Supabase
[2025-08-21T13:45:36.396Z] 💹 Fetched portfolio: $17.24
[2025-08-21T13:45:46.863Z] 🧠 1) Portafolio actualizado recibido: efectivo $17.24, holdings ajustados (ENPH 17, NVDA 1, ARM 1, INTC 1, TJX 1, ETH 0.033).
[2025-08-21T13:45:46.863Z] 🧠 2) Necesito conocer el net worth actualizado de forma oficial para comparar con los $1,000 iniciales.
[2025-08-21T13:45:46.863Z] 🧠 3) Solicitar get_net_worth para obtener valor total y rendimiento porcentual.
[2025-08-21T13:45:46.863Z] 🧠 4) Tras obtener net worth, comunicar resumen de operaciones, rationale y plan para próximas 2 horas.
[2025-08-21T13:45:48.691Z] 💰 Balance leído desde Supabase: $17.24
[2025-08-21T13:45:48.792Z] 📖 100 trades leídos desde Supabase
[2025-08-21T13:45:49.662Z] 💰 Balance leído desde Supabase: $17.24
[2025-08-21T13:45:49.763Z] 📖 100 trades leídos desde Supabase
[2025-08-21T13:45:49.923Z] 💰 Current net worth: $1087.27 (N/A% annualized return)
[2025-08-21T13:45:54.875Z] 🧠 1) Net worth recibido: $1,087.27 (ganancia de $87.27 desde $1,000).
[2025-08-21T13:45:54.875Z] 🧠 2) Confirmación de que las operaciones cumplieron las reglas: ventas y compras > $100, no comprar acciones < $5 (NVDA $175.44).
[2025-08-21T13:45:54.875Z] 🧠 3) Plan inmediato: monitorizar NVDA y ENPH intradía por señales de reversión; mantener efectivo limitado ($17.24) por ahora y evitar entrar en posiciones por debajo del umbral mínimo.
[2025-08-21T13:45:54.876Z] 🧠 4) Próximo paso operativo: en ~2 horas re-evaluar noticias y precios; considerar venta parcial de ENPH o NVDA si se obtiene beneficio o incremento de liquidez para nuevas oportunidades.
[2025-08-21T13:45:54.876Z] 🧠 5) Reporte final listo para comunicar en español con resumen y próximos pasos.
[2025-08-21T13:46:10.951Z] 🎉 Agent finished: Resumen de la sesión (en español):

Pensamiento y plan inicial
- Objetivo: multiplicar los $1,000 iniciales mediante trading intradía/short-term, respetando reglas (no comprar acciones < $5 y no ejecutar trades < $100 en valor total).
- Empecé revisando el portafolio para saber efectivo y posiciones antes de analizar el mercado.

Estado inicial del portafolio (antes de operar)
- Efectivo: $85.76
- Posiciones relevantes: ENPH 20, ARM 1, INTC 1, TJX 1, ETH 0.033
- Necesitaba generar efectivo adicional para poder abrir nuevas posiciones (regla mínima $100 por operación).

Acciones realizadas (con razonamiento)
1) Consulté precios actuales de mis posiciones (ENPH, ARM, INTC, TJX, ETH) para evaluar ventas posibles.
   - Precios consultados: ENPH $35.63, ARM $132.05, INTC $22.99, TJX $137.783, ETH $40.345.

2) Decisión de venta:
   - Vendí 3 acciones de ENPH (3 × $35.64 = $106.92). Razonamiento: cumple el umbral mínimo (> $100), reduce exposición parcialmente (de 20 → 17 acciones) y genera liquidez sin vender una posición entera.

   Resultado de la venta: efectivo subió a $192.68.

3) Búsqueda de oportunidades en mercado (contexto 21/08/2025):
   - Revisé noticias/movers del día: rotación en nombres de IA (NVDA/AMD) y movimiento por resultados de minoristas (Walmart). Se identificaron NVDA/AMD como nombres en foco ese día.

4) Consulté precios de candidatos (NVDA, AMD, MSFT, QCOM, PLTR, WMT):
   - NVDA $175.885
   - AMD $164.97
   - MSFT $504.535
   - QCOM $154.63
   - PLTR $155.33
   - WMT $97.22

5) Decisión de compra:
   - Compré 1 acción de NVDA a $175.44 (valor de la operación $175.44 > $100 y precio por acción > $5).
   - Razonamiento: NVDA es líquido y con potencial de momentum; la operación cumple las reglas. Es una jugada relativamente agresiva dado que consume la mayor parte del efectivo disponible, pero se mantiene diversificación (aún quedan ENPH, ARM, INTC, TJX).

Estado final del portafolio (al cierre de esta sesión)
- Efectivo: $17.24
- Holdings:
  - ENPH: 17 acciones
  - NVDA: 1 acción
  - ARM: 1 acción
  - INTC: 1 acción
  - TJX: 1 acción
  - ETH: 0.033
- Net worth (oficial): $1,087.27
  - Cash: $17.24
  - Holdings value: $1,070.03
  - Ganancia desde $1,000 inicial: +$87.27 (≈ +8.73%)

Cumplimiento de reglas y riesgos
- Todas las operaciones ejecutadas tuvieron valor total ≥ $100.
- No compré acciones con precio < $5.
- Mantengo exposición en varias posiciones (no todo en una sola), aunque la compra de NVDA redujo la liquidez a $17.24 — asumo riesgo a cambio de potencial de subida.
- Riesgos actuales: baja liquidez en efectivo para reaccionar ante movimientos adversos; mayor exposición a nombres tecnológicos/IA (NVDA, ARM, ENPH).

Plan a corto plazo (próximas 2 horas y siguientes)
- Monitorear NVDA y ENPH por señales de reversión o noticias; si hay ganancia rápida o señales negativas, considerar venta parcial para asegurar ganancias y reponer efectivo.
- Buscar oportunidades o rupturas (momentum) en próximas 2 horas; respetar mínimo de $100 por trade y evitar comprar sin suficiente efectivo.
- Evitar compras impulsivas hasta recuperar una reserva de efectivo razonable, salvo que surja una oportunidad clara y con alta probabilidad de retorno rápido.
- Reportaré la siguiente revisión en la próxima ejecución (≈ dentro de 2 horas) con nuevas acciones/ajustes si procede.

Si quieres, puedo:
- Poner órdenes de stop-loss sugeridas (por ejemplo, -3%/-5%) para NVDA/ENPH y así limitar downside automáticamente.
- Buscar oportunidades específicas para reinvertir si prefieres más diversificación (ej.: QCOM o AMD como alternativa a NVDA).
- Ejecutar la próxima revisión y proponer ventas/compra con criterios más conservadores o más agresivos según tu preferencia.

¿Deseas que coloque stops sugeridos para NVDA y/o ENPH ahora, o prefieres que espere a la próxima ventana de análisis?
[2025-08-21T13:46:10.951Z] 📱 Enviando mensaje a WhatsApp via Twilio: +573127815978
[2025-08-21T13:46:11.285Z] ✅ Mensaje enviado exitosamente: MM09cd4fc681e692dcaa5393222f931713
[2025-08-21T13:46:11.570Z] 💰 Balance leído desde Supabase: $17.24
[2025-08-21T13:46:11.792Z] 📖 100 trades leídos desde Supabase
[2025-08-21T13:46:12.649Z] 📝 Updated README with portfolio value: $1088.07
