[2025-08-12T21:05:58.954Z] Starting agent
[2025-08-12T21:06:06.226Z] 🧠 Paso 1: Revisar el portafolio actual para conocer efectivo disponible, participaciones y valor neto.
[2025-08-12T21:06:06.226Z] 🧠 Paso 2: Analizar la asignación de capital y decidir cuánto arriesgar en nuevas operaciones (mantener reserva de efectivo).
[2025-08-12T21:06:06.226Z] 🧠 Paso 3: Escanear noticias de mercado y top movers para identificar acciones con impulso o noticias positivas.
[2025-08-12T21:06:06.226Z] 🧠 Paso 4: Comprobar precios actuales de candidatos prometedores y su liquidez.
[2025-08-12T21:06:06.226Z] 🧠 Paso 5: Evaluar riesgos y tamaño de posición para cada posible trade respetando reglas: mínimo $100 por transacción y no comprar acciones < $5.
[2025-08-12T21:06:06.227Z] 🧠 Paso 6: Ejecutar compras/ventas calculadas para mejorar la probabilidad de crecimiento del capital inicial.
[2025-08-12T21:06:06.227Z] 🧠 Paso 7: Registrar la operación y planificar monitoreo y salidas (take profit/stop loss).
[2025-08-12T21:06:08.938Z] 💰 Balance leído desde Supabase: $14.36
[2025-08-12T21:06:09.189Z] 📖 47 trades leídos desde Supabase
[2025-08-12T21:06:09.189Z] 💹 Fetched portfolio: $14.36
[2025-08-12T21:06:19.700Z] 🧠 Paso 1: Con base en el portafolio: efectivo $14.36 es insuficiente para nuevas compras (mínimo $100 por transacción). Necesito generar efectivo vendiendo parte de las participaciones o esperar, así que voy a valorar vender una porción de alguna posición líquida.
[2025-08-12T21:06:19.700Z] 🧠 Paso 2: Identificar cuáles participaciones son líquidas y con potencial: NVDA (2 acciones) y ENPH (16 acciones) parecen líquidas; ACMR (9 acciones) es pequeño valor alrededor de $24-25, pero es menos líquido. También revisar precio actual de ETH (0.033) para ver si vender ayuda, aunque su valor total es pequeño.
[2025-08-12T21:06:19.700Z] 🧠 Paso 3: Obtener precios actuales de NVDA, ENPH, ACMR y ETH para calcular el valor de venta necesario para alcanzar el umbral mínimo y tener capital para nuevas operaciones.
[2025-08-12T21:06:19.700Z] 🧠 Paso 4: Plan: solicitar precios en paralelo para acelerar la decisión.
[2025-08-12T21:06:21.655Z] 🔖 Searched for stock price for ACMR: $24.93
[2025-08-12T21:06:21.680Z] 🔖 Searched for stock price for NVDA: $183.16
[2025-08-12T21:06:21.727Z] 🔖 Searched for stock price for ETH: $42.6
[2025-08-12T21:06:21.763Z] 🔖 Searched for stock price for ENPH: $33.56
[2025-08-12T21:06:33.945Z] 🧠 Paso 1: Procesar precios recibidos: NVDA $183.16, ENPH $33.56, ACMR $24.93, ETH $42.6. Calcular valores: NVDA 2*$183.16=$366.32; ENPH 16*$33.56=$536.96; ACMR 9*$24.93=$224.37; ETH 0.033*$42.6≈$1.41. Net worth estimado≈$1129.06 en posiciones + $14.36 efectivo = ~$1143.42.
[2025-08-12T21:06:33.945Z] 🧠 Paso 2: Determinar necesidad de liquidez: hay que generar efectivo para ejecutar nuevas compras (mínimo $100). Venta de 1 NVDA generaría ~$183, que cumple el mínimo y mantiene exposición a NVDA (quedaría 1 acción). Venta de 2 NVDA sería mayor pero dejaría sin NVDA; prefiero vender 1 acción si quiero mantener exposición.
[2025-08-12T21:06:33.945Z] 🧠 Paso 3: Buscar oportunidades de mercado para decidir en qué reinvertir el efectivo generado. Priorizar acciones líquidas con impulso o noticias positivas.
[2025-08-12T21:06:33.945Z] 🧠 Paso 4: Realizar búsquedas de noticias y top movers para identificar candidatos de compra.
[2025-08-12T21:06:35.321Z] 🔍 Searching the web for: NVDA news Aug 12 2025 NVIDIA stock news Aug 12 2025 catalyst guidance earnings Reuters CNBC
[2025-08-12T21:06:45.067Z] 🧠 Paso 1: Procesar la noticia: NVDA sigue con impulso positivo y noticias que podrían sostener demanda. Vender 1 acción sigue razonable para obtener liquidez sin salir completamente de la posición.
[2025-08-12T21:06:45.067Z] 🧠 Paso 2: Buscar candidatos de compra entre los top gainers o acciones con noticias positivas hoy para reinvertir los ~$180 que se liberarán.
[2025-08-12T21:06:45.067Z] 🧠 Paso 3: Ejecutar búsqueda de top gainers del 12 de agosto de 2025 para elegir una acción líquida y que cumpla la regla de precio por acción >= $5.
[2025-08-12T21:06:46.955Z] 🔍 Searching the web for: top gainers US market August 12 2025 top movers Aug 12 2025 stocks up today CNBC 'top gainers' 'August 12 2025'
[2025-08-12T21:07:00.549Z] 🧠 Paso 1: Decidir entre comprar TXN (≈$193) o QCOM (≈$151.92). Para mantener reserva de efectivo y reducir riesgo, prefiero comprar QCOM y mantener efectivo restante.
[2025-08-12T21:07:00.549Z] 🧠 Paso 2: Necesito verificar el precio actual de QCOM para asegurar que la compra cumpla la regla (valor total >= $100 y precio por acción >= $5).
[2025-08-12T21:07:00.549Z] 🧠 Paso 3: Prepararme para vender 1 acción de NVDA para generar efectivo y luego ejecutar la compra de QCOM.
[2025-08-12T21:07:02.419Z] 🔖 Searched for stock price for QCOM: $153.73
[2025-08-12T21:07:07.457Z] 🧠 Paso 1: Confirmar ejecución de venta: vender 1 acción NVDA a precio de mercado para liberar ~$183.16 en efectivo.
[2025-08-12T21:07:07.457Z] 🧠 Paso 2: Asegurar que la venta cumple la regla mínima ($>100) — sí.
[2025-08-12T21:07:07.457Z] 🧠 Paso 3: Planificar compra inmediatamente después de la venta: comprar 1 acción QCOM a mercado (~$153.73) usando efectivo total disponible, dejando reserva de efectivo.
[2025-08-12T21:07:07.457Z] 🧠 Paso 4: Ejecutar la venta de NVDA 1 acción ahora.
[2025-08-12T21:07:09.573Z] 💰 Balance leído desde Supabase: $14.36
[2025-08-12T21:07:09.783Z] 📖 47 trades leídos desde Supabase
[2025-08-12T21:07:10.375Z] 💾 Trade guardado en Supabase: 123
[2025-08-12T21:07:10.699Z] 💾 Trade guardado en Supabase: 89
[2025-08-12T21:07:14.904Z] 🧠 Paso 1: Se vendió 1 NVDA por $183.16; saldo de efectivo ahora $197.52. Verificar que esto es suficiente para comprar 1 QCOM a ~$153.73 — sí y deja reserva.
[2025-08-12T21:07:14.904Z] 🧠 Paso 2: Ejecutar compra de 1 acción QCOM en mercado. Asegurar que la operación cumple regla mínima ($>100) — sí.
[2025-08-12T21:07:14.904Z] 🧠 Paso 3: Después de comprar, actualizar portafolio y planear monitoreo y posibles stop-loss/take-profit.
[2025-08-12T21:07:18.183Z] 💰 Balance leído desde Supabase: $197.52
[2025-08-12T21:07:18.492Z] 📖 48 trades leídos desde Supabase
[2025-08-12T21:07:18.758Z] 💾 Trade guardado en Supabase: 124
[2025-08-12T21:07:18.887Z] 💾 Trade guardado en Supabase: 90
[2025-08-12T21:07:26.257Z] 🧠 Paso 1: La compra de QCOM está completada y el efectivo restante es $43.79. Es importante calcular el valor total del portafolio actualizado (net worth) para seguimiento del objetivo de multiplicar $1,000.
[2025-08-12T21:07:26.257Z] 🧠 Paso 2: Solicitar net worth actual para reportarlo y finalizar esta ejecución con un plan de monitoreo y puntos de salida.
[2025-08-12T21:07:29.613Z] 💰 Balance leído desde Supabase: $43.79
[2025-08-12T21:07:29.888Z] 📖 49 trades leídos desde Supabase
[2025-08-12T21:07:30.902Z] 💰 Balance leído desde Supabase: $43.79
[2025-08-12T21:07:31.198Z] 📖 49 trades leídos desde Supabase
[2025-08-12T21:07:31.312Z] 💰 Current net worth: $1143.42 (N/A% annualized return)
[2025-08-12T21:07:46.058Z] 🎉 Agent finished: Pensamiento final (resumen rápido de mi razonamiento): vendí una porción de NVDA para generar liquidez sin salir completamente de la posición, y con ese efectivo compré una acción de QCOM para diversificar hacia otro semiconductores con impulso, manteniendo una reserva de efectivo para oportunidades futuras y cumpliendo las reglas (mínimos de transacción y precio por acción).

Operaciones ejecutadas en esta corrida:
- Venta: NVDA — vendí 1 acción a $183.16 por acción; ingreso total $183.16.
- Compra: QCOM — compré 1 acción a $153.73 por acción; gasto total $153.73.

Cumplimiento de reglas:
- Ambas transacciones superaron el mínimo de $100.
- QCOM tiene un precio por acción > $5.
- Mantengo capital diversificado (no puse todo en una sola posición) y dejé reserva de efectivo.

Estado actual del portafolio (después de las operaciones):
- Efectivo: $43.79
- Participaciones y valor aproximado por posición (precios usados en esta ejecución):
  - ENPH: 16 acciones × $33.56 = $536.96
  - NVDA: 1 acción × $183.16 = $183.16
  - ACMR: 9 acciones × $24.93 = $224.37
  - QCOM: 1 acción × $153.73 = $153.73
  - ETH: 0.033 × $42.60 ≈ $1.41
- Valor total de holdings: $1,099.63
- Patrimonio neto total: $1,143.42 (↑ $143.42 desde el capital inicial de $1,000)

Razonamiento y plan a corto plazo:
- Motivo de vender 1 NVDA: liberar efectivo suficiente para una nueva posición sin eliminar toda la exposición a NVDA, ya que las noticias recientes siguen siendo favorables para la compañía.
- Motivo de comprar QCOM: diversificar dentro del sector de semiconductores hacia una compañía líquida y con impulso relativo; además, la compra deja una reserva de efectivo ($43.79) para cubrir comisiones o esperar una mejor oportunidad (esta reserva evita quedarme sin liquidez inmediata).
- Próximos pasos: monitorear noticias y movimientos intradía de NVDA, QCOM y ENPH; establecer alertas para subidas rápidas o caídas significativas; no realizar nuevas compras hasta tener al menos $100 en efectivo disponible o hasta vender otra porción de una posición para liberar capital.
- Gestión de riesgo: evitar concentrar todo el capital en una sola acción, preferir liquididad en acciones con volumen y evitar reintentos de compra por debajo de $100 de valor total.

Si quieres, en la próxima corrida (cada ~2 horas) puedo:
- Revisar noticias relevantes nuevas y revisar si conviene vender más para rotar capital.
- Establecer niveles sugeridos de take-profit y stop-loss para NVDA y QCOM.
- Buscar otros candidatos líquidos que cumplan con el criterio mínimo de compra.

¿Deseas que coloque órdenes de stop-loss/take-profit sugeridas ahora o prefieres que espere la próxima revisión?
[2025-08-12T21:07:46.058Z] 📱 Enviando mensaje a WhatsApp via Twilio: +573127815978
[2025-08-12T21:07:46.450Z] ✅ Mensaje enviado exitosamente: MMefb4888bc3e9ecd0eece396e24ac5b18
[2025-08-12T21:07:46.697Z] 💰 Balance leído desde Supabase: $43.79
[2025-08-12T21:07:46.866Z] 📖 49 trades leídos desde Supabase
[2025-08-12T21:07:47.574Z] 📝 Updated README with portfolio value: $1143.42
